[2022-10-17T14:36:50.689+0000] {taskinstance.py:1165} INFO - Dependencies all met for <TaskInstance: DAG_museo.get_data manual__2022-10-17T14:36:50.233599+00:00 [queued]>
[2022-10-17T14:36:50.697+0000] {taskinstance.py:1165} INFO - Dependencies all met for <TaskInstance: DAG_museo.get_data manual__2022-10-17T14:36:50.233599+00:00 [queued]>
[2022-10-17T14:36:50.698+0000] {taskinstance.py:1362} INFO - 
--------------------------------------------------------------------------------
[2022-10-17T14:36:50.699+0000] {taskinstance.py:1363} INFO - Starting attempt 1 of 1
[2022-10-17T14:36:50.700+0000] {taskinstance.py:1364} INFO - 
--------------------------------------------------------------------------------
[2022-10-17T14:36:50.717+0000] {taskinstance.py:1383} INFO - Executing <Task(PythonOperator): get_data> on 2022-10-17 14:36:50.233599+00:00
[2022-10-17T14:36:50.722+0000] {standard_task_runner.py:54} INFO - Started process 729 to run task
[2022-10-17T14:36:50.730+0000] {standard_task_runner.py:82} INFO - Running: ['***', 'tasks', 'run', 'DAG_museo', 'get_data', 'manual__2022-10-17T14:36:50.233599+00:00', '--job-id', '179', '--raw', '--subdir', 'DAGS_FOLDER/DAG_museo.py', '--cfg-path', '/tmp/tmpj_vma9nf']
[2022-10-17T14:36:50.732+0000] {standard_task_runner.py:83} INFO - Job 179: Subtask get_data
[2022-10-17T14:36:50.734+0000] {dagbag.py:525} INFO - Filling up the DagBag from /opt/***/dags/DAG_museo.py
[2022-10-17T14:36:51.162+0000] {task_command.py:384} INFO - Running <TaskInstance: DAG_museo.get_data manual__2022-10-17T14:36:50.233599+00:00 [running]> on host 067073ba6286
[2022-10-17T14:36:51.220+0000] {taskinstance.py:1592} INFO - Exporting the following env vars:
AIRFLOW_CTX_DAG_OWNER=***
AIRFLOW_CTX_DAG_ID=DAG_museo
AIRFLOW_CTX_TASK_ID=get_data
AIRFLOW_CTX_EXECUTION_DATE=2022-10-17T14:36:50.233599+00:00
AIRFLOW_CTX_TRY_NUMBER=1
AIRFLOW_CTX_DAG_RUN_ID=manual__2022-10-17T14:36:50.233599+00:00
[2022-10-17T14:36:52.683+0000] {python.py:177} INFO - Done. Returned value was: None
[2022-10-17T14:36:52.699+0000] {taskinstance.py:1406} INFO - Marking task as SUCCESS. dag_id=DAG_museo, task_id=get_data, execution_date=20221017T143650, start_date=20221017T143650, end_date=20221017T143652
[2022-10-17T14:36:52.736+0000] {local_task_job.py:164} INFO - Task exited with return code 0
[2022-10-17T14:36:52.766+0000] {local_task_job.py:273} INFO - 1 downstream tasks scheduled from follow-on schedule check
