[2022-10-14T14:51:11.912+0000] {taskinstance.py:1165} INFO - Dependencies all met for <TaskInstance: DAG_cines.get_data manual__2022-10-14T14:51:10.509332+00:00 [queued]>
[2022-10-14T14:51:11.920+0000] {taskinstance.py:1165} INFO - Dependencies all met for <TaskInstance: DAG_cines.get_data manual__2022-10-14T14:51:10.509332+00:00 [queued]>
[2022-10-14T14:51:11.921+0000] {taskinstance.py:1362} INFO - 
--------------------------------------------------------------------------------
[2022-10-14T14:51:11.922+0000] {taskinstance.py:1363} INFO - Starting attempt 1 of 1
[2022-10-14T14:51:11.923+0000] {taskinstance.py:1364} INFO - 
--------------------------------------------------------------------------------
[2022-10-14T14:51:11.930+0000] {taskinstance.py:1383} INFO - Executing <Task(PythonOperator): get_data> on 2022-10-14 14:51:10.509332+00:00
[2022-10-14T14:51:11.936+0000] {standard_task_runner.py:54} INFO - Started process 71 to run task
[2022-10-14T14:51:11.945+0000] {standard_task_runner.py:82} INFO - Running: ['***', 'tasks', 'run', 'DAG_cines', 'get_data', 'manual__2022-10-14T14:51:10.509332+00:00', '--job-id', '102', '--raw', '--subdir', 'DAGS_FOLDER/DD_template.py', '--cfg-path', '/tmp/tmpykd48l83']
[2022-10-14T14:51:11.947+0000] {standard_task_runner.py:83} INFO - Job 102: Subtask get_data
[2022-10-14T14:51:11.950+0000] {dagbag.py:525} INFO - Filling up the DagBag from /opt/***/dags/DD_template.py
[2022-10-14T14:51:12.213+0000] {task_command.py:384} INFO - Running <TaskInstance: DAG_cines.get_data manual__2022-10-14T14:51:10.509332+00:00 [running]> on host a2feda71064f
[2022-10-14T14:51:12.262+0000] {taskinstance.py:1592} INFO - Exporting the following env vars:
AIRFLOW_CTX_DAG_OWNER=***
AIRFLOW_CTX_DAG_ID=DAG_cines
AIRFLOW_CTX_TASK_ID=get_data
AIRFLOW_CTX_EXECUTION_DATE=2022-10-14T14:51:10.509332+00:00
AIRFLOW_CTX_TRY_NUMBER=1
AIRFLOW_CTX_DAG_RUN_ID=manual__2022-10-14T14:51:10.509332+00:00
[2022-10-14T14:51:14.215+0000] {python.py:177} INFO - Done. Returned value was: None
[2022-10-14T14:51:14.234+0000] {taskinstance.py:1406} INFO - Marking task as SUCCESS. dag_id=DAG_cines, task_id=get_data, execution_date=20221014T145110, start_date=20221014T145111, end_date=20221014T145114
[2022-10-14T14:51:14.299+0000] {local_task_job.py:164} INFO - Task exited with return code 0
[2022-10-14T14:51:14.331+0000] {local_task_job.py:273} INFO - 1 downstream tasks scheduled from follow-on schedule check
