[2022-10-04T14:15:17.124+0000] {processor.py:156} INFO - Started process (PID=44) to work on /home/airflow/.local/lib/python3.7/site-packages/airflow/example_dags/example_local_kubernetes_executor.py
[2022-10-04T14:15:17.126+0000] {processor.py:758} INFO - Processing file /home/airflow/.local/lib/python3.7/site-packages/airflow/example_dags/example_local_kubernetes_executor.py for tasks to queue
[2022-10-04T14:15:17.128+0000] {logging_mixin.py:117} INFO - [2022-10-04T14:15:17.128+0000] {dagbag.py:525} INFO - Filling up the DagBag from /home/airflow/.local/lib/python3.7/site-packages/airflow/example_dags/example_local_kubernetes_executor.py
[2022-10-04T14:15:17.156+0000] {processor.py:768} INFO - DAG(s) dict_keys(['example_local_kubernetes_executor']) retrieved from /home/airflow/.local/lib/python3.7/site-packages/airflow/example_dags/example_local_kubernetes_executor.py
[2022-10-04T14:15:17.222+0000] {logging_mixin.py:117} INFO - [2022-10-04T14:15:17.221+0000] {dag.py:2573} INFO - Sync 1 DAGs
[2022-10-04T14:15:17.256+0000] {logging_mixin.py:117} INFO - [2022-10-04T14:15:17.256+0000] {dag.py:3328} INFO - Setting next_dagrun for example_local_kubernetes_executor to None, run_after=None
[2022-10-04T14:15:17.313+0000] {processor.py:178} INFO - Processing /home/airflow/.local/lib/python3.7/site-packages/airflow/example_dags/example_local_kubernetes_executor.py took 0.192 seconds
[2022-10-04T14:15:47.796+0000] {processor.py:156} INFO - Started process (PID=105) to work on /home/airflow/.local/lib/python3.7/site-packages/airflow/example_dags/example_local_kubernetes_executor.py
[2022-10-04T14:15:47.797+0000] {processor.py:758} INFO - Processing file /home/airflow/.local/lib/python3.7/site-packages/airflow/example_dags/example_local_kubernetes_executor.py for tasks to queue
[2022-10-04T14:15:47.798+0000] {logging_mixin.py:117} INFO - [2022-10-04T14:15:47.798+0000] {dagbag.py:525} INFO - Filling up the DagBag from /home/airflow/.local/lib/python3.7/site-packages/airflow/example_dags/example_local_kubernetes_executor.py
[2022-10-04T14:15:47.815+0000] {processor.py:768} INFO - DAG(s) dict_keys(['example_local_kubernetes_executor']) retrieved from /home/airflow/.local/lib/python3.7/site-packages/airflow/example_dags/example_local_kubernetes_executor.py
[2022-10-04T14:15:47.843+0000] {logging_mixin.py:117} INFO - [2022-10-04T14:15:47.843+0000] {dag.py:2573} INFO - Sync 1 DAGs
[2022-10-04T14:15:47.857+0000] {logging_mixin.py:117} INFO - [2022-10-04T14:15:47.857+0000] {dag.py:3328} INFO - Setting next_dagrun for example_local_kubernetes_executor to None, run_after=None
[2022-10-04T14:15:47.869+0000] {processor.py:178} INFO - Processing /home/airflow/.local/lib/python3.7/site-packages/airflow/example_dags/example_local_kubernetes_executor.py took 0.075 seconds
[2022-10-04T14:16:18.308+0000] {processor.py:156} INFO - Started process (PID=169) to work on /home/airflow/.local/lib/python3.7/site-packages/airflow/example_dags/example_local_kubernetes_executor.py
[2022-10-04T14:16:18.310+0000] {processor.py:758} INFO - Processing file /home/airflow/.local/lib/python3.7/site-packages/airflow/example_dags/example_local_kubernetes_executor.py for tasks to queue
[2022-10-04T14:16:18.311+0000] {logging_mixin.py:117} INFO - [2022-10-04T14:16:18.311+0000] {dagbag.py:525} INFO - Filling up the DagBag from /home/airflow/.local/lib/python3.7/site-packages/airflow/example_dags/example_local_kubernetes_executor.py
[2022-10-04T14:16:18.328+0000] {processor.py:768} INFO - DAG(s) dict_keys(['example_local_kubernetes_executor']) retrieved from /home/airflow/.local/lib/python3.7/site-packages/airflow/example_dags/example_local_kubernetes_executor.py
[2022-10-04T14:16:18.357+0000] {logging_mixin.py:117} INFO - [2022-10-04T14:16:18.356+0000] {dag.py:2573} INFO - Sync 1 DAGs
[2022-10-04T14:16:18.379+0000] {logging_mixin.py:117} INFO - [2022-10-04T14:16:18.379+0000] {dag.py:3328} INFO - Setting next_dagrun for example_local_kubernetes_executor to None, run_after=None
[2022-10-04T14:16:18.394+0000] {processor.py:178} INFO - Processing /home/airflow/.local/lib/python3.7/site-packages/airflow/example_dags/example_local_kubernetes_executor.py took 0.088 seconds
[2022-10-04T14:16:48.707+0000] {processor.py:156} INFO - Started process (PID=224) to work on /home/airflow/.local/lib/python3.7/site-packages/airflow/example_dags/example_local_kubernetes_executor.py
[2022-10-04T14:16:48.709+0000] {processor.py:758} INFO - Processing file /home/airflow/.local/lib/python3.7/site-packages/airflow/example_dags/example_local_kubernetes_executor.py for tasks to queue
[2022-10-04T14:16:48.710+0000] {logging_mixin.py:117} INFO - [2022-10-04T14:16:48.709+0000] {dagbag.py:525} INFO - Filling up the DagBag from /home/airflow/.local/lib/python3.7/site-packages/airflow/example_dags/example_local_kubernetes_executor.py
[2022-10-04T14:16:48.727+0000] {processor.py:768} INFO - DAG(s) dict_keys(['example_local_kubernetes_executor']) retrieved from /home/airflow/.local/lib/python3.7/site-packages/airflow/example_dags/example_local_kubernetes_executor.py
[2022-10-04T14:16:48.754+0000] {logging_mixin.py:117} INFO - [2022-10-04T14:16:48.753+0000] {dag.py:2573} INFO - Sync 1 DAGs
[2022-10-04T14:16:48.773+0000] {logging_mixin.py:117} INFO - [2022-10-04T14:16:48.772+0000] {dag.py:3328} INFO - Setting next_dagrun for example_local_kubernetes_executor to None, run_after=None
[2022-10-04T14:16:48.786+0000] {processor.py:178} INFO - Processing /home/airflow/.local/lib/python3.7/site-packages/airflow/example_dags/example_local_kubernetes_executor.py took 0.081 seconds
[2022-10-04T14:17:19.110+0000] {processor.py:156} INFO - Started process (PID=287) to work on /home/airflow/.local/lib/python3.7/site-packages/airflow/example_dags/example_local_kubernetes_executor.py
[2022-10-04T14:17:19.115+0000] {processor.py:758} INFO - Processing file /home/airflow/.local/lib/python3.7/site-packages/airflow/example_dags/example_local_kubernetes_executor.py for tasks to queue
[2022-10-04T14:17:19.116+0000] {logging_mixin.py:117} INFO - [2022-10-04T14:17:19.116+0000] {dagbag.py:525} INFO - Filling up the DagBag from /home/airflow/.local/lib/python3.7/site-packages/airflow/example_dags/example_local_kubernetes_executor.py
[2022-10-04T14:17:19.137+0000] {processor.py:768} INFO - DAG(s) dict_keys(['example_local_kubernetes_executor']) retrieved from /home/airflow/.local/lib/python3.7/site-packages/airflow/example_dags/example_local_kubernetes_executor.py
[2022-10-04T14:17:19.164+0000] {logging_mixin.py:117} INFO - [2022-10-04T14:17:19.164+0000] {dag.py:2573} INFO - Sync 1 DAGs
[2022-10-04T14:17:19.180+0000] {logging_mixin.py:117} INFO - [2022-10-04T14:17:19.180+0000] {dag.py:3328} INFO - Setting next_dagrun for example_local_kubernetes_executor to None, run_after=None
[2022-10-04T14:17:19.196+0000] {processor.py:178} INFO - Processing /home/airflow/.local/lib/python3.7/site-packages/airflow/example_dags/example_local_kubernetes_executor.py took 0.089 seconds
[2022-10-04T14:17:49.309+0000] {processor.py:156} INFO - Started process (PID=351) to work on /home/airflow/.local/lib/python3.7/site-packages/airflow/example_dags/example_local_kubernetes_executor.py
[2022-10-04T14:17:49.310+0000] {processor.py:758} INFO - Processing file /home/airflow/.local/lib/python3.7/site-packages/airflow/example_dags/example_local_kubernetes_executor.py for tasks to queue
[2022-10-04T14:17:49.311+0000] {logging_mixin.py:117} INFO - [2022-10-04T14:17:49.311+0000] {dagbag.py:525} INFO - Filling up the DagBag from /home/airflow/.local/lib/python3.7/site-packages/airflow/example_dags/example_local_kubernetes_executor.py
[2022-10-04T14:17:49.330+0000] {processor.py:768} INFO - DAG(s) dict_keys(['example_local_kubernetes_executor']) retrieved from /home/airflow/.local/lib/python3.7/site-packages/airflow/example_dags/example_local_kubernetes_executor.py
[2022-10-04T14:17:49.355+0000] {logging_mixin.py:117} INFO - [2022-10-04T14:17:49.355+0000] {dag.py:2573} INFO - Sync 1 DAGs
[2022-10-04T14:17:49.370+0000] {logging_mixin.py:117} INFO - [2022-10-04T14:17:49.370+0000] {dag.py:3328} INFO - Setting next_dagrun for example_local_kubernetes_executor to None, run_after=None
[2022-10-04T14:17:49.381+0000] {processor.py:178} INFO - Processing /home/airflow/.local/lib/python3.7/site-packages/airflow/example_dags/example_local_kubernetes_executor.py took 0.075 seconds
[2022-10-04T14:18:19.435+0000] {processor.py:156} INFO - Started process (PID=415) to work on /home/airflow/.local/lib/python3.7/site-packages/airflow/example_dags/example_local_kubernetes_executor.py
[2022-10-04T14:18:19.437+0000] {processor.py:758} INFO - Processing file /home/airflow/.local/lib/python3.7/site-packages/airflow/example_dags/example_local_kubernetes_executor.py for tasks to queue
[2022-10-04T14:18:19.438+0000] {logging_mixin.py:117} INFO - [2022-10-04T14:18:19.438+0000] {dagbag.py:525} INFO - Filling up the DagBag from /home/airflow/.local/lib/python3.7/site-packages/airflow/example_dags/example_local_kubernetes_executor.py
[2022-10-04T14:18:19.453+0000] {processor.py:768} INFO - DAG(s) dict_keys(['example_local_kubernetes_executor']) retrieved from /home/airflow/.local/lib/python3.7/site-packages/airflow/example_dags/example_local_kubernetes_executor.py
[2022-10-04T14:18:19.480+0000] {logging_mixin.py:117} INFO - [2022-10-04T14:18:19.479+0000] {dag.py:2573} INFO - Sync 1 DAGs
[2022-10-04T14:18:19.499+0000] {logging_mixin.py:117} INFO - [2022-10-04T14:18:19.499+0000] {dag.py:3328} INFO - Setting next_dagrun for example_local_kubernetes_executor to None, run_after=None
[2022-10-04T14:18:19.511+0000] {processor.py:178} INFO - Processing /home/airflow/.local/lib/python3.7/site-packages/airflow/example_dags/example_local_kubernetes_executor.py took 0.078 seconds
[2022-10-04T14:18:49.706+0000] {processor.py:156} INFO - Started process (PID=478) to work on /home/airflow/.local/lib/python3.7/site-packages/airflow/example_dags/example_local_kubernetes_executor.py
[2022-10-04T14:18:49.707+0000] {processor.py:758} INFO - Processing file /home/airflow/.local/lib/python3.7/site-packages/airflow/example_dags/example_local_kubernetes_executor.py for tasks to queue
[2022-10-04T14:18:49.708+0000] {logging_mixin.py:117} INFO - [2022-10-04T14:18:49.708+0000] {dagbag.py:525} INFO - Filling up the DagBag from /home/airflow/.local/lib/python3.7/site-packages/airflow/example_dags/example_local_kubernetes_executor.py
[2022-10-04T14:18:49.724+0000] {processor.py:768} INFO - DAG(s) dict_keys(['example_local_kubernetes_executor']) retrieved from /home/airflow/.local/lib/python3.7/site-packages/airflow/example_dags/example_local_kubernetes_executor.py
[2022-10-04T14:18:49.748+0000] {logging_mixin.py:117} INFO - [2022-10-04T14:18:49.747+0000] {dag.py:2573} INFO - Sync 1 DAGs
[2022-10-04T14:18:49.764+0000] {logging_mixin.py:117} INFO - [2022-10-04T14:18:49.764+0000] {dag.py:3328} INFO - Setting next_dagrun for example_local_kubernetes_executor to None, run_after=None
[2022-10-04T14:18:49.776+0000] {processor.py:178} INFO - Processing /home/airflow/.local/lib/python3.7/site-packages/airflow/example_dags/example_local_kubernetes_executor.py took 0.073 seconds
[2022-10-04T14:19:19.981+0000] {processor.py:156} INFO - Started process (PID=542) to work on /home/airflow/.local/lib/python3.7/site-packages/airflow/example_dags/example_local_kubernetes_executor.py
[2022-10-04T14:19:19.983+0000] {processor.py:758} INFO - Processing file /home/airflow/.local/lib/python3.7/site-packages/airflow/example_dags/example_local_kubernetes_executor.py for tasks to queue
[2022-10-04T14:19:19.984+0000] {logging_mixin.py:117} INFO - [2022-10-04T14:19:19.984+0000] {dagbag.py:525} INFO - Filling up the DagBag from /home/airflow/.local/lib/python3.7/site-packages/airflow/example_dags/example_local_kubernetes_executor.py
[2022-10-04T14:19:20.000+0000] {processor.py:768} INFO - DAG(s) dict_keys(['example_local_kubernetes_executor']) retrieved from /home/airflow/.local/lib/python3.7/site-packages/airflow/example_dags/example_local_kubernetes_executor.py
[2022-10-04T14:19:20.025+0000] {logging_mixin.py:117} INFO - [2022-10-04T14:19:20.025+0000] {dag.py:2573} INFO - Sync 1 DAGs
[2022-10-04T14:19:20.039+0000] {logging_mixin.py:117} INFO - [2022-10-04T14:19:20.039+0000] {dag.py:3328} INFO - Setting next_dagrun for example_local_kubernetes_executor to None, run_after=None
[2022-10-04T14:19:20.052+0000] {processor.py:178} INFO - Processing /home/airflow/.local/lib/python3.7/site-packages/airflow/example_dags/example_local_kubernetes_executor.py took 0.073 seconds
[2022-10-04T14:19:50.259+0000] {processor.py:156} INFO - Started process (PID=597) to work on /home/airflow/.local/lib/python3.7/site-packages/airflow/example_dags/example_local_kubernetes_executor.py
[2022-10-04T14:19:50.261+0000] {processor.py:758} INFO - Processing file /home/airflow/.local/lib/python3.7/site-packages/airflow/example_dags/example_local_kubernetes_executor.py for tasks to queue
[2022-10-04T14:19:50.262+0000] {logging_mixin.py:117} INFO - [2022-10-04T14:19:50.262+0000] {dagbag.py:525} INFO - Filling up the DagBag from /home/airflow/.local/lib/python3.7/site-packages/airflow/example_dags/example_local_kubernetes_executor.py
[2022-10-04T14:19:50.276+0000] {processor.py:768} INFO - DAG(s) dict_keys(['example_local_kubernetes_executor']) retrieved from /home/airflow/.local/lib/python3.7/site-packages/airflow/example_dags/example_local_kubernetes_executor.py
[2022-10-04T14:19:50.300+0000] {logging_mixin.py:117} INFO - [2022-10-04T14:19:50.300+0000] {dag.py:2573} INFO - Sync 1 DAGs
[2022-10-04T14:19:50.316+0000] {logging_mixin.py:117} INFO - [2022-10-04T14:19:50.316+0000] {dag.py:3328} INFO - Setting next_dagrun for example_local_kubernetes_executor to None, run_after=None
[2022-10-04T14:19:50.330+0000] {processor.py:178} INFO - Processing /home/airflow/.local/lib/python3.7/site-packages/airflow/example_dags/example_local_kubernetes_executor.py took 0.075 seconds
[2022-10-04T14:20:20.691+0000] {processor.py:156} INFO - Started process (PID=660) to work on /home/airflow/.local/lib/python3.7/site-packages/airflow/example_dags/example_local_kubernetes_executor.py
[2022-10-04T14:20:20.693+0000] {processor.py:758} INFO - Processing file /home/airflow/.local/lib/python3.7/site-packages/airflow/example_dags/example_local_kubernetes_executor.py for tasks to queue
[2022-10-04T14:20:20.694+0000] {logging_mixin.py:117} INFO - [2022-10-04T14:20:20.694+0000] {dagbag.py:525} INFO - Filling up the DagBag from /home/airflow/.local/lib/python3.7/site-packages/airflow/example_dags/example_local_kubernetes_executor.py
[2022-10-04T14:20:20.714+0000] {processor.py:768} INFO - DAG(s) dict_keys(['example_local_kubernetes_executor']) retrieved from /home/airflow/.local/lib/python3.7/site-packages/airflow/example_dags/example_local_kubernetes_executor.py
[2022-10-04T14:20:20.738+0000] {logging_mixin.py:117} INFO - [2022-10-04T14:20:20.738+0000] {dag.py:2573} INFO - Sync 1 DAGs
[2022-10-04T14:20:20.753+0000] {logging_mixin.py:117} INFO - [2022-10-04T14:20:20.752+0000] {dag.py:3328} INFO - Setting next_dagrun for example_local_kubernetes_executor to None, run_after=None
[2022-10-04T14:20:20.765+0000] {processor.py:178} INFO - Processing /home/airflow/.local/lib/python3.7/site-packages/airflow/example_dags/example_local_kubernetes_executor.py took 0.075 seconds
