[2022-10-04T14:15:21.873+0000] {processor.py:156} INFO - Started process (PID=68) to work on /home/airflow/.local/lib/python3.7/site-packages/airflow/example_dags/example_branch_datetime_operator.py
[2022-10-04T14:15:21.881+0000] {processor.py:758} INFO - Processing file /home/airflow/.local/lib/python3.7/site-packages/airflow/example_dags/example_branch_datetime_operator.py for tasks to queue
[2022-10-04T14:15:21.887+0000] {logging_mixin.py:117} INFO - [2022-10-04T14:15:21.887+0000] {dagbag.py:525} INFO - Filling up the DagBag from /home/airflow/.local/lib/python3.7/site-packages/airflow/example_dags/example_branch_datetime_operator.py
[2022-10-04T14:15:21.971+0000] {processor.py:768} INFO - DAG(s) dict_keys(['example_branch_datetime_operator', 'example_branch_datetime_operator_3', 'example_branch_datetime_operator_2']) retrieved from /home/airflow/.local/lib/python3.7/site-packages/airflow/example_dags/example_branch_datetime_operator.py
[2022-10-04T14:15:22.100+0000] {logging_mixin.py:117} INFO - [2022-10-04T14:15:22.100+0000] {dag.py:2573} INFO - Sync 3 DAGs
[2022-10-04T14:15:22.319+0000] {logging_mixin.py:117} INFO - [2022-10-04T14:15:22.319+0000] {dag.py:3328} INFO - Setting next_dagrun for example_branch_datetime_operator to 2022-10-03T00:00:00+00:00, run_after=2022-10-04T00:00:00+00:00
[2022-10-04T14:15:22.341+0000] {logging_mixin.py:117} INFO - [2022-10-04T14:15:22.341+0000] {dag.py:3328} INFO - Setting next_dagrun for example_branch_datetime_operator_2 to 2022-10-03T00:00:00+00:00, run_after=2022-10-04T00:00:00+00:00
[2022-10-04T14:15:22.356+0000] {logging_mixin.py:117} INFO - [2022-10-04T14:15:22.356+0000] {dag.py:3328} INFO - Setting next_dagrun for example_branch_datetime_operator_3 to 2022-10-03T00:00:00+00:00, run_after=2022-10-04T00:00:00+00:00
[2022-10-04T14:15:22.421+0000] {processor.py:178} INFO - Processing /home/airflow/.local/lib/python3.7/site-packages/airflow/example_dags/example_branch_datetime_operator.py took 0.553 seconds
[2022-10-04T14:15:52.752+0000] {processor.py:156} INFO - Started process (PID=121) to work on /home/airflow/.local/lib/python3.7/site-packages/airflow/example_dags/example_branch_datetime_operator.py
[2022-10-04T14:15:52.755+0000] {processor.py:758} INFO - Processing file /home/airflow/.local/lib/python3.7/site-packages/airflow/example_dags/example_branch_datetime_operator.py for tasks to queue
[2022-10-04T14:15:52.757+0000] {logging_mixin.py:117} INFO - [2022-10-04T14:15:52.757+0000] {dagbag.py:525} INFO - Filling up the DagBag from /home/airflow/.local/lib/python3.7/site-packages/airflow/example_dags/example_branch_datetime_operator.py
[2022-10-04T14:15:52.773+0000] {processor.py:768} INFO - DAG(s) dict_keys(['example_branch_datetime_operator_2', 'example_branch_datetime_operator', 'example_branch_datetime_operator_3']) retrieved from /home/airflow/.local/lib/python3.7/site-packages/airflow/example_dags/example_branch_datetime_operator.py
[2022-10-04T14:15:52.816+0000] {logging_mixin.py:117} INFO - [2022-10-04T14:15:52.816+0000] {dag.py:2573} INFO - Sync 3 DAGs
[2022-10-04T14:15:52.846+0000] {logging_mixin.py:117} INFO - [2022-10-04T14:15:52.846+0000] {dag.py:3328} INFO - Setting next_dagrun for example_branch_datetime_operator to 2022-10-03T00:00:00+00:00, run_after=2022-10-04T00:00:00+00:00
[2022-10-04T14:15:52.852+0000] {logging_mixin.py:117} INFO - [2022-10-04T14:15:52.852+0000] {dag.py:3328} INFO - Setting next_dagrun for example_branch_datetime_operator_2 to 2022-10-03T00:00:00+00:00, run_after=2022-10-04T00:00:00+00:00
[2022-10-04T14:15:52.856+0000] {logging_mixin.py:117} INFO - [2022-10-04T14:15:52.856+0000] {dag.py:3328} INFO - Setting next_dagrun for example_branch_datetime_operator_3 to 2022-10-03T00:00:00+00:00, run_after=2022-10-04T00:00:00+00:00
[2022-10-04T14:15:52.881+0000] {processor.py:178} INFO - Processing /home/airflow/.local/lib/python3.7/site-packages/airflow/example_dags/example_branch_datetime_operator.py took 0.132 seconds
[2022-10-04T14:16:23.315+0000] {processor.py:156} INFO - Started process (PID=185) to work on /home/airflow/.local/lib/python3.7/site-packages/airflow/example_dags/example_branch_datetime_operator.py
[2022-10-04T14:16:23.317+0000] {processor.py:758} INFO - Processing file /home/airflow/.local/lib/python3.7/site-packages/airflow/example_dags/example_branch_datetime_operator.py for tasks to queue
[2022-10-04T14:16:23.318+0000] {logging_mixin.py:117} INFO - [2022-10-04T14:16:23.318+0000] {dagbag.py:525} INFO - Filling up the DagBag from /home/airflow/.local/lib/python3.7/site-packages/airflow/example_dags/example_branch_datetime_operator.py
[2022-10-04T14:16:23.329+0000] {processor.py:768} INFO - DAG(s) dict_keys(['example_branch_datetime_operator_3', 'example_branch_datetime_operator', 'example_branch_datetime_operator_2']) retrieved from /home/airflow/.local/lib/python3.7/site-packages/airflow/example_dags/example_branch_datetime_operator.py
[2022-10-04T14:16:23.360+0000] {logging_mixin.py:117} INFO - [2022-10-04T14:16:23.359+0000] {dag.py:2573} INFO - Sync 3 DAGs
[2022-10-04T14:16:23.383+0000] {logging_mixin.py:117} INFO - [2022-10-04T14:16:23.383+0000] {dag.py:3328} INFO - Setting next_dagrun for example_branch_datetime_operator to 2022-10-03T00:00:00+00:00, run_after=2022-10-04T00:00:00+00:00
[2022-10-04T14:16:23.388+0000] {logging_mixin.py:117} INFO - [2022-10-04T14:16:23.388+0000] {dag.py:3328} INFO - Setting next_dagrun for example_branch_datetime_operator_2 to 2022-10-03T00:00:00+00:00, run_after=2022-10-04T00:00:00+00:00
[2022-10-04T14:16:23.391+0000] {logging_mixin.py:117} INFO - [2022-10-04T14:16:23.391+0000] {dag.py:3328} INFO - Setting next_dagrun for example_branch_datetime_operator_3 to 2022-10-03T00:00:00+00:00, run_after=2022-10-04T00:00:00+00:00
[2022-10-04T14:16:23.405+0000] {processor.py:178} INFO - Processing /home/airflow/.local/lib/python3.7/site-packages/airflow/example_dags/example_branch_datetime_operator.py took 0.093 seconds
[2022-10-04T14:16:53.665+0000] {processor.py:156} INFO - Started process (PID=249) to work on /home/airflow/.local/lib/python3.7/site-packages/airflow/example_dags/example_branch_datetime_operator.py
[2022-10-04T14:16:53.666+0000] {processor.py:758} INFO - Processing file /home/airflow/.local/lib/python3.7/site-packages/airflow/example_dags/example_branch_datetime_operator.py for tasks to queue
[2022-10-04T14:16:53.667+0000] {logging_mixin.py:117} INFO - [2022-10-04T14:16:53.667+0000] {dagbag.py:525} INFO - Filling up the DagBag from /home/airflow/.local/lib/python3.7/site-packages/airflow/example_dags/example_branch_datetime_operator.py
[2022-10-04T14:16:53.679+0000] {processor.py:768} INFO - DAG(s) dict_keys(['example_branch_datetime_operator', 'example_branch_datetime_operator_3', 'example_branch_datetime_operator_2']) retrieved from /home/airflow/.local/lib/python3.7/site-packages/airflow/example_dags/example_branch_datetime_operator.py
[2022-10-04T14:16:53.709+0000] {logging_mixin.py:117} INFO - [2022-10-04T14:16:53.709+0000] {dag.py:2573} INFO - Sync 3 DAGs
[2022-10-04T14:16:53.726+0000] {logging_mixin.py:117} INFO - [2022-10-04T14:16:53.726+0000] {dag.py:3328} INFO - Setting next_dagrun for example_branch_datetime_operator to 2022-10-03T00:00:00+00:00, run_after=2022-10-04T00:00:00+00:00
[2022-10-04T14:16:53.729+0000] {logging_mixin.py:117} INFO - [2022-10-04T14:16:53.729+0000] {dag.py:3328} INFO - Setting next_dagrun for example_branch_datetime_operator_2 to 2022-10-03T00:00:00+00:00, run_after=2022-10-04T00:00:00+00:00
[2022-10-04T14:16:53.731+0000] {logging_mixin.py:117} INFO - [2022-10-04T14:16:53.731+0000] {dag.py:3328} INFO - Setting next_dagrun for example_branch_datetime_operator_3 to 2022-10-03T00:00:00+00:00, run_after=2022-10-04T00:00:00+00:00
[2022-10-04T14:16:53.742+0000] {processor.py:178} INFO - Processing /home/airflow/.local/lib/python3.7/site-packages/airflow/example_dags/example_branch_datetime_operator.py took 0.079 seconds
[2022-10-04T14:17:23.994+0000] {processor.py:156} INFO - Started process (PID=312) to work on /home/airflow/.local/lib/python3.7/site-packages/airflow/example_dags/example_branch_datetime_operator.py
[2022-10-04T14:17:23.996+0000] {processor.py:758} INFO - Processing file /home/airflow/.local/lib/python3.7/site-packages/airflow/example_dags/example_branch_datetime_operator.py for tasks to queue
[2022-10-04T14:17:23.997+0000] {logging_mixin.py:117} INFO - [2022-10-04T14:17:23.997+0000] {dagbag.py:525} INFO - Filling up the DagBag from /home/airflow/.local/lib/python3.7/site-packages/airflow/example_dags/example_branch_datetime_operator.py
[2022-10-04T14:17:24.010+0000] {processor.py:768} INFO - DAG(s) dict_keys(['example_branch_datetime_operator', 'example_branch_datetime_operator_3', 'example_branch_datetime_operator_2']) retrieved from /home/airflow/.local/lib/python3.7/site-packages/airflow/example_dags/example_branch_datetime_operator.py
[2022-10-04T14:17:24.040+0000] {logging_mixin.py:117} INFO - [2022-10-04T14:17:24.039+0000] {dag.py:2573} INFO - Sync 3 DAGs
[2022-10-04T14:17:24.058+0000] {logging_mixin.py:117} INFO - [2022-10-04T14:17:24.057+0000] {dag.py:3328} INFO - Setting next_dagrun for example_branch_datetime_operator to 2022-10-03T00:00:00+00:00, run_after=2022-10-04T00:00:00+00:00
[2022-10-04T14:17:24.061+0000] {logging_mixin.py:117} INFO - [2022-10-04T14:17:24.061+0000] {dag.py:3328} INFO - Setting next_dagrun for example_branch_datetime_operator_2 to 2022-10-03T00:00:00+00:00, run_after=2022-10-04T00:00:00+00:00
[2022-10-04T14:17:24.064+0000] {logging_mixin.py:117} INFO - [2022-10-04T14:17:24.064+0000] {dag.py:3328} INFO - Setting next_dagrun for example_branch_datetime_operator_3 to 2022-10-03T00:00:00+00:00, run_after=2022-10-04T00:00:00+00:00
[2022-10-04T14:17:24.078+0000] {processor.py:178} INFO - Processing /home/airflow/.local/lib/python3.7/site-packages/airflow/example_dags/example_branch_datetime_operator.py took 0.086 seconds
[2022-10-04T14:17:54.195+0000] {processor.py:156} INFO - Started process (PID=377) to work on /home/airflow/.local/lib/python3.7/site-packages/airflow/example_dags/example_branch_datetime_operator.py
[2022-10-04T14:17:54.196+0000] {processor.py:758} INFO - Processing file /home/airflow/.local/lib/python3.7/site-packages/airflow/example_dags/example_branch_datetime_operator.py for tasks to queue
[2022-10-04T14:17:54.197+0000] {logging_mixin.py:117} INFO - [2022-10-04T14:17:54.197+0000] {dagbag.py:525} INFO - Filling up the DagBag from /home/airflow/.local/lib/python3.7/site-packages/airflow/example_dags/example_branch_datetime_operator.py
[2022-10-04T14:17:54.208+0000] {processor.py:768} INFO - DAG(s) dict_keys(['example_branch_datetime_operator', 'example_branch_datetime_operator_3', 'example_branch_datetime_operator_2']) retrieved from /home/airflow/.local/lib/python3.7/site-packages/airflow/example_dags/example_branch_datetime_operator.py
[2022-10-04T14:17:54.237+0000] {logging_mixin.py:117} INFO - [2022-10-04T14:17:54.237+0000] {dag.py:2573} INFO - Sync 3 DAGs
[2022-10-04T14:17:54.252+0000] {logging_mixin.py:117} INFO - [2022-10-04T14:17:54.252+0000] {dag.py:3328} INFO - Setting next_dagrun for example_branch_datetime_operator to 2022-10-03T00:00:00+00:00, run_after=2022-10-04T00:00:00+00:00
[2022-10-04T14:17:54.255+0000] {logging_mixin.py:117} INFO - [2022-10-04T14:17:54.255+0000] {dag.py:3328} INFO - Setting next_dagrun for example_branch_datetime_operator_2 to 2022-10-03T00:00:00+00:00, run_after=2022-10-04T00:00:00+00:00
[2022-10-04T14:17:54.257+0000] {logging_mixin.py:117} INFO - [2022-10-04T14:17:54.257+0000] {dag.py:3328} INFO - Setting next_dagrun for example_branch_datetime_operator_3 to 2022-10-03T00:00:00+00:00, run_after=2022-10-04T00:00:00+00:00
[2022-10-04T14:17:54.268+0000] {processor.py:178} INFO - Processing /home/airflow/.local/lib/python3.7/site-packages/airflow/example_dags/example_branch_datetime_operator.py took 0.075 seconds
[2022-10-04T14:18:24.432+0000] {processor.py:156} INFO - Started process (PID=431) to work on /home/airflow/.local/lib/python3.7/site-packages/airflow/example_dags/example_branch_datetime_operator.py
[2022-10-04T14:18:24.433+0000] {processor.py:758} INFO - Processing file /home/airflow/.local/lib/python3.7/site-packages/airflow/example_dags/example_branch_datetime_operator.py for tasks to queue
[2022-10-04T14:18:24.435+0000] {logging_mixin.py:117} INFO - [2022-10-04T14:18:24.435+0000] {dagbag.py:525} INFO - Filling up the DagBag from /home/airflow/.local/lib/python3.7/site-packages/airflow/example_dags/example_branch_datetime_operator.py
[2022-10-04T14:18:24.447+0000] {processor.py:768} INFO - DAG(s) dict_keys(['example_branch_datetime_operator_3', 'example_branch_datetime_operator_2', 'example_branch_datetime_operator']) retrieved from /home/airflow/.local/lib/python3.7/site-packages/airflow/example_dags/example_branch_datetime_operator.py
[2022-10-04T14:18:24.475+0000] {logging_mixin.py:117} INFO - [2022-10-04T14:18:24.475+0000] {dag.py:2573} INFO - Sync 3 DAGs
[2022-10-04T14:18:24.492+0000] {logging_mixin.py:117} INFO - [2022-10-04T14:18:24.492+0000] {dag.py:3328} INFO - Setting next_dagrun for example_branch_datetime_operator to 2022-10-03T00:00:00+00:00, run_after=2022-10-04T00:00:00+00:00
[2022-10-04T14:18:24.495+0000] {logging_mixin.py:117} INFO - [2022-10-04T14:18:24.495+0000] {dag.py:3328} INFO - Setting next_dagrun for example_branch_datetime_operator_2 to 2022-10-03T00:00:00+00:00, run_after=2022-10-04T00:00:00+00:00
[2022-10-04T14:18:24.497+0000] {logging_mixin.py:117} INFO - [2022-10-04T14:18:24.497+0000] {dag.py:3328} INFO - Setting next_dagrun for example_branch_datetime_operator_3 to 2022-10-03T00:00:00+00:00, run_after=2022-10-04T00:00:00+00:00
[2022-10-04T14:18:24.509+0000] {processor.py:178} INFO - Processing /home/airflow/.local/lib/python3.7/site-packages/airflow/example_dags/example_branch_datetime_operator.py took 0.079 seconds
[2022-10-04T14:18:54.659+0000] {processor.py:156} INFO - Started process (PID=494) to work on /home/airflow/.local/lib/python3.7/site-packages/airflow/example_dags/example_branch_datetime_operator.py
[2022-10-04T14:18:54.660+0000] {processor.py:758} INFO - Processing file /home/airflow/.local/lib/python3.7/site-packages/airflow/example_dags/example_branch_datetime_operator.py for tasks to queue
[2022-10-04T14:18:54.661+0000] {logging_mixin.py:117} INFO - [2022-10-04T14:18:54.661+0000] {dagbag.py:525} INFO - Filling up the DagBag from /home/airflow/.local/lib/python3.7/site-packages/airflow/example_dags/example_branch_datetime_operator.py
[2022-10-04T14:18:54.672+0000] {processor.py:768} INFO - DAG(s) dict_keys(['example_branch_datetime_operator_2', 'example_branch_datetime_operator_3', 'example_branch_datetime_operator']) retrieved from /home/airflow/.local/lib/python3.7/site-packages/airflow/example_dags/example_branch_datetime_operator.py
[2022-10-04T14:18:54.700+0000] {logging_mixin.py:117} INFO - [2022-10-04T14:18:54.700+0000] {dag.py:2573} INFO - Sync 3 DAGs
[2022-10-04T14:18:54.716+0000] {logging_mixin.py:117} INFO - [2022-10-04T14:18:54.716+0000] {dag.py:3328} INFO - Setting next_dagrun for example_branch_datetime_operator to 2022-10-03T00:00:00+00:00, run_after=2022-10-04T00:00:00+00:00
[2022-10-04T14:18:54.719+0000] {logging_mixin.py:117} INFO - [2022-10-04T14:18:54.719+0000] {dag.py:3328} INFO - Setting next_dagrun for example_branch_datetime_operator_2 to 2022-10-03T00:00:00+00:00, run_after=2022-10-04T00:00:00+00:00
[2022-10-04T14:18:54.721+0000] {logging_mixin.py:117} INFO - [2022-10-04T14:18:54.721+0000] {dag.py:3328} INFO - Setting next_dagrun for example_branch_datetime_operator_3 to 2022-10-03T00:00:00+00:00, run_after=2022-10-04T00:00:00+00:00
[2022-10-04T14:18:54.732+0000] {processor.py:178} INFO - Processing /home/airflow/.local/lib/python3.7/site-packages/airflow/example_dags/example_branch_datetime_operator.py took 0.076 seconds
[2022-10-04T14:19:24.965+0000] {processor.py:156} INFO - Started process (PID=558) to work on /home/airflow/.local/lib/python3.7/site-packages/airflow/example_dags/example_branch_datetime_operator.py
[2022-10-04T14:19:24.966+0000] {processor.py:758} INFO - Processing file /home/airflow/.local/lib/python3.7/site-packages/airflow/example_dags/example_branch_datetime_operator.py for tasks to queue
[2022-10-04T14:19:24.968+0000] {logging_mixin.py:117} INFO - [2022-10-04T14:19:24.967+0000] {dagbag.py:525} INFO - Filling up the DagBag from /home/airflow/.local/lib/python3.7/site-packages/airflow/example_dags/example_branch_datetime_operator.py
[2022-10-04T14:19:24.979+0000] {processor.py:768} INFO - DAG(s) dict_keys(['example_branch_datetime_operator_3', 'example_branch_datetime_operator', 'example_branch_datetime_operator_2']) retrieved from /home/airflow/.local/lib/python3.7/site-packages/airflow/example_dags/example_branch_datetime_operator.py
[2022-10-04T14:19:25.008+0000] {logging_mixin.py:117} INFO - [2022-10-04T14:19:25.008+0000] {dag.py:2573} INFO - Sync 3 DAGs
[2022-10-04T14:19:25.027+0000] {logging_mixin.py:117} INFO - [2022-10-04T14:19:25.027+0000] {dag.py:3328} INFO - Setting next_dagrun for example_branch_datetime_operator to 2022-10-03T00:00:00+00:00, run_after=2022-10-04T00:00:00+00:00
[2022-10-04T14:19:25.030+0000] {logging_mixin.py:117} INFO - [2022-10-04T14:19:25.030+0000] {dag.py:3328} INFO - Setting next_dagrun for example_branch_datetime_operator_2 to 2022-10-03T00:00:00+00:00, run_after=2022-10-04T00:00:00+00:00
[2022-10-04T14:19:25.032+0000] {logging_mixin.py:117} INFO - [2022-10-04T14:19:25.032+0000] {dag.py:3328} INFO - Setting next_dagrun for example_branch_datetime_operator_3 to 2022-10-03T00:00:00+00:00, run_after=2022-10-04T00:00:00+00:00
[2022-10-04T14:19:25.044+0000] {processor.py:178} INFO - Processing /home/airflow/.local/lib/python3.7/site-packages/airflow/example_dags/example_branch_datetime_operator.py took 0.081 seconds
[2022-10-04T14:19:55.146+0000] {processor.py:156} INFO - Started process (PID=622) to work on /home/airflow/.local/lib/python3.7/site-packages/airflow/example_dags/example_branch_datetime_operator.py
[2022-10-04T14:19:55.147+0000] {processor.py:758} INFO - Processing file /home/airflow/.local/lib/python3.7/site-packages/airflow/example_dags/example_branch_datetime_operator.py for tasks to queue
[2022-10-04T14:19:55.148+0000] {logging_mixin.py:117} INFO - [2022-10-04T14:19:55.148+0000] {dagbag.py:525} INFO - Filling up the DagBag from /home/airflow/.local/lib/python3.7/site-packages/airflow/example_dags/example_branch_datetime_operator.py
[2022-10-04T14:19:55.162+0000] {processor.py:768} INFO - DAG(s) dict_keys(['example_branch_datetime_operator_2', 'example_branch_datetime_operator', 'example_branch_datetime_operator_3']) retrieved from /home/airflow/.local/lib/python3.7/site-packages/airflow/example_dags/example_branch_datetime_operator.py
[2022-10-04T14:19:55.194+0000] {logging_mixin.py:117} INFO - [2022-10-04T14:19:55.194+0000] {dag.py:2573} INFO - Sync 3 DAGs
[2022-10-04T14:19:55.212+0000] {logging_mixin.py:117} INFO - [2022-10-04T14:19:55.212+0000] {dag.py:3328} INFO - Setting next_dagrun for example_branch_datetime_operator to 2022-10-03T00:00:00+00:00, run_after=2022-10-04T00:00:00+00:00
[2022-10-04T14:19:55.217+0000] {logging_mixin.py:117} INFO - [2022-10-04T14:19:55.217+0000] {dag.py:3328} INFO - Setting next_dagrun for example_branch_datetime_operator_2 to 2022-10-03T00:00:00+00:00, run_after=2022-10-04T00:00:00+00:00
[2022-10-04T14:19:55.220+0000] {logging_mixin.py:117} INFO - [2022-10-04T14:19:55.220+0000] {dag.py:3328} INFO - Setting next_dagrun for example_branch_datetime_operator_3 to 2022-10-03T00:00:00+00:00, run_after=2022-10-04T00:00:00+00:00
[2022-10-04T14:19:55.231+0000] {processor.py:178} INFO - Processing /home/airflow/.local/lib/python3.7/site-packages/airflow/example_dags/example_branch_datetime_operator.py took 0.088 seconds
[2022-10-04T14:20:25.577+0000] {processor.py:156} INFO - Started process (PID=685) to work on /home/airflow/.local/lib/python3.7/site-packages/airflow/example_dags/example_branch_datetime_operator.py
[2022-10-04T14:20:25.578+0000] {processor.py:758} INFO - Processing file /home/airflow/.local/lib/python3.7/site-packages/airflow/example_dags/example_branch_datetime_operator.py for tasks to queue
[2022-10-04T14:20:25.580+0000] {logging_mixin.py:117} INFO - [2022-10-04T14:20:25.580+0000] {dagbag.py:525} INFO - Filling up the DagBag from /home/airflow/.local/lib/python3.7/site-packages/airflow/example_dags/example_branch_datetime_operator.py
[2022-10-04T14:20:25.591+0000] {processor.py:768} INFO - DAG(s) dict_keys(['example_branch_datetime_operator', 'example_branch_datetime_operator_2', 'example_branch_datetime_operator_3']) retrieved from /home/airflow/.local/lib/python3.7/site-packages/airflow/example_dags/example_branch_datetime_operator.py
[2022-10-04T14:20:25.619+0000] {logging_mixin.py:117} INFO - [2022-10-04T14:20:25.619+0000] {dag.py:2573} INFO - Sync 3 DAGs
[2022-10-04T14:20:25.635+0000] {logging_mixin.py:117} INFO - [2022-10-04T14:20:25.635+0000] {dag.py:3328} INFO - Setting next_dagrun for example_branch_datetime_operator to 2022-10-03T00:00:00+00:00, run_after=2022-10-04T00:00:00+00:00
[2022-10-04T14:20:25.638+0000] {logging_mixin.py:117} INFO - [2022-10-04T14:20:25.638+0000] {dag.py:3328} INFO - Setting next_dagrun for example_branch_datetime_operator_2 to 2022-10-03T00:00:00+00:00, run_after=2022-10-04T00:00:00+00:00
[2022-10-04T14:20:25.640+0000] {logging_mixin.py:117} INFO - [2022-10-04T14:20:25.640+0000] {dag.py:3328} INFO - Setting next_dagrun for example_branch_datetime_operator_3 to 2022-10-03T00:00:00+00:00, run_after=2022-10-04T00:00:00+00:00
[2022-10-04T14:20:25.651+0000] {processor.py:178} INFO - Processing /home/airflow/.local/lib/python3.7/site-packages/airflow/example_dags/example_branch_datetime_operator.py took 0.076 seconds
