[2022-10-04T14:15:23.124+0000] {processor.py:156} INFO - Started process (PID=71) to work on /home/airflow/.local/lib/python3.7/site-packages/airflow/example_dags/example_skip_dag.py
[2022-10-04T14:15:23.128+0000] {processor.py:758} INFO - Processing file /home/airflow/.local/lib/python3.7/site-packages/airflow/example_dags/example_skip_dag.py for tasks to queue
[2022-10-04T14:15:23.130+0000] {logging_mixin.py:117} INFO - [2022-10-04T14:15:23.130+0000] {dagbag.py:525} INFO - Filling up the DagBag from /home/airflow/.local/lib/python3.7/site-packages/airflow/example_dags/example_skip_dag.py
[2022-10-04T14:15:23.187+0000] {processor.py:768} INFO - DAG(s) dict_keys(['example_skip_dag']) retrieved from /home/airflow/.local/lib/python3.7/site-packages/airflow/example_dags/example_skip_dag.py
[2022-10-04T14:15:23.254+0000] {logging_mixin.py:117} INFO - [2022-10-04T14:15:23.254+0000] {dag.py:2573} INFO - Sync 1 DAGs
[2022-10-04T14:15:23.298+0000] {logging_mixin.py:117} INFO - [2022-10-04T14:15:23.298+0000] {dag.py:3328} INFO - Setting next_dagrun for example_skip_dag to 2022-10-03T14:15:23.298223+00:00, run_after=2022-10-04T14:15:23.298223+00:00
[2022-10-04T14:15:23.354+0000] {processor.py:178} INFO - Processing /home/airflow/.local/lib/python3.7/site-packages/airflow/example_dags/example_skip_dag.py took 0.238 seconds
[2022-10-04T14:15:53.918+0000] {processor.py:156} INFO - Started process (PID=124) to work on /home/airflow/.local/lib/python3.7/site-packages/airflow/example_dags/example_skip_dag.py
[2022-10-04T14:15:53.919+0000] {processor.py:758} INFO - Processing file /home/airflow/.local/lib/python3.7/site-packages/airflow/example_dags/example_skip_dag.py for tasks to queue
[2022-10-04T14:15:53.920+0000] {logging_mixin.py:117} INFO - [2022-10-04T14:15:53.920+0000] {dagbag.py:525} INFO - Filling up the DagBag from /home/airflow/.local/lib/python3.7/site-packages/airflow/example_dags/example_skip_dag.py
[2022-10-04T14:15:53.930+0000] {processor.py:768} INFO - DAG(s) dict_keys(['example_skip_dag']) retrieved from /home/airflow/.local/lib/python3.7/site-packages/airflow/example_dags/example_skip_dag.py
[2022-10-04T14:15:53.959+0000] {logging_mixin.py:117} INFO - [2022-10-04T14:15:53.959+0000] {dag.py:2573} INFO - Sync 1 DAGs
[2022-10-04T14:15:53.976+0000] {logging_mixin.py:117} INFO - [2022-10-04T14:15:53.976+0000] {dag.py:3328} INFO - Setting next_dagrun for example_skip_dag to 2022-10-03T14:15:53.976270+00:00, run_after=2022-10-04T14:15:53.976270+00:00
[2022-10-04T14:15:53.990+0000] {processor.py:178} INFO - Processing /home/airflow/.local/lib/python3.7/site-packages/airflow/example_dags/example_skip_dag.py took 0.074 seconds
[2022-10-04T14:16:24.444+0000] {processor.py:156} INFO - Started process (PID=188) to work on /home/airflow/.local/lib/python3.7/site-packages/airflow/example_dags/example_skip_dag.py
[2022-10-04T14:16:24.446+0000] {processor.py:758} INFO - Processing file /home/airflow/.local/lib/python3.7/site-packages/airflow/example_dags/example_skip_dag.py for tasks to queue
[2022-10-04T14:16:24.448+0000] {logging_mixin.py:117} INFO - [2022-10-04T14:16:24.447+0000] {dagbag.py:525} INFO - Filling up the DagBag from /home/airflow/.local/lib/python3.7/site-packages/airflow/example_dags/example_skip_dag.py
[2022-10-04T14:16:24.458+0000] {processor.py:768} INFO - DAG(s) dict_keys(['example_skip_dag']) retrieved from /home/airflow/.local/lib/python3.7/site-packages/airflow/example_dags/example_skip_dag.py
[2022-10-04T14:16:24.488+0000] {logging_mixin.py:117} INFO - [2022-10-04T14:16:24.488+0000] {dag.py:2573} INFO - Sync 1 DAGs
[2022-10-04T14:16:24.503+0000] {logging_mixin.py:117} INFO - [2022-10-04T14:16:24.503+0000] {dag.py:3328} INFO - Setting next_dagrun for example_skip_dag to 2022-10-03T14:16:24.503459+00:00, run_after=2022-10-04T14:16:24.503459+00:00
[2022-10-04T14:16:24.517+0000] {processor.py:178} INFO - Processing /home/airflow/.local/lib/python3.7/site-packages/airflow/example_dags/example_skip_dag.py took 0.075 seconds
[2022-10-04T14:16:54.772+0000] {processor.py:156} INFO - Started process (PID=252) to work on /home/airflow/.local/lib/python3.7/site-packages/airflow/example_dags/example_skip_dag.py
[2022-10-04T14:16:54.774+0000] {processor.py:758} INFO - Processing file /home/airflow/.local/lib/python3.7/site-packages/airflow/example_dags/example_skip_dag.py for tasks to queue
[2022-10-04T14:16:54.775+0000] {logging_mixin.py:117} INFO - [2022-10-04T14:16:54.775+0000] {dagbag.py:525} INFO - Filling up the DagBag from /home/airflow/.local/lib/python3.7/site-packages/airflow/example_dags/example_skip_dag.py
[2022-10-04T14:16:54.784+0000] {processor.py:768} INFO - DAG(s) dict_keys(['example_skip_dag']) retrieved from /home/airflow/.local/lib/python3.7/site-packages/airflow/example_dags/example_skip_dag.py
[2022-10-04T14:16:54.809+0000] {logging_mixin.py:117} INFO - [2022-10-04T14:16:54.809+0000] {dag.py:2573} INFO - Sync 1 DAGs
[2022-10-04T14:16:54.825+0000] {logging_mixin.py:117} INFO - [2022-10-04T14:16:54.825+0000] {dag.py:3328} INFO - Setting next_dagrun for example_skip_dag to 2022-10-03T14:16:54.825338+00:00, run_after=2022-10-04T14:16:54.825338+00:00
[2022-10-04T14:16:54.837+0000] {processor.py:178} INFO - Processing /home/airflow/.local/lib/python3.7/site-packages/airflow/example_dags/example_skip_dag.py took 0.066 seconds
[2022-10-04T14:17:25.111+0000] {processor.py:156} INFO - Started process (PID=315) to work on /home/airflow/.local/lib/python3.7/site-packages/airflow/example_dags/example_skip_dag.py
[2022-10-04T14:17:25.113+0000] {processor.py:758} INFO - Processing file /home/airflow/.local/lib/python3.7/site-packages/airflow/example_dags/example_skip_dag.py for tasks to queue
[2022-10-04T14:17:25.114+0000] {logging_mixin.py:117} INFO - [2022-10-04T14:17:25.114+0000] {dagbag.py:525} INFO - Filling up the DagBag from /home/airflow/.local/lib/python3.7/site-packages/airflow/example_dags/example_skip_dag.py
[2022-10-04T14:17:25.123+0000] {processor.py:768} INFO - DAG(s) dict_keys(['example_skip_dag']) retrieved from /home/airflow/.local/lib/python3.7/site-packages/airflow/example_dags/example_skip_dag.py
[2022-10-04T14:17:25.150+0000] {logging_mixin.py:117} INFO - [2022-10-04T14:17:25.150+0000] {dag.py:2573} INFO - Sync 1 DAGs
[2022-10-04T14:17:25.165+0000] {logging_mixin.py:117} INFO - [2022-10-04T14:17:25.165+0000] {dag.py:3328} INFO - Setting next_dagrun for example_skip_dag to 2022-10-03T14:17:25.165047+00:00, run_after=2022-10-04T14:17:25.165047+00:00
[2022-10-04T14:17:25.176+0000] {processor.py:178} INFO - Processing /home/airflow/.local/lib/python3.7/site-packages/airflow/example_dags/example_skip_dag.py took 0.067 seconds
[2022-10-04T14:17:55.303+0000] {processor.py:156} INFO - Started process (PID=380) to work on /home/airflow/.local/lib/python3.7/site-packages/airflow/example_dags/example_skip_dag.py
[2022-10-04T14:17:55.304+0000] {processor.py:758} INFO - Processing file /home/airflow/.local/lib/python3.7/site-packages/airflow/example_dags/example_skip_dag.py for tasks to queue
[2022-10-04T14:17:55.305+0000] {logging_mixin.py:117} INFO - [2022-10-04T14:17:55.305+0000] {dagbag.py:525} INFO - Filling up the DagBag from /home/airflow/.local/lib/python3.7/site-packages/airflow/example_dags/example_skip_dag.py
[2022-10-04T14:17:55.315+0000] {processor.py:768} INFO - DAG(s) dict_keys(['example_skip_dag']) retrieved from /home/airflow/.local/lib/python3.7/site-packages/airflow/example_dags/example_skip_dag.py
[2022-10-04T14:17:55.346+0000] {logging_mixin.py:117} INFO - [2022-10-04T14:17:55.346+0000] {dag.py:2573} INFO - Sync 1 DAGs
[2022-10-04T14:17:55.364+0000] {logging_mixin.py:117} INFO - [2022-10-04T14:17:55.364+0000] {dag.py:3328} INFO - Setting next_dagrun for example_skip_dag to 2022-10-03T14:17:55.364493+00:00, run_after=2022-10-04T14:17:55.364493+00:00
[2022-10-04T14:17:55.376+0000] {processor.py:178} INFO - Processing /home/airflow/.local/lib/python3.7/site-packages/airflow/example_dags/example_skip_dag.py took 0.076 seconds
[2022-10-04T14:18:25.550+0000] {processor.py:156} INFO - Started process (PID=441) to work on /home/airflow/.local/lib/python3.7/site-packages/airflow/example_dags/example_skip_dag.py
[2022-10-04T14:18:25.553+0000] {processor.py:758} INFO - Processing file /home/airflow/.local/lib/python3.7/site-packages/airflow/example_dags/example_skip_dag.py for tasks to queue
[2022-10-04T14:18:25.555+0000] {logging_mixin.py:117} INFO - [2022-10-04T14:18:25.555+0000] {dagbag.py:525} INFO - Filling up the DagBag from /home/airflow/.local/lib/python3.7/site-packages/airflow/example_dags/example_skip_dag.py
[2022-10-04T14:18:25.565+0000] {processor.py:768} INFO - DAG(s) dict_keys(['example_skip_dag']) retrieved from /home/airflow/.local/lib/python3.7/site-packages/airflow/example_dags/example_skip_dag.py
[2022-10-04T14:18:25.599+0000] {logging_mixin.py:117} INFO - [2022-10-04T14:18:25.599+0000] {dag.py:2573} INFO - Sync 1 DAGs
[2022-10-04T14:18:25.617+0000] {logging_mixin.py:117} INFO - [2022-10-04T14:18:25.617+0000] {dag.py:3328} INFO - Setting next_dagrun for example_skip_dag to 2022-10-03T14:18:25.617307+00:00, run_after=2022-10-04T14:18:25.617307+00:00
[2022-10-04T14:18:25.630+0000] {processor.py:178} INFO - Processing /home/airflow/.local/lib/python3.7/site-packages/airflow/example_dags/example_skip_dag.py took 0.082 seconds
[2022-10-04T14:18:55.767+0000] {processor.py:156} INFO - Started process (PID=497) to work on /home/airflow/.local/lib/python3.7/site-packages/airflow/example_dags/example_skip_dag.py
[2022-10-04T14:18:55.768+0000] {processor.py:758} INFO - Processing file /home/airflow/.local/lib/python3.7/site-packages/airflow/example_dags/example_skip_dag.py for tasks to queue
[2022-10-04T14:18:55.769+0000] {logging_mixin.py:117} INFO - [2022-10-04T14:18:55.769+0000] {dagbag.py:525} INFO - Filling up the DagBag from /home/airflow/.local/lib/python3.7/site-packages/airflow/example_dags/example_skip_dag.py
[2022-10-04T14:18:55.781+0000] {processor.py:768} INFO - DAG(s) dict_keys(['example_skip_dag']) retrieved from /home/airflow/.local/lib/python3.7/site-packages/airflow/example_dags/example_skip_dag.py
[2022-10-04T14:18:55.810+0000] {logging_mixin.py:117} INFO - [2022-10-04T14:18:55.810+0000] {dag.py:2573} INFO - Sync 1 DAGs
[2022-10-04T14:18:55.827+0000] {logging_mixin.py:117} INFO - [2022-10-04T14:18:55.827+0000] {dag.py:3328} INFO - Setting next_dagrun for example_skip_dag to 2022-10-03T14:18:55.827249+00:00, run_after=2022-10-04T14:18:55.827249+00:00
[2022-10-04T14:18:55.839+0000] {processor.py:178} INFO - Processing /home/airflow/.local/lib/python3.7/site-packages/airflow/example_dags/example_skip_dag.py took 0.075 seconds
[2022-10-04T14:19:26.087+0000] {processor.py:156} INFO - Started process (PID=561) to work on /home/airflow/.local/lib/python3.7/site-packages/airflow/example_dags/example_skip_dag.py
[2022-10-04T14:19:26.089+0000] {processor.py:758} INFO - Processing file /home/airflow/.local/lib/python3.7/site-packages/airflow/example_dags/example_skip_dag.py for tasks to queue
[2022-10-04T14:19:26.090+0000] {logging_mixin.py:117} INFO - [2022-10-04T14:19:26.090+0000] {dagbag.py:525} INFO - Filling up the DagBag from /home/airflow/.local/lib/python3.7/site-packages/airflow/example_dags/example_skip_dag.py
[2022-10-04T14:19:26.102+0000] {processor.py:768} INFO - DAG(s) dict_keys(['example_skip_dag']) retrieved from /home/airflow/.local/lib/python3.7/site-packages/airflow/example_dags/example_skip_dag.py
[2022-10-04T14:19:26.128+0000] {logging_mixin.py:117} INFO - [2022-10-04T14:19:26.128+0000] {dag.py:2573} INFO - Sync 1 DAGs
[2022-10-04T14:19:26.143+0000] {logging_mixin.py:117} INFO - [2022-10-04T14:19:26.143+0000] {dag.py:3328} INFO - Setting next_dagrun for example_skip_dag to 2022-10-03T14:19:26.143640+00:00, run_after=2022-10-04T14:19:26.143640+00:00
[2022-10-04T14:19:26.156+0000] {processor.py:178} INFO - Processing /home/airflow/.local/lib/python3.7/site-packages/airflow/example_dags/example_skip_dag.py took 0.071 seconds
[2022-10-04T14:19:56.342+0000] {processor.py:156} INFO - Started process (PID=625) to work on /home/airflow/.local/lib/python3.7/site-packages/airflow/example_dags/example_skip_dag.py
[2022-10-04T14:19:56.344+0000] {processor.py:758} INFO - Processing file /home/airflow/.local/lib/python3.7/site-packages/airflow/example_dags/example_skip_dag.py for tasks to queue
[2022-10-04T14:19:56.346+0000] {logging_mixin.py:117} INFO - [2022-10-04T14:19:56.346+0000] {dagbag.py:525} INFO - Filling up the DagBag from /home/airflow/.local/lib/python3.7/site-packages/airflow/example_dags/example_skip_dag.py
[2022-10-04T14:19:56.358+0000] {processor.py:768} INFO - DAG(s) dict_keys(['example_skip_dag']) retrieved from /home/airflow/.local/lib/python3.7/site-packages/airflow/example_dags/example_skip_dag.py
[2022-10-04T14:19:56.392+0000] {logging_mixin.py:117} INFO - [2022-10-04T14:19:56.392+0000] {dag.py:2573} INFO - Sync 1 DAGs
[2022-10-04T14:19:56.414+0000] {logging_mixin.py:117} INFO - [2022-10-04T14:19:56.414+0000] {dag.py:3328} INFO - Setting next_dagrun for example_skip_dag to 2022-10-03T14:19:56.414199+00:00, run_after=2022-10-04T14:19:56.414199+00:00
[2022-10-04T14:19:56.428+0000] {processor.py:178} INFO - Processing /home/airflow/.local/lib/python3.7/site-packages/airflow/example_dags/example_skip_dag.py took 0.091 seconds
[2022-10-04T14:20:26.717+0000] {processor.py:156} INFO - Started process (PID=688) to work on /home/airflow/.local/lib/python3.7/site-packages/airflow/example_dags/example_skip_dag.py
[2022-10-04T14:20:26.720+0000] {processor.py:758} INFO - Processing file /home/airflow/.local/lib/python3.7/site-packages/airflow/example_dags/example_skip_dag.py for tasks to queue
[2022-10-04T14:20:26.723+0000] {logging_mixin.py:117} INFO - [2022-10-04T14:20:26.723+0000] {dagbag.py:525} INFO - Filling up the DagBag from /home/airflow/.local/lib/python3.7/site-packages/airflow/example_dags/example_skip_dag.py
[2022-10-04T14:20:26.737+0000] {processor.py:768} INFO - DAG(s) dict_keys(['example_skip_dag']) retrieved from /home/airflow/.local/lib/python3.7/site-packages/airflow/example_dags/example_skip_dag.py
[2022-10-04T14:20:26.766+0000] {logging_mixin.py:117} INFO - [2022-10-04T14:20:26.766+0000] {dag.py:2573} INFO - Sync 1 DAGs
[2022-10-04T14:20:26.781+0000] {logging_mixin.py:117} INFO - [2022-10-04T14:20:26.781+0000] {dag.py:3328} INFO - Setting next_dagrun for example_skip_dag to 2022-10-03T14:20:26.781267+00:00, run_after=2022-10-04T14:20:26.781267+00:00
[2022-10-04T14:20:26.795+0000] {processor.py:178} INFO - Processing /home/airflow/.local/lib/python3.7/site-packages/airflow/example_dags/example_skip_dag.py took 0.082 seconds
