[2022-10-04T14:15:17.577+0000] {processor.py:156} INFO - Started process (PID=47) to work on /home/airflow/.local/lib/python3.7/site-packages/airflow/example_dags/example_latest_only_with_trigger.py
[2022-10-04T14:15:17.579+0000] {processor.py:758} INFO - Processing file /home/airflow/.local/lib/python3.7/site-packages/airflow/example_dags/example_latest_only_with_trigger.py for tasks to queue
[2022-10-04T14:15:17.581+0000] {logging_mixin.py:117} INFO - [2022-10-04T14:15:17.581+0000] {dagbag.py:525} INFO - Filling up the DagBag from /home/airflow/.local/lib/python3.7/site-packages/airflow/example_dags/example_latest_only_with_trigger.py
[2022-10-04T14:15:17.600+0000] {processor.py:768} INFO - DAG(s) dict_keys(['latest_only_with_trigger']) retrieved from /home/airflow/.local/lib/python3.7/site-packages/airflow/example_dags/example_latest_only_with_trigger.py
[2022-10-04T14:15:17.666+0000] {logging_mixin.py:117} INFO - [2022-10-04T14:15:17.666+0000] {dag.py:2573} INFO - Sync 1 DAGs
[2022-10-04T14:15:17.717+0000] {logging_mixin.py:117} INFO - [2022-10-04T14:15:17.716+0000] {dag.py:3328} INFO - Setting next_dagrun for latest_only_with_trigger to 2022-10-04T10:15:17.716449+00:00, run_after=2022-10-04T14:15:17.716449+00:00
[2022-10-04T14:15:17.750+0000] {processor.py:178} INFO - Processing /home/airflow/.local/lib/python3.7/site-packages/airflow/example_dags/example_latest_only_with_trigger.py took 0.178 seconds
[2022-10-04T14:15:47.917+0000] {processor.py:156} INFO - Started process (PID=108) to work on /home/airflow/.local/lib/python3.7/site-packages/airflow/example_dags/example_latest_only_with_trigger.py
[2022-10-04T14:15:47.919+0000] {processor.py:758} INFO - Processing file /home/airflow/.local/lib/python3.7/site-packages/airflow/example_dags/example_latest_only_with_trigger.py for tasks to queue
[2022-10-04T14:15:47.920+0000] {logging_mixin.py:117} INFO - [2022-10-04T14:15:47.920+0000] {dagbag.py:525} INFO - Filling up the DagBag from /home/airflow/.local/lib/python3.7/site-packages/airflow/example_dags/example_latest_only_with_trigger.py
[2022-10-04T14:15:47.931+0000] {processor.py:768} INFO - DAG(s) dict_keys(['latest_only_with_trigger']) retrieved from /home/airflow/.local/lib/python3.7/site-packages/airflow/example_dags/example_latest_only_with_trigger.py
[2022-10-04T14:15:47.957+0000] {logging_mixin.py:117} INFO - [2022-10-04T14:15:47.957+0000] {dag.py:2573} INFO - Sync 1 DAGs
[2022-10-04T14:15:47.974+0000] {logging_mixin.py:117} INFO - [2022-10-04T14:15:47.974+0000] {dag.py:3328} INFO - Setting next_dagrun for latest_only_with_trigger to 2022-10-04T10:15:47.974004+00:00, run_after=2022-10-04T14:15:47.974004+00:00
[2022-10-04T14:15:47.987+0000] {processor.py:178} INFO - Processing /home/airflow/.local/lib/python3.7/site-packages/airflow/example_dags/example_latest_only_with_trigger.py took 0.072 seconds
[2022-10-04T14:16:18.436+0000] {processor.py:156} INFO - Started process (PID=172) to work on /home/airflow/.local/lib/python3.7/site-packages/airflow/example_dags/example_latest_only_with_trigger.py
[2022-10-04T14:16:18.437+0000] {processor.py:758} INFO - Processing file /home/airflow/.local/lib/python3.7/site-packages/airflow/example_dags/example_latest_only_with_trigger.py for tasks to queue
[2022-10-04T14:16:18.438+0000] {logging_mixin.py:117} INFO - [2022-10-04T14:16:18.438+0000] {dagbag.py:525} INFO - Filling up the DagBag from /home/airflow/.local/lib/python3.7/site-packages/airflow/example_dags/example_latest_only_with_trigger.py
[2022-10-04T14:16:18.448+0000] {processor.py:768} INFO - DAG(s) dict_keys(['latest_only_with_trigger']) retrieved from /home/airflow/.local/lib/python3.7/site-packages/airflow/example_dags/example_latest_only_with_trigger.py
[2022-10-04T14:16:18.474+0000] {logging_mixin.py:117} INFO - [2022-10-04T14:16:18.474+0000] {dag.py:2573} INFO - Sync 1 DAGs
[2022-10-04T14:16:18.496+0000] {logging_mixin.py:117} INFO - [2022-10-04T14:16:18.496+0000] {dag.py:3328} INFO - Setting next_dagrun for latest_only_with_trigger to 2022-10-04T10:16:18.495672+00:00, run_after=2022-10-04T14:16:18.495672+00:00
[2022-10-04T14:16:18.511+0000] {processor.py:178} INFO - Processing /home/airflow/.local/lib/python3.7/site-packages/airflow/example_dags/example_latest_only_with_trigger.py took 0.077 seconds
[2022-10-04T14:16:48.846+0000] {processor.py:156} INFO - Started process (PID=227) to work on /home/airflow/.local/lib/python3.7/site-packages/airflow/example_dags/example_latest_only_with_trigger.py
[2022-10-04T14:16:48.847+0000] {processor.py:758} INFO - Processing file /home/airflow/.local/lib/python3.7/site-packages/airflow/example_dags/example_latest_only_with_trigger.py for tasks to queue
[2022-10-04T14:16:48.848+0000] {logging_mixin.py:117} INFO - [2022-10-04T14:16:48.848+0000] {dagbag.py:525} INFO - Filling up the DagBag from /home/airflow/.local/lib/python3.7/site-packages/airflow/example_dags/example_latest_only_with_trigger.py
[2022-10-04T14:16:48.859+0000] {processor.py:768} INFO - DAG(s) dict_keys(['latest_only_with_trigger']) retrieved from /home/airflow/.local/lib/python3.7/site-packages/airflow/example_dags/example_latest_only_with_trigger.py
[2022-10-04T14:16:48.888+0000] {logging_mixin.py:117} INFO - [2022-10-04T14:16:48.887+0000] {dag.py:2573} INFO - Sync 1 DAGs
[2022-10-04T14:16:48.912+0000] {logging_mixin.py:117} INFO - [2022-10-04T14:16:48.912+0000] {dag.py:3328} INFO - Setting next_dagrun for latest_only_with_trigger to 2022-10-04T10:16:48.912350+00:00, run_after=2022-10-04T14:16:48.912350+00:00
[2022-10-04T14:16:48.931+0000] {processor.py:178} INFO - Processing /home/airflow/.local/lib/python3.7/site-packages/airflow/example_dags/example_latest_only_with_trigger.py took 0.087 seconds
[2022-10-04T14:17:19.251+0000] {processor.py:156} INFO - Started process (PID=290) to work on /home/airflow/.local/lib/python3.7/site-packages/airflow/example_dags/example_latest_only_with_trigger.py
[2022-10-04T14:17:19.252+0000] {processor.py:758} INFO - Processing file /home/airflow/.local/lib/python3.7/site-packages/airflow/example_dags/example_latest_only_with_trigger.py for tasks to queue
[2022-10-04T14:17:19.253+0000] {logging_mixin.py:117} INFO - [2022-10-04T14:17:19.253+0000] {dagbag.py:525} INFO - Filling up the DagBag from /home/airflow/.local/lib/python3.7/site-packages/airflow/example_dags/example_latest_only_with_trigger.py
[2022-10-04T14:17:19.263+0000] {processor.py:768} INFO - DAG(s) dict_keys(['latest_only_with_trigger']) retrieved from /home/airflow/.local/lib/python3.7/site-packages/airflow/example_dags/example_latest_only_with_trigger.py
[2022-10-04T14:17:19.292+0000] {logging_mixin.py:117} INFO - [2022-10-04T14:17:19.292+0000] {dag.py:2573} INFO - Sync 1 DAGs
[2022-10-04T14:17:19.310+0000] {logging_mixin.py:117} INFO - [2022-10-04T14:17:19.310+0000] {dag.py:3328} INFO - Setting next_dagrun for latest_only_with_trigger to 2022-10-04T10:17:19.310538+00:00, run_after=2022-10-04T14:17:19.310538+00:00
[2022-10-04T14:17:19.326+0000] {processor.py:178} INFO - Processing /home/airflow/.local/lib/python3.7/site-packages/airflow/example_dags/example_latest_only_with_trigger.py took 0.077 seconds
[2022-10-04T14:17:49.430+0000] {processor.py:156} INFO - Started process (PID=354) to work on /home/airflow/.local/lib/python3.7/site-packages/airflow/example_dags/example_latest_only_with_trigger.py
[2022-10-04T14:17:49.432+0000] {processor.py:758} INFO - Processing file /home/airflow/.local/lib/python3.7/site-packages/airflow/example_dags/example_latest_only_with_trigger.py for tasks to queue
[2022-10-04T14:17:49.433+0000] {logging_mixin.py:117} INFO - [2022-10-04T14:17:49.433+0000] {dagbag.py:525} INFO - Filling up the DagBag from /home/airflow/.local/lib/python3.7/site-packages/airflow/example_dags/example_latest_only_with_trigger.py
[2022-10-04T14:17:49.443+0000] {processor.py:768} INFO - DAG(s) dict_keys(['latest_only_with_trigger']) retrieved from /home/airflow/.local/lib/python3.7/site-packages/airflow/example_dags/example_latest_only_with_trigger.py
[2022-10-04T14:17:49.470+0000] {logging_mixin.py:117} INFO - [2022-10-04T14:17:49.470+0000] {dag.py:2573} INFO - Sync 1 DAGs
[2022-10-04T14:17:49.486+0000] {logging_mixin.py:117} INFO - [2022-10-04T14:17:49.486+0000] {dag.py:3328} INFO - Setting next_dagrun for latest_only_with_trigger to 2022-10-04T10:17:49.486057+00:00, run_after=2022-10-04T14:17:49.486057+00:00
[2022-10-04T14:17:49.506+0000] {processor.py:178} INFO - Processing /home/airflow/.local/lib/python3.7/site-packages/airflow/example_dags/example_latest_only_with_trigger.py took 0.078 seconds
[2022-10-04T14:18:19.595+0000] {processor.py:156} INFO - Started process (PID=418) to work on /home/airflow/.local/lib/python3.7/site-packages/airflow/example_dags/example_latest_only_with_trigger.py
[2022-10-04T14:18:19.596+0000] {processor.py:758} INFO - Processing file /home/airflow/.local/lib/python3.7/site-packages/airflow/example_dags/example_latest_only_with_trigger.py for tasks to queue
[2022-10-04T14:18:19.597+0000] {logging_mixin.py:117} INFO - [2022-10-04T14:18:19.597+0000] {dagbag.py:525} INFO - Filling up the DagBag from /home/airflow/.local/lib/python3.7/site-packages/airflow/example_dags/example_latest_only_with_trigger.py
[2022-10-04T14:18:19.606+0000] {processor.py:768} INFO - DAG(s) dict_keys(['latest_only_with_trigger']) retrieved from /home/airflow/.local/lib/python3.7/site-packages/airflow/example_dags/example_latest_only_with_trigger.py
[2022-10-04T14:18:19.642+0000] {logging_mixin.py:117} INFO - [2022-10-04T14:18:19.641+0000] {dag.py:2573} INFO - Sync 1 DAGs
[2022-10-04T14:18:19.658+0000] {logging_mixin.py:117} INFO - [2022-10-04T14:18:19.657+0000] {dag.py:3328} INFO - Setting next_dagrun for latest_only_with_trigger to 2022-10-04T10:18:19.657753+00:00, run_after=2022-10-04T14:18:19.657753+00:00
[2022-10-04T14:18:19.671+0000] {processor.py:178} INFO - Processing /home/airflow/.local/lib/python3.7/site-packages/airflow/example_dags/example_latest_only_with_trigger.py took 0.078 seconds
[2022-10-04T14:18:49.868+0000] {processor.py:156} INFO - Started process (PID=481) to work on /home/airflow/.local/lib/python3.7/site-packages/airflow/example_dags/example_latest_only_with_trigger.py
[2022-10-04T14:18:49.870+0000] {processor.py:758} INFO - Processing file /home/airflow/.local/lib/python3.7/site-packages/airflow/example_dags/example_latest_only_with_trigger.py for tasks to queue
[2022-10-04T14:18:49.871+0000] {logging_mixin.py:117} INFO - [2022-10-04T14:18:49.871+0000] {dagbag.py:525} INFO - Filling up the DagBag from /home/airflow/.local/lib/python3.7/site-packages/airflow/example_dags/example_latest_only_with_trigger.py
[2022-10-04T14:18:49.880+0000] {processor.py:768} INFO - DAG(s) dict_keys(['latest_only_with_trigger']) retrieved from /home/airflow/.local/lib/python3.7/site-packages/airflow/example_dags/example_latest_only_with_trigger.py
[2022-10-04T14:18:49.910+0000] {logging_mixin.py:117} INFO - [2022-10-04T14:18:49.910+0000] {dag.py:2573} INFO - Sync 1 DAGs
[2022-10-04T14:18:49.929+0000] {logging_mixin.py:117} INFO - [2022-10-04T14:18:49.929+0000] {dag.py:3328} INFO - Setting next_dagrun for latest_only_with_trigger to 2022-10-04T10:18:49.929577+00:00, run_after=2022-10-04T14:18:49.929577+00:00
[2022-10-04T14:18:49.942+0000] {processor.py:178} INFO - Processing /home/airflow/.local/lib/python3.7/site-packages/airflow/example_dags/example_latest_only_with_trigger.py took 0.076 seconds
[2022-10-04T14:19:20.100+0000] {processor.py:156} INFO - Started process (PID=545) to work on /home/airflow/.local/lib/python3.7/site-packages/airflow/example_dags/example_latest_only_with_trigger.py
[2022-10-04T14:19:20.102+0000] {processor.py:758} INFO - Processing file /home/airflow/.local/lib/python3.7/site-packages/airflow/example_dags/example_latest_only_with_trigger.py for tasks to queue
[2022-10-04T14:19:20.104+0000] {logging_mixin.py:117} INFO - [2022-10-04T14:19:20.104+0000] {dagbag.py:525} INFO - Filling up the DagBag from /home/airflow/.local/lib/python3.7/site-packages/airflow/example_dags/example_latest_only_with_trigger.py
[2022-10-04T14:19:20.114+0000] {processor.py:768} INFO - DAG(s) dict_keys(['latest_only_with_trigger']) retrieved from /home/airflow/.local/lib/python3.7/site-packages/airflow/example_dags/example_latest_only_with_trigger.py
[2022-10-04T14:19:20.140+0000] {logging_mixin.py:117} INFO - [2022-10-04T14:19:20.139+0000] {dag.py:2573} INFO - Sync 1 DAGs
[2022-10-04T14:19:20.158+0000] {logging_mixin.py:117} INFO - [2022-10-04T14:19:20.158+0000] {dag.py:3328} INFO - Setting next_dagrun for latest_only_with_trigger to 2022-10-04T10:19:20.158618+00:00, run_after=2022-10-04T14:19:20.158618+00:00
[2022-10-04T14:19:20.172+0000] {processor.py:178} INFO - Processing /home/airflow/.local/lib/python3.7/site-packages/airflow/example_dags/example_latest_only_with_trigger.py took 0.073 seconds
[2022-10-04T14:19:50.425+0000] {processor.py:156} INFO - Started process (PID=600) to work on /home/airflow/.local/lib/python3.7/site-packages/airflow/example_dags/example_latest_only_with_trigger.py
[2022-10-04T14:19:50.427+0000] {processor.py:758} INFO - Processing file /home/airflow/.local/lib/python3.7/site-packages/airflow/example_dags/example_latest_only_with_trigger.py for tasks to queue
[2022-10-04T14:19:50.428+0000] {logging_mixin.py:117} INFO - [2022-10-04T14:19:50.428+0000] {dagbag.py:525} INFO - Filling up the DagBag from /home/airflow/.local/lib/python3.7/site-packages/airflow/example_dags/example_latest_only_with_trigger.py
[2022-10-04T14:19:50.439+0000] {processor.py:768} INFO - DAG(s) dict_keys(['latest_only_with_trigger']) retrieved from /home/airflow/.local/lib/python3.7/site-packages/airflow/example_dags/example_latest_only_with_trigger.py
[2022-10-04T14:19:50.466+0000] {logging_mixin.py:117} INFO - [2022-10-04T14:19:50.466+0000] {dag.py:2573} INFO - Sync 1 DAGs
[2022-10-04T14:19:50.482+0000] {logging_mixin.py:117} INFO - [2022-10-04T14:19:50.482+0000] {dag.py:3328} INFO - Setting next_dagrun for latest_only_with_trigger to 2022-10-04T10:19:50.482089+00:00, run_after=2022-10-04T14:19:50.482089+00:00
[2022-10-04T14:19:50.494+0000] {processor.py:178} INFO - Processing /home/airflow/.local/lib/python3.7/site-packages/airflow/example_dags/example_latest_only_with_trigger.py took 0.071 seconds
[2022-10-04T14:20:20.801+0000] {processor.py:156} INFO - Started process (PID=663) to work on /home/airflow/.local/lib/python3.7/site-packages/airflow/example_dags/example_latest_only_with_trigger.py
[2022-10-04T14:20:20.802+0000] {processor.py:758} INFO - Processing file /home/airflow/.local/lib/python3.7/site-packages/airflow/example_dags/example_latest_only_with_trigger.py for tasks to queue
[2022-10-04T14:20:20.803+0000] {logging_mixin.py:117} INFO - [2022-10-04T14:20:20.803+0000] {dagbag.py:525} INFO - Filling up the DagBag from /home/airflow/.local/lib/python3.7/site-packages/airflow/example_dags/example_latest_only_with_trigger.py
[2022-10-04T14:20:20.812+0000] {processor.py:768} INFO - DAG(s) dict_keys(['latest_only_with_trigger']) retrieved from /home/airflow/.local/lib/python3.7/site-packages/airflow/example_dags/example_latest_only_with_trigger.py
[2022-10-04T14:20:20.836+0000] {logging_mixin.py:117} INFO - [2022-10-04T14:20:20.836+0000] {dag.py:2573} INFO - Sync 1 DAGs
[2022-10-04T14:20:20.849+0000] {logging_mixin.py:117} INFO - [2022-10-04T14:20:20.849+0000] {dag.py:3328} INFO - Setting next_dagrun for latest_only_with_trigger to 2022-10-04T10:20:20.849084+00:00, run_after=2022-10-04T14:20:20.849084+00:00
[2022-10-04T14:20:20.860+0000] {processor.py:178} INFO - Processing /home/airflow/.local/lib/python3.7/site-packages/airflow/example_dags/example_latest_only_with_trigger.py took 0.062 seconds
