[2022-10-04T14:15:16.601+0000] {processor.py:156} INFO - Started process (PID=37) to work on /home/airflow/.local/lib/python3.7/site-packages/airflow/example_dags/example_kubernetes_executor.py
[2022-10-04T14:15:16.604+0000] {processor.py:758} INFO - Processing file /home/airflow/.local/lib/python3.7/site-packages/airflow/example_dags/example_kubernetes_executor.py for tasks to queue
[2022-10-04T14:15:16.610+0000] {logging_mixin.py:117} INFO - [2022-10-04T14:15:16.610+0000] {dagbag.py:525} INFO - Filling up the DagBag from /home/airflow/.local/lib/python3.7/site-packages/airflow/example_dags/example_kubernetes_executor.py
[2022-10-04T14:15:16.637+0000] {processor.py:768} INFO - DAG(s) dict_keys(['example_kubernetes_executor']) retrieved from /home/airflow/.local/lib/python3.7/site-packages/airflow/example_dags/example_kubernetes_executor.py
[2022-10-04T14:15:16.668+0000] {logging_mixin.py:117} INFO - [2022-10-04T14:15:16.668+0000] {dag.py:2573} INFO - Sync 1 DAGs
[2022-10-04T14:15:16.692+0000] {logging_mixin.py:117} INFO - [2022-10-04T14:15:16.692+0000] {dag.py:3328} INFO - Setting next_dagrun for example_kubernetes_executor to None, run_after=None
[2022-10-04T14:15:16.712+0000] {processor.py:178} INFO - Processing /home/airflow/.local/lib/python3.7/site-packages/airflow/example_dags/example_kubernetes_executor.py took 0.115 seconds
[2022-10-04T14:15:47.414+0000] {processor.py:156} INFO - Started process (PID=98) to work on /home/airflow/.local/lib/python3.7/site-packages/airflow/example_dags/example_kubernetes_executor.py
[2022-10-04T14:15:47.415+0000] {processor.py:758} INFO - Processing file /home/airflow/.local/lib/python3.7/site-packages/airflow/example_dags/example_kubernetes_executor.py for tasks to queue
[2022-10-04T14:15:47.416+0000] {logging_mixin.py:117} INFO - [2022-10-04T14:15:47.416+0000] {dagbag.py:525} INFO - Filling up the DagBag from /home/airflow/.local/lib/python3.7/site-packages/airflow/example_dags/example_kubernetes_executor.py
[2022-10-04T14:15:47.436+0000] {processor.py:768} INFO - DAG(s) dict_keys(['example_kubernetes_executor']) retrieved from /home/airflow/.local/lib/python3.7/site-packages/airflow/example_dags/example_kubernetes_executor.py
[2022-10-04T14:15:47.463+0000] {logging_mixin.py:117} INFO - [2022-10-04T14:15:47.463+0000] {dag.py:2573} INFO - Sync 1 DAGs
[2022-10-04T14:15:47.478+0000] {logging_mixin.py:117} INFO - [2022-10-04T14:15:47.478+0000] {dag.py:3328} INFO - Setting next_dagrun for example_kubernetes_executor to None, run_after=None
[2022-10-04T14:15:47.491+0000] {processor.py:178} INFO - Processing /home/airflow/.local/lib/python3.7/site-packages/airflow/example_dags/example_kubernetes_executor.py took 0.080 seconds
[2022-10-04T14:16:17.791+0000] {processor.py:156} INFO - Started process (PID=162) to work on /home/airflow/.local/lib/python3.7/site-packages/airflow/example_dags/example_kubernetes_executor.py
[2022-10-04T14:16:17.792+0000] {processor.py:758} INFO - Processing file /home/airflow/.local/lib/python3.7/site-packages/airflow/example_dags/example_kubernetes_executor.py for tasks to queue
[2022-10-04T14:16:17.793+0000] {logging_mixin.py:117} INFO - [2022-10-04T14:16:17.793+0000] {dagbag.py:525} INFO - Filling up the DagBag from /home/airflow/.local/lib/python3.7/site-packages/airflow/example_dags/example_kubernetes_executor.py
[2022-10-04T14:16:17.817+0000] {processor.py:768} INFO - DAG(s) dict_keys(['example_kubernetes_executor']) retrieved from /home/airflow/.local/lib/python3.7/site-packages/airflow/example_dags/example_kubernetes_executor.py
[2022-10-04T14:16:17.844+0000] {logging_mixin.py:117} INFO - [2022-10-04T14:16:17.844+0000] {dag.py:2573} INFO - Sync 1 DAGs
[2022-10-04T14:16:17.860+0000] {logging_mixin.py:117} INFO - [2022-10-04T14:16:17.859+0000] {dag.py:3328} INFO - Setting next_dagrun for example_kubernetes_executor to None, run_after=None
[2022-10-04T14:16:17.874+0000] {processor.py:178} INFO - Processing /home/airflow/.local/lib/python3.7/site-packages/airflow/example_dags/example_kubernetes_executor.py took 0.086 seconds
[2022-10-04T14:16:48.248+0000] {processor.py:156} INFO - Started process (PID=217) to work on /home/airflow/.local/lib/python3.7/site-packages/airflow/example_dags/example_kubernetes_executor.py
[2022-10-04T14:16:48.250+0000] {processor.py:758} INFO - Processing file /home/airflow/.local/lib/python3.7/site-packages/airflow/example_dags/example_kubernetes_executor.py for tasks to queue
[2022-10-04T14:16:48.251+0000] {logging_mixin.py:117} INFO - [2022-10-04T14:16:48.251+0000] {dagbag.py:525} INFO - Filling up the DagBag from /home/airflow/.local/lib/python3.7/site-packages/airflow/example_dags/example_kubernetes_executor.py
[2022-10-04T14:16:48.271+0000] {processor.py:768} INFO - DAG(s) dict_keys(['example_kubernetes_executor']) retrieved from /home/airflow/.local/lib/python3.7/site-packages/airflow/example_dags/example_kubernetes_executor.py
[2022-10-04T14:16:48.301+0000] {logging_mixin.py:117} INFO - [2022-10-04T14:16:48.300+0000] {dag.py:2573} INFO - Sync 1 DAGs
[2022-10-04T14:16:48.316+0000] {logging_mixin.py:117} INFO - [2022-10-04T14:16:48.315+0000] {dag.py:3328} INFO - Setting next_dagrun for example_kubernetes_executor to None, run_after=None
[2022-10-04T14:16:48.330+0000] {processor.py:178} INFO - Processing /home/airflow/.local/lib/python3.7/site-packages/airflow/example_dags/example_kubernetes_executor.py took 0.086 seconds
[2022-10-04T14:17:18.697+0000] {processor.py:156} INFO - Started process (PID=280) to work on /home/airflow/.local/lib/python3.7/site-packages/airflow/example_dags/example_kubernetes_executor.py
[2022-10-04T14:17:18.699+0000] {processor.py:758} INFO - Processing file /home/airflow/.local/lib/python3.7/site-packages/airflow/example_dags/example_kubernetes_executor.py for tasks to queue
[2022-10-04T14:17:18.700+0000] {logging_mixin.py:117} INFO - [2022-10-04T14:17:18.700+0000] {dagbag.py:525} INFO - Filling up the DagBag from /home/airflow/.local/lib/python3.7/site-packages/airflow/example_dags/example_kubernetes_executor.py
[2022-10-04T14:17:18.722+0000] {processor.py:768} INFO - DAG(s) dict_keys(['example_kubernetes_executor']) retrieved from /home/airflow/.local/lib/python3.7/site-packages/airflow/example_dags/example_kubernetes_executor.py
[2022-10-04T14:17:18.752+0000] {logging_mixin.py:117} INFO - [2022-10-04T14:17:18.752+0000] {dag.py:2573} INFO - Sync 1 DAGs
[2022-10-04T14:17:18.768+0000] {logging_mixin.py:117} INFO - [2022-10-04T14:17:18.768+0000] {dag.py:3328} INFO - Setting next_dagrun for example_kubernetes_executor to None, run_after=None
[2022-10-04T14:17:18.782+0000] {processor.py:178} INFO - Processing /home/airflow/.local/lib/python3.7/site-packages/airflow/example_dags/example_kubernetes_executor.py took 0.088 seconds
[2022-10-04T14:17:48.938+0000] {processor.py:156} INFO - Started process (PID=344) to work on /home/airflow/.local/lib/python3.7/site-packages/airflow/example_dags/example_kubernetes_executor.py
[2022-10-04T14:17:48.939+0000] {processor.py:758} INFO - Processing file /home/airflow/.local/lib/python3.7/site-packages/airflow/example_dags/example_kubernetes_executor.py for tasks to queue
[2022-10-04T14:17:48.940+0000] {logging_mixin.py:117} INFO - [2022-10-04T14:17:48.940+0000] {dagbag.py:525} INFO - Filling up the DagBag from /home/airflow/.local/lib/python3.7/site-packages/airflow/example_dags/example_kubernetes_executor.py
[2022-10-04T14:17:48.958+0000] {processor.py:768} INFO - DAG(s) dict_keys(['example_kubernetes_executor']) retrieved from /home/airflow/.local/lib/python3.7/site-packages/airflow/example_dags/example_kubernetes_executor.py
[2022-10-04T14:17:48.988+0000] {logging_mixin.py:117} INFO - [2022-10-04T14:17:48.988+0000] {dag.py:2573} INFO - Sync 1 DAGs
[2022-10-04T14:17:49.002+0000] {logging_mixin.py:117} INFO - [2022-10-04T14:17:49.002+0000] {dag.py:3328} INFO - Setting next_dagrun for example_kubernetes_executor to None, run_after=None
[2022-10-04T14:17:49.013+0000] {processor.py:178} INFO - Processing /home/airflow/.local/lib/python3.7/site-packages/airflow/example_dags/example_kubernetes_executor.py took 0.077 seconds
[2022-10-04T14:18:19.048+0000] {processor.py:156} INFO - Started process (PID=408) to work on /home/airflow/.local/lib/python3.7/site-packages/airflow/example_dags/example_kubernetes_executor.py
[2022-10-04T14:18:19.050+0000] {processor.py:758} INFO - Processing file /home/airflow/.local/lib/python3.7/site-packages/airflow/example_dags/example_kubernetes_executor.py for tasks to queue
[2022-10-04T14:18:19.051+0000] {logging_mixin.py:117} INFO - [2022-10-04T14:18:19.051+0000] {dagbag.py:525} INFO - Filling up the DagBag from /home/airflow/.local/lib/python3.7/site-packages/airflow/example_dags/example_kubernetes_executor.py
[2022-10-04T14:18:19.068+0000] {processor.py:768} INFO - DAG(s) dict_keys(['example_kubernetes_executor']) retrieved from /home/airflow/.local/lib/python3.7/site-packages/airflow/example_dags/example_kubernetes_executor.py
[2022-10-04T14:18:19.091+0000] {logging_mixin.py:117} INFO - [2022-10-04T14:18:19.091+0000] {dag.py:2573} INFO - Sync 1 DAGs
[2022-10-04T14:18:19.107+0000] {logging_mixin.py:117} INFO - [2022-10-04T14:18:19.106+0000] {dag.py:3328} INFO - Setting next_dagrun for example_kubernetes_executor to None, run_after=None
[2022-10-04T14:18:19.119+0000] {processor.py:178} INFO - Processing /home/airflow/.local/lib/python3.7/site-packages/airflow/example_dags/example_kubernetes_executor.py took 0.074 seconds
[2022-10-04T14:18:49.314+0000] {processor.py:156} INFO - Started process (PID=471) to work on /home/airflow/.local/lib/python3.7/site-packages/airflow/example_dags/example_kubernetes_executor.py
[2022-10-04T14:18:49.315+0000] {processor.py:758} INFO - Processing file /home/airflow/.local/lib/python3.7/site-packages/airflow/example_dags/example_kubernetes_executor.py for tasks to queue
[2022-10-04T14:18:49.316+0000] {logging_mixin.py:117} INFO - [2022-10-04T14:18:49.316+0000] {dagbag.py:525} INFO - Filling up the DagBag from /home/airflow/.local/lib/python3.7/site-packages/airflow/example_dags/example_kubernetes_executor.py
[2022-10-04T14:18:49.335+0000] {processor.py:768} INFO - DAG(s) dict_keys(['example_kubernetes_executor']) retrieved from /home/airflow/.local/lib/python3.7/site-packages/airflow/example_dags/example_kubernetes_executor.py
[2022-10-04T14:18:49.359+0000] {logging_mixin.py:117} INFO - [2022-10-04T14:18:49.359+0000] {dag.py:2573} INFO - Sync 1 DAGs
[2022-10-04T14:18:49.374+0000] {logging_mixin.py:117} INFO - [2022-10-04T14:18:49.374+0000] {dag.py:3328} INFO - Setting next_dagrun for example_kubernetes_executor to None, run_after=None
[2022-10-04T14:18:49.385+0000] {processor.py:178} INFO - Processing /home/airflow/.local/lib/python3.7/site-packages/airflow/example_dags/example_kubernetes_executor.py took 0.074 seconds
[2022-10-04T14:19:19.556+0000] {processor.py:156} INFO - Started process (PID=535) to work on /home/airflow/.local/lib/python3.7/site-packages/airflow/example_dags/example_kubernetes_executor.py
[2022-10-04T14:19:19.557+0000] {processor.py:758} INFO - Processing file /home/airflow/.local/lib/python3.7/site-packages/airflow/example_dags/example_kubernetes_executor.py for tasks to queue
[2022-10-04T14:19:19.558+0000] {logging_mixin.py:117} INFO - [2022-10-04T14:19:19.558+0000] {dagbag.py:525} INFO - Filling up the DagBag from /home/airflow/.local/lib/python3.7/site-packages/airflow/example_dags/example_kubernetes_executor.py
[2022-10-04T14:19:19.578+0000] {processor.py:768} INFO - DAG(s) dict_keys(['example_kubernetes_executor']) retrieved from /home/airflow/.local/lib/python3.7/site-packages/airflow/example_dags/example_kubernetes_executor.py
[2022-10-04T14:19:19.613+0000] {logging_mixin.py:117} INFO - [2022-10-04T14:19:19.612+0000] {dag.py:2573} INFO - Sync 1 DAGs
[2022-10-04T14:19:19.632+0000] {logging_mixin.py:117} INFO - [2022-10-04T14:19:19.632+0000] {dag.py:3328} INFO - Setting next_dagrun for example_kubernetes_executor to None, run_after=None
[2022-10-04T14:19:19.645+0000] {processor.py:178} INFO - Processing /home/airflow/.local/lib/python3.7/site-packages/airflow/example_dags/example_kubernetes_executor.py took 0.092 seconds
[2022-10-04T14:19:49.936+0000] {processor.py:156} INFO - Started process (PID=590) to work on /home/airflow/.local/lib/python3.7/site-packages/airflow/example_dags/example_kubernetes_executor.py
[2022-10-04T14:19:49.938+0000] {processor.py:758} INFO - Processing file /home/airflow/.local/lib/python3.7/site-packages/airflow/example_dags/example_kubernetes_executor.py for tasks to queue
[2022-10-04T14:19:49.939+0000] {logging_mixin.py:117} INFO - [2022-10-04T14:19:49.939+0000] {dagbag.py:525} INFO - Filling up the DagBag from /home/airflow/.local/lib/python3.7/site-packages/airflow/example_dags/example_kubernetes_executor.py
[2022-10-04T14:19:49.957+0000] {processor.py:768} INFO - DAG(s) dict_keys(['example_kubernetes_executor']) retrieved from /home/airflow/.local/lib/python3.7/site-packages/airflow/example_dags/example_kubernetes_executor.py
[2022-10-04T14:19:49.981+0000] {logging_mixin.py:117} INFO - [2022-10-04T14:19:49.981+0000] {dag.py:2573} INFO - Sync 1 DAGs
[2022-10-04T14:19:49.996+0000] {logging_mixin.py:117} INFO - [2022-10-04T14:19:49.996+0000] {dag.py:3328} INFO - Setting next_dagrun for example_kubernetes_executor to None, run_after=None
[2022-10-04T14:19:50.008+0000] {processor.py:178} INFO - Processing /home/airflow/.local/lib/python3.7/site-packages/airflow/example_dags/example_kubernetes_executor.py took 0.075 seconds
[2022-10-04T14:20:20.313+0000] {processor.py:156} INFO - Started process (PID=653) to work on /home/airflow/.local/lib/python3.7/site-packages/airflow/example_dags/example_kubernetes_executor.py
[2022-10-04T14:20:20.314+0000] {processor.py:758} INFO - Processing file /home/airflow/.local/lib/python3.7/site-packages/airflow/example_dags/example_kubernetes_executor.py for tasks to queue
[2022-10-04T14:20:20.315+0000] {logging_mixin.py:117} INFO - [2022-10-04T14:20:20.315+0000] {dagbag.py:525} INFO - Filling up the DagBag from /home/airflow/.local/lib/python3.7/site-packages/airflow/example_dags/example_kubernetes_executor.py
[2022-10-04T14:20:20.334+0000] {processor.py:768} INFO - DAG(s) dict_keys(['example_kubernetes_executor']) retrieved from /home/airflow/.local/lib/python3.7/site-packages/airflow/example_dags/example_kubernetes_executor.py
[2022-10-04T14:20:20.360+0000] {logging_mixin.py:117} INFO - [2022-10-04T14:20:20.360+0000] {dag.py:2573} INFO - Sync 1 DAGs
[2022-10-04T14:20:20.377+0000] {logging_mixin.py:117} INFO - [2022-10-04T14:20:20.377+0000] {dag.py:3328} INFO - Setting next_dagrun for example_kubernetes_executor to None, run_after=None
[2022-10-04T14:20:20.393+0000] {processor.py:178} INFO - Processing /home/airflow/.local/lib/python3.7/site-packages/airflow/example_dags/example_kubernetes_executor.py took 0.082 seconds
