[2022-10-04T14:15:16.977+0000] {processor.py:156} INFO - Started process (PID=42) to work on /home/airflow/.local/lib/python3.7/site-packages/airflow/example_dags/example_short_circuit_operator.py
[2022-10-04T14:15:16.979+0000] {processor.py:758} INFO - Processing file /home/airflow/.local/lib/python3.7/site-packages/airflow/example_dags/example_short_circuit_operator.py for tasks to queue
[2022-10-04T14:15:16.981+0000] {logging_mixin.py:117} INFO - [2022-10-04T14:15:16.981+0000] {dagbag.py:525} INFO - Filling up the DagBag from /home/airflow/.local/lib/python3.7/site-packages/airflow/example_dags/example_short_circuit_operator.py
[2022-10-04T14:15:17.001+0000] {processor.py:768} INFO - DAG(s) dict_keys(['example_short_circuit_operator']) retrieved from /home/airflow/.local/lib/python3.7/site-packages/airflow/example_dags/example_short_circuit_operator.py
[2022-10-04T14:15:17.026+0000] {logging_mixin.py:117} INFO - [2022-10-04T14:15:17.026+0000] {dag.py:2573} INFO - Sync 1 DAGs
[2022-10-04T14:15:17.061+0000] {logging_mixin.py:117} INFO - [2022-10-04T14:15:17.061+0000] {dag.py:3328} INFO - Setting next_dagrun for example_short_circuit_operator to 2022-10-03T14:15:17.060948+00:00, run_after=2022-10-04T14:15:17.060948+00:00
[2022-10-04T14:15:17.081+0000] {processor.py:178} INFO - Processing /home/airflow/.local/lib/python3.7/site-packages/airflow/example_dags/example_short_circuit_operator.py took 0.107 seconds
[2022-10-04T14:15:47.703+0000] {processor.py:156} INFO - Started process (PID=103) to work on /home/airflow/.local/lib/python3.7/site-packages/airflow/example_dags/example_short_circuit_operator.py
[2022-10-04T14:15:47.705+0000] {processor.py:758} INFO - Processing file /home/airflow/.local/lib/python3.7/site-packages/airflow/example_dags/example_short_circuit_operator.py for tasks to queue
[2022-10-04T14:15:47.706+0000] {logging_mixin.py:117} INFO - [2022-10-04T14:15:47.706+0000] {dagbag.py:525} INFO - Filling up the DagBag from /home/airflow/.local/lib/python3.7/site-packages/airflow/example_dags/example_short_circuit_operator.py
[2022-10-04T14:15:47.717+0000] {processor.py:768} INFO - DAG(s) dict_keys(['example_short_circuit_operator']) retrieved from /home/airflow/.local/lib/python3.7/site-packages/airflow/example_dags/example_short_circuit_operator.py
[2022-10-04T14:15:47.745+0000] {logging_mixin.py:117} INFO - [2022-10-04T14:15:47.745+0000] {dag.py:2573} INFO - Sync 1 DAGs
[2022-10-04T14:15:47.761+0000] {logging_mixin.py:117} INFO - [2022-10-04T14:15:47.761+0000] {dag.py:3328} INFO - Setting next_dagrun for example_short_circuit_operator to 2022-10-03T14:15:47.761591+00:00, run_after=2022-10-04T14:15:47.761591+00:00
[2022-10-04T14:15:47.774+0000] {processor.py:178} INFO - Processing /home/airflow/.local/lib/python3.7/site-packages/airflow/example_dags/example_short_circuit_operator.py took 0.073 seconds
[2022-10-04T14:16:18.105+0000] {processor.py:156} INFO - Started process (PID=167) to work on /home/airflow/.local/lib/python3.7/site-packages/airflow/example_dags/example_short_circuit_operator.py
[2022-10-04T14:16:18.106+0000] {processor.py:758} INFO - Processing file /home/airflow/.local/lib/python3.7/site-packages/airflow/example_dags/example_short_circuit_operator.py for tasks to queue
[2022-10-04T14:16:18.108+0000] {logging_mixin.py:117} INFO - [2022-10-04T14:16:18.107+0000] {dagbag.py:525} INFO - Filling up the DagBag from /home/airflow/.local/lib/python3.7/site-packages/airflow/example_dags/example_short_circuit_operator.py
[2022-10-04T14:16:18.130+0000] {processor.py:768} INFO - DAG(s) dict_keys(['example_short_circuit_operator']) retrieved from /home/airflow/.local/lib/python3.7/site-packages/airflow/example_dags/example_short_circuit_operator.py
[2022-10-04T14:16:18.167+0000] {logging_mixin.py:117} INFO - [2022-10-04T14:16:18.167+0000] {dag.py:2573} INFO - Sync 1 DAGs
[2022-10-04T14:16:18.220+0000] {logging_mixin.py:117} INFO - [2022-10-04T14:16:18.220+0000] {dag.py:3328} INFO - Setting next_dagrun for example_short_circuit_operator to 2022-10-03T14:16:18.220121+00:00, run_after=2022-10-04T14:16:18.220121+00:00
[2022-10-04T14:16:18.270+0000] {processor.py:178} INFO - Processing /home/airflow/.local/lib/python3.7/site-packages/airflow/example_dags/example_short_circuit_operator.py took 0.168 seconds
[2022-10-04T14:16:48.594+0000] {processor.py:156} INFO - Started process (PID=222) to work on /home/airflow/.local/lib/python3.7/site-packages/airflow/example_dags/example_short_circuit_operator.py
[2022-10-04T14:16:48.597+0000] {processor.py:758} INFO - Processing file /home/airflow/.local/lib/python3.7/site-packages/airflow/example_dags/example_short_circuit_operator.py for tasks to queue
[2022-10-04T14:16:48.600+0000] {logging_mixin.py:117} INFO - [2022-10-04T14:16:48.600+0000] {dagbag.py:525} INFO - Filling up the DagBag from /home/airflow/.local/lib/python3.7/site-packages/airflow/example_dags/example_short_circuit_operator.py
[2022-10-04T14:16:48.618+0000] {processor.py:768} INFO - DAG(s) dict_keys(['example_short_circuit_operator']) retrieved from /home/airflow/.local/lib/python3.7/site-packages/airflow/example_dags/example_short_circuit_operator.py
[2022-10-04T14:16:48.656+0000] {logging_mixin.py:117} INFO - [2022-10-04T14:16:48.656+0000] {dag.py:2573} INFO - Sync 1 DAGs
[2022-10-04T14:16:48.673+0000] {logging_mixin.py:117} INFO - [2022-10-04T14:16:48.673+0000] {dag.py:3328} INFO - Setting next_dagrun for example_short_circuit_operator to 2022-10-03T14:16:48.673128+00:00, run_after=2022-10-04T14:16:48.673128+00:00
[2022-10-04T14:16:48.686+0000] {processor.py:178} INFO - Processing /home/airflow/.local/lib/python3.7/site-packages/airflow/example_dags/example_short_circuit_operator.py took 0.094 seconds
[2022-10-04T14:17:19.010+0000] {processor.py:156} INFO - Started process (PID=285) to work on /home/airflow/.local/lib/python3.7/site-packages/airflow/example_dags/example_short_circuit_operator.py
[2022-10-04T14:17:19.012+0000] {processor.py:758} INFO - Processing file /home/airflow/.local/lib/python3.7/site-packages/airflow/example_dags/example_short_circuit_operator.py for tasks to queue
[2022-10-04T14:17:19.013+0000] {logging_mixin.py:117} INFO - [2022-10-04T14:17:19.013+0000] {dagbag.py:525} INFO - Filling up the DagBag from /home/airflow/.local/lib/python3.7/site-packages/airflow/example_dags/example_short_circuit_operator.py
[2022-10-04T14:17:19.027+0000] {processor.py:768} INFO - DAG(s) dict_keys(['example_short_circuit_operator']) retrieved from /home/airflow/.local/lib/python3.7/site-packages/airflow/example_dags/example_short_circuit_operator.py
[2022-10-04T14:17:19.056+0000] {logging_mixin.py:117} INFO - [2022-10-04T14:17:19.056+0000] {dag.py:2573} INFO - Sync 1 DAGs
[2022-10-04T14:17:19.073+0000] {logging_mixin.py:117} INFO - [2022-10-04T14:17:19.073+0000] {dag.py:3328} INFO - Setting next_dagrun for example_short_circuit_operator to 2022-10-03T14:17:19.073467+00:00, run_after=2022-10-04T14:17:19.073467+00:00
[2022-10-04T14:17:19.087+0000] {processor.py:178} INFO - Processing /home/airflow/.local/lib/python3.7/site-packages/airflow/example_dags/example_short_circuit_operator.py took 0.080 seconds
[2022-10-04T14:17:49.215+0000] {processor.py:156} INFO - Started process (PID=349) to work on /home/airflow/.local/lib/python3.7/site-packages/airflow/example_dags/example_short_circuit_operator.py
[2022-10-04T14:17:49.216+0000] {processor.py:758} INFO - Processing file /home/airflow/.local/lib/python3.7/site-packages/airflow/example_dags/example_short_circuit_operator.py for tasks to queue
[2022-10-04T14:17:49.218+0000] {logging_mixin.py:117} INFO - [2022-10-04T14:17:49.218+0000] {dagbag.py:525} INFO - Filling up the DagBag from /home/airflow/.local/lib/python3.7/site-packages/airflow/example_dags/example_short_circuit_operator.py
[2022-10-04T14:17:49.231+0000] {processor.py:768} INFO - DAG(s) dict_keys(['example_short_circuit_operator']) retrieved from /home/airflow/.local/lib/python3.7/site-packages/airflow/example_dags/example_short_circuit_operator.py
[2022-10-04T14:17:49.259+0000] {logging_mixin.py:117} INFO - [2022-10-04T14:17:49.259+0000] {dag.py:2573} INFO - Sync 1 DAGs
[2022-10-04T14:17:49.274+0000] {logging_mixin.py:117} INFO - [2022-10-04T14:17:49.274+0000] {dag.py:3328} INFO - Setting next_dagrun for example_short_circuit_operator to 2022-10-03T14:17:49.274372+00:00, run_after=2022-10-04T14:17:49.274372+00:00
[2022-10-04T14:17:49.286+0000] {processor.py:178} INFO - Processing /home/airflow/.local/lib/python3.7/site-packages/airflow/example_dags/example_short_circuit_operator.py took 0.074 seconds
[2022-10-04T14:18:19.316+0000] {processor.py:156} INFO - Started process (PID=413) to work on /home/airflow/.local/lib/python3.7/site-packages/airflow/example_dags/example_short_circuit_operator.py
[2022-10-04T14:18:19.317+0000] {processor.py:758} INFO - Processing file /home/airflow/.local/lib/python3.7/site-packages/airflow/example_dags/example_short_circuit_operator.py for tasks to queue
[2022-10-04T14:18:19.318+0000] {logging_mixin.py:117} INFO - [2022-10-04T14:18:19.318+0000] {dagbag.py:525} INFO - Filling up the DagBag from /home/airflow/.local/lib/python3.7/site-packages/airflow/example_dags/example_short_circuit_operator.py
[2022-10-04T14:18:19.329+0000] {processor.py:768} INFO - DAG(s) dict_keys(['example_short_circuit_operator']) retrieved from /home/airflow/.local/lib/python3.7/site-packages/airflow/example_dags/example_short_circuit_operator.py
[2022-10-04T14:18:19.357+0000] {logging_mixin.py:117} INFO - [2022-10-04T14:18:19.357+0000] {dag.py:2573} INFO - Sync 1 DAGs
[2022-10-04T14:18:19.371+0000] {logging_mixin.py:117} INFO - [2022-10-04T14:18:19.371+0000] {dag.py:3328} INFO - Setting next_dagrun for example_short_circuit_operator to 2022-10-03T14:18:19.371438+00:00, run_after=2022-10-04T14:18:19.371438+00:00
[2022-10-04T14:18:19.383+0000] {processor.py:178} INFO - Processing /home/airflow/.local/lib/python3.7/site-packages/airflow/example_dags/example_short_circuit_operator.py took 0.069 seconds
[2022-10-04T14:18:49.589+0000] {processor.py:156} INFO - Started process (PID=476) to work on /home/airflow/.local/lib/python3.7/site-packages/airflow/example_dags/example_short_circuit_operator.py
[2022-10-04T14:18:49.590+0000] {processor.py:758} INFO - Processing file /home/airflow/.local/lib/python3.7/site-packages/airflow/example_dags/example_short_circuit_operator.py for tasks to queue
[2022-10-04T14:18:49.591+0000] {logging_mixin.py:117} INFO - [2022-10-04T14:18:49.591+0000] {dagbag.py:525} INFO - Filling up the DagBag from /home/airflow/.local/lib/python3.7/site-packages/airflow/example_dags/example_short_circuit_operator.py
[2022-10-04T14:18:49.605+0000] {processor.py:768} INFO - DAG(s) dict_keys(['example_short_circuit_operator']) retrieved from /home/airflow/.local/lib/python3.7/site-packages/airflow/example_dags/example_short_circuit_operator.py
[2022-10-04T14:18:49.632+0000] {logging_mixin.py:117} INFO - [2022-10-04T14:18:49.632+0000] {dag.py:2573} INFO - Sync 1 DAGs
[2022-10-04T14:18:49.647+0000] {logging_mixin.py:117} INFO - [2022-10-04T14:18:49.647+0000] {dag.py:3328} INFO - Setting next_dagrun for example_short_circuit_operator to 2022-10-03T14:18:49.647400+00:00, run_after=2022-10-04T14:18:49.647400+00:00
[2022-10-04T14:18:49.660+0000] {processor.py:178} INFO - Processing /home/airflow/.local/lib/python3.7/site-packages/airflow/example_dags/example_short_circuit_operator.py took 0.074 seconds
[2022-10-04T14:19:19.891+0000] {processor.py:156} INFO - Started process (PID=540) to work on /home/airflow/.local/lib/python3.7/site-packages/airflow/example_dags/example_short_circuit_operator.py
[2022-10-04T14:19:19.893+0000] {processor.py:758} INFO - Processing file /home/airflow/.local/lib/python3.7/site-packages/airflow/example_dags/example_short_circuit_operator.py for tasks to queue
[2022-10-04T14:19:19.894+0000] {logging_mixin.py:117} INFO - [2022-10-04T14:19:19.894+0000] {dagbag.py:525} INFO - Filling up the DagBag from /home/airflow/.local/lib/python3.7/site-packages/airflow/example_dags/example_short_circuit_operator.py
[2022-10-04T14:19:19.906+0000] {processor.py:768} INFO - DAG(s) dict_keys(['example_short_circuit_operator']) retrieved from /home/airflow/.local/lib/python3.7/site-packages/airflow/example_dags/example_short_circuit_operator.py
[2022-10-04T14:19:19.932+0000] {logging_mixin.py:117} INFO - [2022-10-04T14:19:19.932+0000] {dag.py:2573} INFO - Sync 1 DAGs
[2022-10-04T14:19:19.948+0000] {logging_mixin.py:117} INFO - [2022-10-04T14:19:19.948+0000] {dag.py:3328} INFO - Setting next_dagrun for example_short_circuit_operator to 2022-10-03T14:19:19.948156+00:00, run_after=2022-10-04T14:19:19.948156+00:00
[2022-10-04T14:19:19.959+0000] {processor.py:178} INFO - Processing /home/airflow/.local/lib/python3.7/site-packages/airflow/example_dags/example_short_circuit_operator.py took 0.071 seconds
[2022-10-04T14:19:50.156+0000] {processor.py:156} INFO - Started process (PID=595) to work on /home/airflow/.local/lib/python3.7/site-packages/airflow/example_dags/example_short_circuit_operator.py
[2022-10-04T14:19:50.158+0000] {processor.py:758} INFO - Processing file /home/airflow/.local/lib/python3.7/site-packages/airflow/example_dags/example_short_circuit_operator.py for tasks to queue
[2022-10-04T14:19:50.159+0000] {logging_mixin.py:117} INFO - [2022-10-04T14:19:50.159+0000] {dagbag.py:525} INFO - Filling up the DagBag from /home/airflow/.local/lib/python3.7/site-packages/airflow/example_dags/example_short_circuit_operator.py
[2022-10-04T14:19:50.174+0000] {processor.py:768} INFO - DAG(s) dict_keys(['example_short_circuit_operator']) retrieved from /home/airflow/.local/lib/python3.7/site-packages/airflow/example_dags/example_short_circuit_operator.py
[2022-10-04T14:19:50.203+0000] {logging_mixin.py:117} INFO - [2022-10-04T14:19:50.203+0000] {dag.py:2573} INFO - Sync 1 DAGs
[2022-10-04T14:19:50.220+0000] {logging_mixin.py:117} INFO - [2022-10-04T14:19:50.220+0000] {dag.py:3328} INFO - Setting next_dagrun for example_short_circuit_operator to 2022-10-03T14:19:50.219915+00:00, run_after=2022-10-04T14:19:50.219915+00:00
[2022-10-04T14:19:50.234+0000] {processor.py:178} INFO - Processing /home/airflow/.local/lib/python3.7/site-packages/airflow/example_dags/example_short_circuit_operator.py took 0.082 seconds
[2022-10-04T14:20:20.595+0000] {processor.py:156} INFO - Started process (PID=658) to work on /home/airflow/.local/lib/python3.7/site-packages/airflow/example_dags/example_short_circuit_operator.py
[2022-10-04T14:20:20.597+0000] {processor.py:758} INFO - Processing file /home/airflow/.local/lib/python3.7/site-packages/airflow/example_dags/example_short_circuit_operator.py for tasks to queue
[2022-10-04T14:20:20.598+0000] {logging_mixin.py:117} INFO - [2022-10-04T14:20:20.598+0000] {dagbag.py:525} INFO - Filling up the DagBag from /home/airflow/.local/lib/python3.7/site-packages/airflow/example_dags/example_short_circuit_operator.py
[2022-10-04T14:20:20.611+0000] {processor.py:768} INFO - DAG(s) dict_keys(['example_short_circuit_operator']) retrieved from /home/airflow/.local/lib/python3.7/site-packages/airflow/example_dags/example_short_circuit_operator.py
[2022-10-04T14:20:20.641+0000] {logging_mixin.py:117} INFO - [2022-10-04T14:20:20.641+0000] {dag.py:2573} INFO - Sync 1 DAGs
[2022-10-04T14:20:20.656+0000] {logging_mixin.py:117} INFO - [2022-10-04T14:20:20.656+0000] {dag.py:3328} INFO - Setting next_dagrun for example_short_circuit_operator to 2022-10-03T14:20:20.656662+00:00, run_after=2022-10-04T14:20:20.656662+00:00
[2022-10-04T14:20:20.668+0000] {processor.py:178} INFO - Processing /home/airflow/.local/lib/python3.7/site-packages/airflow/example_dags/example_short_circuit_operator.py took 0.075 seconds
