[2022-10-04T14:15:20.255+0000] {processor.py:156} INFO - Started process (PID=66) to work on /home/airflow/.local/lib/python3.7/site-packages/airflow/example_dags/example_task_group_decorator.py
[2022-10-04T14:15:20.263+0000] {processor.py:758} INFO - Processing file /home/airflow/.local/lib/python3.7/site-packages/airflow/example_dags/example_task_group_decorator.py for tasks to queue
[2022-10-04T14:15:20.271+0000] {logging_mixin.py:117} INFO - [2022-10-04T14:15:20.271+0000] {dagbag.py:525} INFO - Filling up the DagBag from /home/airflow/.local/lib/python3.7/site-packages/airflow/example_dags/example_task_group_decorator.py
[2022-10-04T14:15:20.941+0000] {processor.py:768} INFO - DAG(s) dict_keys(['example_task_group_decorator']) retrieved from /home/airflow/.local/lib/python3.7/site-packages/airflow/example_dags/example_task_group_decorator.py
[2022-10-04T14:15:21.453+0000] {logging_mixin.py:117} INFO - [2022-10-04T14:15:21.452+0000] {dag.py:2573} INFO - Sync 1 DAGs
[2022-10-04T14:15:21.593+0000] {logging_mixin.py:117} INFO - [2022-10-04T14:15:21.593+0000] {dag.py:3328} INFO - Setting next_dagrun for example_task_group_decorator to 2022-10-03T14:15:21.592001+00:00, run_after=2022-10-04T14:15:21.592001+00:00
[2022-10-04T14:15:21.695+0000] {processor.py:178} INFO - Processing /home/airflow/.local/lib/python3.7/site-packages/airflow/example_dags/example_task_group_decorator.py took 1.443 seconds
[2022-10-04T14:15:52.630+0000] {processor.py:156} INFO - Started process (PID=119) to work on /home/airflow/.local/lib/python3.7/site-packages/airflow/example_dags/example_task_group_decorator.py
[2022-10-04T14:15:52.633+0000] {processor.py:758} INFO - Processing file /home/airflow/.local/lib/python3.7/site-packages/airflow/example_dags/example_task_group_decorator.py for tasks to queue
[2022-10-04T14:15:52.634+0000] {logging_mixin.py:117} INFO - [2022-10-04T14:15:52.634+0000] {dagbag.py:525} INFO - Filling up the DagBag from /home/airflow/.local/lib/python3.7/site-packages/airflow/example_dags/example_task_group_decorator.py
[2022-10-04T14:15:52.663+0000] {processor.py:768} INFO - DAG(s) dict_keys(['example_task_group_decorator']) retrieved from /home/airflow/.local/lib/python3.7/site-packages/airflow/example_dags/example_task_group_decorator.py
[2022-10-04T14:15:52.697+0000] {logging_mixin.py:117} INFO - [2022-10-04T14:15:52.697+0000] {dag.py:2573} INFO - Sync 1 DAGs
[2022-10-04T14:15:52.714+0000] {logging_mixin.py:117} INFO - [2022-10-04T14:15:52.714+0000] {dag.py:3328} INFO - Setting next_dagrun for example_task_group_decorator to 2022-10-03T14:15:52.714388+00:00, run_after=2022-10-04T14:15:52.714388+00:00
[2022-10-04T14:15:52.729+0000] {processor.py:178} INFO - Processing /home/airflow/.local/lib/python3.7/site-packages/airflow/example_dags/example_task_group_decorator.py took 0.103 seconds
[2022-10-04T14:16:23.190+0000] {processor.py:156} INFO - Started process (PID=183) to work on /home/airflow/.local/lib/python3.7/site-packages/airflow/example_dags/example_task_group_decorator.py
[2022-10-04T14:16:23.193+0000] {processor.py:758} INFO - Processing file /home/airflow/.local/lib/python3.7/site-packages/airflow/example_dags/example_task_group_decorator.py for tasks to queue
[2022-10-04T14:16:23.195+0000] {logging_mixin.py:117} INFO - [2022-10-04T14:16:23.194+0000] {dagbag.py:525} INFO - Filling up the DagBag from /home/airflow/.local/lib/python3.7/site-packages/airflow/example_dags/example_task_group_decorator.py
[2022-10-04T14:16:23.230+0000] {processor.py:768} INFO - DAG(s) dict_keys(['example_task_group_decorator']) retrieved from /home/airflow/.local/lib/python3.7/site-packages/airflow/example_dags/example_task_group_decorator.py
[2022-10-04T14:16:23.262+0000] {logging_mixin.py:117} INFO - [2022-10-04T14:16:23.262+0000] {dag.py:2573} INFO - Sync 1 DAGs
[2022-10-04T14:16:23.279+0000] {logging_mixin.py:117} INFO - [2022-10-04T14:16:23.279+0000] {dag.py:3328} INFO - Setting next_dagrun for example_task_group_decorator to 2022-10-03T14:16:23.279278+00:00, run_after=2022-10-04T14:16:23.279278+00:00
[2022-10-04T14:16:23.291+0000] {processor.py:178} INFO - Processing /home/airflow/.local/lib/python3.7/site-packages/airflow/example_dags/example_task_group_decorator.py took 0.107 seconds
[2022-10-04T14:16:53.548+0000] {processor.py:156} INFO - Started process (PID=247) to work on /home/airflow/.local/lib/python3.7/site-packages/airflow/example_dags/example_task_group_decorator.py
[2022-10-04T14:16:53.551+0000] {processor.py:758} INFO - Processing file /home/airflow/.local/lib/python3.7/site-packages/airflow/example_dags/example_task_group_decorator.py for tasks to queue
[2022-10-04T14:16:53.553+0000] {logging_mixin.py:117} INFO - [2022-10-04T14:16:53.553+0000] {dagbag.py:525} INFO - Filling up the DagBag from /home/airflow/.local/lib/python3.7/site-packages/airflow/example_dags/example_task_group_decorator.py
[2022-10-04T14:16:53.587+0000] {processor.py:768} INFO - DAG(s) dict_keys(['example_task_group_decorator']) retrieved from /home/airflow/.local/lib/python3.7/site-packages/airflow/example_dags/example_task_group_decorator.py
[2022-10-04T14:16:53.620+0000] {logging_mixin.py:117} INFO - [2022-10-04T14:16:53.620+0000] {dag.py:2573} INFO - Sync 1 DAGs
[2022-10-04T14:16:53.635+0000] {logging_mixin.py:117} INFO - [2022-10-04T14:16:53.635+0000] {dag.py:3328} INFO - Setting next_dagrun for example_task_group_decorator to 2022-10-03T14:16:53.635015+00:00, run_after=2022-10-04T14:16:53.635015+00:00
[2022-10-04T14:16:53.645+0000] {processor.py:178} INFO - Processing /home/airflow/.local/lib/python3.7/site-packages/airflow/example_dags/example_task_group_decorator.py took 0.102 seconds
[2022-10-04T14:17:23.886+0000] {processor.py:156} INFO - Started process (PID=310) to work on /home/airflow/.local/lib/python3.7/site-packages/airflow/example_dags/example_task_group_decorator.py
[2022-10-04T14:17:23.889+0000] {processor.py:758} INFO - Processing file /home/airflow/.local/lib/python3.7/site-packages/airflow/example_dags/example_task_group_decorator.py for tasks to queue
[2022-10-04T14:17:23.890+0000] {logging_mixin.py:117} INFO - [2022-10-04T14:17:23.890+0000] {dagbag.py:525} INFO - Filling up the DagBag from /home/airflow/.local/lib/python3.7/site-packages/airflow/example_dags/example_task_group_decorator.py
[2022-10-04T14:17:23.916+0000] {processor.py:768} INFO - DAG(s) dict_keys(['example_task_group_decorator']) retrieved from /home/airflow/.local/lib/python3.7/site-packages/airflow/example_dags/example_task_group_decorator.py
[2022-10-04T14:17:23.944+0000] {logging_mixin.py:117} INFO - [2022-10-04T14:17:23.943+0000] {dag.py:2573} INFO - Sync 1 DAGs
[2022-10-04T14:17:23.959+0000] {logging_mixin.py:117} INFO - [2022-10-04T14:17:23.959+0000] {dag.py:3328} INFO - Setting next_dagrun for example_task_group_decorator to 2022-10-03T14:17:23.959046+00:00, run_after=2022-10-04T14:17:23.959046+00:00
[2022-10-04T14:17:23.971+0000] {processor.py:178} INFO - Processing /home/airflow/.local/lib/python3.7/site-packages/airflow/example_dags/example_task_group_decorator.py took 0.089 seconds
[2022-10-04T14:17:54.097+0000] {processor.py:156} INFO - Started process (PID=375) to work on /home/airflow/.local/lib/python3.7/site-packages/airflow/example_dags/example_task_group_decorator.py
[2022-10-04T14:17:54.099+0000] {processor.py:758} INFO - Processing file /home/airflow/.local/lib/python3.7/site-packages/airflow/example_dags/example_task_group_decorator.py for tasks to queue
[2022-10-04T14:17:54.100+0000] {logging_mixin.py:117} INFO - [2022-10-04T14:17:54.100+0000] {dagbag.py:525} INFO - Filling up the DagBag from /home/airflow/.local/lib/python3.7/site-packages/airflow/example_dags/example_task_group_decorator.py
[2022-10-04T14:17:54.119+0000] {processor.py:768} INFO - DAG(s) dict_keys(['example_task_group_decorator']) retrieved from /home/airflow/.local/lib/python3.7/site-packages/airflow/example_dags/example_task_group_decorator.py
[2022-10-04T14:17:54.147+0000] {logging_mixin.py:117} INFO - [2022-10-04T14:17:54.146+0000] {dag.py:2573} INFO - Sync 1 DAGs
[2022-10-04T14:17:54.162+0000] {logging_mixin.py:117} INFO - [2022-10-04T14:17:54.162+0000] {dag.py:3328} INFO - Setting next_dagrun for example_task_group_decorator to 2022-10-03T14:17:54.161997+00:00, run_after=2022-10-04T14:17:54.161997+00:00
[2022-10-04T14:17:54.174+0000] {processor.py:178} INFO - Processing /home/airflow/.local/lib/python3.7/site-packages/airflow/example_dags/example_task_group_decorator.py took 0.080 seconds
[2022-10-04T14:18:24.314+0000] {processor.py:156} INFO - Started process (PID=429) to work on /home/airflow/.local/lib/python3.7/site-packages/airflow/example_dags/example_task_group_decorator.py
[2022-10-04T14:18:24.317+0000] {processor.py:758} INFO - Processing file /home/airflow/.local/lib/python3.7/site-packages/airflow/example_dags/example_task_group_decorator.py for tasks to queue
[2022-10-04T14:18:24.319+0000] {logging_mixin.py:117} INFO - [2022-10-04T14:18:24.318+0000] {dagbag.py:525} INFO - Filling up the DagBag from /home/airflow/.local/lib/python3.7/site-packages/airflow/example_dags/example_task_group_decorator.py
[2022-10-04T14:18:24.352+0000] {processor.py:768} INFO - DAG(s) dict_keys(['example_task_group_decorator']) retrieved from /home/airflow/.local/lib/python3.7/site-packages/airflow/example_dags/example_task_group_decorator.py
[2022-10-04T14:18:24.382+0000] {logging_mixin.py:117} INFO - [2022-10-04T14:18:24.382+0000] {dag.py:2573} INFO - Sync 1 DAGs
[2022-10-04T14:18:24.399+0000] {logging_mixin.py:117} INFO - [2022-10-04T14:18:24.399+0000] {dag.py:3328} INFO - Setting next_dagrun for example_task_group_decorator to 2022-10-03T14:18:24.399418+00:00, run_after=2022-10-04T14:18:24.399418+00:00
[2022-10-04T14:18:24.412+0000] {processor.py:178} INFO - Processing /home/airflow/.local/lib/python3.7/site-packages/airflow/example_dags/example_task_group_decorator.py took 0.104 seconds
[2022-10-04T14:18:54.538+0000] {processor.py:156} INFO - Started process (PID=492) to work on /home/airflow/.local/lib/python3.7/site-packages/airflow/example_dags/example_task_group_decorator.py
[2022-10-04T14:18:54.544+0000] {processor.py:758} INFO - Processing file /home/airflow/.local/lib/python3.7/site-packages/airflow/example_dags/example_task_group_decorator.py for tasks to queue
[2022-10-04T14:18:54.547+0000] {logging_mixin.py:117} INFO - [2022-10-04T14:18:54.546+0000] {dagbag.py:525} INFO - Filling up the DagBag from /home/airflow/.local/lib/python3.7/site-packages/airflow/example_dags/example_task_group_decorator.py
[2022-10-04T14:18:54.578+0000] {processor.py:768} INFO - DAG(s) dict_keys(['example_task_group_decorator']) retrieved from /home/airflow/.local/lib/python3.7/site-packages/airflow/example_dags/example_task_group_decorator.py
[2022-10-04T14:18:54.606+0000] {logging_mixin.py:117} INFO - [2022-10-04T14:18:54.605+0000] {dag.py:2573} INFO - Sync 1 DAGs
[2022-10-04T14:18:54.622+0000] {logging_mixin.py:117} INFO - [2022-10-04T14:18:54.622+0000] {dag.py:3328} INFO - Setting next_dagrun for example_task_group_decorator to 2022-10-03T14:18:54.622354+00:00, run_after=2022-10-04T14:18:54.622354+00:00
[2022-10-04T14:18:54.637+0000] {processor.py:178} INFO - Processing /home/airflow/.local/lib/python3.7/site-packages/airflow/example_dags/example_task_group_decorator.py took 0.106 seconds
[2022-10-04T14:19:24.852+0000] {processor.py:156} INFO - Started process (PID=556) to work on /home/airflow/.local/lib/python3.7/site-packages/airflow/example_dags/example_task_group_decorator.py
[2022-10-04T14:19:24.855+0000] {processor.py:758} INFO - Processing file /home/airflow/.local/lib/python3.7/site-packages/airflow/example_dags/example_task_group_decorator.py for tasks to queue
[2022-10-04T14:19:24.857+0000] {logging_mixin.py:117} INFO - [2022-10-04T14:19:24.857+0000] {dagbag.py:525} INFO - Filling up the DagBag from /home/airflow/.local/lib/python3.7/site-packages/airflow/example_dags/example_task_group_decorator.py
[2022-10-04T14:19:24.888+0000] {processor.py:768} INFO - DAG(s) dict_keys(['example_task_group_decorator']) retrieved from /home/airflow/.local/lib/python3.7/site-packages/airflow/example_dags/example_task_group_decorator.py
[2022-10-04T14:19:24.917+0000] {logging_mixin.py:117} INFO - [2022-10-04T14:19:24.917+0000] {dag.py:2573} INFO - Sync 1 DAGs
[2022-10-04T14:19:24.933+0000] {logging_mixin.py:117} INFO - [2022-10-04T14:19:24.933+0000] {dag.py:3328} INFO - Setting next_dagrun for example_task_group_decorator to 2022-10-03T14:19:24.933516+00:00, run_after=2022-10-04T14:19:24.933516+00:00
[2022-10-04T14:19:24.945+0000] {processor.py:178} INFO - Processing /home/airflow/.local/lib/python3.7/site-packages/airflow/example_dags/example_task_group_decorator.py took 0.099 seconds
[2022-10-04T14:19:55.019+0000] {processor.py:156} INFO - Started process (PID=620) to work on /home/airflow/.local/lib/python3.7/site-packages/airflow/example_dags/example_task_group_decorator.py
[2022-10-04T14:19:55.021+0000] {processor.py:758} INFO - Processing file /home/airflow/.local/lib/python3.7/site-packages/airflow/example_dags/example_task_group_decorator.py for tasks to queue
[2022-10-04T14:19:55.022+0000] {logging_mixin.py:117} INFO - [2022-10-04T14:19:55.022+0000] {dagbag.py:525} INFO - Filling up the DagBag from /home/airflow/.local/lib/python3.7/site-packages/airflow/example_dags/example_task_group_decorator.py
[2022-10-04T14:19:55.044+0000] {processor.py:768} INFO - DAG(s) dict_keys(['example_task_group_decorator']) retrieved from /home/airflow/.local/lib/python3.7/site-packages/airflow/example_dags/example_task_group_decorator.py
[2022-10-04T14:19:55.079+0000] {logging_mixin.py:117} INFO - [2022-10-04T14:19:55.079+0000] {dag.py:2573} INFO - Sync 1 DAGs
[2022-10-04T14:19:55.096+0000] {logging_mixin.py:117} INFO - [2022-10-04T14:19:55.096+0000] {dag.py:3328} INFO - Setting next_dagrun for example_task_group_decorator to 2022-10-03T14:19:55.096554+00:00, run_after=2022-10-04T14:19:55.096554+00:00
[2022-10-04T14:19:55.120+0000] {processor.py:178} INFO - Processing /home/airflow/.local/lib/python3.7/site-packages/airflow/example_dags/example_task_group_decorator.py took 0.103 seconds
[2022-10-04T14:20:25.463+0000] {processor.py:156} INFO - Started process (PID=683) to work on /home/airflow/.local/lib/python3.7/site-packages/airflow/example_dags/example_task_group_decorator.py
[2022-10-04T14:20:25.465+0000] {processor.py:758} INFO - Processing file /home/airflow/.local/lib/python3.7/site-packages/airflow/example_dags/example_task_group_decorator.py for tasks to queue
[2022-10-04T14:20:25.467+0000] {logging_mixin.py:117} INFO - [2022-10-04T14:20:25.467+0000] {dagbag.py:525} INFO - Filling up the DagBag from /home/airflow/.local/lib/python3.7/site-packages/airflow/example_dags/example_task_group_decorator.py
[2022-10-04T14:20:25.497+0000] {processor.py:768} INFO - DAG(s) dict_keys(['example_task_group_decorator']) retrieved from /home/airflow/.local/lib/python3.7/site-packages/airflow/example_dags/example_task_group_decorator.py
[2022-10-04T14:20:25.527+0000] {logging_mixin.py:117} INFO - [2022-10-04T14:20:25.527+0000] {dag.py:2573} INFO - Sync 1 DAGs
[2022-10-04T14:20:25.543+0000] {logging_mixin.py:117} INFO - [2022-10-04T14:20:25.543+0000] {dag.py:3328} INFO - Setting next_dagrun for example_task_group_decorator to 2022-10-03T14:20:25.543422+00:00, run_after=2022-10-04T14:20:25.543422+00:00
[2022-10-04T14:20:25.556+0000] {processor.py:178} INFO - Processing /home/airflow/.local/lib/python3.7/site-packages/airflow/example_dags/example_task_group_decorator.py took 0.098 seconds
