[2022-10-04T14:15:19.564+0000] {processor.py:156} INFO - Started process (PID=63) to work on /home/airflow/.local/lib/python3.7/site-packages/airflow/example_dags/example_branch_labels.py
[2022-10-04T14:15:19.572+0000] {processor.py:758} INFO - Processing file /home/airflow/.local/lib/python3.7/site-packages/airflow/example_dags/example_branch_labels.py for tasks to queue
[2022-10-04T14:15:19.574+0000] {logging_mixin.py:117} INFO - [2022-10-04T14:15:19.574+0000] {dagbag.py:525} INFO - Filling up the DagBag from /home/airflow/.local/lib/python3.7/site-packages/airflow/example_dags/example_branch_labels.py
[2022-10-04T14:15:19.590+0000] {processor.py:768} INFO - DAG(s) dict_keys(['example_branch_labels']) retrieved from /home/airflow/.local/lib/python3.7/site-packages/airflow/example_dags/example_branch_labels.py
[2022-10-04T14:15:19.633+0000] {logging_mixin.py:117} INFO - [2022-10-04T14:15:19.633+0000] {dag.py:2573} INFO - Sync 1 DAGs
[2022-10-04T14:15:19.699+0000] {logging_mixin.py:117} INFO - [2022-10-04T14:15:19.699+0000] {dag.py:3328} INFO - Setting next_dagrun for example_branch_labels to 2022-10-03T00:00:00+00:00, run_after=2022-10-04T00:00:00+00:00
[2022-10-04T14:15:19.773+0000] {processor.py:178} INFO - Processing /home/airflow/.local/lib/python3.7/site-packages/airflow/example_dags/example_branch_labels.py took 0.211 seconds
[2022-10-04T14:15:50.403+0000] {processor.py:156} INFO - Started process (PID=116) to work on /home/airflow/.local/lib/python3.7/site-packages/airflow/example_dags/example_branch_labels.py
[2022-10-04T14:15:50.405+0000] {processor.py:758} INFO - Processing file /home/airflow/.local/lib/python3.7/site-packages/airflow/example_dags/example_branch_labels.py for tasks to queue
[2022-10-04T14:15:50.406+0000] {logging_mixin.py:117} INFO - [2022-10-04T14:15:50.406+0000] {dagbag.py:525} INFO - Filling up the DagBag from /home/airflow/.local/lib/python3.7/site-packages/airflow/example_dags/example_branch_labels.py
[2022-10-04T14:15:50.420+0000] {processor.py:768} INFO - DAG(s) dict_keys(['example_branch_labels']) retrieved from /home/airflow/.local/lib/python3.7/site-packages/airflow/example_dags/example_branch_labels.py
[2022-10-04T14:15:50.452+0000] {logging_mixin.py:117} INFO - [2022-10-04T14:15:50.452+0000] {dag.py:2573} INFO - Sync 1 DAGs
[2022-10-04T14:15:50.469+0000] {logging_mixin.py:117} INFO - [2022-10-04T14:15:50.469+0000] {dag.py:3328} INFO - Setting next_dagrun for example_branch_labels to 2022-10-03T00:00:00+00:00, run_after=2022-10-04T00:00:00+00:00
[2022-10-04T14:15:50.481+0000] {processor.py:178} INFO - Processing /home/airflow/.local/lib/python3.7/site-packages/airflow/example_dags/example_branch_labels.py took 0.080 seconds
[2022-10-04T14:16:20.937+0000] {processor.py:156} INFO - Started process (PID=180) to work on /home/airflow/.local/lib/python3.7/site-packages/airflow/example_dags/example_branch_labels.py
[2022-10-04T14:16:20.939+0000] {processor.py:758} INFO - Processing file /home/airflow/.local/lib/python3.7/site-packages/airflow/example_dags/example_branch_labels.py for tasks to queue
[2022-10-04T14:16:20.941+0000] {logging_mixin.py:117} INFO - [2022-10-04T14:16:20.941+0000] {dagbag.py:525} INFO - Filling up the DagBag from /home/airflow/.local/lib/python3.7/site-packages/airflow/example_dags/example_branch_labels.py
[2022-10-04T14:16:20.954+0000] {processor.py:768} INFO - DAG(s) dict_keys(['example_branch_labels']) retrieved from /home/airflow/.local/lib/python3.7/site-packages/airflow/example_dags/example_branch_labels.py
[2022-10-04T14:16:20.988+0000] {logging_mixin.py:117} INFO - [2022-10-04T14:16:20.988+0000] {dag.py:2573} INFO - Sync 1 DAGs
[2022-10-04T14:16:21.006+0000] {logging_mixin.py:117} INFO - [2022-10-04T14:16:21.006+0000] {dag.py:3328} INFO - Setting next_dagrun for example_branch_labels to 2022-10-03T00:00:00+00:00, run_after=2022-10-04T00:00:00+00:00
[2022-10-04T14:16:21.019+0000] {processor.py:178} INFO - Processing /home/airflow/.local/lib/python3.7/site-packages/airflow/example_dags/example_branch_labels.py took 0.084 seconds
[2022-10-04T14:16:51.311+0000] {processor.py:156} INFO - Started process (PID=244) to work on /home/airflow/.local/lib/python3.7/site-packages/airflow/example_dags/example_branch_labels.py
[2022-10-04T14:16:51.313+0000] {processor.py:758} INFO - Processing file /home/airflow/.local/lib/python3.7/site-packages/airflow/example_dags/example_branch_labels.py for tasks to queue
[2022-10-04T14:16:51.314+0000] {logging_mixin.py:117} INFO - [2022-10-04T14:16:51.313+0000] {dagbag.py:525} INFO - Filling up the DagBag from /home/airflow/.local/lib/python3.7/site-packages/airflow/example_dags/example_branch_labels.py
[2022-10-04T14:16:51.325+0000] {processor.py:768} INFO - DAG(s) dict_keys(['example_branch_labels']) retrieved from /home/airflow/.local/lib/python3.7/site-packages/airflow/example_dags/example_branch_labels.py
[2022-10-04T14:16:51.352+0000] {logging_mixin.py:117} INFO - [2022-10-04T14:16:51.352+0000] {dag.py:2573} INFO - Sync 1 DAGs
[2022-10-04T14:16:51.372+0000] {logging_mixin.py:117} INFO - [2022-10-04T14:16:51.372+0000] {dag.py:3328} INFO - Setting next_dagrun for example_branch_labels to 2022-10-03T00:00:00+00:00, run_after=2022-10-04T00:00:00+00:00
[2022-10-04T14:16:51.386+0000] {processor.py:178} INFO - Processing /home/airflow/.local/lib/python3.7/site-packages/airflow/example_dags/example_branch_labels.py took 0.078 seconds
[2022-10-04T14:17:21.682+0000] {processor.py:156} INFO - Started process (PID=307) to work on /home/airflow/.local/lib/python3.7/site-packages/airflow/example_dags/example_branch_labels.py
[2022-10-04T14:17:21.684+0000] {processor.py:758} INFO - Processing file /home/airflow/.local/lib/python3.7/site-packages/airflow/example_dags/example_branch_labels.py for tasks to queue
[2022-10-04T14:17:21.685+0000] {logging_mixin.py:117} INFO - [2022-10-04T14:17:21.685+0000] {dagbag.py:525} INFO - Filling up the DagBag from /home/airflow/.local/lib/python3.7/site-packages/airflow/example_dags/example_branch_labels.py
[2022-10-04T14:17:21.697+0000] {processor.py:768} INFO - DAG(s) dict_keys(['example_branch_labels']) retrieved from /home/airflow/.local/lib/python3.7/site-packages/airflow/example_dags/example_branch_labels.py
[2022-10-04T14:17:21.724+0000] {logging_mixin.py:117} INFO - [2022-10-04T14:17:21.724+0000] {dag.py:2573} INFO - Sync 1 DAGs
[2022-10-04T14:17:21.743+0000] {logging_mixin.py:117} INFO - [2022-10-04T14:17:21.743+0000] {dag.py:3328} INFO - Setting next_dagrun for example_branch_labels to 2022-10-03T00:00:00+00:00, run_after=2022-10-04T00:00:00+00:00
[2022-10-04T14:17:21.757+0000] {processor.py:178} INFO - Processing /home/airflow/.local/lib/python3.7/site-packages/airflow/example_dags/example_branch_labels.py took 0.078 seconds
[2022-10-04T14:17:51.988+0000] {processor.py:156} INFO - Started process (PID=362) to work on /home/airflow/.local/lib/python3.7/site-packages/airflow/example_dags/example_branch_labels.py
[2022-10-04T14:17:51.990+0000] {processor.py:758} INFO - Processing file /home/airflow/.local/lib/python3.7/site-packages/airflow/example_dags/example_branch_labels.py for tasks to queue
[2022-10-04T14:17:51.991+0000] {logging_mixin.py:117} INFO - [2022-10-04T14:17:51.991+0000] {dagbag.py:525} INFO - Filling up the DagBag from /home/airflow/.local/lib/python3.7/site-packages/airflow/example_dags/example_branch_labels.py
[2022-10-04T14:17:51.999+0000] {processor.py:768} INFO - DAG(s) dict_keys(['example_branch_labels']) retrieved from /home/airflow/.local/lib/python3.7/site-packages/airflow/example_dags/example_branch_labels.py
[2022-10-04T14:17:52.023+0000] {logging_mixin.py:117} INFO - [2022-10-04T14:17:52.023+0000] {dag.py:2573} INFO - Sync 1 DAGs
[2022-10-04T14:17:52.036+0000] {logging_mixin.py:117} INFO - [2022-10-04T14:17:52.036+0000] {dag.py:3328} INFO - Setting next_dagrun for example_branch_labels to 2022-10-03T00:00:00+00:00, run_after=2022-10-04T00:00:00+00:00
[2022-10-04T14:17:52.046+0000] {processor.py:178} INFO - Processing /home/airflow/.local/lib/python3.7/site-packages/airflow/example_dags/example_branch_labels.py took 0.060 seconds
[2022-10-04T14:18:22.172+0000] {processor.py:156} INFO - Started process (PID=426) to work on /home/airflow/.local/lib/python3.7/site-packages/airflow/example_dags/example_branch_labels.py
[2022-10-04T14:18:22.175+0000] {processor.py:758} INFO - Processing file /home/airflow/.local/lib/python3.7/site-packages/airflow/example_dags/example_branch_labels.py for tasks to queue
[2022-10-04T14:18:22.176+0000] {logging_mixin.py:117} INFO - [2022-10-04T14:18:22.176+0000] {dagbag.py:525} INFO - Filling up the DagBag from /home/airflow/.local/lib/python3.7/site-packages/airflow/example_dags/example_branch_labels.py
[2022-10-04T14:18:22.189+0000] {processor.py:768} INFO - DAG(s) dict_keys(['example_branch_labels']) retrieved from /home/airflow/.local/lib/python3.7/site-packages/airflow/example_dags/example_branch_labels.py
[2022-10-04T14:18:22.215+0000] {logging_mixin.py:117} INFO - [2022-10-04T14:18:22.214+0000] {dag.py:2573} INFO - Sync 1 DAGs
[2022-10-04T14:18:22.230+0000] {logging_mixin.py:117} INFO - [2022-10-04T14:18:22.230+0000] {dag.py:3328} INFO - Setting next_dagrun for example_branch_labels to 2022-10-03T00:00:00+00:00, run_after=2022-10-04T00:00:00+00:00
[2022-10-04T14:18:22.241+0000] {processor.py:178} INFO - Processing /home/airflow/.local/lib/python3.7/site-packages/airflow/example_dags/example_branch_labels.py took 0.071 seconds
[2022-10-04T14:18:52.309+0000] {processor.py:156} INFO - Started process (PID=489) to work on /home/airflow/.local/lib/python3.7/site-packages/airflow/example_dags/example_branch_labels.py
[2022-10-04T14:18:52.311+0000] {processor.py:758} INFO - Processing file /home/airflow/.local/lib/python3.7/site-packages/airflow/example_dags/example_branch_labels.py for tasks to queue
[2022-10-04T14:18:52.312+0000] {logging_mixin.py:117} INFO - [2022-10-04T14:18:52.312+0000] {dagbag.py:525} INFO - Filling up the DagBag from /home/airflow/.local/lib/python3.7/site-packages/airflow/example_dags/example_branch_labels.py
[2022-10-04T14:18:52.323+0000] {processor.py:768} INFO - DAG(s) dict_keys(['example_branch_labels']) retrieved from /home/airflow/.local/lib/python3.7/site-packages/airflow/example_dags/example_branch_labels.py
[2022-10-04T14:18:52.353+0000] {logging_mixin.py:117} INFO - [2022-10-04T14:18:52.352+0000] {dag.py:2573} INFO - Sync 1 DAGs
[2022-10-04T14:18:52.369+0000] {logging_mixin.py:117} INFO - [2022-10-04T14:18:52.368+0000] {dag.py:3328} INFO - Setting next_dagrun for example_branch_labels to 2022-10-03T00:00:00+00:00, run_after=2022-10-04T00:00:00+00:00
[2022-10-04T14:18:52.381+0000] {processor.py:178} INFO - Processing /home/airflow/.local/lib/python3.7/site-packages/airflow/example_dags/example_branch_labels.py took 0.074 seconds
[2022-10-04T14:19:22.611+0000] {processor.py:156} INFO - Started process (PID=553) to work on /home/airflow/.local/lib/python3.7/site-packages/airflow/example_dags/example_branch_labels.py
[2022-10-04T14:19:22.613+0000] {processor.py:758} INFO - Processing file /home/airflow/.local/lib/python3.7/site-packages/airflow/example_dags/example_branch_labels.py for tasks to queue
[2022-10-04T14:19:22.614+0000] {logging_mixin.py:117} INFO - [2022-10-04T14:19:22.614+0000] {dagbag.py:525} INFO - Filling up the DagBag from /home/airflow/.local/lib/python3.7/site-packages/airflow/example_dags/example_branch_labels.py
[2022-10-04T14:19:22.625+0000] {processor.py:768} INFO - DAG(s) dict_keys(['example_branch_labels']) retrieved from /home/airflow/.local/lib/python3.7/site-packages/airflow/example_dags/example_branch_labels.py
[2022-10-04T14:19:22.653+0000] {logging_mixin.py:117} INFO - [2022-10-04T14:19:22.653+0000] {dag.py:2573} INFO - Sync 1 DAGs
[2022-10-04T14:19:22.671+0000] {logging_mixin.py:117} INFO - [2022-10-04T14:19:22.671+0000] {dag.py:3328} INFO - Setting next_dagrun for example_branch_labels to 2022-10-03T00:00:00+00:00, run_after=2022-10-04T00:00:00+00:00
[2022-10-04T14:19:22.686+0000] {processor.py:178} INFO - Processing /home/airflow/.local/lib/python3.7/site-packages/airflow/example_dags/example_branch_labels.py took 0.077 seconds
[2022-10-04T14:19:52.897+0000] {processor.py:156} INFO - Started process (PID=617) to work on /home/airflow/.local/lib/python3.7/site-packages/airflow/example_dags/example_branch_labels.py
[2022-10-04T14:19:52.899+0000] {processor.py:758} INFO - Processing file /home/airflow/.local/lib/python3.7/site-packages/airflow/example_dags/example_branch_labels.py for tasks to queue
[2022-10-04T14:19:52.900+0000] {logging_mixin.py:117} INFO - [2022-10-04T14:19:52.899+0000] {dagbag.py:525} INFO - Filling up the DagBag from /home/airflow/.local/lib/python3.7/site-packages/airflow/example_dags/example_branch_labels.py
[2022-10-04T14:19:52.911+0000] {processor.py:768} INFO - DAG(s) dict_keys(['example_branch_labels']) retrieved from /home/airflow/.local/lib/python3.7/site-packages/airflow/example_dags/example_branch_labels.py
[2022-10-04T14:19:52.940+0000] {logging_mixin.py:117} INFO - [2022-10-04T14:19:52.940+0000] {dag.py:2573} INFO - Sync 1 DAGs
[2022-10-04T14:19:52.957+0000] {logging_mixin.py:117} INFO - [2022-10-04T14:19:52.956+0000] {dag.py:3328} INFO - Setting next_dagrun for example_branch_labels to 2022-10-03T00:00:00+00:00, run_after=2022-10-04T00:00:00+00:00
[2022-10-04T14:19:52.967+0000] {processor.py:178} INFO - Processing /home/airflow/.local/lib/python3.7/site-packages/airflow/example_dags/example_branch_labels.py took 0.073 seconds
[2022-10-04T14:20:23.258+0000] {processor.py:156} INFO - Started process (PID=671) to work on /home/airflow/.local/lib/python3.7/site-packages/airflow/example_dags/example_branch_labels.py
[2022-10-04T14:20:23.259+0000] {processor.py:758} INFO - Processing file /home/airflow/.local/lib/python3.7/site-packages/airflow/example_dags/example_branch_labels.py for tasks to queue
[2022-10-04T14:20:23.261+0000] {logging_mixin.py:117} INFO - [2022-10-04T14:20:23.261+0000] {dagbag.py:525} INFO - Filling up the DagBag from /home/airflow/.local/lib/python3.7/site-packages/airflow/example_dags/example_branch_labels.py
[2022-10-04T14:20:23.271+0000] {processor.py:768} INFO - DAG(s) dict_keys(['example_branch_labels']) retrieved from /home/airflow/.local/lib/python3.7/site-packages/airflow/example_dags/example_branch_labels.py
[2022-10-04T14:20:23.299+0000] {logging_mixin.py:117} INFO - [2022-10-04T14:20:23.299+0000] {dag.py:2573} INFO - Sync 1 DAGs
[2022-10-04T14:20:23.315+0000] {logging_mixin.py:117} INFO - [2022-10-04T14:20:23.315+0000] {dag.py:3328} INFO - Setting next_dagrun for example_branch_labels to 2022-10-03T00:00:00+00:00, run_after=2022-10-04T00:00:00+00:00
[2022-10-04T14:20:23.327+0000] {processor.py:178} INFO - Processing /home/airflow/.local/lib/python3.7/site-packages/airflow/example_dags/example_branch_labels.py took 0.071 seconds
