[2022-10-04T14:15:23.688+0000] {processor.py:156} INFO - Started process (PID=74) to work on /home/airflow/.local/lib/python3.7/site-packages/airflow/example_dags/example_datasets.py
[2022-10-04T14:15:23.691+0000] {processor.py:758} INFO - Processing file /home/airflow/.local/lib/python3.7/site-packages/airflow/example_dags/example_datasets.py for tasks to queue
[2022-10-04T14:15:23.693+0000] {logging_mixin.py:117} INFO - [2022-10-04T14:15:23.693+0000] {dagbag.py:525} INFO - Filling up the DagBag from /home/airflow/.local/lib/python3.7/site-packages/airflow/example_dags/example_datasets.py
[2022-10-04T14:15:23.717+0000] {processor.py:768} INFO - DAG(s) dict_keys(['dataset_consumes_1_never_scheduled', 'dataset_produces_2', 'dataset_produces_1', 'dataset_consumes_unknown_never_scheduled', 'dataset_consumes_1_and_2', 'dataset_consumes_1']) retrieved from /home/airflow/.local/lib/python3.7/site-packages/airflow/example_dags/example_datasets.py
[2022-10-04T14:15:23.754+0000] {logging_mixin.py:117} INFO - [2022-10-04T14:15:23.754+0000] {dag.py:2573} INFO - Sync 6 DAGs
[2022-10-04T14:15:23.776+0000] {logging_mixin.py:117} INFO - [2022-10-04T14:15:23.776+0000] {dag.py:3328} INFO - Setting next_dagrun for dataset_consumes_1 to None, run_after=None
[2022-10-04T14:15:23.780+0000] {logging_mixin.py:117} INFO - [2022-10-04T14:15:23.780+0000] {dag.py:3328} INFO - Setting next_dagrun for dataset_consumes_1_and_2 to None, run_after=None
[2022-10-04T14:15:23.783+0000] {logging_mixin.py:117} INFO - [2022-10-04T14:15:23.783+0000] {dag.py:3328} INFO - Setting next_dagrun for dataset_consumes_1_never_scheduled to None, run_after=None
[2022-10-04T14:15:23.785+0000] {logging_mixin.py:117} INFO - [2022-10-04T14:15:23.784+0000] {dag.py:3328} INFO - Setting next_dagrun for dataset_consumes_unknown_never_scheduled to None, run_after=None
[2022-10-04T14:15:23.787+0000] {logging_mixin.py:117} INFO - [2022-10-04T14:15:23.787+0000] {dag.py:3328} INFO - Setting next_dagrun for dataset_produces_1 to 2022-10-03T00:00:00+00:00, run_after=2022-10-04T00:00:00+00:00
[2022-10-04T14:15:23.789+0000] {logging_mixin.py:117} INFO - [2022-10-04T14:15:23.789+0000] {dag.py:3328} INFO - Setting next_dagrun for dataset_produces_2 to None, run_after=None
[2022-10-04T14:15:23.810+0000] {processor.py:178} INFO - Processing /home/airflow/.local/lib/python3.7/site-packages/airflow/example_dags/example_datasets.py took 0.125 seconds
[2022-10-04T14:15:54.102+0000] {processor.py:156} INFO - Started process (PID=127) to work on /home/airflow/.local/lib/python3.7/site-packages/airflow/example_dags/example_datasets.py
[2022-10-04T14:15:54.103+0000] {processor.py:758} INFO - Processing file /home/airflow/.local/lib/python3.7/site-packages/airflow/example_dags/example_datasets.py for tasks to queue
[2022-10-04T14:15:54.104+0000] {logging_mixin.py:117} INFO - [2022-10-04T14:15:54.104+0000] {dagbag.py:525} INFO - Filling up the DagBag from /home/airflow/.local/lib/python3.7/site-packages/airflow/example_dags/example_datasets.py
[2022-10-04T14:15:54.116+0000] {processor.py:768} INFO - DAG(s) dict_keys(['dataset_produces_2', 'dataset_consumes_unknown_never_scheduled', 'dataset_consumes_1', 'dataset_consumes_1_never_scheduled', 'dataset_produces_1', 'dataset_consumes_1_and_2']) retrieved from /home/airflow/.local/lib/python3.7/site-packages/airflow/example_dags/example_datasets.py
[2022-10-04T14:15:54.174+0000] {logging_mixin.py:117} INFO - [2022-10-04T14:15:54.174+0000] {dag.py:2573} INFO - Sync 6 DAGs
[2022-10-04T14:15:54.189+0000] {logging_mixin.py:117} INFO - [2022-10-04T14:15:54.189+0000] {dag.py:3328} INFO - Setting next_dagrun for dataset_consumes_1 to None, run_after=None
[2022-10-04T14:15:54.191+0000] {logging_mixin.py:117} INFO - [2022-10-04T14:15:54.191+0000] {dag.py:3328} INFO - Setting next_dagrun for dataset_consumes_1_and_2 to None, run_after=None
[2022-10-04T14:15:54.193+0000] {logging_mixin.py:117} INFO - [2022-10-04T14:15:54.193+0000] {dag.py:3328} INFO - Setting next_dagrun for dataset_consumes_1_never_scheduled to None, run_after=None
[2022-10-04T14:15:54.194+0000] {logging_mixin.py:117} INFO - [2022-10-04T14:15:54.194+0000] {dag.py:3328} INFO - Setting next_dagrun for dataset_consumes_unknown_never_scheduled to None, run_after=None
[2022-10-04T14:15:54.197+0000] {logging_mixin.py:117} INFO - [2022-10-04T14:15:54.197+0000] {dag.py:3328} INFO - Setting next_dagrun for dataset_produces_1 to 2022-10-03T00:00:00+00:00, run_after=2022-10-04T00:00:00+00:00
[2022-10-04T14:15:54.198+0000] {logging_mixin.py:117} INFO - [2022-10-04T14:15:54.198+0000] {dag.py:3328} INFO - Setting next_dagrun for dataset_produces_2 to None, run_after=None
[2022-10-04T14:15:54.214+0000] {processor.py:178} INFO - Processing /home/airflow/.local/lib/python3.7/site-packages/airflow/example_dags/example_datasets.py took 0.114 seconds
[2022-10-04T14:16:24.625+0000] {processor.py:156} INFO - Started process (PID=191) to work on /home/airflow/.local/lib/python3.7/site-packages/airflow/example_dags/example_datasets.py
[2022-10-04T14:16:24.626+0000] {processor.py:758} INFO - Processing file /home/airflow/.local/lib/python3.7/site-packages/airflow/example_dags/example_datasets.py for tasks to queue
[2022-10-04T14:16:24.627+0000] {logging_mixin.py:117} INFO - [2022-10-04T14:16:24.627+0000] {dagbag.py:525} INFO - Filling up the DagBag from /home/airflow/.local/lib/python3.7/site-packages/airflow/example_dags/example_datasets.py
[2022-10-04T14:16:24.640+0000] {processor.py:768} INFO - DAG(s) dict_keys(['dataset_consumes_1', 'dataset_consumes_unknown_never_scheduled', 'dataset_produces_1', 'dataset_consumes_1_never_scheduled', 'dataset_consumes_1_and_2', 'dataset_produces_2']) retrieved from /home/airflow/.local/lib/python3.7/site-packages/airflow/example_dags/example_datasets.py
[2022-10-04T14:16:24.672+0000] {logging_mixin.py:117} INFO - [2022-10-04T14:16:24.672+0000] {dag.py:2573} INFO - Sync 6 DAGs
[2022-10-04T14:16:24.687+0000] {logging_mixin.py:117} INFO - [2022-10-04T14:16:24.687+0000] {dag.py:3328} INFO - Setting next_dagrun for dataset_consumes_1 to None, run_after=None
[2022-10-04T14:16:24.691+0000] {logging_mixin.py:117} INFO - [2022-10-04T14:16:24.691+0000] {dag.py:3328} INFO - Setting next_dagrun for dataset_consumes_1_and_2 to None, run_after=None
[2022-10-04T14:16:24.692+0000] {logging_mixin.py:117} INFO - [2022-10-04T14:16:24.692+0000] {dag.py:3328} INFO - Setting next_dagrun for dataset_consumes_1_never_scheduled to None, run_after=None
[2022-10-04T14:16:24.694+0000] {logging_mixin.py:117} INFO - [2022-10-04T14:16:24.694+0000] {dag.py:3328} INFO - Setting next_dagrun for dataset_consumes_unknown_never_scheduled to None, run_after=None
[2022-10-04T14:16:24.696+0000] {logging_mixin.py:117} INFO - [2022-10-04T14:16:24.696+0000] {dag.py:3328} INFO - Setting next_dagrun for dataset_produces_1 to 2022-10-03T00:00:00+00:00, run_after=2022-10-04T00:00:00+00:00
[2022-10-04T14:16:24.697+0000] {logging_mixin.py:117} INFO - [2022-10-04T14:16:24.697+0000] {dag.py:3328} INFO - Setting next_dagrun for dataset_produces_2 to None, run_after=None
[2022-10-04T14:16:24.720+0000] {processor.py:178} INFO - Processing /home/airflow/.local/lib/python3.7/site-packages/airflow/example_dags/example_datasets.py took 0.097 seconds
[2022-10-04T14:16:54.945+0000] {processor.py:156} INFO - Started process (PID=255) to work on /home/airflow/.local/lib/python3.7/site-packages/airflow/example_dags/example_datasets.py
[2022-10-04T14:16:54.947+0000] {processor.py:758} INFO - Processing file /home/airflow/.local/lib/python3.7/site-packages/airflow/example_dags/example_datasets.py for tasks to queue
[2022-10-04T14:16:54.948+0000] {logging_mixin.py:117} INFO - [2022-10-04T14:16:54.948+0000] {dagbag.py:525} INFO - Filling up the DagBag from /home/airflow/.local/lib/python3.7/site-packages/airflow/example_dags/example_datasets.py
[2022-10-04T14:16:54.960+0000] {processor.py:768} INFO - DAG(s) dict_keys(['dataset_produces_1', 'dataset_consumes_1', 'dataset_consumes_1_and_2', 'dataset_consumes_1_never_scheduled', 'dataset_produces_2', 'dataset_consumes_unknown_never_scheduled']) retrieved from /home/airflow/.local/lib/python3.7/site-packages/airflow/example_dags/example_datasets.py
[2022-10-04T14:16:54.997+0000] {logging_mixin.py:117} INFO - [2022-10-04T14:16:54.997+0000] {dag.py:2573} INFO - Sync 6 DAGs
[2022-10-04T14:16:55.015+0000] {logging_mixin.py:117} INFO - [2022-10-04T14:16:55.015+0000] {dag.py:3328} INFO - Setting next_dagrun for dataset_consumes_1 to None, run_after=None
[2022-10-04T14:16:55.017+0000] {logging_mixin.py:117} INFO - [2022-10-04T14:16:55.017+0000] {dag.py:3328} INFO - Setting next_dagrun for dataset_consumes_1_and_2 to None, run_after=None
[2022-10-04T14:16:55.019+0000] {logging_mixin.py:117} INFO - [2022-10-04T14:16:55.019+0000] {dag.py:3328} INFO - Setting next_dagrun for dataset_consumes_1_never_scheduled to None, run_after=None
[2022-10-04T14:16:55.020+0000] {logging_mixin.py:117} INFO - [2022-10-04T14:16:55.020+0000] {dag.py:3328} INFO - Setting next_dagrun for dataset_consumes_unknown_never_scheduled to None, run_after=None
[2022-10-04T14:16:55.022+0000] {logging_mixin.py:117} INFO - [2022-10-04T14:16:55.022+0000] {dag.py:3328} INFO - Setting next_dagrun for dataset_produces_1 to 2022-10-03T00:00:00+00:00, run_after=2022-10-04T00:00:00+00:00
[2022-10-04T14:16:55.024+0000] {logging_mixin.py:117} INFO - [2022-10-04T14:16:55.024+0000] {dag.py:3328} INFO - Setting next_dagrun for dataset_produces_2 to None, run_after=None
[2022-10-04T14:16:55.041+0000] {processor.py:178} INFO - Processing /home/airflow/.local/lib/python3.7/site-packages/airflow/example_dags/example_datasets.py took 0.097 seconds
[2022-10-04T14:17:25.281+0000] {processor.py:156} INFO - Started process (PID=318) to work on /home/airflow/.local/lib/python3.7/site-packages/airflow/example_dags/example_datasets.py
[2022-10-04T14:17:25.283+0000] {processor.py:758} INFO - Processing file /home/airflow/.local/lib/python3.7/site-packages/airflow/example_dags/example_datasets.py for tasks to queue
[2022-10-04T14:17:25.284+0000] {logging_mixin.py:117} INFO - [2022-10-04T14:17:25.284+0000] {dagbag.py:525} INFO - Filling up the DagBag from /home/airflow/.local/lib/python3.7/site-packages/airflow/example_dags/example_datasets.py
[2022-10-04T14:17:25.295+0000] {processor.py:768} INFO - DAG(s) dict_keys(['dataset_consumes_1', 'dataset_consumes_1_and_2', 'dataset_produces_1', 'dataset_produces_2', 'dataset_consumes_1_never_scheduled', 'dataset_consumes_unknown_never_scheduled']) retrieved from /home/airflow/.local/lib/python3.7/site-packages/airflow/example_dags/example_datasets.py
[2022-10-04T14:17:25.326+0000] {logging_mixin.py:117} INFO - [2022-10-04T14:17:25.326+0000] {dag.py:2573} INFO - Sync 6 DAGs
[2022-10-04T14:17:25.342+0000] {logging_mixin.py:117} INFO - [2022-10-04T14:17:25.342+0000] {dag.py:3328} INFO - Setting next_dagrun for dataset_consumes_1 to None, run_after=None
[2022-10-04T14:17:25.345+0000] {logging_mixin.py:117} INFO - [2022-10-04T14:17:25.345+0000] {dag.py:3328} INFO - Setting next_dagrun for dataset_consumes_1_and_2 to None, run_after=None
[2022-10-04T14:17:25.346+0000] {logging_mixin.py:117} INFO - [2022-10-04T14:17:25.346+0000] {dag.py:3328} INFO - Setting next_dagrun for dataset_consumes_1_never_scheduled to None, run_after=None
[2022-10-04T14:17:25.348+0000] {logging_mixin.py:117} INFO - [2022-10-04T14:17:25.348+0000] {dag.py:3328} INFO - Setting next_dagrun for dataset_consumes_unknown_never_scheduled to None, run_after=None
[2022-10-04T14:17:25.350+0000] {logging_mixin.py:117} INFO - [2022-10-04T14:17:25.350+0000] {dag.py:3328} INFO - Setting next_dagrun for dataset_produces_1 to 2022-10-03T00:00:00+00:00, run_after=2022-10-04T00:00:00+00:00
[2022-10-04T14:17:25.352+0000] {logging_mixin.py:117} INFO - [2022-10-04T14:17:25.352+0000] {dag.py:3328} INFO - Setting next_dagrun for dataset_produces_2 to None, run_after=None
[2022-10-04T14:17:25.378+0000] {processor.py:178} INFO - Processing /home/airflow/.local/lib/python3.7/site-packages/airflow/example_dags/example_datasets.py took 0.098 seconds
[2022-10-04T14:17:55.483+0000] {processor.py:156} INFO - Started process (PID=383) to work on /home/airflow/.local/lib/python3.7/site-packages/airflow/example_dags/example_datasets.py
[2022-10-04T14:17:55.485+0000] {processor.py:758} INFO - Processing file /home/airflow/.local/lib/python3.7/site-packages/airflow/example_dags/example_datasets.py for tasks to queue
[2022-10-04T14:17:55.486+0000] {logging_mixin.py:117} INFO - [2022-10-04T14:17:55.485+0000] {dagbag.py:525} INFO - Filling up the DagBag from /home/airflow/.local/lib/python3.7/site-packages/airflow/example_dags/example_datasets.py
[2022-10-04T14:17:55.497+0000] {processor.py:768} INFO - DAG(s) dict_keys(['dataset_produces_1', 'dataset_produces_2', 'dataset_consumes_1_never_scheduled', 'dataset_consumes_1', 'dataset_consumes_1_and_2', 'dataset_consumes_unknown_never_scheduled']) retrieved from /home/airflow/.local/lib/python3.7/site-packages/airflow/example_dags/example_datasets.py
[2022-10-04T14:17:55.530+0000] {logging_mixin.py:117} INFO - [2022-10-04T14:17:55.530+0000] {dag.py:2573} INFO - Sync 6 DAGs
[2022-10-04T14:17:55.545+0000] {logging_mixin.py:117} INFO - [2022-10-04T14:17:55.545+0000] {dag.py:3328} INFO - Setting next_dagrun for dataset_consumes_1 to None, run_after=None
[2022-10-04T14:17:55.548+0000] {logging_mixin.py:117} INFO - [2022-10-04T14:17:55.548+0000] {dag.py:3328} INFO - Setting next_dagrun for dataset_consumes_1_and_2 to None, run_after=None
[2022-10-04T14:17:55.550+0000] {logging_mixin.py:117} INFO - [2022-10-04T14:17:55.550+0000] {dag.py:3328} INFO - Setting next_dagrun for dataset_consumes_1_never_scheduled to None, run_after=None
[2022-10-04T14:17:55.551+0000] {logging_mixin.py:117} INFO - [2022-10-04T14:17:55.551+0000] {dag.py:3328} INFO - Setting next_dagrun for dataset_consumes_unknown_never_scheduled to None, run_after=None
[2022-10-04T14:17:55.554+0000] {logging_mixin.py:117} INFO - [2022-10-04T14:17:55.554+0000] {dag.py:3328} INFO - Setting next_dagrun for dataset_produces_1 to 2022-10-03T00:00:00+00:00, run_after=2022-10-04T00:00:00+00:00
[2022-10-04T14:17:55.555+0000] {logging_mixin.py:117} INFO - [2022-10-04T14:17:55.555+0000] {dag.py:3328} INFO - Setting next_dagrun for dataset_produces_2 to None, run_after=None
[2022-10-04T14:17:55.578+0000] {processor.py:178} INFO - Processing /home/airflow/.local/lib/python3.7/site-packages/airflow/example_dags/example_datasets.py took 0.097 seconds
[2022-10-04T14:18:25.773+0000] {processor.py:156} INFO - Started process (PID=446) to work on /home/airflow/.local/lib/python3.7/site-packages/airflow/example_dags/example_datasets.py
[2022-10-04T14:18:25.774+0000] {processor.py:758} INFO - Processing file /home/airflow/.local/lib/python3.7/site-packages/airflow/example_dags/example_datasets.py for tasks to queue
[2022-10-04T14:18:25.775+0000] {logging_mixin.py:117} INFO - [2022-10-04T14:18:25.775+0000] {dagbag.py:525} INFO - Filling up the DagBag from /home/airflow/.local/lib/python3.7/site-packages/airflow/example_dags/example_datasets.py
[2022-10-04T14:18:25.787+0000] {processor.py:768} INFO - DAG(s) dict_keys(['dataset_produces_1', 'dataset_consumes_1', 'dataset_produces_2', 'dataset_consumes_unknown_never_scheduled', 'dataset_consumes_1_never_scheduled', 'dataset_consumes_1_and_2']) retrieved from /home/airflow/.local/lib/python3.7/site-packages/airflow/example_dags/example_datasets.py
[2022-10-04T14:18:25.819+0000] {logging_mixin.py:117} INFO - [2022-10-04T14:18:25.819+0000] {dag.py:2573} INFO - Sync 6 DAGs
[2022-10-04T14:18:25.834+0000] {logging_mixin.py:117} INFO - [2022-10-04T14:18:25.834+0000] {dag.py:3328} INFO - Setting next_dagrun for dataset_consumes_1 to None, run_after=None
[2022-10-04T14:18:25.837+0000] {logging_mixin.py:117} INFO - [2022-10-04T14:18:25.837+0000] {dag.py:3328} INFO - Setting next_dagrun for dataset_consumes_1_and_2 to None, run_after=None
[2022-10-04T14:18:25.839+0000] {logging_mixin.py:117} INFO - [2022-10-04T14:18:25.839+0000] {dag.py:3328} INFO - Setting next_dagrun for dataset_consumes_1_never_scheduled to None, run_after=None
[2022-10-04T14:18:25.840+0000] {logging_mixin.py:117} INFO - [2022-10-04T14:18:25.840+0000] {dag.py:3328} INFO - Setting next_dagrun for dataset_consumes_unknown_never_scheduled to None, run_after=None
[2022-10-04T14:18:25.842+0000] {logging_mixin.py:117} INFO - [2022-10-04T14:18:25.842+0000] {dag.py:3328} INFO - Setting next_dagrun for dataset_produces_1 to 2022-10-03T00:00:00+00:00, run_after=2022-10-04T00:00:00+00:00
[2022-10-04T14:18:25.844+0000] {logging_mixin.py:117} INFO - [2022-10-04T14:18:25.844+0000] {dag.py:3328} INFO - Setting next_dagrun for dataset_produces_2 to None, run_after=None
[2022-10-04T14:18:25.861+0000] {processor.py:178} INFO - Processing /home/airflow/.local/lib/python3.7/site-packages/airflow/example_dags/example_datasets.py took 0.090 seconds
[2022-10-04T14:18:55.967+0000] {processor.py:156} INFO - Started process (PID=500) to work on /home/airflow/.local/lib/python3.7/site-packages/airflow/example_dags/example_datasets.py
[2022-10-04T14:18:55.968+0000] {processor.py:758} INFO - Processing file /home/airflow/.local/lib/python3.7/site-packages/airflow/example_dags/example_datasets.py for tasks to queue
[2022-10-04T14:18:55.969+0000] {logging_mixin.py:117} INFO - [2022-10-04T14:18:55.969+0000] {dagbag.py:525} INFO - Filling up the DagBag from /home/airflow/.local/lib/python3.7/site-packages/airflow/example_dags/example_datasets.py
[2022-10-04T14:18:55.980+0000] {processor.py:768} INFO - DAG(s) dict_keys(['dataset_produces_1', 'dataset_consumes_1', 'dataset_consumes_1_never_scheduled', 'dataset_produces_2', 'dataset_consumes_1_and_2', 'dataset_consumes_unknown_never_scheduled']) retrieved from /home/airflow/.local/lib/python3.7/site-packages/airflow/example_dags/example_datasets.py
[2022-10-04T14:18:56.010+0000] {logging_mixin.py:117} INFO - [2022-10-04T14:18:56.010+0000] {dag.py:2573} INFO - Sync 6 DAGs
[2022-10-04T14:18:56.025+0000] {logging_mixin.py:117} INFO - [2022-10-04T14:18:56.025+0000] {dag.py:3328} INFO - Setting next_dagrun for dataset_consumes_1 to None, run_after=None
[2022-10-04T14:18:56.027+0000] {logging_mixin.py:117} INFO - [2022-10-04T14:18:56.027+0000] {dag.py:3328} INFO - Setting next_dagrun for dataset_consumes_1_and_2 to None, run_after=None
[2022-10-04T14:18:56.029+0000] {logging_mixin.py:117} INFO - [2022-10-04T14:18:56.029+0000] {dag.py:3328} INFO - Setting next_dagrun for dataset_consumes_1_never_scheduled to None, run_after=None
[2022-10-04T14:18:56.030+0000] {logging_mixin.py:117} INFO - [2022-10-04T14:18:56.030+0000] {dag.py:3328} INFO - Setting next_dagrun for dataset_consumes_unknown_never_scheduled to None, run_after=None
[2022-10-04T14:18:56.032+0000] {logging_mixin.py:117} INFO - [2022-10-04T14:18:56.032+0000] {dag.py:3328} INFO - Setting next_dagrun for dataset_produces_1 to 2022-10-03T00:00:00+00:00, run_after=2022-10-04T00:00:00+00:00
[2022-10-04T14:18:56.033+0000] {logging_mixin.py:117} INFO - [2022-10-04T14:18:56.033+0000] {dag.py:3328} INFO - Setting next_dagrun for dataset_produces_2 to None, run_after=None
[2022-10-04T14:18:56.054+0000] {processor.py:178} INFO - Processing /home/airflow/.local/lib/python3.7/site-packages/airflow/example_dags/example_datasets.py took 0.089 seconds
[2022-10-04T14:19:26.270+0000] {processor.py:156} INFO - Started process (PID=564) to work on /home/airflow/.local/lib/python3.7/site-packages/airflow/example_dags/example_datasets.py
[2022-10-04T14:19:26.271+0000] {processor.py:758} INFO - Processing file /home/airflow/.local/lib/python3.7/site-packages/airflow/example_dags/example_datasets.py for tasks to queue
[2022-10-04T14:19:26.272+0000] {logging_mixin.py:117} INFO - [2022-10-04T14:19:26.272+0000] {dagbag.py:525} INFO - Filling up the DagBag from /home/airflow/.local/lib/python3.7/site-packages/airflow/example_dags/example_datasets.py
[2022-10-04T14:19:26.283+0000] {processor.py:768} INFO - DAG(s) dict_keys(['dataset_consumes_1_never_scheduled', 'dataset_produces_2', 'dataset_consumes_1_and_2', 'dataset_consumes_1', 'dataset_produces_1', 'dataset_consumes_unknown_never_scheduled']) retrieved from /home/airflow/.local/lib/python3.7/site-packages/airflow/example_dags/example_datasets.py
[2022-10-04T14:19:26.319+0000] {logging_mixin.py:117} INFO - [2022-10-04T14:19:26.319+0000] {dag.py:2573} INFO - Sync 6 DAGs
[2022-10-04T14:19:26.340+0000] {logging_mixin.py:117} INFO - [2022-10-04T14:19:26.340+0000] {dag.py:3328} INFO - Setting next_dagrun for dataset_consumes_1 to None, run_after=None
[2022-10-04T14:19:26.344+0000] {logging_mixin.py:117} INFO - [2022-10-04T14:19:26.344+0000] {dag.py:3328} INFO - Setting next_dagrun for dataset_consumes_1_and_2 to None, run_after=None
[2022-10-04T14:19:26.345+0000] {logging_mixin.py:117} INFO - [2022-10-04T14:19:26.345+0000] {dag.py:3328} INFO - Setting next_dagrun for dataset_consumes_1_never_scheduled to None, run_after=None
[2022-10-04T14:19:26.347+0000] {logging_mixin.py:117} INFO - [2022-10-04T14:19:26.347+0000] {dag.py:3328} INFO - Setting next_dagrun for dataset_consumes_unknown_never_scheduled to None, run_after=None
[2022-10-04T14:19:26.349+0000] {logging_mixin.py:117} INFO - [2022-10-04T14:19:26.349+0000] {dag.py:3328} INFO - Setting next_dagrun for dataset_produces_1 to 2022-10-03T00:00:00+00:00, run_after=2022-10-04T00:00:00+00:00
[2022-10-04T14:19:26.351+0000] {logging_mixin.py:117} INFO - [2022-10-04T14:19:26.351+0000] {dag.py:3328} INFO - Setting next_dagrun for dataset_produces_2 to None, run_after=None
[2022-10-04T14:19:26.367+0000] {processor.py:178} INFO - Processing /home/airflow/.local/lib/python3.7/site-packages/airflow/example_dags/example_datasets.py took 0.099 seconds
[2022-10-04T14:19:56.617+0000] {processor.py:156} INFO - Started process (PID=628) to work on /home/airflow/.local/lib/python3.7/site-packages/airflow/example_dags/example_datasets.py
[2022-10-04T14:19:56.619+0000] {processor.py:758} INFO - Processing file /home/airflow/.local/lib/python3.7/site-packages/airflow/example_dags/example_datasets.py for tasks to queue
[2022-10-04T14:19:56.620+0000] {logging_mixin.py:117} INFO - [2022-10-04T14:19:56.620+0000] {dagbag.py:525} INFO - Filling up the DagBag from /home/airflow/.local/lib/python3.7/site-packages/airflow/example_dags/example_datasets.py
[2022-10-04T14:19:56.631+0000] {processor.py:768} INFO - DAG(s) dict_keys(['dataset_produces_2', 'dataset_consumes_1', 'dataset_consumes_1_and_2', 'dataset_produces_1', 'dataset_consumes_1_never_scheduled', 'dataset_consumes_unknown_never_scheduled']) retrieved from /home/airflow/.local/lib/python3.7/site-packages/airflow/example_dags/example_datasets.py
[2022-10-04T14:19:56.665+0000] {logging_mixin.py:117} INFO - [2022-10-04T14:19:56.665+0000] {dag.py:2573} INFO - Sync 6 DAGs
[2022-10-04T14:19:56.680+0000] {logging_mixin.py:117} INFO - [2022-10-04T14:19:56.679+0000] {dag.py:3328} INFO - Setting next_dagrun for dataset_consumes_1 to None, run_after=None
[2022-10-04T14:19:56.682+0000] {logging_mixin.py:117} INFO - [2022-10-04T14:19:56.682+0000] {dag.py:3328} INFO - Setting next_dagrun for dataset_consumes_1_and_2 to None, run_after=None
[2022-10-04T14:19:56.684+0000] {logging_mixin.py:117} INFO - [2022-10-04T14:19:56.684+0000] {dag.py:3328} INFO - Setting next_dagrun for dataset_consumes_1_never_scheduled to None, run_after=None
[2022-10-04T14:19:56.686+0000] {logging_mixin.py:117} INFO - [2022-10-04T14:19:56.685+0000] {dag.py:3328} INFO - Setting next_dagrun for dataset_consumes_unknown_never_scheduled to None, run_after=None
[2022-10-04T14:19:56.688+0000] {logging_mixin.py:117} INFO - [2022-10-04T14:19:56.688+0000] {dag.py:3328} INFO - Setting next_dagrun for dataset_produces_1 to 2022-10-03T00:00:00+00:00, run_after=2022-10-04T00:00:00+00:00
[2022-10-04T14:19:56.691+0000] {logging_mixin.py:117} INFO - [2022-10-04T14:19:56.691+0000] {dag.py:3328} INFO - Setting next_dagrun for dataset_produces_2 to None, run_after=None
[2022-10-04T14:19:56.715+0000] {processor.py:178} INFO - Processing /home/airflow/.local/lib/python3.7/site-packages/airflow/example_dags/example_datasets.py took 0.101 seconds
[2022-10-04T14:20:26.900+0000] {processor.py:156} INFO - Started process (PID=691) to work on /home/airflow/.local/lib/python3.7/site-packages/airflow/example_dags/example_datasets.py
[2022-10-04T14:20:26.901+0000] {processor.py:758} INFO - Processing file /home/airflow/.local/lib/python3.7/site-packages/airflow/example_dags/example_datasets.py for tasks to queue
[2022-10-04T14:20:26.903+0000] {logging_mixin.py:117} INFO - [2022-10-04T14:20:26.903+0000] {dagbag.py:525} INFO - Filling up the DagBag from /home/airflow/.local/lib/python3.7/site-packages/airflow/example_dags/example_datasets.py
[2022-10-04T14:20:26.914+0000] {processor.py:768} INFO - DAG(s) dict_keys(['dataset_produces_2', 'dataset_consumes_1_and_2', 'dataset_consumes_unknown_never_scheduled', 'dataset_produces_1', 'dataset_consumes_1', 'dataset_consumes_1_never_scheduled']) retrieved from /home/airflow/.local/lib/python3.7/site-packages/airflow/example_dags/example_datasets.py
[2022-10-04T14:20:26.943+0000] {logging_mixin.py:117} INFO - [2022-10-04T14:20:26.943+0000] {dag.py:2573} INFO - Sync 6 DAGs
[2022-10-04T14:20:26.957+0000] {logging_mixin.py:117} INFO - [2022-10-04T14:20:26.957+0000] {dag.py:3328} INFO - Setting next_dagrun for dataset_consumes_1 to None, run_after=None
[2022-10-04T14:20:26.959+0000] {logging_mixin.py:117} INFO - [2022-10-04T14:20:26.959+0000] {dag.py:3328} INFO - Setting next_dagrun for dataset_consumes_1_and_2 to None, run_after=None
[2022-10-04T14:20:26.961+0000] {logging_mixin.py:117} INFO - [2022-10-04T14:20:26.961+0000] {dag.py:3328} INFO - Setting next_dagrun for dataset_consumes_1_never_scheduled to None, run_after=None
[2022-10-04T14:20:26.962+0000] {logging_mixin.py:117} INFO - [2022-10-04T14:20:26.962+0000] {dag.py:3328} INFO - Setting next_dagrun for dataset_consumes_unknown_never_scheduled to None, run_after=None
[2022-10-04T14:20:26.964+0000] {logging_mixin.py:117} INFO - [2022-10-04T14:20:26.964+0000] {dag.py:3328} INFO - Setting next_dagrun for dataset_produces_1 to 2022-10-03T00:00:00+00:00, run_after=2022-10-04T00:00:00+00:00
[2022-10-04T14:20:26.965+0000] {logging_mixin.py:117} INFO - [2022-10-04T14:20:26.965+0000] {dag.py:3328} INFO - Setting next_dagrun for dataset_produces_2 to None, run_after=None
[2022-10-04T14:20:26.980+0000] {processor.py:178} INFO - Processing /home/airflow/.local/lib/python3.7/site-packages/airflow/example_dags/example_datasets.py took 0.082 seconds
