[2022-10-04T14:15:17.355+0000] {processor.py:156} INFO - Started process (PID=45) to work on /home/airflow/.local/lib/python3.7/site-packages/airflow/example_dags/example_bash_operator.py
[2022-10-04T14:15:17.361+0000] {processor.py:758} INFO - Processing file /home/airflow/.local/lib/python3.7/site-packages/airflow/example_dags/example_bash_operator.py for tasks to queue
[2022-10-04T14:15:17.365+0000] {logging_mixin.py:117} INFO - [2022-10-04T14:15:17.365+0000] {dagbag.py:525} INFO - Filling up the DagBag from /home/airflow/.local/lib/python3.7/site-packages/airflow/example_dags/example_bash_operator.py
[2022-10-04T14:15:17.407+0000] {processor.py:768} INFO - DAG(s) dict_keys(['example_bash_operator']) retrieved from /home/airflow/.local/lib/python3.7/site-packages/airflow/example_dags/example_bash_operator.py
[2022-10-04T14:15:17.527+0000] {logging_mixin.py:117} INFO - [2022-10-04T14:15:17.527+0000] {dag.py:2573} INFO - Sync 1 DAGs
[2022-10-04T14:15:17.561+0000] {logging_mixin.py:117} INFO - [2022-10-04T14:15:17.561+0000] {dag.py:3328} INFO - Setting next_dagrun for example_bash_operator to 2022-10-03T00:00:00+00:00, run_after=2022-10-04T00:00:00+00:00
[2022-10-04T14:15:17.581+0000] {processor.py:178} INFO - Processing /home/airflow/.local/lib/python3.7/site-packages/airflow/example_dags/example_bash_operator.py took 0.232 seconds
[2022-10-04T14:15:47.821+0000] {processor.py:156} INFO - Started process (PID=106) to work on /home/airflow/.local/lib/python3.7/site-packages/airflow/example_dags/example_bash_operator.py
[2022-10-04T14:15:47.823+0000] {processor.py:758} INFO - Processing file /home/airflow/.local/lib/python3.7/site-packages/airflow/example_dags/example_bash_operator.py for tasks to queue
[2022-10-04T14:15:47.824+0000] {logging_mixin.py:117} INFO - [2022-10-04T14:15:47.824+0000] {dagbag.py:525} INFO - Filling up the DagBag from /home/airflow/.local/lib/python3.7/site-packages/airflow/example_dags/example_bash_operator.py
[2022-10-04T14:15:47.838+0000] {processor.py:768} INFO - DAG(s) dict_keys(['example_bash_operator']) retrieved from /home/airflow/.local/lib/python3.7/site-packages/airflow/example_dags/example_bash_operator.py
[2022-10-04T14:15:47.867+0000] {logging_mixin.py:117} INFO - [2022-10-04T14:15:47.867+0000] {dag.py:2573} INFO - Sync 1 DAGs
[2022-10-04T14:15:47.883+0000] {logging_mixin.py:117} INFO - [2022-10-04T14:15:47.883+0000] {dag.py:3328} INFO - Setting next_dagrun for example_bash_operator to 2022-10-03T00:00:00+00:00, run_after=2022-10-04T00:00:00+00:00
[2022-10-04T14:15:47.896+0000] {processor.py:178} INFO - Processing /home/airflow/.local/lib/python3.7/site-packages/airflow/example_dags/example_bash_operator.py took 0.077 seconds
[2022-10-04T14:16:18.315+0000] {processor.py:156} INFO - Started process (PID=170) to work on /home/airflow/.local/lib/python3.7/site-packages/airflow/example_dags/example_bash_operator.py
[2022-10-04T14:16:18.316+0000] {processor.py:758} INFO - Processing file /home/airflow/.local/lib/python3.7/site-packages/airflow/example_dags/example_bash_operator.py for tasks to queue
[2022-10-04T14:16:18.317+0000] {logging_mixin.py:117} INFO - [2022-10-04T14:16:18.317+0000] {dagbag.py:525} INFO - Filling up the DagBag from /home/airflow/.local/lib/python3.7/site-packages/airflow/example_dags/example_bash_operator.py
[2022-10-04T14:16:18.332+0000] {processor.py:768} INFO - DAG(s) dict_keys(['example_bash_operator']) retrieved from /home/airflow/.local/lib/python3.7/site-packages/airflow/example_dags/example_bash_operator.py
[2022-10-04T14:16:18.374+0000] {logging_mixin.py:117} INFO - [2022-10-04T14:16:18.374+0000] {dag.py:2573} INFO - Sync 1 DAGs
[2022-10-04T14:16:18.394+0000] {logging_mixin.py:117} INFO - [2022-10-04T14:16:18.394+0000] {dag.py:3328} INFO - Setting next_dagrun for example_bash_operator to 2022-10-03T00:00:00+00:00, run_after=2022-10-04T00:00:00+00:00
[2022-10-04T14:16:18.411+0000] {processor.py:178} INFO - Processing /home/airflow/.local/lib/python3.7/site-packages/airflow/example_dags/example_bash_operator.py took 0.099 seconds
[2022-10-04T14:16:48.735+0000] {processor.py:156} INFO - Started process (PID=225) to work on /home/airflow/.local/lib/python3.7/site-packages/airflow/example_dags/example_bash_operator.py
[2022-10-04T14:16:48.738+0000] {processor.py:758} INFO - Processing file /home/airflow/.local/lib/python3.7/site-packages/airflow/example_dags/example_bash_operator.py for tasks to queue
[2022-10-04T14:16:48.739+0000] {logging_mixin.py:117} INFO - [2022-10-04T14:16:48.739+0000] {dagbag.py:525} INFO - Filling up the DagBag from /home/airflow/.local/lib/python3.7/site-packages/airflow/example_dags/example_bash_operator.py
[2022-10-04T14:16:48.754+0000] {processor.py:768} INFO - DAG(s) dict_keys(['example_bash_operator']) retrieved from /home/airflow/.local/lib/python3.7/site-packages/airflow/example_dags/example_bash_operator.py
[2022-10-04T14:16:48.789+0000] {logging_mixin.py:117} INFO - [2022-10-04T14:16:48.789+0000] {dag.py:2573} INFO - Sync 1 DAGs
[2022-10-04T14:16:48.809+0000] {logging_mixin.py:117} INFO - [2022-10-04T14:16:48.809+0000] {dag.py:3328} INFO - Setting next_dagrun for example_bash_operator to 2022-10-03T00:00:00+00:00, run_after=2022-10-04T00:00:00+00:00
[2022-10-04T14:16:48.822+0000] {processor.py:178} INFO - Processing /home/airflow/.local/lib/python3.7/site-packages/airflow/example_dags/example_bash_operator.py took 0.089 seconds
[2022-10-04T14:17:19.138+0000] {processor.py:156} INFO - Started process (PID=288) to work on /home/airflow/.local/lib/python3.7/site-packages/airflow/example_dags/example_bash_operator.py
[2022-10-04T14:17:19.139+0000] {processor.py:758} INFO - Processing file /home/airflow/.local/lib/python3.7/site-packages/airflow/example_dags/example_bash_operator.py for tasks to queue
[2022-10-04T14:17:19.140+0000] {logging_mixin.py:117} INFO - [2022-10-04T14:17:19.140+0000] {dagbag.py:525} INFO - Filling up the DagBag from /home/airflow/.local/lib/python3.7/site-packages/airflow/example_dags/example_bash_operator.py
[2022-10-04T14:17:19.155+0000] {processor.py:768} INFO - DAG(s) dict_keys(['example_bash_operator']) retrieved from /home/airflow/.local/lib/python3.7/site-packages/airflow/example_dags/example_bash_operator.py
[2022-10-04T14:17:19.188+0000] {logging_mixin.py:117} INFO - [2022-10-04T14:17:19.188+0000] {dag.py:2573} INFO - Sync 1 DAGs
[2022-10-04T14:17:19.209+0000] {logging_mixin.py:117} INFO - [2022-10-04T14:17:19.209+0000] {dag.py:3328} INFO - Setting next_dagrun for example_bash_operator to 2022-10-03T00:00:00+00:00, run_after=2022-10-04T00:00:00+00:00
[2022-10-04T14:17:19.225+0000] {processor.py:178} INFO - Processing /home/airflow/.local/lib/python3.7/site-packages/airflow/example_dags/example_bash_operator.py took 0.090 seconds
[2022-10-04T14:17:49.332+0000] {processor.py:156} INFO - Started process (PID=352) to work on /home/airflow/.local/lib/python3.7/site-packages/airflow/example_dags/example_bash_operator.py
[2022-10-04T14:17:49.333+0000] {processor.py:758} INFO - Processing file /home/airflow/.local/lib/python3.7/site-packages/airflow/example_dags/example_bash_operator.py for tasks to queue
[2022-10-04T14:17:49.334+0000] {logging_mixin.py:117} INFO - [2022-10-04T14:17:49.334+0000] {dagbag.py:525} INFO - Filling up the DagBag from /home/airflow/.local/lib/python3.7/site-packages/airflow/example_dags/example_bash_operator.py
[2022-10-04T14:17:49.348+0000] {processor.py:768} INFO - DAG(s) dict_keys(['example_bash_operator']) retrieved from /home/airflow/.local/lib/python3.7/site-packages/airflow/example_dags/example_bash_operator.py
[2022-10-04T14:17:49.375+0000] {logging_mixin.py:117} INFO - [2022-10-04T14:17:49.375+0000] {dag.py:2573} INFO - Sync 1 DAGs
[2022-10-04T14:17:49.392+0000] {logging_mixin.py:117} INFO - [2022-10-04T14:17:49.391+0000] {dag.py:3328} INFO - Setting next_dagrun for example_bash_operator to 2022-10-03T00:00:00+00:00, run_after=2022-10-04T00:00:00+00:00
[2022-10-04T14:17:49.407+0000] {processor.py:178} INFO - Processing /home/airflow/.local/lib/python3.7/site-packages/airflow/example_dags/example_bash_operator.py took 0.078 seconds
[2022-10-04T14:18:19.496+0000] {processor.py:156} INFO - Started process (PID=416) to work on /home/airflow/.local/lib/python3.7/site-packages/airflow/example_dags/example_bash_operator.py
[2022-10-04T14:18:19.499+0000] {processor.py:758} INFO - Processing file /home/airflow/.local/lib/python3.7/site-packages/airflow/example_dags/example_bash_operator.py for tasks to queue
[2022-10-04T14:18:19.500+0000] {logging_mixin.py:117} INFO - [2022-10-04T14:18:19.500+0000] {dagbag.py:525} INFO - Filling up the DagBag from /home/airflow/.local/lib/python3.7/site-packages/airflow/example_dags/example_bash_operator.py
[2022-10-04T14:18:19.514+0000] {processor.py:768} INFO - DAG(s) dict_keys(['example_bash_operator']) retrieved from /home/airflow/.local/lib/python3.7/site-packages/airflow/example_dags/example_bash_operator.py
[2022-10-04T14:18:19.546+0000] {logging_mixin.py:117} INFO - [2022-10-04T14:18:19.545+0000] {dag.py:2573} INFO - Sync 1 DAGs
[2022-10-04T14:18:19.562+0000] {logging_mixin.py:117} INFO - [2022-10-04T14:18:19.562+0000] {dag.py:3328} INFO - Setting next_dagrun for example_bash_operator to 2022-10-03T00:00:00+00:00, run_after=2022-10-04T00:00:00+00:00
[2022-10-04T14:18:19.574+0000] {processor.py:178} INFO - Processing /home/airflow/.local/lib/python3.7/site-packages/airflow/example_dags/example_bash_operator.py took 0.081 seconds
[2022-10-04T14:18:49.769+0000] {processor.py:156} INFO - Started process (PID=479) to work on /home/airflow/.local/lib/python3.7/site-packages/airflow/example_dags/example_bash_operator.py
[2022-10-04T14:18:49.770+0000] {processor.py:758} INFO - Processing file /home/airflow/.local/lib/python3.7/site-packages/airflow/example_dags/example_bash_operator.py for tasks to queue
[2022-10-04T14:18:49.771+0000] {logging_mixin.py:117} INFO - [2022-10-04T14:18:49.771+0000] {dagbag.py:525} INFO - Filling up the DagBag from /home/airflow/.local/lib/python3.7/site-packages/airflow/example_dags/example_bash_operator.py
[2022-10-04T14:18:49.785+0000] {processor.py:768} INFO - DAG(s) dict_keys(['example_bash_operator']) retrieved from /home/airflow/.local/lib/python3.7/site-packages/airflow/example_dags/example_bash_operator.py
[2022-10-04T14:18:49.816+0000] {logging_mixin.py:117} INFO - [2022-10-04T14:18:49.816+0000] {dag.py:2573} INFO - Sync 1 DAGs
[2022-10-04T14:18:49.833+0000] {logging_mixin.py:117} INFO - [2022-10-04T14:18:49.833+0000] {dag.py:3328} INFO - Setting next_dagrun for example_bash_operator to 2022-10-03T00:00:00+00:00, run_after=2022-10-04T00:00:00+00:00
[2022-10-04T14:18:49.847+0000] {processor.py:178} INFO - Processing /home/airflow/.local/lib/python3.7/site-packages/airflow/example_dags/example_bash_operator.py took 0.081 seconds
[2022-10-04T14:19:20.005+0000] {processor.py:156} INFO - Started process (PID=543) to work on /home/airflow/.local/lib/python3.7/site-packages/airflow/example_dags/example_bash_operator.py
[2022-10-04T14:19:20.007+0000] {processor.py:758} INFO - Processing file /home/airflow/.local/lib/python3.7/site-packages/airflow/example_dags/example_bash_operator.py for tasks to queue
[2022-10-04T14:19:20.008+0000] {logging_mixin.py:117} INFO - [2022-10-04T14:19:20.008+0000] {dagbag.py:525} INFO - Filling up the DagBag from /home/airflow/.local/lib/python3.7/site-packages/airflow/example_dags/example_bash_operator.py
[2022-10-04T14:19:20.021+0000] {processor.py:768} INFO - DAG(s) dict_keys(['example_bash_operator']) retrieved from /home/airflow/.local/lib/python3.7/site-packages/airflow/example_dags/example_bash_operator.py
[2022-10-04T14:19:20.049+0000] {logging_mixin.py:117} INFO - [2022-10-04T14:19:20.049+0000] {dag.py:2573} INFO - Sync 1 DAGs
[2022-10-04T14:19:20.065+0000] {logging_mixin.py:117} INFO - [2022-10-04T14:19:20.065+0000] {dag.py:3328} INFO - Setting next_dagrun for example_bash_operator to 2022-10-03T00:00:00+00:00, run_after=2022-10-04T00:00:00+00:00
[2022-10-04T14:19:20.079+0000] {processor.py:178} INFO - Processing /home/airflow/.local/lib/python3.7/site-packages/airflow/example_dags/example_bash_operator.py took 0.076 seconds
[2022-10-04T14:19:50.321+0000] {processor.py:156} INFO - Started process (PID=598) to work on /home/airflow/.local/lib/python3.7/site-packages/airflow/example_dags/example_bash_operator.py
[2022-10-04T14:19:50.326+0000] {processor.py:758} INFO - Processing file /home/airflow/.local/lib/python3.7/site-packages/airflow/example_dags/example_bash_operator.py for tasks to queue
[2022-10-04T14:19:50.327+0000] {logging_mixin.py:117} INFO - [2022-10-04T14:19:50.327+0000] {dagbag.py:525} INFO - Filling up the DagBag from /home/airflow/.local/lib/python3.7/site-packages/airflow/example_dags/example_bash_operator.py
[2022-10-04T14:19:50.342+0000] {processor.py:768} INFO - DAG(s) dict_keys(['example_bash_operator']) retrieved from /home/airflow/.local/lib/python3.7/site-packages/airflow/example_dags/example_bash_operator.py
[2022-10-04T14:19:50.374+0000] {logging_mixin.py:117} INFO - [2022-10-04T14:19:50.374+0000] {dag.py:2573} INFO - Sync 1 DAGs
[2022-10-04T14:19:50.389+0000] {logging_mixin.py:117} INFO - [2022-10-04T14:19:50.389+0000] {dag.py:3328} INFO - Setting next_dagrun for example_bash_operator to 2022-10-03T00:00:00+00:00, run_after=2022-10-04T00:00:00+00:00
[2022-10-04T14:19:50.402+0000] {processor.py:178} INFO - Processing /home/airflow/.local/lib/python3.7/site-packages/airflow/example_dags/example_bash_operator.py took 0.083 seconds
[2022-10-04T14:20:20.707+0000] {processor.py:156} INFO - Started process (PID=661) to work on /home/airflow/.local/lib/python3.7/site-packages/airflow/example_dags/example_bash_operator.py
[2022-10-04T14:20:20.708+0000] {processor.py:758} INFO - Processing file /home/airflow/.local/lib/python3.7/site-packages/airflow/example_dags/example_bash_operator.py for tasks to queue
[2022-10-04T14:20:20.709+0000] {logging_mixin.py:117} INFO - [2022-10-04T14:20:20.709+0000] {dagbag.py:525} INFO - Filling up the DagBag from /home/airflow/.local/lib/python3.7/site-packages/airflow/example_dags/example_bash_operator.py
[2022-10-04T14:20:20.723+0000] {processor.py:768} INFO - DAG(s) dict_keys(['example_bash_operator']) retrieved from /home/airflow/.local/lib/python3.7/site-packages/airflow/example_dags/example_bash_operator.py
[2022-10-04T14:20:20.751+0000] {logging_mixin.py:117} INFO - [2022-10-04T14:20:20.750+0000] {dag.py:2573} INFO - Sync 1 DAGs
[2022-10-04T14:20:20.766+0000] {logging_mixin.py:117} INFO - [2022-10-04T14:20:20.766+0000] {dag.py:3328} INFO - Setting next_dagrun for example_bash_operator to 2022-10-03T00:00:00+00:00, run_after=2022-10-04T00:00:00+00:00
[2022-10-04T14:20:20.778+0000] {processor.py:178} INFO - Processing /home/airflow/.local/lib/python3.7/site-packages/airflow/example_dags/example_bash_operator.py took 0.073 seconds
