[2022-10-04T14:15:23.435+0000] {processor.py:156} INFO - Started process (PID=73) to work on /home/airflow/.local/lib/python3.7/site-packages/airflow/example_dags/example_trigger_controller_dag.py
[2022-10-04T14:15:23.444+0000] {processor.py:758} INFO - Processing file /home/airflow/.local/lib/python3.7/site-packages/airflow/example_dags/example_trigger_controller_dag.py for tasks to queue
[2022-10-04T14:15:23.446+0000] {logging_mixin.py:117} INFO - [2022-10-04T14:15:23.446+0000] {dagbag.py:525} INFO - Filling up the DagBag from /home/airflow/.local/lib/python3.7/site-packages/airflow/example_dags/example_trigger_controller_dag.py
[2022-10-04T14:15:23.488+0000] {processor.py:768} INFO - DAG(s) dict_keys(['example_trigger_controller_dag']) retrieved from /home/airflow/.local/lib/python3.7/site-packages/airflow/example_dags/example_trigger_controller_dag.py
[2022-10-04T14:15:23.542+0000] {logging_mixin.py:117} INFO - [2022-10-04T14:15:23.541+0000] {dag.py:2573} INFO - Sync 1 DAGs
[2022-10-04T14:15:23.600+0000] {logging_mixin.py:117} INFO - [2022-10-04T14:15:23.600+0000] {dag.py:3328} INFO - Setting next_dagrun for example_trigger_controller_dag to 2021-01-01T00:00:00+00:00, run_after=2021-01-01T00:00:00+00:00
[2022-10-04T14:15:23.636+0000] {processor.py:178} INFO - Processing /home/airflow/.local/lib/python3.7/site-packages/airflow/example_dags/example_trigger_controller_dag.py took 0.203 seconds
[2022-10-04T14:15:54.020+0000] {processor.py:156} INFO - Started process (PID=126) to work on /home/airflow/.local/lib/python3.7/site-packages/airflow/example_dags/example_trigger_controller_dag.py
[2022-10-04T14:15:54.022+0000] {processor.py:758} INFO - Processing file /home/airflow/.local/lib/python3.7/site-packages/airflow/example_dags/example_trigger_controller_dag.py for tasks to queue
[2022-10-04T14:15:54.022+0000] {logging_mixin.py:117} INFO - [2022-10-04T14:15:54.022+0000] {dagbag.py:525} INFO - Filling up the DagBag from /home/airflow/.local/lib/python3.7/site-packages/airflow/example_dags/example_trigger_controller_dag.py
[2022-10-04T14:15:54.030+0000] {processor.py:768} INFO - DAG(s) dict_keys(['example_trigger_controller_dag']) retrieved from /home/airflow/.local/lib/python3.7/site-packages/airflow/example_dags/example_trigger_controller_dag.py
[2022-10-04T14:15:54.055+0000] {logging_mixin.py:117} INFO - [2022-10-04T14:15:54.055+0000] {dag.py:2573} INFO - Sync 1 DAGs
[2022-10-04T14:15:54.070+0000] {logging_mixin.py:117} INFO - [2022-10-04T14:15:54.069+0000] {dag.py:3328} INFO - Setting next_dagrun for example_trigger_controller_dag to 2021-01-01T00:00:00+00:00, run_after=2021-01-01T00:00:00+00:00
[2022-10-04T14:15:54.081+0000] {processor.py:178} INFO - Processing /home/airflow/.local/lib/python3.7/site-packages/airflow/example_dags/example_trigger_controller_dag.py took 0.063 seconds
[2022-10-04T14:16:24.623+0000] {processor.py:156} INFO - Started process (PID=190) to work on /home/airflow/.local/lib/python3.7/site-packages/airflow/example_dags/example_trigger_controller_dag.py
[2022-10-04T14:16:24.625+0000] {processor.py:758} INFO - Processing file /home/airflow/.local/lib/python3.7/site-packages/airflow/example_dags/example_trigger_controller_dag.py for tasks to queue
[2022-10-04T14:16:24.626+0000] {logging_mixin.py:117} INFO - [2022-10-04T14:16:24.626+0000] {dagbag.py:525} INFO - Filling up the DagBag from /home/airflow/.local/lib/python3.7/site-packages/airflow/example_dags/example_trigger_controller_dag.py
[2022-10-04T14:16:24.635+0000] {processor.py:768} INFO - DAG(s) dict_keys(['example_trigger_controller_dag']) retrieved from /home/airflow/.local/lib/python3.7/site-packages/airflow/example_dags/example_trigger_controller_dag.py
[2022-10-04T14:16:24.661+0000] {logging_mixin.py:117} INFO - [2022-10-04T14:16:24.661+0000] {dag.py:2573} INFO - Sync 1 DAGs
[2022-10-04T14:16:24.677+0000] {logging_mixin.py:117} INFO - [2022-10-04T14:16:24.677+0000] {dag.py:3328} INFO - Setting next_dagrun for example_trigger_controller_dag to 2021-01-01T00:00:00+00:00, run_after=2021-01-01T00:00:00+00:00
[2022-10-04T14:16:24.688+0000] {processor.py:178} INFO - Processing /home/airflow/.local/lib/python3.7/site-packages/airflow/example_dags/example_trigger_controller_dag.py took 0.069 seconds
[2022-10-04T14:16:54.940+0000] {processor.py:156} INFO - Started process (PID=254) to work on /home/airflow/.local/lib/python3.7/site-packages/airflow/example_dags/example_trigger_controller_dag.py
[2022-10-04T14:16:54.941+0000] {processor.py:758} INFO - Processing file /home/airflow/.local/lib/python3.7/site-packages/airflow/example_dags/example_trigger_controller_dag.py for tasks to queue
[2022-10-04T14:16:54.942+0000] {logging_mixin.py:117} INFO - [2022-10-04T14:16:54.942+0000] {dagbag.py:525} INFO - Filling up the DagBag from /home/airflow/.local/lib/python3.7/site-packages/airflow/example_dags/example_trigger_controller_dag.py
[2022-10-04T14:16:54.950+0000] {processor.py:768} INFO - DAG(s) dict_keys(['example_trigger_controller_dag']) retrieved from /home/airflow/.local/lib/python3.7/site-packages/airflow/example_dags/example_trigger_controller_dag.py
[2022-10-04T14:16:54.976+0000] {logging_mixin.py:117} INFO - [2022-10-04T14:16:54.975+0000] {dag.py:2573} INFO - Sync 1 DAGs
[2022-10-04T14:16:54.991+0000] {logging_mixin.py:117} INFO - [2022-10-04T14:16:54.991+0000] {dag.py:3328} INFO - Setting next_dagrun for example_trigger_controller_dag to 2021-01-01T00:00:00+00:00, run_after=2021-01-01T00:00:00+00:00
[2022-10-04T14:16:55.005+0000] {processor.py:178} INFO - Processing /home/airflow/.local/lib/python3.7/site-packages/airflow/example_dags/example_trigger_controller_dag.py took 0.067 seconds
[2022-10-04T14:17:25.281+0000] {processor.py:156} INFO - Started process (PID=317) to work on /home/airflow/.local/lib/python3.7/site-packages/airflow/example_dags/example_trigger_controller_dag.py
[2022-10-04T14:17:25.282+0000] {processor.py:758} INFO - Processing file /home/airflow/.local/lib/python3.7/site-packages/airflow/example_dags/example_trigger_controller_dag.py for tasks to queue
[2022-10-04T14:17:25.283+0000] {logging_mixin.py:117} INFO - [2022-10-04T14:17:25.283+0000] {dagbag.py:525} INFO - Filling up the DagBag from /home/airflow/.local/lib/python3.7/site-packages/airflow/example_dags/example_trigger_controller_dag.py
[2022-10-04T14:17:25.291+0000] {processor.py:768} INFO - DAG(s) dict_keys(['example_trigger_controller_dag']) retrieved from /home/airflow/.local/lib/python3.7/site-packages/airflow/example_dags/example_trigger_controller_dag.py
[2022-10-04T14:17:25.318+0000] {logging_mixin.py:117} INFO - [2022-10-04T14:17:25.318+0000] {dag.py:2573} INFO - Sync 1 DAGs
[2022-10-04T14:17:25.334+0000] {logging_mixin.py:117} INFO - [2022-10-04T14:17:25.333+0000] {dag.py:3328} INFO - Setting next_dagrun for example_trigger_controller_dag to 2021-01-01T00:00:00+00:00, run_after=2021-01-01T00:00:00+00:00
[2022-10-04T14:17:25.345+0000] {processor.py:178} INFO - Processing /home/airflow/.local/lib/python3.7/site-packages/airflow/example_dags/example_trigger_controller_dag.py took 0.067 seconds
[2022-10-04T14:17:55.480+0000] {processor.py:156} INFO - Started process (PID=382) to work on /home/airflow/.local/lib/python3.7/site-packages/airflow/example_dags/example_trigger_controller_dag.py
[2022-10-04T14:17:55.481+0000] {processor.py:758} INFO - Processing file /home/airflow/.local/lib/python3.7/site-packages/airflow/example_dags/example_trigger_controller_dag.py for tasks to queue
[2022-10-04T14:17:55.482+0000] {logging_mixin.py:117} INFO - [2022-10-04T14:17:55.482+0000] {dagbag.py:525} INFO - Filling up the DagBag from /home/airflow/.local/lib/python3.7/site-packages/airflow/example_dags/example_trigger_controller_dag.py
[2022-10-04T14:17:55.490+0000] {processor.py:768} INFO - DAG(s) dict_keys(['example_trigger_controller_dag']) retrieved from /home/airflow/.local/lib/python3.7/site-packages/airflow/example_dags/example_trigger_controller_dag.py
[2022-10-04T14:17:55.517+0000] {logging_mixin.py:117} INFO - [2022-10-04T14:17:55.517+0000] {dag.py:2573} INFO - Sync 1 DAGs
[2022-10-04T14:17:55.532+0000] {logging_mixin.py:117} INFO - [2022-10-04T14:17:55.532+0000] {dag.py:3328} INFO - Setting next_dagrun for example_trigger_controller_dag to 2021-01-01T00:00:00+00:00, run_after=2021-01-01T00:00:00+00:00
[2022-10-04T14:17:55.544+0000] {processor.py:178} INFO - Processing /home/airflow/.local/lib/python3.7/site-packages/airflow/example_dags/example_trigger_controller_dag.py took 0.067 seconds
[2022-10-04T14:18:25.671+0000] {processor.py:156} INFO - Started process (PID=445) to work on /home/airflow/.local/lib/python3.7/site-packages/airflow/example_dags/example_trigger_controller_dag.py
[2022-10-04T14:18:25.673+0000] {processor.py:758} INFO - Processing file /home/airflow/.local/lib/python3.7/site-packages/airflow/example_dags/example_trigger_controller_dag.py for tasks to queue
[2022-10-04T14:18:25.676+0000] {logging_mixin.py:117} INFO - [2022-10-04T14:18:25.676+0000] {dagbag.py:525} INFO - Filling up the DagBag from /home/airflow/.local/lib/python3.7/site-packages/airflow/example_dags/example_trigger_controller_dag.py
[2022-10-04T14:18:25.686+0000] {processor.py:768} INFO - DAG(s) dict_keys(['example_trigger_controller_dag']) retrieved from /home/airflow/.local/lib/python3.7/site-packages/airflow/example_dags/example_trigger_controller_dag.py
[2022-10-04T14:18:25.716+0000] {logging_mixin.py:117} INFO - [2022-10-04T14:18:25.716+0000] {dag.py:2573} INFO - Sync 1 DAGs
[2022-10-04T14:18:25.734+0000] {logging_mixin.py:117} INFO - [2022-10-04T14:18:25.734+0000] {dag.py:3328} INFO - Setting next_dagrun for example_trigger_controller_dag to 2021-01-01T00:00:00+00:00, run_after=2021-01-01T00:00:00+00:00
[2022-10-04T14:18:25.751+0000] {processor.py:178} INFO - Processing /home/airflow/.local/lib/python3.7/site-packages/airflow/example_dags/example_trigger_controller_dag.py took 0.083 seconds
[2022-10-04T14:18:55.874+0000] {processor.py:156} INFO - Started process (PID=499) to work on /home/airflow/.local/lib/python3.7/site-packages/airflow/example_dags/example_trigger_controller_dag.py
[2022-10-04T14:18:55.877+0000] {processor.py:758} INFO - Processing file /home/airflow/.local/lib/python3.7/site-packages/airflow/example_dags/example_trigger_controller_dag.py for tasks to queue
[2022-10-04T14:18:55.878+0000] {logging_mixin.py:117} INFO - [2022-10-04T14:18:55.878+0000] {dagbag.py:525} INFO - Filling up the DagBag from /home/airflow/.local/lib/python3.7/site-packages/airflow/example_dags/example_trigger_controller_dag.py
[2022-10-04T14:18:55.886+0000] {processor.py:768} INFO - DAG(s) dict_keys(['example_trigger_controller_dag']) retrieved from /home/airflow/.local/lib/python3.7/site-packages/airflow/example_dags/example_trigger_controller_dag.py
[2022-10-04T14:18:55.917+0000] {logging_mixin.py:117} INFO - [2022-10-04T14:18:55.917+0000] {dag.py:2573} INFO - Sync 1 DAGs
[2022-10-04T14:18:55.937+0000] {logging_mixin.py:117} INFO - [2022-10-04T14:18:55.937+0000] {dag.py:3328} INFO - Setting next_dagrun for example_trigger_controller_dag to 2021-01-01T00:00:00+00:00, run_after=2021-01-01T00:00:00+00:00
[2022-10-04T14:18:55.950+0000] {processor.py:178} INFO - Processing /home/airflow/.local/lib/python3.7/site-packages/airflow/example_dags/example_trigger_controller_dag.py took 0.078 seconds
[2022-10-04T14:19:26.182+0000] {processor.py:156} INFO - Started process (PID=563) to work on /home/airflow/.local/lib/python3.7/site-packages/airflow/example_dags/example_trigger_controller_dag.py
[2022-10-04T14:19:26.184+0000] {processor.py:758} INFO - Processing file /home/airflow/.local/lib/python3.7/site-packages/airflow/example_dags/example_trigger_controller_dag.py for tasks to queue
[2022-10-04T14:19:26.185+0000] {logging_mixin.py:117} INFO - [2022-10-04T14:19:26.185+0000] {dagbag.py:525} INFO - Filling up the DagBag from /home/airflow/.local/lib/python3.7/site-packages/airflow/example_dags/example_trigger_controller_dag.py
[2022-10-04T14:19:26.193+0000] {processor.py:768} INFO - DAG(s) dict_keys(['example_trigger_controller_dag']) retrieved from /home/airflow/.local/lib/python3.7/site-packages/airflow/example_dags/example_trigger_controller_dag.py
[2022-10-04T14:19:26.219+0000] {logging_mixin.py:117} INFO - [2022-10-04T14:19:26.219+0000] {dag.py:2573} INFO - Sync 1 DAGs
[2022-10-04T14:19:26.235+0000] {logging_mixin.py:117} INFO - [2022-10-04T14:19:26.235+0000] {dag.py:3328} INFO - Setting next_dagrun for example_trigger_controller_dag to 2021-01-01T00:00:00+00:00, run_after=2021-01-01T00:00:00+00:00
[2022-10-04T14:19:26.247+0000] {processor.py:178} INFO - Processing /home/airflow/.local/lib/python3.7/site-packages/airflow/example_dags/example_trigger_controller_dag.py took 0.067 seconds
[2022-10-04T14:19:56.534+0000] {processor.py:156} INFO - Started process (PID=627) to work on /home/airflow/.local/lib/python3.7/site-packages/airflow/example_dags/example_trigger_controller_dag.py
[2022-10-04T14:19:56.536+0000] {processor.py:758} INFO - Processing file /home/airflow/.local/lib/python3.7/site-packages/airflow/example_dags/example_trigger_controller_dag.py for tasks to queue
[2022-10-04T14:19:56.537+0000] {logging_mixin.py:117} INFO - [2022-10-04T14:19:56.537+0000] {dagbag.py:525} INFO - Filling up the DagBag from /home/airflow/.local/lib/python3.7/site-packages/airflow/example_dags/example_trigger_controller_dag.py
[2022-10-04T14:19:56.544+0000] {processor.py:768} INFO - DAG(s) dict_keys(['example_trigger_controller_dag']) retrieved from /home/airflow/.local/lib/python3.7/site-packages/airflow/example_dags/example_trigger_controller_dag.py
[2022-10-04T14:19:56.569+0000] {logging_mixin.py:117} INFO - [2022-10-04T14:19:56.569+0000] {dag.py:2573} INFO - Sync 1 DAGs
[2022-10-04T14:19:56.584+0000] {logging_mixin.py:117} INFO - [2022-10-04T14:19:56.584+0000] {dag.py:3328} INFO - Setting next_dagrun for example_trigger_controller_dag to 2021-01-01T00:00:00+00:00, run_after=2021-01-01T00:00:00+00:00
[2022-10-04T14:19:56.595+0000] {processor.py:178} INFO - Processing /home/airflow/.local/lib/python3.7/site-packages/airflow/example_dags/example_trigger_controller_dag.py took 0.063 seconds
[2022-10-04T14:20:26.819+0000] {processor.py:156} INFO - Started process (PID=690) to work on /home/airflow/.local/lib/python3.7/site-packages/airflow/example_dags/example_trigger_controller_dag.py
[2022-10-04T14:20:26.820+0000] {processor.py:758} INFO - Processing file /home/airflow/.local/lib/python3.7/site-packages/airflow/example_dags/example_trigger_controller_dag.py for tasks to queue
[2022-10-04T14:20:26.821+0000] {logging_mixin.py:117} INFO - [2022-10-04T14:20:26.821+0000] {dagbag.py:525} INFO - Filling up the DagBag from /home/airflow/.local/lib/python3.7/site-packages/airflow/example_dags/example_trigger_controller_dag.py
[2022-10-04T14:20:26.829+0000] {processor.py:768} INFO - DAG(s) dict_keys(['example_trigger_controller_dag']) retrieved from /home/airflow/.local/lib/python3.7/site-packages/airflow/example_dags/example_trigger_controller_dag.py
[2022-10-04T14:20:26.853+0000] {logging_mixin.py:117} INFO - [2022-10-04T14:20:26.853+0000] {dag.py:2573} INFO - Sync 1 DAGs
[2022-10-04T14:20:26.868+0000] {logging_mixin.py:117} INFO - [2022-10-04T14:20:26.867+0000] {dag.py:3328} INFO - Setting next_dagrun for example_trigger_controller_dag to 2021-01-01T00:00:00+00:00, run_after=2021-01-01T00:00:00+00:00
[2022-10-04T14:20:26.878+0000] {processor.py:178} INFO - Processing /home/airflow/.local/lib/python3.7/site-packages/airflow/example_dags/example_trigger_controller_dag.py took 0.063 seconds
