[2022-10-04T14:15:19.126+0000] {processor.py:156} INFO - Started process (PID=60) to work on /home/airflow/.local/lib/python3.7/site-packages/airflow/example_dags/example_branch_operator.py
[2022-10-04T14:15:19.140+0000] {processor.py:758} INFO - Processing file /home/airflow/.local/lib/python3.7/site-packages/airflow/example_dags/example_branch_operator.py for tasks to queue
[2022-10-04T14:15:19.143+0000] {logging_mixin.py:117} INFO - [2022-10-04T14:15:19.143+0000] {dagbag.py:525} INFO - Filling up the DagBag from /home/airflow/.local/lib/python3.7/site-packages/airflow/example_dags/example_branch_operator.py
[2022-10-04T14:15:19.195+0000] {processor.py:768} INFO - DAG(s) dict_keys(['example_branch_operator']) retrieved from /home/airflow/.local/lib/python3.7/site-packages/airflow/example_dags/example_branch_operator.py
[2022-10-04T14:15:19.293+0000] {logging_mixin.py:117} INFO - [2022-10-04T14:15:19.292+0000] {dag.py:2573} INFO - Sync 1 DAGs
[2022-10-04T14:15:19.441+0000] {logging_mixin.py:117} INFO - [2022-10-04T14:15:19.433+0000] {dag.py:3328} INFO - Setting next_dagrun for example_branch_operator to 2022-10-03T00:00:00+00:00, run_after=2022-10-04T00:00:00+00:00
[2022-10-04T14:15:19.505+0000] {processor.py:178} INFO - Processing /home/airflow/.local/lib/python3.7/site-packages/airflow/example_dags/example_branch_operator.py took 0.383 seconds
[2022-10-04T14:15:50.295+0000] {processor.py:156} INFO - Started process (PID=115) to work on /home/airflow/.local/lib/python3.7/site-packages/airflow/example_dags/example_branch_operator.py
[2022-10-04T14:15:50.296+0000] {processor.py:758} INFO - Processing file /home/airflow/.local/lib/python3.7/site-packages/airflow/example_dags/example_branch_operator.py for tasks to queue
[2022-10-04T14:15:50.297+0000] {logging_mixin.py:117} INFO - [2022-10-04T14:15:50.297+0000] {dagbag.py:525} INFO - Filling up the DagBag from /home/airflow/.local/lib/python3.7/site-packages/airflow/example_dags/example_branch_operator.py
[2022-10-04T14:15:50.317+0000] {processor.py:768} INFO - DAG(s) dict_keys(['example_branch_operator']) retrieved from /home/airflow/.local/lib/python3.7/site-packages/airflow/example_dags/example_branch_operator.py
[2022-10-04T14:15:50.349+0000] {logging_mixin.py:117} INFO - [2022-10-04T14:15:50.348+0000] {dag.py:2573} INFO - Sync 1 DAGs
[2022-10-04T14:15:50.367+0000] {logging_mixin.py:117} INFO - [2022-10-04T14:15:50.366+0000] {dag.py:3328} INFO - Setting next_dagrun for example_branch_operator to 2022-10-03T00:00:00+00:00, run_after=2022-10-04T00:00:00+00:00
[2022-10-04T14:15:50.380+0000] {processor.py:178} INFO - Processing /home/airflow/.local/lib/python3.7/site-packages/airflow/example_dags/example_branch_operator.py took 0.089 seconds
[2022-10-04T14:16:20.809+0000] {processor.py:156} INFO - Started process (PID=179) to work on /home/airflow/.local/lib/python3.7/site-packages/airflow/example_dags/example_branch_operator.py
[2022-10-04T14:16:20.811+0000] {processor.py:758} INFO - Processing file /home/airflow/.local/lib/python3.7/site-packages/airflow/example_dags/example_branch_operator.py for tasks to queue
[2022-10-04T14:16:20.813+0000] {logging_mixin.py:117} INFO - [2022-10-04T14:16:20.813+0000] {dagbag.py:525} INFO - Filling up the DagBag from /home/airflow/.local/lib/python3.7/site-packages/airflow/example_dags/example_branch_operator.py
[2022-10-04T14:16:20.836+0000] {processor.py:768} INFO - DAG(s) dict_keys(['example_branch_operator']) retrieved from /home/airflow/.local/lib/python3.7/site-packages/airflow/example_dags/example_branch_operator.py
[2022-10-04T14:16:20.875+0000] {logging_mixin.py:117} INFO - [2022-10-04T14:16:20.875+0000] {dag.py:2573} INFO - Sync 1 DAGs
[2022-10-04T14:16:20.897+0000] {logging_mixin.py:117} INFO - [2022-10-04T14:16:20.897+0000] {dag.py:3328} INFO - Setting next_dagrun for example_branch_operator to 2022-10-03T00:00:00+00:00, run_after=2022-10-04T00:00:00+00:00
[2022-10-04T14:16:20.912+0000] {processor.py:178} INFO - Processing /home/airflow/.local/lib/python3.7/site-packages/airflow/example_dags/example_branch_operator.py took 0.109 seconds
[2022-10-04T14:16:51.203+0000] {processor.py:156} INFO - Started process (PID=243) to work on /home/airflow/.local/lib/python3.7/site-packages/airflow/example_dags/example_branch_operator.py
[2022-10-04T14:16:51.204+0000] {processor.py:758} INFO - Processing file /home/airflow/.local/lib/python3.7/site-packages/airflow/example_dags/example_branch_operator.py for tasks to queue
[2022-10-04T14:16:51.205+0000] {logging_mixin.py:117} INFO - [2022-10-04T14:16:51.205+0000] {dagbag.py:525} INFO - Filling up the DagBag from /home/airflow/.local/lib/python3.7/site-packages/airflow/example_dags/example_branch_operator.py
[2022-10-04T14:16:51.220+0000] {processor.py:768} INFO - DAG(s) dict_keys(['example_branch_operator']) retrieved from /home/airflow/.local/lib/python3.7/site-packages/airflow/example_dags/example_branch_operator.py
[2022-10-04T14:16:51.253+0000] {logging_mixin.py:117} INFO - [2022-10-04T14:16:51.253+0000] {dag.py:2573} INFO - Sync 1 DAGs
[2022-10-04T14:16:51.271+0000] {logging_mixin.py:117} INFO - [2022-10-04T14:16:51.271+0000] {dag.py:3328} INFO - Setting next_dagrun for example_branch_operator to 2022-10-03T00:00:00+00:00, run_after=2022-10-04T00:00:00+00:00
[2022-10-04T14:16:51.287+0000] {processor.py:178} INFO - Processing /home/airflow/.local/lib/python3.7/site-packages/airflow/example_dags/example_branch_operator.py took 0.087 seconds
[2022-10-04T14:17:21.589+0000] {processor.py:156} INFO - Started process (PID=306) to work on /home/airflow/.local/lib/python3.7/site-packages/airflow/example_dags/example_branch_operator.py
[2022-10-04T14:17:21.590+0000] {processor.py:758} INFO - Processing file /home/airflow/.local/lib/python3.7/site-packages/airflow/example_dags/example_branch_operator.py for tasks to queue
[2022-10-04T14:17:21.592+0000] {logging_mixin.py:117} INFO - [2022-10-04T14:17:21.592+0000] {dagbag.py:525} INFO - Filling up the DagBag from /home/airflow/.local/lib/python3.7/site-packages/airflow/example_dags/example_branch_operator.py
[2022-10-04T14:17:21.603+0000] {processor.py:768} INFO - DAG(s) dict_keys(['example_branch_operator']) retrieved from /home/airflow/.local/lib/python3.7/site-packages/airflow/example_dags/example_branch_operator.py
[2022-10-04T14:17:21.628+0000] {logging_mixin.py:117} INFO - [2022-10-04T14:17:21.628+0000] {dag.py:2573} INFO - Sync 1 DAGs
[2022-10-04T14:17:21.646+0000] {logging_mixin.py:117} INFO - [2022-10-04T14:17:21.646+0000] {dag.py:3328} INFO - Setting next_dagrun for example_branch_operator to 2022-10-03T00:00:00+00:00, run_after=2022-10-04T00:00:00+00:00
[2022-10-04T14:17:21.660+0000] {processor.py:178} INFO - Processing /home/airflow/.local/lib/python3.7/site-packages/airflow/example_dags/example_branch_operator.py took 0.074 seconds
[2022-10-04T14:17:51.752+0000] {processor.py:156} INFO - Started process (PID=360) to work on /home/airflow/.local/lib/python3.7/site-packages/airflow/example_dags/example_branch_operator.py
[2022-10-04T14:17:51.755+0000] {processor.py:758} INFO - Processing file /home/airflow/.local/lib/python3.7/site-packages/airflow/example_dags/example_branch_operator.py for tasks to queue
[2022-10-04T14:17:51.756+0000] {logging_mixin.py:117} INFO - [2022-10-04T14:17:51.756+0000] {dagbag.py:525} INFO - Filling up the DagBag from /home/airflow/.local/lib/python3.7/site-packages/airflow/example_dags/example_branch_operator.py
[2022-10-04T14:17:51.766+0000] {processor.py:768} INFO - DAG(s) dict_keys(['example_branch_operator']) retrieved from /home/airflow/.local/lib/python3.7/site-packages/airflow/example_dags/example_branch_operator.py
[2022-10-04T14:17:51.791+0000] {logging_mixin.py:117} INFO - [2022-10-04T14:17:51.791+0000] {dag.py:2573} INFO - Sync 1 DAGs
[2022-10-04T14:17:51.805+0000] {logging_mixin.py:117} INFO - [2022-10-04T14:17:51.804+0000] {dag.py:3328} INFO - Setting next_dagrun for example_branch_operator to 2022-10-03T00:00:00+00:00, run_after=2022-10-04T00:00:00+00:00
[2022-10-04T14:17:51.816+0000] {processor.py:178} INFO - Processing /home/airflow/.local/lib/python3.7/site-packages/airflow/example_dags/example_branch_operator.py took 0.066 seconds
[2022-10-04T14:18:21.920+0000] {processor.py:156} INFO - Started process (PID=424) to work on /home/airflow/.local/lib/python3.7/site-packages/airflow/example_dags/example_branch_operator.py
[2022-10-04T14:18:21.923+0000] {processor.py:758} INFO - Processing file /home/airflow/.local/lib/python3.7/site-packages/airflow/example_dags/example_branch_operator.py for tasks to queue
[2022-10-04T14:18:21.925+0000] {logging_mixin.py:117} INFO - [2022-10-04T14:18:21.925+0000] {dagbag.py:525} INFO - Filling up the DagBag from /home/airflow/.local/lib/python3.7/site-packages/airflow/example_dags/example_branch_operator.py
[2022-10-04T14:18:21.943+0000] {processor.py:768} INFO - DAG(s) dict_keys(['example_branch_operator']) retrieved from /home/airflow/.local/lib/python3.7/site-packages/airflow/example_dags/example_branch_operator.py
[2022-10-04T14:18:21.972+0000] {logging_mixin.py:117} INFO - [2022-10-04T14:18:21.972+0000] {dag.py:2573} INFO - Sync 1 DAGs
[2022-10-04T14:18:21.985+0000] {logging_mixin.py:117} INFO - [2022-10-04T14:18:21.985+0000] {dag.py:3328} INFO - Setting next_dagrun for example_branch_operator to 2022-10-03T00:00:00+00:00, run_after=2022-10-04T00:00:00+00:00
[2022-10-04T14:18:21.996+0000] {processor.py:178} INFO - Processing /home/airflow/.local/lib/python3.7/site-packages/airflow/example_dags/example_branch_operator.py took 0.081 seconds
[2022-10-04T14:18:52.213+0000] {processor.py:156} INFO - Started process (PID=488) to work on /home/airflow/.local/lib/python3.7/site-packages/airflow/example_dags/example_branch_operator.py
[2022-10-04T14:18:52.216+0000] {processor.py:758} INFO - Processing file /home/airflow/.local/lib/python3.7/site-packages/airflow/example_dags/example_branch_operator.py for tasks to queue
[2022-10-04T14:18:52.217+0000] {logging_mixin.py:117} INFO - [2022-10-04T14:18:52.217+0000] {dagbag.py:525} INFO - Filling up the DagBag from /home/airflow/.local/lib/python3.7/site-packages/airflow/example_dags/example_branch_operator.py
[2022-10-04T14:18:52.234+0000] {processor.py:768} INFO - DAG(s) dict_keys(['example_branch_operator']) retrieved from /home/airflow/.local/lib/python3.7/site-packages/airflow/example_dags/example_branch_operator.py
[2022-10-04T14:18:52.261+0000] {logging_mixin.py:117} INFO - [2022-10-04T14:18:52.261+0000] {dag.py:2573} INFO - Sync 1 DAGs
[2022-10-04T14:18:52.277+0000] {logging_mixin.py:117} INFO - [2022-10-04T14:18:52.277+0000] {dag.py:3328} INFO - Setting next_dagrun for example_branch_operator to 2022-10-03T00:00:00+00:00, run_after=2022-10-04T00:00:00+00:00
[2022-10-04T14:18:52.289+0000] {processor.py:178} INFO - Processing /home/airflow/.local/lib/python3.7/site-packages/airflow/example_dags/example_branch_operator.py took 0.079 seconds
[2022-10-04T14:19:22.506+0000] {processor.py:156} INFO - Started process (PID=552) to work on /home/airflow/.local/lib/python3.7/site-packages/airflow/example_dags/example_branch_operator.py
[2022-10-04T14:19:22.507+0000] {processor.py:758} INFO - Processing file /home/airflow/.local/lib/python3.7/site-packages/airflow/example_dags/example_branch_operator.py for tasks to queue
[2022-10-04T14:19:22.508+0000] {logging_mixin.py:117} INFO - [2022-10-04T14:19:22.508+0000] {dagbag.py:525} INFO - Filling up the DagBag from /home/airflow/.local/lib/python3.7/site-packages/airflow/example_dags/example_branch_operator.py
[2022-10-04T14:19:22.520+0000] {processor.py:768} INFO - DAG(s) dict_keys(['example_branch_operator']) retrieved from /home/airflow/.local/lib/python3.7/site-packages/airflow/example_dags/example_branch_operator.py
[2022-10-04T14:19:22.549+0000] {logging_mixin.py:117} INFO - [2022-10-04T14:19:22.549+0000] {dag.py:2573} INFO - Sync 1 DAGs
[2022-10-04T14:19:22.568+0000] {logging_mixin.py:117} INFO - [2022-10-04T14:19:22.568+0000] {dag.py:3328} INFO - Setting next_dagrun for example_branch_operator to 2022-10-03T00:00:00+00:00, run_after=2022-10-04T00:00:00+00:00
[2022-10-04T14:19:22.588+0000] {processor.py:178} INFO - Processing /home/airflow/.local/lib/python3.7/site-packages/airflow/example_dags/example_branch_operator.py took 0.085 seconds
[2022-10-04T14:19:52.800+0000] {processor.py:156} INFO - Started process (PID=616) to work on /home/airflow/.local/lib/python3.7/site-packages/airflow/example_dags/example_branch_operator.py
[2022-10-04T14:19:52.802+0000] {processor.py:758} INFO - Processing file /home/airflow/.local/lib/python3.7/site-packages/airflow/example_dags/example_branch_operator.py for tasks to queue
[2022-10-04T14:19:52.803+0000] {logging_mixin.py:117} INFO - [2022-10-04T14:19:52.803+0000] {dagbag.py:525} INFO - Filling up the DagBag from /home/airflow/.local/lib/python3.7/site-packages/airflow/example_dags/example_branch_operator.py
[2022-10-04T14:19:52.817+0000] {processor.py:768} INFO - DAG(s) dict_keys(['example_branch_operator']) retrieved from /home/airflow/.local/lib/python3.7/site-packages/airflow/example_dags/example_branch_operator.py
[2022-10-04T14:19:52.846+0000] {logging_mixin.py:117} INFO - [2022-10-04T14:19:52.846+0000] {dag.py:2573} INFO - Sync 1 DAGs
[2022-10-04T14:19:52.864+0000] {logging_mixin.py:117} INFO - [2022-10-04T14:19:52.864+0000] {dag.py:3328} INFO - Setting next_dagrun for example_branch_operator to 2022-10-03T00:00:00+00:00, run_after=2022-10-04T00:00:00+00:00
[2022-10-04T14:19:52.876+0000] {processor.py:178} INFO - Processing /home/airflow/.local/lib/python3.7/site-packages/airflow/example_dags/example_branch_operator.py took 0.079 seconds
[2022-10-04T14:20:23.161+0000] {processor.py:156} INFO - Started process (PID=670) to work on /home/airflow/.local/lib/python3.7/site-packages/airflow/example_dags/example_branch_operator.py
[2022-10-04T14:20:23.163+0000] {processor.py:758} INFO - Processing file /home/airflow/.local/lib/python3.7/site-packages/airflow/example_dags/example_branch_operator.py for tasks to queue
[2022-10-04T14:20:23.165+0000] {logging_mixin.py:117} INFO - [2022-10-04T14:20:23.165+0000] {dagbag.py:525} INFO - Filling up the DagBag from /home/airflow/.local/lib/python3.7/site-packages/airflow/example_dags/example_branch_operator.py
[2022-10-04T14:20:23.181+0000] {processor.py:768} INFO - DAG(s) dict_keys(['example_branch_operator']) retrieved from /home/airflow/.local/lib/python3.7/site-packages/airflow/example_dags/example_branch_operator.py
[2022-10-04T14:20:23.210+0000] {logging_mixin.py:117} INFO - [2022-10-04T14:20:23.210+0000] {dag.py:2573} INFO - Sync 1 DAGs
[2022-10-04T14:20:23.225+0000] {logging_mixin.py:117} INFO - [2022-10-04T14:20:23.225+0000] {dag.py:3328} INFO - Setting next_dagrun for example_branch_operator to 2022-10-03T00:00:00+00:00, run_after=2022-10-04T00:00:00+00:00
[2022-10-04T14:20:23.237+0000] {processor.py:178} INFO - Processing /home/airflow/.local/lib/python3.7/site-packages/airflow/example_dags/example_branch_operator.py took 0.080 seconds
