[2022-10-04T14:15:18.464+0000] {processor.py:156} INFO - Started process (PID=58) to work on /home/airflow/.local/lib/python3.7/site-packages/airflow/example_dags/example_xcomargs.py
[2022-10-04T14:15:18.468+0000] {processor.py:758} INFO - Processing file /home/airflow/.local/lib/python3.7/site-packages/airflow/example_dags/example_xcomargs.py for tasks to queue
[2022-10-04T14:15:18.470+0000] {logging_mixin.py:117} INFO - [2022-10-04T14:15:18.470+0000] {dagbag.py:525} INFO - Filling up the DagBag from /home/airflow/.local/lib/python3.7/site-packages/airflow/example_dags/example_xcomargs.py
[2022-10-04T14:15:18.744+0000] {processor.py:768} INFO - DAG(s) dict_keys(['example_xcom_args_with_operators', 'example_xcom_args']) retrieved from /home/airflow/.local/lib/python3.7/site-packages/airflow/example_dags/example_xcomargs.py
[2022-10-04T14:15:18.836+0000] {logging_mixin.py:117} INFO - [2022-10-04T14:15:18.835+0000] {dag.py:2573} INFO - Sync 2 DAGs
[2022-10-04T14:15:18.911+0000] {logging_mixin.py:117} INFO - [2022-10-04T14:15:18.911+0000] {dag.py:3328} INFO - Setting next_dagrun for example_xcom_args to None, run_after=None
[2022-10-04T14:15:18.930+0000] {logging_mixin.py:117} INFO - [2022-10-04T14:15:18.929+0000] {dag.py:3328} INFO - Setting next_dagrun for example_xcom_args_with_operators to None, run_after=None
[2022-10-04T14:15:19.005+0000] {processor.py:178} INFO - Processing /home/airflow/.local/lib/python3.7/site-packages/airflow/example_dags/example_xcomargs.py took 0.561 seconds
[2022-10-04T14:15:49.269+0000] {processor.py:156} INFO - Started process (PID=113) to work on /home/airflow/.local/lib/python3.7/site-packages/airflow/example_dags/example_xcomargs.py
[2022-10-04T14:15:49.270+0000] {processor.py:758} INFO - Processing file /home/airflow/.local/lib/python3.7/site-packages/airflow/example_dags/example_xcomargs.py for tasks to queue
[2022-10-04T14:15:49.271+0000] {logging_mixin.py:117} INFO - [2022-10-04T14:15:49.271+0000] {dagbag.py:525} INFO - Filling up the DagBag from /home/airflow/.local/lib/python3.7/site-packages/airflow/example_dags/example_xcomargs.py
[2022-10-04T14:15:49.286+0000] {processor.py:768} INFO - DAG(s) dict_keys(['example_xcom_args', 'example_xcom_args_with_operators']) retrieved from /home/airflow/.local/lib/python3.7/site-packages/airflow/example_dags/example_xcomargs.py
[2022-10-04T14:15:49.312+0000] {logging_mixin.py:117} INFO - [2022-10-04T14:15:49.312+0000] {dag.py:2573} INFO - Sync 2 DAGs
[2022-10-04T14:15:49.327+0000] {logging_mixin.py:117} INFO - [2022-10-04T14:15:49.327+0000] {dag.py:3328} INFO - Setting next_dagrun for example_xcom_args to None, run_after=None
[2022-10-04T14:15:49.330+0000] {logging_mixin.py:117} INFO - [2022-10-04T14:15:49.330+0000] {dag.py:3328} INFO - Setting next_dagrun for example_xcom_args_with_operators to None, run_after=None
[2022-10-04T14:15:49.339+0000] {processor.py:178} INFO - Processing /home/airflow/.local/lib/python3.7/site-packages/airflow/example_dags/example_xcomargs.py took 0.073 seconds
[2022-10-04T14:16:19.773+0000] {processor.py:156} INFO - Started process (PID=177) to work on /home/airflow/.local/lib/python3.7/site-packages/airflow/example_dags/example_xcomargs.py
[2022-10-04T14:16:19.774+0000] {processor.py:758} INFO - Processing file /home/airflow/.local/lib/python3.7/site-packages/airflow/example_dags/example_xcomargs.py for tasks to queue
[2022-10-04T14:16:19.775+0000] {logging_mixin.py:117} INFO - [2022-10-04T14:16:19.775+0000] {dagbag.py:525} INFO - Filling up the DagBag from /home/airflow/.local/lib/python3.7/site-packages/airflow/example_dags/example_xcomargs.py
[2022-10-04T14:16:19.790+0000] {processor.py:768} INFO - DAG(s) dict_keys(['example_xcom_args_with_operators', 'example_xcom_args']) retrieved from /home/airflow/.local/lib/python3.7/site-packages/airflow/example_dags/example_xcomargs.py
[2022-10-04T14:16:19.814+0000] {logging_mixin.py:117} INFO - [2022-10-04T14:16:19.814+0000] {dag.py:2573} INFO - Sync 2 DAGs
[2022-10-04T14:16:19.829+0000] {logging_mixin.py:117} INFO - [2022-10-04T14:16:19.829+0000] {dag.py:3328} INFO - Setting next_dagrun for example_xcom_args to None, run_after=None
[2022-10-04T14:16:19.832+0000] {logging_mixin.py:117} INFO - [2022-10-04T14:16:19.832+0000] {dag.py:3328} INFO - Setting next_dagrun for example_xcom_args_with_operators to None, run_after=None
[2022-10-04T14:16:19.841+0000] {processor.py:178} INFO - Processing /home/airflow/.local/lib/python3.7/site-packages/airflow/example_dags/example_xcomargs.py took 0.071 seconds
[2022-10-04T14:16:50.194+0000] {processor.py:156} INFO - Started process (PID=241) to work on /home/airflow/.local/lib/python3.7/site-packages/airflow/example_dags/example_xcomargs.py
[2022-10-04T14:16:50.196+0000] {processor.py:758} INFO - Processing file /home/airflow/.local/lib/python3.7/site-packages/airflow/example_dags/example_xcomargs.py for tasks to queue
[2022-10-04T14:16:50.197+0000] {logging_mixin.py:117} INFO - [2022-10-04T14:16:50.197+0000] {dagbag.py:525} INFO - Filling up the DagBag from /home/airflow/.local/lib/python3.7/site-packages/airflow/example_dags/example_xcomargs.py
[2022-10-04T14:16:50.213+0000] {processor.py:768} INFO - DAG(s) dict_keys(['example_xcom_args_with_operators', 'example_xcom_args']) retrieved from /home/airflow/.local/lib/python3.7/site-packages/airflow/example_dags/example_xcomargs.py
[2022-10-04T14:16:50.243+0000] {logging_mixin.py:117} INFO - [2022-10-04T14:16:50.242+0000] {dag.py:2573} INFO - Sync 2 DAGs
[2022-10-04T14:16:50.263+0000] {logging_mixin.py:117} INFO - [2022-10-04T14:16:50.263+0000] {dag.py:3328} INFO - Setting next_dagrun for example_xcom_args to None, run_after=None
[2022-10-04T14:16:50.267+0000] {logging_mixin.py:117} INFO - [2022-10-04T14:16:50.267+0000] {dag.py:3328} INFO - Setting next_dagrun for example_xcom_args_with_operators to None, run_after=None
[2022-10-04T14:16:50.279+0000] {processor.py:178} INFO - Processing /home/airflow/.local/lib/python3.7/site-packages/airflow/example_dags/example_xcomargs.py took 0.088 seconds
[2022-10-04T14:17:20.575+0000] {processor.py:156} INFO - Started process (PID=295) to work on /home/airflow/.local/lib/python3.7/site-packages/airflow/example_dags/example_xcomargs.py
[2022-10-04T14:17:20.576+0000] {processor.py:758} INFO - Processing file /home/airflow/.local/lib/python3.7/site-packages/airflow/example_dags/example_xcomargs.py for tasks to queue
[2022-10-04T14:17:20.577+0000] {logging_mixin.py:117} INFO - [2022-10-04T14:17:20.577+0000] {dagbag.py:525} INFO - Filling up the DagBag from /home/airflow/.local/lib/python3.7/site-packages/airflow/example_dags/example_xcomargs.py
[2022-10-04T14:17:20.592+0000] {processor.py:768} INFO - DAG(s) dict_keys(['example_xcom_args_with_operators', 'example_xcom_args']) retrieved from /home/airflow/.local/lib/python3.7/site-packages/airflow/example_dags/example_xcomargs.py
[2022-10-04T14:17:20.621+0000] {logging_mixin.py:117} INFO - [2022-10-04T14:17:20.621+0000] {dag.py:2573} INFO - Sync 2 DAGs
[2022-10-04T14:17:20.635+0000] {logging_mixin.py:117} INFO - [2022-10-04T14:17:20.635+0000] {dag.py:3328} INFO - Setting next_dagrun for example_xcom_args to None, run_after=None
[2022-10-04T14:17:20.638+0000] {logging_mixin.py:117} INFO - [2022-10-04T14:17:20.638+0000] {dag.py:3328} INFO - Setting next_dagrun for example_xcom_args_with_operators to None, run_after=None
[2022-10-04T14:17:20.646+0000] {processor.py:178} INFO - Processing /home/airflow/.local/lib/python3.7/site-packages/airflow/example_dags/example_xcomargs.py took 0.073 seconds
[2022-10-04T14:17:50.742+0000] {processor.py:156} INFO - Started process (PID=359) to work on /home/airflow/.local/lib/python3.7/site-packages/airflow/example_dags/example_xcomargs.py
[2022-10-04T14:17:50.744+0000] {processor.py:758} INFO - Processing file /home/airflow/.local/lib/python3.7/site-packages/airflow/example_dags/example_xcomargs.py for tasks to queue
[2022-10-04T14:17:50.745+0000] {logging_mixin.py:117} INFO - [2022-10-04T14:17:50.745+0000] {dagbag.py:525} INFO - Filling up the DagBag from /home/airflow/.local/lib/python3.7/site-packages/airflow/example_dags/example_xcomargs.py
[2022-10-04T14:17:50.759+0000] {processor.py:768} INFO - DAG(s) dict_keys(['example_xcom_args', 'example_xcom_args_with_operators']) retrieved from /home/airflow/.local/lib/python3.7/site-packages/airflow/example_dags/example_xcomargs.py
[2022-10-04T14:17:50.784+0000] {logging_mixin.py:117} INFO - [2022-10-04T14:17:50.784+0000] {dag.py:2573} INFO - Sync 2 DAGs
[2022-10-04T14:17:50.798+0000] {logging_mixin.py:117} INFO - [2022-10-04T14:17:50.798+0000] {dag.py:3328} INFO - Setting next_dagrun for example_xcom_args to None, run_after=None
[2022-10-04T14:17:50.800+0000] {logging_mixin.py:117} INFO - [2022-10-04T14:17:50.800+0000] {dag.py:3328} INFO - Setting next_dagrun for example_xcom_args_with_operators to None, run_after=None
[2022-10-04T14:17:50.809+0000] {processor.py:178} INFO - Processing /home/airflow/.local/lib/python3.7/site-packages/airflow/example_dags/example_xcomargs.py took 0.069 seconds
[2022-10-04T14:18:20.881+0000] {processor.py:156} INFO - Started process (PID=423) to work on /home/airflow/.local/lib/python3.7/site-packages/airflow/example_dags/example_xcomargs.py
[2022-10-04T14:18:20.882+0000] {processor.py:758} INFO - Processing file /home/airflow/.local/lib/python3.7/site-packages/airflow/example_dags/example_xcomargs.py for tasks to queue
[2022-10-04T14:18:20.883+0000] {logging_mixin.py:117} INFO - [2022-10-04T14:18:20.883+0000] {dagbag.py:525} INFO - Filling up the DagBag from /home/airflow/.local/lib/python3.7/site-packages/airflow/example_dags/example_xcomargs.py
[2022-10-04T14:18:20.898+0000] {processor.py:768} INFO - DAG(s) dict_keys(['example_xcom_args', 'example_xcom_args_with_operators']) retrieved from /home/airflow/.local/lib/python3.7/site-packages/airflow/example_dags/example_xcomargs.py
[2022-10-04T14:18:20.924+0000] {logging_mixin.py:117} INFO - [2022-10-04T14:18:20.924+0000] {dag.py:2573} INFO - Sync 2 DAGs
[2022-10-04T14:18:20.939+0000] {logging_mixin.py:117} INFO - [2022-10-04T14:18:20.939+0000] {dag.py:3328} INFO - Setting next_dagrun for example_xcom_args to None, run_after=None
[2022-10-04T14:18:20.942+0000] {logging_mixin.py:117} INFO - [2022-10-04T14:18:20.942+0000] {dag.py:3328} INFO - Setting next_dagrun for example_xcom_args_with_operators to None, run_after=None
[2022-10-04T14:18:20.952+0000] {processor.py:178} INFO - Processing /home/airflow/.local/lib/python3.7/site-packages/airflow/example_dags/example_xcomargs.py took 0.073 seconds
[2022-10-04T14:18:51.081+0000] {processor.py:156} INFO - Started process (PID=486) to work on /home/airflow/.local/lib/python3.7/site-packages/airflow/example_dags/example_xcomargs.py
[2022-10-04T14:18:51.082+0000] {processor.py:758} INFO - Processing file /home/airflow/.local/lib/python3.7/site-packages/airflow/example_dags/example_xcomargs.py for tasks to queue
[2022-10-04T14:18:51.084+0000] {logging_mixin.py:117} INFO - [2022-10-04T14:18:51.084+0000] {dagbag.py:525} INFO - Filling up the DagBag from /home/airflow/.local/lib/python3.7/site-packages/airflow/example_dags/example_xcomargs.py
[2022-10-04T14:18:51.106+0000] {processor.py:768} INFO - DAG(s) dict_keys(['example_xcom_args', 'example_xcom_args_with_operators']) retrieved from /home/airflow/.local/lib/python3.7/site-packages/airflow/example_dags/example_xcomargs.py
[2022-10-04T14:18:51.139+0000] {logging_mixin.py:117} INFO - [2022-10-04T14:18:51.139+0000] {dag.py:2573} INFO - Sync 2 DAGs
[2022-10-04T14:18:51.156+0000] {logging_mixin.py:117} INFO - [2022-10-04T14:18:51.156+0000] {dag.py:3328} INFO - Setting next_dagrun for example_xcom_args to None, run_after=None
[2022-10-04T14:18:51.160+0000] {logging_mixin.py:117} INFO - [2022-10-04T14:18:51.160+0000] {dag.py:3328} INFO - Setting next_dagrun for example_xcom_args_with_operators to None, run_after=None
[2022-10-04T14:18:51.172+0000] {processor.py:178} INFO - Processing /home/airflow/.local/lib/python3.7/site-packages/airflow/example_dags/example_xcomargs.py took 0.093 seconds
[2022-10-04T14:19:21.492+0000] {processor.py:156} INFO - Started process (PID=550) to work on /home/airflow/.local/lib/python3.7/site-packages/airflow/example_dags/example_xcomargs.py
[2022-10-04T14:19:21.493+0000] {processor.py:758} INFO - Processing file /home/airflow/.local/lib/python3.7/site-packages/airflow/example_dags/example_xcomargs.py for tasks to queue
[2022-10-04T14:19:21.496+0000] {logging_mixin.py:117} INFO - [2022-10-04T14:19:21.496+0000] {dagbag.py:525} INFO - Filling up the DagBag from /home/airflow/.local/lib/python3.7/site-packages/airflow/example_dags/example_xcomargs.py
[2022-10-04T14:19:21.511+0000] {processor.py:768} INFO - DAG(s) dict_keys(['example_xcom_args_with_operators', 'example_xcom_args']) retrieved from /home/airflow/.local/lib/python3.7/site-packages/airflow/example_dags/example_xcomargs.py
[2022-10-04T14:19:21.539+0000] {logging_mixin.py:117} INFO - [2022-10-04T14:19:21.539+0000] {dag.py:2573} INFO - Sync 2 DAGs
[2022-10-04T14:19:21.553+0000] {logging_mixin.py:117} INFO - [2022-10-04T14:19:21.553+0000] {dag.py:3328} INFO - Setting next_dagrun for example_xcom_args to None, run_after=None
[2022-10-04T14:19:21.556+0000] {logging_mixin.py:117} INFO - [2022-10-04T14:19:21.556+0000] {dag.py:3328} INFO - Setting next_dagrun for example_xcom_args_with_operators to None, run_after=None
[2022-10-04T14:19:21.567+0000] {processor.py:178} INFO - Processing /home/airflow/.local/lib/python3.7/site-packages/airflow/example_dags/example_xcomargs.py took 0.077 seconds
[2022-10-04T14:19:51.785+0000] {processor.py:156} INFO - Started process (PID=614) to work on /home/airflow/.local/lib/python3.7/site-packages/airflow/example_dags/example_xcomargs.py
[2022-10-04T14:19:51.788+0000] {processor.py:758} INFO - Processing file /home/airflow/.local/lib/python3.7/site-packages/airflow/example_dags/example_xcomargs.py for tasks to queue
[2022-10-04T14:19:51.792+0000] {logging_mixin.py:117} INFO - [2022-10-04T14:19:51.791+0000] {dagbag.py:525} INFO - Filling up the DagBag from /home/airflow/.local/lib/python3.7/site-packages/airflow/example_dags/example_xcomargs.py
[2022-10-04T14:19:51.811+0000] {processor.py:768} INFO - DAG(s) dict_keys(['example_xcom_args_with_operators', 'example_xcom_args']) retrieved from /home/airflow/.local/lib/python3.7/site-packages/airflow/example_dags/example_xcomargs.py
[2022-10-04T14:19:51.840+0000] {logging_mixin.py:117} INFO - [2022-10-04T14:19:51.840+0000] {dag.py:2573} INFO - Sync 2 DAGs
[2022-10-04T14:19:51.856+0000] {logging_mixin.py:117} INFO - [2022-10-04T14:19:51.856+0000] {dag.py:3328} INFO - Setting next_dagrun for example_xcom_args to None, run_after=None
[2022-10-04T14:19:51.859+0000] {logging_mixin.py:117} INFO - [2022-10-04T14:19:51.859+0000] {dag.py:3328} INFO - Setting next_dagrun for example_xcom_args_with_operators to None, run_after=None
[2022-10-04T14:19:51.869+0000] {processor.py:178} INFO - Processing /home/airflow/.local/lib/python3.7/site-packages/airflow/example_dags/example_xcomargs.py took 0.088 seconds
[2022-10-04T14:20:22.048+0000] {processor.py:156} INFO - Started process (PID=668) to work on /home/airflow/.local/lib/python3.7/site-packages/airflow/example_dags/example_xcomargs.py
[2022-10-04T14:20:22.049+0000] {processor.py:758} INFO - Processing file /home/airflow/.local/lib/python3.7/site-packages/airflow/example_dags/example_xcomargs.py for tasks to queue
[2022-10-04T14:20:22.050+0000] {logging_mixin.py:117} INFO - [2022-10-04T14:20:22.050+0000] {dagbag.py:525} INFO - Filling up the DagBag from /home/airflow/.local/lib/python3.7/site-packages/airflow/example_dags/example_xcomargs.py
[2022-10-04T14:20:22.068+0000] {processor.py:768} INFO - DAG(s) dict_keys(['example_xcom_args_with_operators', 'example_xcom_args']) retrieved from /home/airflow/.local/lib/python3.7/site-packages/airflow/example_dags/example_xcomargs.py
[2022-10-04T14:20:22.095+0000] {logging_mixin.py:117} INFO - [2022-10-04T14:20:22.095+0000] {dag.py:2573} INFO - Sync 2 DAGs
[2022-10-04T14:20:22.115+0000] {logging_mixin.py:117} INFO - [2022-10-04T14:20:22.115+0000] {dag.py:3328} INFO - Setting next_dagrun for example_xcom_args to None, run_after=None
[2022-10-04T14:20:22.119+0000] {logging_mixin.py:117} INFO - [2022-10-04T14:20:22.119+0000] {dag.py:3328} INFO - Setting next_dagrun for example_xcom_args_with_operators to None, run_after=None
[2022-10-04T14:20:22.130+0000] {processor.py:178} INFO - Processing /home/airflow/.local/lib/python3.7/site-packages/airflow/example_dags/example_xcomargs.py took 0.084 seconds
