[2022-10-04T14:15:15.899+0000] {processor.py:156} INFO - Started process (PID=35) to work on /home/airflow/.local/lib/python3.7/site-packages/airflow/example_dags/example_latest_only.py
[2022-10-04T14:15:15.912+0000] {processor.py:758} INFO - Processing file /home/airflow/.local/lib/python3.7/site-packages/airflow/example_dags/example_latest_only.py for tasks to queue
[2022-10-04T14:15:15.914+0000] {logging_mixin.py:117} INFO - [2022-10-04T14:15:15.914+0000] {dagbag.py:525} INFO - Filling up the DagBag from /home/airflow/.local/lib/python3.7/site-packages/airflow/example_dags/example_latest_only.py
[2022-10-04T14:15:16.346+0000] {processor.py:768} INFO - DAG(s) dict_keys(['latest_only']) retrieved from /home/airflow/.local/lib/python3.7/site-packages/airflow/example_dags/example_latest_only.py
[2022-10-04T14:15:16.375+0000] {logging_mixin.py:117} INFO - [2022-10-04T14:15:16.375+0000] {dag.py:2573} INFO - Sync 1 DAGs
[2022-10-04T14:15:16.399+0000] {logging_mixin.py:117} INFO - [2022-10-04T14:15:16.399+0000] {dag.py:3328} INFO - Setting next_dagrun for latest_only to 2022-10-04T10:15:16.398869+00:00, run_after=2022-10-04T14:15:16.398869+00:00
[2022-10-04T14:15:16.421+0000] {processor.py:178} INFO - Processing /home/airflow/.local/lib/python3.7/site-packages/airflow/example_dags/example_latest_only.py took 0.525 seconds
[2022-10-04T14:15:47.183+0000] {processor.py:156} INFO - Started process (PID=96) to work on /home/airflow/.local/lib/python3.7/site-packages/airflow/example_dags/example_latest_only.py
[2022-10-04T14:15:47.186+0000] {processor.py:758} INFO - Processing file /home/airflow/.local/lib/python3.7/site-packages/airflow/example_dags/example_latest_only.py for tasks to queue
[2022-10-04T14:15:47.187+0000] {logging_mixin.py:117} INFO - [2022-10-04T14:15:47.187+0000] {dagbag.py:525} INFO - Filling up the DagBag from /home/airflow/.local/lib/python3.7/site-packages/airflow/example_dags/example_latest_only.py
[2022-10-04T14:15:47.210+0000] {processor.py:768} INFO - DAG(s) dict_keys(['latest_only']) retrieved from /home/airflow/.local/lib/python3.7/site-packages/airflow/example_dags/example_latest_only.py
[2022-10-04T14:15:47.263+0000] {logging_mixin.py:117} INFO - [2022-10-04T14:15:47.263+0000] {dag.py:2573} INFO - Sync 1 DAGs
[2022-10-04T14:15:47.286+0000] {logging_mixin.py:117} INFO - [2022-10-04T14:15:47.285+0000] {dag.py:3328} INFO - Setting next_dagrun for latest_only to 2022-10-04T10:15:47.285732+00:00, run_after=2022-10-04T14:15:47.285732+00:00
[2022-10-04T14:15:47.299+0000] {processor.py:178} INFO - Processing /home/airflow/.local/lib/python3.7/site-packages/airflow/example_dags/example_latest_only.py took 0.121 seconds
[2022-10-04T14:16:17.536+0000] {processor.py:156} INFO - Started process (PID=160) to work on /home/airflow/.local/lib/python3.7/site-packages/airflow/example_dags/example_latest_only.py
[2022-10-04T14:16:17.537+0000] {processor.py:758} INFO - Processing file /home/airflow/.local/lib/python3.7/site-packages/airflow/example_dags/example_latest_only.py for tasks to queue
[2022-10-04T14:16:17.539+0000] {logging_mixin.py:117} INFO - [2022-10-04T14:16:17.539+0000] {dagbag.py:525} INFO - Filling up the DagBag from /home/airflow/.local/lib/python3.7/site-packages/airflow/example_dags/example_latest_only.py
[2022-10-04T14:16:17.554+0000] {processor.py:768} INFO - DAG(s) dict_keys(['latest_only']) retrieved from /home/airflow/.local/lib/python3.7/site-packages/airflow/example_dags/example_latest_only.py
[2022-10-04T14:16:17.606+0000] {logging_mixin.py:117} INFO - [2022-10-04T14:16:17.605+0000] {dag.py:2573} INFO - Sync 1 DAGs
[2022-10-04T14:16:17.635+0000] {logging_mixin.py:117} INFO - [2022-10-04T14:16:17.634+0000] {dag.py:3328} INFO - Setting next_dagrun for latest_only to 2022-10-04T10:16:17.634647+00:00, run_after=2022-10-04T14:16:17.634647+00:00
[2022-10-04T14:16:17.671+0000] {processor.py:178} INFO - Processing /home/airflow/.local/lib/python3.7/site-packages/airflow/example_dags/example_latest_only.py took 0.139 seconds
[2022-10-04T14:16:48.010+0000] {processor.py:156} INFO - Started process (PID=215) to work on /home/airflow/.local/lib/python3.7/site-packages/airflow/example_dags/example_latest_only.py
[2022-10-04T14:16:48.013+0000] {processor.py:758} INFO - Processing file /home/airflow/.local/lib/python3.7/site-packages/airflow/example_dags/example_latest_only.py for tasks to queue
[2022-10-04T14:16:48.015+0000] {logging_mixin.py:117} INFO - [2022-10-04T14:16:48.015+0000] {dagbag.py:525} INFO - Filling up the DagBag from /home/airflow/.local/lib/python3.7/site-packages/airflow/example_dags/example_latest_only.py
[2022-10-04T14:16:48.045+0000] {processor.py:768} INFO - DAG(s) dict_keys(['latest_only']) retrieved from /home/airflow/.local/lib/python3.7/site-packages/airflow/example_dags/example_latest_only.py
[2022-10-04T14:16:48.090+0000] {logging_mixin.py:117} INFO - [2022-10-04T14:16:48.090+0000] {dag.py:2573} INFO - Sync 1 DAGs
[2022-10-04T14:16:48.111+0000] {logging_mixin.py:117} INFO - [2022-10-04T14:16:48.111+0000] {dag.py:3328} INFO - Setting next_dagrun for latest_only to 2022-10-04T10:16:48.111351+00:00, run_after=2022-10-04T14:16:48.111351+00:00
[2022-10-04T14:16:48.127+0000] {processor.py:178} INFO - Processing /home/airflow/.local/lib/python3.7/site-packages/airflow/example_dags/example_latest_only.py took 0.123 seconds
[2022-10-04T14:17:18.436+0000] {processor.py:156} INFO - Started process (PID=278) to work on /home/airflow/.local/lib/python3.7/site-packages/airflow/example_dags/example_latest_only.py
[2022-10-04T14:17:18.439+0000] {processor.py:758} INFO - Processing file /home/airflow/.local/lib/python3.7/site-packages/airflow/example_dags/example_latest_only.py for tasks to queue
[2022-10-04T14:17:18.443+0000] {logging_mixin.py:117} INFO - [2022-10-04T14:17:18.442+0000] {dagbag.py:525} INFO - Filling up the DagBag from /home/airflow/.local/lib/python3.7/site-packages/airflow/example_dags/example_latest_only.py
[2022-10-04T14:17:18.464+0000] {processor.py:768} INFO - DAG(s) dict_keys(['latest_only']) retrieved from /home/airflow/.local/lib/python3.7/site-packages/airflow/example_dags/example_latest_only.py
[2022-10-04T14:17:18.502+0000] {logging_mixin.py:117} INFO - [2022-10-04T14:17:18.502+0000] {dag.py:2573} INFO - Sync 1 DAGs
[2022-10-04T14:17:18.526+0000] {logging_mixin.py:117} INFO - [2022-10-04T14:17:18.526+0000] {dag.py:3328} INFO - Setting next_dagrun for latest_only to 2022-10-04T10:17:18.526530+00:00, run_after=2022-10-04T14:17:18.526530+00:00
[2022-10-04T14:17:18.547+0000] {processor.py:178} INFO - Processing /home/airflow/.local/lib/python3.7/site-packages/airflow/example_dags/example_latest_only.py took 0.115 seconds
[2022-10-04T14:17:48.730+0000] {processor.py:156} INFO - Started process (PID=342) to work on /home/airflow/.local/lib/python3.7/site-packages/airflow/example_dags/example_latest_only.py
[2022-10-04T14:17:48.733+0000] {processor.py:758} INFO - Processing file /home/airflow/.local/lib/python3.7/site-packages/airflow/example_dags/example_latest_only.py for tasks to queue
[2022-10-04T14:17:48.734+0000] {logging_mixin.py:117} INFO - [2022-10-04T14:17:48.734+0000] {dagbag.py:525} INFO - Filling up the DagBag from /home/airflow/.local/lib/python3.7/site-packages/airflow/example_dags/example_latest_only.py
[2022-10-04T14:17:48.752+0000] {processor.py:768} INFO - DAG(s) dict_keys(['latest_only']) retrieved from /home/airflow/.local/lib/python3.7/site-packages/airflow/example_dags/example_latest_only.py
[2022-10-04T14:17:48.796+0000] {logging_mixin.py:117} INFO - [2022-10-04T14:17:48.796+0000] {dag.py:2573} INFO - Sync 1 DAGs
[2022-10-04T14:17:48.818+0000] {logging_mixin.py:117} INFO - [2022-10-04T14:17:48.818+0000] {dag.py:3328} INFO - Setting next_dagrun for latest_only to 2022-10-04T10:17:48.817927+00:00, run_after=2022-10-04T14:17:48.817927+00:00
[2022-10-04T14:17:48.831+0000] {processor.py:178} INFO - Processing /home/airflow/.local/lib/python3.7/site-packages/airflow/example_dags/example_latest_only.py took 0.105 seconds
[2022-10-04T14:18:18.878+0000] {processor.py:156} INFO - Started process (PID=406) to work on /home/airflow/.local/lib/python3.7/site-packages/airflow/example_dags/example_latest_only.py
[2022-10-04T14:18:18.881+0000] {processor.py:758} INFO - Processing file /home/airflow/.local/lib/python3.7/site-packages/airflow/example_dags/example_latest_only.py for tasks to queue
[2022-10-04T14:18:18.882+0000] {logging_mixin.py:117} INFO - [2022-10-04T14:18:18.882+0000] {dagbag.py:525} INFO - Filling up the DagBag from /home/airflow/.local/lib/python3.7/site-packages/airflow/example_dags/example_latest_only.py
[2022-10-04T14:18:18.891+0000] {processor.py:768} INFO - DAG(s) dict_keys(['latest_only']) retrieved from /home/airflow/.local/lib/python3.7/site-packages/airflow/example_dags/example_latest_only.py
[2022-10-04T14:18:18.917+0000] {logging_mixin.py:117} INFO - [2022-10-04T14:18:18.917+0000] {dag.py:2573} INFO - Sync 1 DAGs
[2022-10-04T14:18:18.932+0000] {logging_mixin.py:117} INFO - [2022-10-04T14:18:18.932+0000] {dag.py:3328} INFO - Setting next_dagrun for latest_only to 2022-10-04T10:18:18.932576+00:00, run_after=2022-10-04T14:18:18.932576+00:00
[2022-10-04T14:18:18.943+0000] {processor.py:178} INFO - Processing /home/airflow/.local/lib/python3.7/site-packages/airflow/example_dags/example_latest_only.py took 0.068 seconds
[2022-10-04T14:18:49.134+0000] {processor.py:156} INFO - Started process (PID=469) to work on /home/airflow/.local/lib/python3.7/site-packages/airflow/example_dags/example_latest_only.py
[2022-10-04T14:18:49.136+0000] {processor.py:758} INFO - Processing file /home/airflow/.local/lib/python3.7/site-packages/airflow/example_dags/example_latest_only.py for tasks to queue
[2022-10-04T14:18:49.138+0000] {logging_mixin.py:117} INFO - [2022-10-04T14:18:49.138+0000] {dagbag.py:525} INFO - Filling up the DagBag from /home/airflow/.local/lib/python3.7/site-packages/airflow/example_dags/example_latest_only.py
[2022-10-04T14:18:49.151+0000] {processor.py:768} INFO - DAG(s) dict_keys(['latest_only']) retrieved from /home/airflow/.local/lib/python3.7/site-packages/airflow/example_dags/example_latest_only.py
[2022-10-04T14:18:49.178+0000] {logging_mixin.py:117} INFO - [2022-10-04T14:18:49.178+0000] {dag.py:2573} INFO - Sync 1 DAGs
[2022-10-04T14:18:49.193+0000] {logging_mixin.py:117} INFO - [2022-10-04T14:18:49.193+0000] {dag.py:3328} INFO - Setting next_dagrun for latest_only to 2022-10-04T10:18:49.193366+00:00, run_after=2022-10-04T14:18:49.193366+00:00
[2022-10-04T14:18:49.206+0000] {processor.py:178} INFO - Processing /home/airflow/.local/lib/python3.7/site-packages/airflow/example_dags/example_latest_only.py took 0.075 seconds
[2022-10-04T14:19:19.348+0000] {processor.py:156} INFO - Started process (PID=533) to work on /home/airflow/.local/lib/python3.7/site-packages/airflow/example_dags/example_latest_only.py
[2022-10-04T14:19:19.350+0000] {processor.py:758} INFO - Processing file /home/airflow/.local/lib/python3.7/site-packages/airflow/example_dags/example_latest_only.py for tasks to queue
[2022-10-04T14:19:19.351+0000] {logging_mixin.py:117} INFO - [2022-10-04T14:19:19.351+0000] {dagbag.py:525} INFO - Filling up the DagBag from /home/airflow/.local/lib/python3.7/site-packages/airflow/example_dags/example_latest_only.py
[2022-10-04T14:19:19.364+0000] {processor.py:768} INFO - DAG(s) dict_keys(['latest_only']) retrieved from /home/airflow/.local/lib/python3.7/site-packages/airflow/example_dags/example_latest_only.py
[2022-10-04T14:19:19.401+0000] {logging_mixin.py:117} INFO - [2022-10-04T14:19:19.400+0000] {dag.py:2573} INFO - Sync 1 DAGs
[2022-10-04T14:19:19.426+0000] {logging_mixin.py:117} INFO - [2022-10-04T14:19:19.426+0000] {dag.py:3328} INFO - Setting next_dagrun for latest_only to 2022-10-04T10:19:19.425897+00:00, run_after=2022-10-04T14:19:19.425897+00:00
[2022-10-04T14:19:19.443+0000] {processor.py:178} INFO - Processing /home/airflow/.local/lib/python3.7/site-packages/airflow/example_dags/example_latest_only.py took 0.097 seconds
[2022-10-04T14:19:49.726+0000] {processor.py:156} INFO - Started process (PID=588) to work on /home/airflow/.local/lib/python3.7/site-packages/airflow/example_dags/example_latest_only.py
[2022-10-04T14:19:49.732+0000] {processor.py:758} INFO - Processing file /home/airflow/.local/lib/python3.7/site-packages/airflow/example_dags/example_latest_only.py for tasks to queue
[2022-10-04T14:19:49.735+0000] {logging_mixin.py:117} INFO - [2022-10-04T14:19:49.734+0000] {dagbag.py:525} INFO - Filling up the DagBag from /home/airflow/.local/lib/python3.7/site-packages/airflow/example_dags/example_latest_only.py
[2022-10-04T14:19:49.752+0000] {processor.py:768} INFO - DAG(s) dict_keys(['latest_only']) retrieved from /home/airflow/.local/lib/python3.7/site-packages/airflow/example_dags/example_latest_only.py
[2022-10-04T14:19:49.794+0000] {logging_mixin.py:117} INFO - [2022-10-04T14:19:49.794+0000] {dag.py:2573} INFO - Sync 1 DAGs
[2022-10-04T14:19:49.812+0000] {logging_mixin.py:117} INFO - [2022-10-04T14:19:49.812+0000] {dag.py:3328} INFO - Setting next_dagrun for latest_only to 2022-10-04T10:19:49.812426+00:00, run_after=2022-10-04T14:19:49.812426+00:00
[2022-10-04T14:19:49.829+0000] {processor.py:178} INFO - Processing /home/airflow/.local/lib/python3.7/site-packages/airflow/example_dags/example_latest_only.py took 0.108 seconds
[2022-10-04T14:20:20.106+0000] {processor.py:156} INFO - Started process (PID=651) to work on /home/airflow/.local/lib/python3.7/site-packages/airflow/example_dags/example_latest_only.py
[2022-10-04T14:20:20.109+0000] {processor.py:758} INFO - Processing file /home/airflow/.local/lib/python3.7/site-packages/airflow/example_dags/example_latest_only.py for tasks to queue
[2022-10-04T14:20:20.110+0000] {logging_mixin.py:117} INFO - [2022-10-04T14:20:20.110+0000] {dagbag.py:525} INFO - Filling up the DagBag from /home/airflow/.local/lib/python3.7/site-packages/airflow/example_dags/example_latest_only.py
[2022-10-04T14:20:20.132+0000] {processor.py:768} INFO - DAG(s) dict_keys(['latest_only']) retrieved from /home/airflow/.local/lib/python3.7/site-packages/airflow/example_dags/example_latest_only.py
[2022-10-04T14:20:20.177+0000] {logging_mixin.py:117} INFO - [2022-10-04T14:20:20.177+0000] {dag.py:2573} INFO - Sync 1 DAGs
[2022-10-04T14:20:20.194+0000] {logging_mixin.py:117} INFO - [2022-10-04T14:20:20.194+0000] {dag.py:3328} INFO - Setting next_dagrun for latest_only to 2022-10-04T10:20:20.194167+00:00, run_after=2022-10-04T14:20:20.194167+00:00
[2022-10-04T14:20:20.207+0000] {processor.py:178} INFO - Processing /home/airflow/.local/lib/python3.7/site-packages/airflow/example_dags/example_latest_only.py took 0.111 seconds
