[2022-10-04T14:15:18.016+0000] {processor.py:156} INFO - Started process (PID=50) to work on /home/airflow/.local/lib/python3.7/site-packages/airflow/example_dags/example_trigger_target_dag.py
[2022-10-04T14:15:18.022+0000] {processor.py:758} INFO - Processing file /home/airflow/.local/lib/python3.7/site-packages/airflow/example_dags/example_trigger_target_dag.py for tasks to queue
[2022-10-04T14:15:18.025+0000] {logging_mixin.py:117} INFO - [2022-10-04T14:15:18.025+0000] {dagbag.py:525} INFO - Filling up the DagBag from /home/airflow/.local/lib/python3.7/site-packages/airflow/example_dags/example_trigger_target_dag.py
[2022-10-04T14:15:18.113+0000] {processor.py:768} INFO - DAG(s) dict_keys(['example_trigger_target_dag']) retrieved from /home/airflow/.local/lib/python3.7/site-packages/airflow/example_dags/example_trigger_target_dag.py
[2022-10-04T14:15:18.141+0000] {logging_mixin.py:117} INFO - [2022-10-04T14:15:18.141+0000] {dag.py:2573} INFO - Sync 1 DAGs
[2022-10-04T14:15:18.181+0000] {logging_mixin.py:117} INFO - [2022-10-04T14:15:18.181+0000] {dag.py:3328} INFO - Setting next_dagrun for example_trigger_target_dag to None, run_after=None
[2022-10-04T14:15:18.311+0000] {processor.py:178} INFO - Processing /home/airflow/.local/lib/python3.7/site-packages/airflow/example_dags/example_trigger_target_dag.py took 0.303 seconds
[2022-10-04T14:15:49.042+0000] {processor.py:156} INFO - Started process (PID=111) to work on /home/airflow/.local/lib/python3.7/site-packages/airflow/example_dags/example_trigger_target_dag.py
[2022-10-04T14:15:49.044+0000] {processor.py:758} INFO - Processing file /home/airflow/.local/lib/python3.7/site-packages/airflow/example_dags/example_trigger_target_dag.py for tasks to queue
[2022-10-04T14:15:49.045+0000] {logging_mixin.py:117} INFO - [2022-10-04T14:15:49.045+0000] {dagbag.py:525} INFO - Filling up the DagBag from /home/airflow/.local/lib/python3.7/site-packages/airflow/example_dags/example_trigger_target_dag.py
[2022-10-04T14:15:49.077+0000] {processor.py:768} INFO - DAG(s) dict_keys(['example_trigger_target_dag']) retrieved from /home/airflow/.local/lib/python3.7/site-packages/airflow/example_dags/example_trigger_target_dag.py
[2022-10-04T14:15:49.111+0000] {logging_mixin.py:117} INFO - [2022-10-04T14:15:49.111+0000] {dag.py:2573} INFO - Sync 1 DAGs
[2022-10-04T14:15:49.127+0000] {logging_mixin.py:117} INFO - [2022-10-04T14:15:49.127+0000] {dag.py:3328} INFO - Setting next_dagrun for example_trigger_target_dag to None, run_after=None
[2022-10-04T14:15:49.140+0000] {processor.py:178} INFO - Processing /home/airflow/.local/lib/python3.7/site-packages/airflow/example_dags/example_trigger_target_dag.py took 0.102 seconds
[2022-10-04T14:16:19.577+0000] {processor.py:156} INFO - Started process (PID=175) to work on /home/airflow/.local/lib/python3.7/site-packages/airflow/example_dags/example_trigger_target_dag.py
[2022-10-04T14:16:19.580+0000] {processor.py:758} INFO - Processing file /home/airflow/.local/lib/python3.7/site-packages/airflow/example_dags/example_trigger_target_dag.py for tasks to queue
[2022-10-04T14:16:19.582+0000] {logging_mixin.py:117} INFO - [2022-10-04T14:16:19.582+0000] {dagbag.py:525} INFO - Filling up the DagBag from /home/airflow/.local/lib/python3.7/site-packages/airflow/example_dags/example_trigger_target_dag.py
[2022-10-04T14:16:19.609+0000] {processor.py:768} INFO - DAG(s) dict_keys(['example_trigger_target_dag']) retrieved from /home/airflow/.local/lib/python3.7/site-packages/airflow/example_dags/example_trigger_target_dag.py
[2022-10-04T14:16:19.641+0000] {logging_mixin.py:117} INFO - [2022-10-04T14:16:19.641+0000] {dag.py:2573} INFO - Sync 1 DAGs
[2022-10-04T14:16:19.658+0000] {logging_mixin.py:117} INFO - [2022-10-04T14:16:19.658+0000] {dag.py:3328} INFO - Setting next_dagrun for example_trigger_target_dag to None, run_after=None
[2022-10-04T14:16:19.671+0000] {processor.py:178} INFO - Processing /home/airflow/.local/lib/python3.7/site-packages/airflow/example_dags/example_trigger_target_dag.py took 0.098 seconds
[2022-10-04T14:16:49.991+0000] {processor.py:156} INFO - Started process (PID=239) to work on /home/airflow/.local/lib/python3.7/site-packages/airflow/example_dags/example_trigger_target_dag.py
[2022-10-04T14:16:49.995+0000] {processor.py:758} INFO - Processing file /home/airflow/.local/lib/python3.7/site-packages/airflow/example_dags/example_trigger_target_dag.py for tasks to queue
[2022-10-04T14:16:49.996+0000] {logging_mixin.py:117} INFO - [2022-10-04T14:16:49.996+0000] {dagbag.py:525} INFO - Filling up the DagBag from /home/airflow/.local/lib/python3.7/site-packages/airflow/example_dags/example_trigger_target_dag.py
[2022-10-04T14:16:50.015+0000] {processor.py:768} INFO - DAG(s) dict_keys(['example_trigger_target_dag']) retrieved from /home/airflow/.local/lib/python3.7/site-packages/airflow/example_dags/example_trigger_target_dag.py
[2022-10-04T14:16:50.039+0000] {logging_mixin.py:117} INFO - [2022-10-04T14:16:50.039+0000] {dag.py:2573} INFO - Sync 1 DAGs
[2022-10-04T14:16:50.053+0000] {logging_mixin.py:117} INFO - [2022-10-04T14:16:50.053+0000] {dag.py:3328} INFO - Setting next_dagrun for example_trigger_target_dag to None, run_after=None
[2022-10-04T14:16:50.065+0000] {processor.py:178} INFO - Processing /home/airflow/.local/lib/python3.7/site-packages/airflow/example_dags/example_trigger_target_dag.py took 0.080 seconds
[2022-10-04T14:17:20.394+0000] {processor.py:156} INFO - Started process (PID=293) to work on /home/airflow/.local/lib/python3.7/site-packages/airflow/example_dags/example_trigger_target_dag.py
[2022-10-04T14:17:20.397+0000] {processor.py:758} INFO - Processing file /home/airflow/.local/lib/python3.7/site-packages/airflow/example_dags/example_trigger_target_dag.py for tasks to queue
[2022-10-04T14:17:20.401+0000] {logging_mixin.py:117} INFO - [2022-10-04T14:17:20.401+0000] {dagbag.py:525} INFO - Filling up the DagBag from /home/airflow/.local/lib/python3.7/site-packages/airflow/example_dags/example_trigger_target_dag.py
[2022-10-04T14:17:20.422+0000] {processor.py:768} INFO - DAG(s) dict_keys(['example_trigger_target_dag']) retrieved from /home/airflow/.local/lib/python3.7/site-packages/airflow/example_dags/example_trigger_target_dag.py
[2022-10-04T14:17:20.449+0000] {logging_mixin.py:117} INFO - [2022-10-04T14:17:20.449+0000] {dag.py:2573} INFO - Sync 1 DAGs
[2022-10-04T14:17:20.463+0000] {logging_mixin.py:117} INFO - [2022-10-04T14:17:20.463+0000] {dag.py:3328} INFO - Setting next_dagrun for example_trigger_target_dag to None, run_after=None
[2022-10-04T14:17:20.474+0000] {processor.py:178} INFO - Processing /home/airflow/.local/lib/python3.7/site-packages/airflow/example_dags/example_trigger_target_dag.py took 0.085 seconds
[2022-10-04T14:17:50.552+0000] {processor.py:156} INFO - Started process (PID=357) to work on /home/airflow/.local/lib/python3.7/site-packages/airflow/example_dags/example_trigger_target_dag.py
[2022-10-04T14:17:50.554+0000] {processor.py:758} INFO - Processing file /home/airflow/.local/lib/python3.7/site-packages/airflow/example_dags/example_trigger_target_dag.py for tasks to queue
[2022-10-04T14:17:50.556+0000] {logging_mixin.py:117} INFO - [2022-10-04T14:17:50.556+0000] {dagbag.py:525} INFO - Filling up the DagBag from /home/airflow/.local/lib/python3.7/site-packages/airflow/example_dags/example_trigger_target_dag.py
[2022-10-04T14:17:50.576+0000] {processor.py:768} INFO - DAG(s) dict_keys(['example_trigger_target_dag']) retrieved from /home/airflow/.local/lib/python3.7/site-packages/airflow/example_dags/example_trigger_target_dag.py
[2022-10-04T14:17:50.605+0000] {logging_mixin.py:117} INFO - [2022-10-04T14:17:50.605+0000] {dag.py:2573} INFO - Sync 1 DAGs
[2022-10-04T14:17:50.620+0000] {logging_mixin.py:117} INFO - [2022-10-04T14:17:50.620+0000] {dag.py:3328} INFO - Setting next_dagrun for example_trigger_target_dag to None, run_after=None
[2022-10-04T14:17:50.632+0000] {processor.py:178} INFO - Processing /home/airflow/.local/lib/python3.7/site-packages/airflow/example_dags/example_trigger_target_dag.py took 0.082 seconds
[2022-10-04T14:18:20.700+0000] {processor.py:156} INFO - Started process (PID=421) to work on /home/airflow/.local/lib/python3.7/site-packages/airflow/example_dags/example_trigger_target_dag.py
[2022-10-04T14:18:20.702+0000] {processor.py:758} INFO - Processing file /home/airflow/.local/lib/python3.7/site-packages/airflow/example_dags/example_trigger_target_dag.py for tasks to queue
[2022-10-04T14:18:20.703+0000] {logging_mixin.py:117} INFO - [2022-10-04T14:18:20.703+0000] {dagbag.py:525} INFO - Filling up the DagBag from /home/airflow/.local/lib/python3.7/site-packages/airflow/example_dags/example_trigger_target_dag.py
[2022-10-04T14:18:20.719+0000] {processor.py:768} INFO - DAG(s) dict_keys(['example_trigger_target_dag']) retrieved from /home/airflow/.local/lib/python3.7/site-packages/airflow/example_dags/example_trigger_target_dag.py
[2022-10-04T14:18:20.747+0000] {logging_mixin.py:117} INFO - [2022-10-04T14:18:20.747+0000] {dag.py:2573} INFO - Sync 1 DAGs
[2022-10-04T14:18:20.761+0000] {logging_mixin.py:117} INFO - [2022-10-04T14:18:20.761+0000] {dag.py:3328} INFO - Setting next_dagrun for example_trigger_target_dag to None, run_after=None
[2022-10-04T14:18:20.773+0000] {processor.py:178} INFO - Processing /home/airflow/.local/lib/python3.7/site-packages/airflow/example_dags/example_trigger_target_dag.py took 0.076 seconds
[2022-10-04T14:18:50.971+0000] {processor.py:156} INFO - Started process (PID=484) to work on /home/airflow/.local/lib/python3.7/site-packages/airflow/example_dags/example_trigger_target_dag.py
[2022-10-04T14:18:50.972+0000] {processor.py:758} INFO - Processing file /home/airflow/.local/lib/python3.7/site-packages/airflow/example_dags/example_trigger_target_dag.py for tasks to queue
[2022-10-04T14:18:50.974+0000] {logging_mixin.py:117} INFO - [2022-10-04T14:18:50.974+0000] {dagbag.py:525} INFO - Filling up the DagBag from /home/airflow/.local/lib/python3.7/site-packages/airflow/example_dags/example_trigger_target_dag.py
[2022-10-04T14:18:50.991+0000] {processor.py:768} INFO - DAG(s) dict_keys(['example_trigger_target_dag']) retrieved from /home/airflow/.local/lib/python3.7/site-packages/airflow/example_dags/example_trigger_target_dag.py
[2022-10-04T14:18:51.020+0000] {logging_mixin.py:117} INFO - [2022-10-04T14:18:51.020+0000] {dag.py:2573} INFO - Sync 1 DAGs
[2022-10-04T14:18:51.039+0000] {logging_mixin.py:117} INFO - [2022-10-04T14:18:51.039+0000] {dag.py:3328} INFO - Setting next_dagrun for example_trigger_target_dag to None, run_after=None
[2022-10-04T14:18:51.050+0000] {processor.py:178} INFO - Processing /home/airflow/.local/lib/python3.7/site-packages/airflow/example_dags/example_trigger_target_dag.py took 0.081 seconds
[2022-10-04T14:19:21.251+0000] {processor.py:156} INFO - Started process (PID=548) to work on /home/airflow/.local/lib/python3.7/site-packages/airflow/example_dags/example_trigger_target_dag.py
[2022-10-04T14:19:21.256+0000] {processor.py:758} INFO - Processing file /home/airflow/.local/lib/python3.7/site-packages/airflow/example_dags/example_trigger_target_dag.py for tasks to queue
[2022-10-04T14:19:21.259+0000] {logging_mixin.py:117} INFO - [2022-10-04T14:19:21.259+0000] {dagbag.py:525} INFO - Filling up the DagBag from /home/airflow/.local/lib/python3.7/site-packages/airflow/example_dags/example_trigger_target_dag.py
[2022-10-04T14:19:21.284+0000] {processor.py:768} INFO - DAG(s) dict_keys(['example_trigger_target_dag']) retrieved from /home/airflow/.local/lib/python3.7/site-packages/airflow/example_dags/example_trigger_target_dag.py
[2022-10-04T14:19:21.325+0000] {logging_mixin.py:117} INFO - [2022-10-04T14:19:21.325+0000] {dag.py:2573} INFO - Sync 1 DAGs
[2022-10-04T14:19:21.355+0000] {logging_mixin.py:117} INFO - [2022-10-04T14:19:21.354+0000] {dag.py:3328} INFO - Setting next_dagrun for example_trigger_target_dag to None, run_after=None
[2022-10-04T14:19:21.370+0000] {processor.py:178} INFO - Processing /home/airflow/.local/lib/python3.7/site-packages/airflow/example_dags/example_trigger_target_dag.py took 0.124 seconds
[2022-10-04T14:19:51.531+0000] {processor.py:156} INFO - Started process (PID=612) to work on /home/airflow/.local/lib/python3.7/site-packages/airflow/example_dags/example_trigger_target_dag.py
[2022-10-04T14:19:51.534+0000] {processor.py:758} INFO - Processing file /home/airflow/.local/lib/python3.7/site-packages/airflow/example_dags/example_trigger_target_dag.py for tasks to queue
[2022-10-04T14:19:51.535+0000] {logging_mixin.py:117} INFO - [2022-10-04T14:19:51.535+0000] {dagbag.py:525} INFO - Filling up the DagBag from /home/airflow/.local/lib/python3.7/site-packages/airflow/example_dags/example_trigger_target_dag.py
[2022-10-04T14:19:51.556+0000] {processor.py:768} INFO - DAG(s) dict_keys(['example_trigger_target_dag']) retrieved from /home/airflow/.local/lib/python3.7/site-packages/airflow/example_dags/example_trigger_target_dag.py
[2022-10-04T14:19:51.586+0000] {logging_mixin.py:117} INFO - [2022-10-04T14:19:51.586+0000] {dag.py:2573} INFO - Sync 1 DAGs
[2022-10-04T14:19:51.611+0000] {logging_mixin.py:117} INFO - [2022-10-04T14:19:51.611+0000] {dag.py:3328} INFO - Setting next_dagrun for example_trigger_target_dag to None, run_after=None
[2022-10-04T14:19:51.625+0000] {processor.py:178} INFO - Processing /home/airflow/.local/lib/python3.7/site-packages/airflow/example_dags/example_trigger_target_dag.py took 0.096 seconds
[2022-10-04T14:20:21.928+0000] {processor.py:156} INFO - Started process (PID=666) to work on /home/airflow/.local/lib/python3.7/site-packages/airflow/example_dags/example_trigger_target_dag.py
[2022-10-04T14:20:21.930+0000] {processor.py:758} INFO - Processing file /home/airflow/.local/lib/python3.7/site-packages/airflow/example_dags/example_trigger_target_dag.py for tasks to queue
[2022-10-04T14:20:21.934+0000] {logging_mixin.py:117} INFO - [2022-10-04T14:20:21.934+0000] {dagbag.py:525} INFO - Filling up the DagBag from /home/airflow/.local/lib/python3.7/site-packages/airflow/example_dags/example_trigger_target_dag.py
[2022-10-04T14:20:21.955+0000] {processor.py:768} INFO - DAG(s) dict_keys(['example_trigger_target_dag']) retrieved from /home/airflow/.local/lib/python3.7/site-packages/airflow/example_dags/example_trigger_target_dag.py
[2022-10-04T14:20:21.980+0000] {logging_mixin.py:117} INFO - [2022-10-04T14:20:21.980+0000] {dag.py:2573} INFO - Sync 1 DAGs
[2022-10-04T14:20:21.996+0000] {logging_mixin.py:117} INFO - [2022-10-04T14:20:21.996+0000] {dag.py:3328} INFO - Setting next_dagrun for example_trigger_target_dag to None, run_after=None
[2022-10-04T14:20:22.011+0000] {processor.py:178} INFO - Processing /home/airflow/.local/lib/python3.7/site-packages/airflow/example_dags/example_trigger_target_dag.py took 0.088 seconds
