[2022-10-04T14:15:15.883+0000] {processor.py:156} INFO - Started process (PID=34) to work on /home/airflow/.local/lib/python3.7/site-packages/airflow/example_dags/example_short_circuit_decorator.py
[2022-10-04T14:15:15.885+0000] {processor.py:758} INFO - Processing file /home/airflow/.local/lib/python3.7/site-packages/airflow/example_dags/example_short_circuit_decorator.py for tasks to queue
[2022-10-04T14:15:15.887+0000] {logging_mixin.py:117} INFO - [2022-10-04T14:15:15.887+0000] {dagbag.py:525} INFO - Filling up the DagBag from /home/airflow/.local/lib/python3.7/site-packages/airflow/example_dags/example_short_circuit_decorator.py
[2022-10-04T14:15:16.290+0000] {processor.py:768} INFO - DAG(s) dict_keys(['example_short_circuit_decorator']) retrieved from /home/airflow/.local/lib/python3.7/site-packages/airflow/example_dags/example_short_circuit_decorator.py
[2022-10-04T14:15:16.355+0000] {logging_mixin.py:117} INFO - [2022-10-04T14:15:16.355+0000] {dag.py:2573} INFO - Sync 1 DAGs
[2022-10-04T14:15:16.392+0000] {logging_mixin.py:117} INFO - [2022-10-04T14:15:16.392+0000] {dag.py:3328} INFO - Setting next_dagrun for example_short_circuit_decorator to 2022-10-03T14:15:16.392585+00:00, run_after=2022-10-04T14:15:16.392585+00:00
[2022-10-04T14:15:16.423+0000] {processor.py:178} INFO - Processing /home/airflow/.local/lib/python3.7/site-packages/airflow/example_dags/example_short_circuit_decorator.py took 0.542 seconds
[2022-10-04T14:15:47.183+0000] {processor.py:156} INFO - Started process (PID=95) to work on /home/airflow/.local/lib/python3.7/site-packages/airflow/example_dags/example_short_circuit_decorator.py
[2022-10-04T14:15:47.185+0000] {processor.py:758} INFO - Processing file /home/airflow/.local/lib/python3.7/site-packages/airflow/example_dags/example_short_circuit_decorator.py for tasks to queue
[2022-10-04T14:15:47.187+0000] {logging_mixin.py:117} INFO - [2022-10-04T14:15:47.187+0000] {dagbag.py:525} INFO - Filling up the DagBag from /home/airflow/.local/lib/python3.7/site-packages/airflow/example_dags/example_short_circuit_decorator.py
[2022-10-04T14:15:47.217+0000] {processor.py:768} INFO - DAG(s) dict_keys(['example_short_circuit_decorator']) retrieved from /home/airflow/.local/lib/python3.7/site-packages/airflow/example_dags/example_short_circuit_decorator.py
[2022-10-04T14:15:47.263+0000] {logging_mixin.py:117} INFO - [2022-10-04T14:15:47.263+0000] {dag.py:2573} INFO - Sync 1 DAGs
[2022-10-04T14:15:47.286+0000] {logging_mixin.py:117} INFO - [2022-10-04T14:15:47.285+0000] {dag.py:3328} INFO - Setting next_dagrun for example_short_circuit_decorator to 2022-10-03T14:15:47.285745+00:00, run_after=2022-10-04T14:15:47.285745+00:00
[2022-10-04T14:15:47.299+0000] {processor.py:178} INFO - Processing /home/airflow/.local/lib/python3.7/site-packages/airflow/example_dags/example_short_circuit_decorator.py took 0.121 seconds
[2022-10-04T14:16:17.536+0000] {processor.py:156} INFO - Started process (PID=159) to work on /home/airflow/.local/lib/python3.7/site-packages/airflow/example_dags/example_short_circuit_decorator.py
[2022-10-04T14:16:17.537+0000] {processor.py:758} INFO - Processing file /home/airflow/.local/lib/python3.7/site-packages/airflow/example_dags/example_short_circuit_decorator.py for tasks to queue
[2022-10-04T14:16:17.539+0000] {logging_mixin.py:117} INFO - [2022-10-04T14:16:17.539+0000] {dagbag.py:525} INFO - Filling up the DagBag from /home/airflow/.local/lib/python3.7/site-packages/airflow/example_dags/example_short_circuit_decorator.py
[2022-10-04T14:16:17.562+0000] {processor.py:768} INFO - DAG(s) dict_keys(['example_short_circuit_decorator']) retrieved from /home/airflow/.local/lib/python3.7/site-packages/airflow/example_dags/example_short_circuit_decorator.py
[2022-10-04T14:16:17.606+0000] {logging_mixin.py:117} INFO - [2022-10-04T14:16:17.606+0000] {dag.py:2573} INFO - Sync 1 DAGs
[2022-10-04T14:16:17.636+0000] {logging_mixin.py:117} INFO - [2022-10-04T14:16:17.636+0000] {dag.py:3328} INFO - Setting next_dagrun for example_short_circuit_decorator to 2022-10-03T14:16:17.636033+00:00, run_after=2022-10-04T14:16:17.636033+00:00
[2022-10-04T14:16:17.671+0000] {processor.py:178} INFO - Processing /home/airflow/.local/lib/python3.7/site-packages/airflow/example_dags/example_short_circuit_decorator.py took 0.138 seconds
[2022-10-04T14:16:48.012+0000] {processor.py:156} INFO - Started process (PID=214) to work on /home/airflow/.local/lib/python3.7/site-packages/airflow/example_dags/example_short_circuit_decorator.py
[2022-10-04T14:16:48.014+0000] {processor.py:758} INFO - Processing file /home/airflow/.local/lib/python3.7/site-packages/airflow/example_dags/example_short_circuit_decorator.py for tasks to queue
[2022-10-04T14:16:48.016+0000] {logging_mixin.py:117} INFO - [2022-10-04T14:16:48.016+0000] {dagbag.py:525} INFO - Filling up the DagBag from /home/airflow/.local/lib/python3.7/site-packages/airflow/example_dags/example_short_circuit_decorator.py
[2022-10-04T14:16:48.049+0000] {processor.py:768} INFO - DAG(s) dict_keys(['example_short_circuit_decorator']) retrieved from /home/airflow/.local/lib/python3.7/site-packages/airflow/example_dags/example_short_circuit_decorator.py
[2022-10-04T14:16:48.090+0000] {logging_mixin.py:117} INFO - [2022-10-04T14:16:48.090+0000] {dag.py:2573} INFO - Sync 1 DAGs
[2022-10-04T14:16:48.111+0000] {logging_mixin.py:117} INFO - [2022-10-04T14:16:48.111+0000] {dag.py:3328} INFO - Setting next_dagrun for example_short_circuit_decorator to 2022-10-03T14:16:48.111351+00:00, run_after=2022-10-04T14:16:48.111351+00:00
[2022-10-04T14:16:48.127+0000] {processor.py:178} INFO - Processing /home/airflow/.local/lib/python3.7/site-packages/airflow/example_dags/example_short_circuit_decorator.py took 0.122 seconds
[2022-10-04T14:17:18.436+0000] {processor.py:156} INFO - Started process (PID=277) to work on /home/airflow/.local/lib/python3.7/site-packages/airflow/example_dags/example_short_circuit_decorator.py
[2022-10-04T14:17:18.439+0000] {processor.py:758} INFO - Processing file /home/airflow/.local/lib/python3.7/site-packages/airflow/example_dags/example_short_circuit_decorator.py for tasks to queue
[2022-10-04T14:17:18.443+0000] {logging_mixin.py:117} INFO - [2022-10-04T14:17:18.443+0000] {dagbag.py:525} INFO - Filling up the DagBag from /home/airflow/.local/lib/python3.7/site-packages/airflow/example_dags/example_short_circuit_decorator.py
[2022-10-04T14:17:18.471+0000] {processor.py:768} INFO - DAG(s) dict_keys(['example_short_circuit_decorator']) retrieved from /home/airflow/.local/lib/python3.7/site-packages/airflow/example_dags/example_short_circuit_decorator.py
[2022-10-04T14:17:18.505+0000] {logging_mixin.py:117} INFO - [2022-10-04T14:17:18.505+0000] {dag.py:2573} INFO - Sync 1 DAGs
[2022-10-04T14:17:18.526+0000] {logging_mixin.py:117} INFO - [2022-10-04T14:17:18.526+0000] {dag.py:3328} INFO - Setting next_dagrun for example_short_circuit_decorator to 2022-10-03T14:17:18.526517+00:00, run_after=2022-10-04T14:17:18.526517+00:00
[2022-10-04T14:17:18.547+0000] {processor.py:178} INFO - Processing /home/airflow/.local/lib/python3.7/site-packages/airflow/example_dags/example_short_circuit_decorator.py took 0.117 seconds
[2022-10-04T14:17:48.730+0000] {processor.py:156} INFO - Started process (PID=341) to work on /home/airflow/.local/lib/python3.7/site-packages/airflow/example_dags/example_short_circuit_decorator.py
[2022-10-04T14:17:48.733+0000] {processor.py:758} INFO - Processing file /home/airflow/.local/lib/python3.7/site-packages/airflow/example_dags/example_short_circuit_decorator.py for tasks to queue
[2022-10-04T14:17:48.734+0000] {logging_mixin.py:117} INFO - [2022-10-04T14:17:48.734+0000] {dagbag.py:525} INFO - Filling up the DagBag from /home/airflow/.local/lib/python3.7/site-packages/airflow/example_dags/example_short_circuit_decorator.py
[2022-10-04T14:17:48.758+0000] {processor.py:768} INFO - DAG(s) dict_keys(['example_short_circuit_decorator']) retrieved from /home/airflow/.local/lib/python3.7/site-packages/airflow/example_dags/example_short_circuit_decorator.py
[2022-10-04T14:17:48.796+0000] {logging_mixin.py:117} INFO - [2022-10-04T14:17:48.796+0000] {dag.py:2573} INFO - Sync 1 DAGs
[2022-10-04T14:17:48.819+0000] {logging_mixin.py:117} INFO - [2022-10-04T14:17:48.819+0000] {dag.py:3328} INFO - Setting next_dagrun for example_short_circuit_decorator to 2022-10-03T14:17:48.819592+00:00, run_after=2022-10-04T14:17:48.819592+00:00
[2022-10-04T14:17:48.831+0000] {processor.py:178} INFO - Processing /home/airflow/.local/lib/python3.7/site-packages/airflow/example_dags/example_short_circuit_decorator.py took 0.105 seconds
[2022-10-04T14:18:18.873+0000] {processor.py:156} INFO - Started process (PID=405) to work on /home/airflow/.local/lib/python3.7/site-packages/airflow/example_dags/example_short_circuit_decorator.py
[2022-10-04T14:18:18.875+0000] {processor.py:758} INFO - Processing file /home/airflow/.local/lib/python3.7/site-packages/airflow/example_dags/example_short_circuit_decorator.py for tasks to queue
[2022-10-04T14:18:18.876+0000] {logging_mixin.py:117} INFO - [2022-10-04T14:18:18.876+0000] {dagbag.py:525} INFO - Filling up the DagBag from /home/airflow/.local/lib/python3.7/site-packages/airflow/example_dags/example_short_circuit_decorator.py
[2022-10-04T14:18:18.892+0000] {processor.py:768} INFO - DAG(s) dict_keys(['example_short_circuit_decorator']) retrieved from /home/airflow/.local/lib/python3.7/site-packages/airflow/example_dags/example_short_circuit_decorator.py
[2022-10-04T14:18:18.918+0000] {logging_mixin.py:117} INFO - [2022-10-04T14:18:18.917+0000] {dag.py:2573} INFO - Sync 1 DAGs
[2022-10-04T14:18:18.933+0000] {logging_mixin.py:117} INFO - [2022-10-04T14:18:18.932+0000] {dag.py:3328} INFO - Setting next_dagrun for example_short_circuit_decorator to 2022-10-03T14:18:18.932826+00:00, run_after=2022-10-04T14:18:18.932826+00:00
[2022-10-04T14:18:18.946+0000] {processor.py:178} INFO - Processing /home/airflow/.local/lib/python3.7/site-packages/airflow/example_dags/example_short_circuit_decorator.py took 0.077 seconds
[2022-10-04T14:18:49.132+0000] {processor.py:156} INFO - Started process (PID=468) to work on /home/airflow/.local/lib/python3.7/site-packages/airflow/example_dags/example_short_circuit_decorator.py
[2022-10-04T14:18:49.135+0000] {processor.py:758} INFO - Processing file /home/airflow/.local/lib/python3.7/site-packages/airflow/example_dags/example_short_circuit_decorator.py for tasks to queue
[2022-10-04T14:18:49.137+0000] {logging_mixin.py:117} INFO - [2022-10-04T14:18:49.137+0000] {dagbag.py:525} INFO - Filling up the DagBag from /home/airflow/.local/lib/python3.7/site-packages/airflow/example_dags/example_short_circuit_decorator.py
[2022-10-04T14:18:49.158+0000] {processor.py:768} INFO - DAG(s) dict_keys(['example_short_circuit_decorator']) retrieved from /home/airflow/.local/lib/python3.7/site-packages/airflow/example_dags/example_short_circuit_decorator.py
[2022-10-04T14:18:49.184+0000] {logging_mixin.py:117} INFO - [2022-10-04T14:18:49.184+0000] {dag.py:2573} INFO - Sync 1 DAGs
[2022-10-04T14:18:49.199+0000] {logging_mixin.py:117} INFO - [2022-10-04T14:18:49.198+0000] {dag.py:3328} INFO - Setting next_dagrun for example_short_circuit_decorator to 2022-10-03T14:18:49.198863+00:00, run_after=2022-10-04T14:18:49.198863+00:00
[2022-10-04T14:18:49.211+0000] {processor.py:178} INFO - Processing /home/airflow/.local/lib/python3.7/site-packages/airflow/example_dags/example_short_circuit_decorator.py took 0.082 seconds
[2022-10-04T14:19:19.341+0000] {processor.py:156} INFO - Started process (PID=532) to work on /home/airflow/.local/lib/python3.7/site-packages/airflow/example_dags/example_short_circuit_decorator.py
[2022-10-04T14:19:19.343+0000] {processor.py:758} INFO - Processing file /home/airflow/.local/lib/python3.7/site-packages/airflow/example_dags/example_short_circuit_decorator.py for tasks to queue
[2022-10-04T14:19:19.345+0000] {logging_mixin.py:117} INFO - [2022-10-04T14:19:19.345+0000] {dagbag.py:525} INFO - Filling up the DagBag from /home/airflow/.local/lib/python3.7/site-packages/airflow/example_dags/example_short_circuit_decorator.py
[2022-10-04T14:19:19.366+0000] {processor.py:768} INFO - DAG(s) dict_keys(['example_short_circuit_decorator']) retrieved from /home/airflow/.local/lib/python3.7/site-packages/airflow/example_dags/example_short_circuit_decorator.py
[2022-10-04T14:19:19.401+0000] {logging_mixin.py:117} INFO - [2022-10-04T14:19:19.401+0000] {dag.py:2573} INFO - Sync 1 DAGs
[2022-10-04T14:19:19.426+0000] {logging_mixin.py:117} INFO - [2022-10-04T14:19:19.426+0000] {dag.py:3328} INFO - Setting next_dagrun for example_short_circuit_decorator to 2022-10-03T14:19:19.425893+00:00, run_after=2022-10-04T14:19:19.425893+00:00
[2022-10-04T14:19:19.443+0000] {processor.py:178} INFO - Processing /home/airflow/.local/lib/python3.7/site-packages/airflow/example_dags/example_short_circuit_decorator.py took 0.106 seconds
[2022-10-04T14:19:49.726+0000] {processor.py:156} INFO - Started process (PID=587) to work on /home/airflow/.local/lib/python3.7/site-packages/airflow/example_dags/example_short_circuit_decorator.py
[2022-10-04T14:19:49.732+0000] {processor.py:758} INFO - Processing file /home/airflow/.local/lib/python3.7/site-packages/airflow/example_dags/example_short_circuit_decorator.py for tasks to queue
[2022-10-04T14:19:49.735+0000] {logging_mixin.py:117} INFO - [2022-10-04T14:19:49.734+0000] {dagbag.py:525} INFO - Filling up the DagBag from /home/airflow/.local/lib/python3.7/site-packages/airflow/example_dags/example_short_circuit_decorator.py
[2022-10-04T14:19:49.759+0000] {processor.py:768} INFO - DAG(s) dict_keys(['example_short_circuit_decorator']) retrieved from /home/airflow/.local/lib/python3.7/site-packages/airflow/example_dags/example_short_circuit_decorator.py
[2022-10-04T14:19:49.794+0000] {logging_mixin.py:117} INFO - [2022-10-04T14:19:49.794+0000] {dag.py:2573} INFO - Sync 1 DAGs
[2022-10-04T14:19:49.812+0000] {logging_mixin.py:117} INFO - [2022-10-04T14:19:49.812+0000] {dag.py:3328} INFO - Setting next_dagrun for example_short_circuit_decorator to 2022-10-03T14:19:49.812426+00:00, run_after=2022-10-04T14:19:49.812426+00:00
[2022-10-04T14:19:49.829+0000] {processor.py:178} INFO - Processing /home/airflow/.local/lib/python3.7/site-packages/airflow/example_dags/example_short_circuit_decorator.py took 0.108 seconds
[2022-10-04T14:20:20.106+0000] {processor.py:156} INFO - Started process (PID=650) to work on /home/airflow/.local/lib/python3.7/site-packages/airflow/example_dags/example_short_circuit_decorator.py
[2022-10-04T14:20:20.109+0000] {processor.py:758} INFO - Processing file /home/airflow/.local/lib/python3.7/site-packages/airflow/example_dags/example_short_circuit_decorator.py for tasks to queue
[2022-10-04T14:20:20.111+0000] {logging_mixin.py:117} INFO - [2022-10-04T14:20:20.111+0000] {dagbag.py:525} INFO - Filling up the DagBag from /home/airflow/.local/lib/python3.7/site-packages/airflow/example_dags/example_short_circuit_decorator.py
[2022-10-04T14:20:20.140+0000] {processor.py:768} INFO - DAG(s) dict_keys(['example_short_circuit_decorator']) retrieved from /home/airflow/.local/lib/python3.7/site-packages/airflow/example_dags/example_short_circuit_decorator.py
[2022-10-04T14:20:20.177+0000] {logging_mixin.py:117} INFO - [2022-10-04T14:20:20.177+0000] {dag.py:2573} INFO - Sync 1 DAGs
[2022-10-04T14:20:20.194+0000] {logging_mixin.py:117} INFO - [2022-10-04T14:20:20.194+0000] {dag.py:3328} INFO - Setting next_dagrun for example_short_circuit_decorator to 2022-10-03T14:20:20.194168+00:00, run_after=2022-10-04T14:20:20.194168+00:00
[2022-10-04T14:20:20.208+0000] {processor.py:178} INFO - Processing /home/airflow/.local/lib/python3.7/site-packages/airflow/example_dags/example_short_circuit_decorator.py took 0.115 seconds
