[2022-10-04T14:15:19.873+0000] {processor.py:156} INFO - Started process (PID=64) to work on /home/airflow/.local/lib/python3.7/site-packages/airflow/example_dags/example_branch_day_of_week_operator.py
[2022-10-04T14:15:19.878+0000] {processor.py:758} INFO - Processing file /home/airflow/.local/lib/python3.7/site-packages/airflow/example_dags/example_branch_day_of_week_operator.py for tasks to queue
[2022-10-04T14:15:19.879+0000] {logging_mixin.py:117} INFO - [2022-10-04T14:15:19.879+0000] {dagbag.py:525} INFO - Filling up the DagBag from /home/airflow/.local/lib/python3.7/site-packages/airflow/example_dags/example_branch_day_of_week_operator.py
[2022-10-04T14:15:19.940+0000] {processor.py:768} INFO - DAG(s) dict_keys(['example_weekday_branch_operator']) retrieved from /home/airflow/.local/lib/python3.7/site-packages/airflow/example_dags/example_branch_day_of_week_operator.py
[2022-10-04T14:15:20.012+0000] {logging_mixin.py:117} INFO - [2022-10-04T14:15:20.012+0000] {dag.py:2573} INFO - Sync 1 DAGs
[2022-10-04T14:15:20.072+0000] {logging_mixin.py:117} INFO - [2022-10-04T14:15:20.072+0000] {dag.py:3328} INFO - Setting next_dagrun for example_weekday_branch_operator to 2022-10-03T00:00:00+00:00, run_after=2022-10-04T00:00:00+00:00
[2022-10-04T14:15:20.150+0000] {processor.py:178} INFO - Processing /home/airflow/.local/lib/python3.7/site-packages/airflow/example_dags/example_branch_day_of_week_operator.py took 0.289 seconds
[2022-10-04T14:15:50.503+0000] {processor.py:156} INFO - Started process (PID=117) to work on /home/airflow/.local/lib/python3.7/site-packages/airflow/example_dags/example_branch_day_of_week_operator.py
[2022-10-04T14:15:50.505+0000] {processor.py:758} INFO - Processing file /home/airflow/.local/lib/python3.7/site-packages/airflow/example_dags/example_branch_day_of_week_operator.py for tasks to queue
[2022-10-04T14:15:50.505+0000] {logging_mixin.py:117} INFO - [2022-10-04T14:15:50.505+0000] {dagbag.py:525} INFO - Filling up the DagBag from /home/airflow/.local/lib/python3.7/site-packages/airflow/example_dags/example_branch_day_of_week_operator.py
[2022-10-04T14:15:50.518+0000] {processor.py:768} INFO - DAG(s) dict_keys(['example_weekday_branch_operator']) retrieved from /home/airflow/.local/lib/python3.7/site-packages/airflow/example_dags/example_branch_day_of_week_operator.py
[2022-10-04T14:15:50.545+0000] {logging_mixin.py:117} INFO - [2022-10-04T14:15:50.545+0000] {dag.py:2573} INFO - Sync 1 DAGs
[2022-10-04T14:15:50.561+0000] {logging_mixin.py:117} INFO - [2022-10-04T14:15:50.561+0000] {dag.py:3328} INFO - Setting next_dagrun for example_weekday_branch_operator to 2022-10-03T00:00:00+00:00, run_after=2022-10-04T00:00:00+00:00
[2022-10-04T14:15:50.574+0000] {processor.py:178} INFO - Processing /home/airflow/.local/lib/python3.7/site-packages/airflow/example_dags/example_branch_day_of_week_operator.py took 0.073 seconds
[2022-10-04T14:16:21.041+0000] {processor.py:156} INFO - Started process (PID=181) to work on /home/airflow/.local/lib/python3.7/site-packages/airflow/example_dags/example_branch_day_of_week_operator.py
[2022-10-04T14:16:21.043+0000] {processor.py:758} INFO - Processing file /home/airflow/.local/lib/python3.7/site-packages/airflow/example_dags/example_branch_day_of_week_operator.py for tasks to queue
[2022-10-04T14:16:21.043+0000] {logging_mixin.py:117} INFO - [2022-10-04T14:16:21.043+0000] {dagbag.py:525} INFO - Filling up the DagBag from /home/airflow/.local/lib/python3.7/site-packages/airflow/example_dags/example_branch_day_of_week_operator.py
[2022-10-04T14:16:21.054+0000] {processor.py:768} INFO - DAG(s) dict_keys(['example_weekday_branch_operator']) retrieved from /home/airflow/.local/lib/python3.7/site-packages/airflow/example_dags/example_branch_day_of_week_operator.py
[2022-10-04T14:16:21.079+0000] {logging_mixin.py:117} INFO - [2022-10-04T14:16:21.079+0000] {dag.py:2573} INFO - Sync 1 DAGs
[2022-10-04T14:16:21.093+0000] {logging_mixin.py:117} INFO - [2022-10-04T14:16:21.093+0000] {dag.py:3328} INFO - Setting next_dagrun for example_weekday_branch_operator to 2022-10-03T00:00:00+00:00, run_after=2022-10-04T00:00:00+00:00
[2022-10-04T14:16:21.106+0000] {processor.py:178} INFO - Processing /home/airflow/.local/lib/python3.7/site-packages/airflow/example_dags/example_branch_day_of_week_operator.py took 0.067 seconds
[2022-10-04T14:16:51.391+0000] {processor.py:156} INFO - Started process (PID=245) to work on /home/airflow/.local/lib/python3.7/site-packages/airflow/example_dags/example_branch_day_of_week_operator.py
[2022-10-04T14:16:51.393+0000] {processor.py:758} INFO - Processing file /home/airflow/.local/lib/python3.7/site-packages/airflow/example_dags/example_branch_day_of_week_operator.py for tasks to queue
[2022-10-04T14:16:51.393+0000] {logging_mixin.py:117} INFO - [2022-10-04T14:16:51.393+0000] {dagbag.py:525} INFO - Filling up the DagBag from /home/airflow/.local/lib/python3.7/site-packages/airflow/example_dags/example_branch_day_of_week_operator.py
[2022-10-04T14:16:51.406+0000] {processor.py:768} INFO - DAG(s) dict_keys(['example_weekday_branch_operator']) retrieved from /home/airflow/.local/lib/python3.7/site-packages/airflow/example_dags/example_branch_day_of_week_operator.py
[2022-10-04T14:16:51.432+0000] {logging_mixin.py:117} INFO - [2022-10-04T14:16:51.432+0000] {dag.py:2573} INFO - Sync 1 DAGs
[2022-10-04T14:16:51.451+0000] {logging_mixin.py:117} INFO - [2022-10-04T14:16:51.451+0000] {dag.py:3328} INFO - Setting next_dagrun for example_weekday_branch_operator to 2022-10-03T00:00:00+00:00, run_after=2022-10-04T00:00:00+00:00
[2022-10-04T14:16:51.467+0000] {processor.py:178} INFO - Processing /home/airflow/.local/lib/python3.7/site-packages/airflow/example_dags/example_branch_day_of_week_operator.py took 0.079 seconds
[2022-10-04T14:17:21.766+0000] {processor.py:156} INFO - Started process (PID=308) to work on /home/airflow/.local/lib/python3.7/site-packages/airflow/example_dags/example_branch_day_of_week_operator.py
[2022-10-04T14:17:21.767+0000] {processor.py:758} INFO - Processing file /home/airflow/.local/lib/python3.7/site-packages/airflow/example_dags/example_branch_day_of_week_operator.py for tasks to queue
[2022-10-04T14:17:21.769+0000] {logging_mixin.py:117} INFO - [2022-10-04T14:17:21.768+0000] {dagbag.py:525} INFO - Filling up the DagBag from /home/airflow/.local/lib/python3.7/site-packages/airflow/example_dags/example_branch_day_of_week_operator.py
[2022-10-04T14:17:21.781+0000] {processor.py:768} INFO - DAG(s) dict_keys(['example_weekday_branch_operator']) retrieved from /home/airflow/.local/lib/python3.7/site-packages/airflow/example_dags/example_branch_day_of_week_operator.py
[2022-10-04T14:17:21.809+0000] {logging_mixin.py:117} INFO - [2022-10-04T14:17:21.809+0000] {dag.py:2573} INFO - Sync 1 DAGs
[2022-10-04T14:17:21.828+0000] {logging_mixin.py:117} INFO - [2022-10-04T14:17:21.828+0000] {dag.py:3328} INFO - Setting next_dagrun for example_weekday_branch_operator to 2022-10-03T00:00:00+00:00, run_after=2022-10-04T00:00:00+00:00
[2022-10-04T14:17:21.843+0000] {processor.py:178} INFO - Processing /home/airflow/.local/lib/python3.7/site-packages/airflow/example_dags/example_branch_day_of_week_operator.py took 0.080 seconds
[2022-10-04T14:17:52.067+0000] {processor.py:156} INFO - Started process (PID=363) to work on /home/airflow/.local/lib/python3.7/site-packages/airflow/example_dags/example_branch_day_of_week_operator.py
[2022-10-04T14:17:52.068+0000] {processor.py:758} INFO - Processing file /home/airflow/.local/lib/python3.7/site-packages/airflow/example_dags/example_branch_day_of_week_operator.py for tasks to queue
[2022-10-04T14:17:52.069+0000] {logging_mixin.py:117} INFO - [2022-10-04T14:17:52.069+0000] {dagbag.py:525} INFO - Filling up the DagBag from /home/airflow/.local/lib/python3.7/site-packages/airflow/example_dags/example_branch_day_of_week_operator.py
[2022-10-04T14:17:52.082+0000] {processor.py:768} INFO - DAG(s) dict_keys(['example_weekday_branch_operator']) retrieved from /home/airflow/.local/lib/python3.7/site-packages/airflow/example_dags/example_branch_day_of_week_operator.py
[2022-10-04T14:17:52.109+0000] {logging_mixin.py:117} INFO - [2022-10-04T14:17:52.109+0000] {dag.py:2573} INFO - Sync 1 DAGs
[2022-10-04T14:17:52.125+0000] {logging_mixin.py:117} INFO - [2022-10-04T14:17:52.125+0000] {dag.py:3328} INFO - Setting next_dagrun for example_weekday_branch_operator to 2022-10-03T00:00:00+00:00, run_after=2022-10-04T00:00:00+00:00
[2022-10-04T14:17:52.137+0000] {processor.py:178} INFO - Processing /home/airflow/.local/lib/python3.7/site-packages/airflow/example_dags/example_branch_day_of_week_operator.py took 0.073 seconds
[2022-10-04T14:18:22.174+0000] {processor.py:156} INFO - Started process (PID=427) to work on /home/airflow/.local/lib/python3.7/site-packages/airflow/example_dags/example_branch_day_of_week_operator.py
[2022-10-04T14:18:22.176+0000] {processor.py:758} INFO - Processing file /home/airflow/.local/lib/python3.7/site-packages/airflow/example_dags/example_branch_day_of_week_operator.py for tasks to queue
[2022-10-04T14:18:22.177+0000] {logging_mixin.py:117} INFO - [2022-10-04T14:18:22.177+0000] {dagbag.py:525} INFO - Filling up the DagBag from /home/airflow/.local/lib/python3.7/site-packages/airflow/example_dags/example_branch_day_of_week_operator.py
[2022-10-04T14:18:22.189+0000] {processor.py:768} INFO - DAG(s) dict_keys(['example_weekday_branch_operator']) retrieved from /home/airflow/.local/lib/python3.7/site-packages/airflow/example_dags/example_branch_day_of_week_operator.py
[2022-10-04T14:18:22.215+0000] {logging_mixin.py:117} INFO - [2022-10-04T14:18:22.214+0000] {dag.py:2573} INFO - Sync 1 DAGs
[2022-10-04T14:18:22.230+0000] {logging_mixin.py:117} INFO - [2022-10-04T14:18:22.230+0000] {dag.py:3328} INFO - Setting next_dagrun for example_weekday_branch_operator to 2022-10-03T00:00:00+00:00, run_after=2022-10-04T00:00:00+00:00
[2022-10-04T14:18:22.241+0000] {processor.py:178} INFO - Processing /home/airflow/.local/lib/python3.7/site-packages/airflow/example_dags/example_branch_day_of_week_operator.py took 0.069 seconds
[2022-10-04T14:18:52.395+0000] {processor.py:156} INFO - Started process (PID=490) to work on /home/airflow/.local/lib/python3.7/site-packages/airflow/example_dags/example_branch_day_of_week_operator.py
[2022-10-04T14:18:52.396+0000] {processor.py:758} INFO - Processing file /home/airflow/.local/lib/python3.7/site-packages/airflow/example_dags/example_branch_day_of_week_operator.py for tasks to queue
[2022-10-04T14:18:52.397+0000] {logging_mixin.py:117} INFO - [2022-10-04T14:18:52.397+0000] {dagbag.py:525} INFO - Filling up the DagBag from /home/airflow/.local/lib/python3.7/site-packages/airflow/example_dags/example_branch_day_of_week_operator.py
[2022-10-04T14:18:52.409+0000] {processor.py:768} INFO - DAG(s) dict_keys(['example_weekday_branch_operator']) retrieved from /home/airflow/.local/lib/python3.7/site-packages/airflow/example_dags/example_branch_day_of_week_operator.py
[2022-10-04T14:18:52.434+0000] {logging_mixin.py:117} INFO - [2022-10-04T14:18:52.434+0000] {dag.py:2573} INFO - Sync 1 DAGs
[2022-10-04T14:18:52.449+0000] {logging_mixin.py:117} INFO - [2022-10-04T14:18:52.449+0000] {dag.py:3328} INFO - Setting next_dagrun for example_weekday_branch_operator to 2022-10-03T00:00:00+00:00, run_after=2022-10-04T00:00:00+00:00
[2022-10-04T14:18:52.462+0000] {processor.py:178} INFO - Processing /home/airflow/.local/lib/python3.7/site-packages/airflow/example_dags/example_branch_day_of_week_operator.py took 0.069 seconds
[2022-10-04T14:19:22.702+0000] {processor.py:156} INFO - Started process (PID=554) to work on /home/airflow/.local/lib/python3.7/site-packages/airflow/example_dags/example_branch_day_of_week_operator.py
[2022-10-04T14:19:22.704+0000] {processor.py:758} INFO - Processing file /home/airflow/.local/lib/python3.7/site-packages/airflow/example_dags/example_branch_day_of_week_operator.py for tasks to queue
[2022-10-04T14:19:22.706+0000] {logging_mixin.py:117} INFO - [2022-10-04T14:19:22.706+0000] {dagbag.py:525} INFO - Filling up the DagBag from /home/airflow/.local/lib/python3.7/site-packages/airflow/example_dags/example_branch_day_of_week_operator.py
[2022-10-04T14:19:22.718+0000] {processor.py:768} INFO - DAG(s) dict_keys(['example_weekday_branch_operator']) retrieved from /home/airflow/.local/lib/python3.7/site-packages/airflow/example_dags/example_branch_day_of_week_operator.py
[2022-10-04T14:19:22.746+0000] {logging_mixin.py:117} INFO - [2022-10-04T14:19:22.746+0000] {dag.py:2573} INFO - Sync 1 DAGs
[2022-10-04T14:19:22.765+0000] {logging_mixin.py:117} INFO - [2022-10-04T14:19:22.765+0000] {dag.py:3328} INFO - Setting next_dagrun for example_weekday_branch_operator to 2022-10-03T00:00:00+00:00, run_after=2022-10-04T00:00:00+00:00
[2022-10-04T14:19:22.781+0000] {processor.py:178} INFO - Processing /home/airflow/.local/lib/python3.7/site-packages/airflow/example_dags/example_branch_day_of_week_operator.py took 0.081 seconds
[2022-10-04T14:19:52.993+0000] {processor.py:156} INFO - Started process (PID=618) to work on /home/airflow/.local/lib/python3.7/site-packages/airflow/example_dags/example_branch_day_of_week_operator.py
[2022-10-04T14:19:52.995+0000] {processor.py:758} INFO - Processing file /home/airflow/.local/lib/python3.7/site-packages/airflow/example_dags/example_branch_day_of_week_operator.py for tasks to queue
[2022-10-04T14:19:52.997+0000] {logging_mixin.py:117} INFO - [2022-10-04T14:19:52.997+0000] {dagbag.py:525} INFO - Filling up the DagBag from /home/airflow/.local/lib/python3.7/site-packages/airflow/example_dags/example_branch_day_of_week_operator.py
[2022-10-04T14:19:53.011+0000] {processor.py:768} INFO - DAG(s) dict_keys(['example_weekday_branch_operator']) retrieved from /home/airflow/.local/lib/python3.7/site-packages/airflow/example_dags/example_branch_day_of_week_operator.py
[2022-10-04T14:19:53.042+0000] {logging_mixin.py:117} INFO - [2022-10-04T14:19:53.042+0000] {dag.py:2573} INFO - Sync 1 DAGs
[2022-10-04T14:19:53.058+0000] {logging_mixin.py:117} INFO - [2022-10-04T14:19:53.057+0000] {dag.py:3328} INFO - Setting next_dagrun for example_weekday_branch_operator to 2022-10-03T00:00:00+00:00, run_after=2022-10-04T00:00:00+00:00
[2022-10-04T14:19:53.071+0000] {processor.py:178} INFO - Processing /home/airflow/.local/lib/python3.7/site-packages/airflow/example_dags/example_branch_day_of_week_operator.py took 0.081 seconds
[2022-10-04T14:20:23.338+0000] {processor.py:156} INFO - Started process (PID=672) to work on /home/airflow/.local/lib/python3.7/site-packages/airflow/example_dags/example_branch_day_of_week_operator.py
[2022-10-04T14:20:23.339+0000] {processor.py:758} INFO - Processing file /home/airflow/.local/lib/python3.7/site-packages/airflow/example_dags/example_branch_day_of_week_operator.py for tasks to queue
[2022-10-04T14:20:23.340+0000] {logging_mixin.py:117} INFO - [2022-10-04T14:20:23.340+0000] {dagbag.py:525} INFO - Filling up the DagBag from /home/airflow/.local/lib/python3.7/site-packages/airflow/example_dags/example_branch_day_of_week_operator.py
[2022-10-04T14:20:23.351+0000] {processor.py:768} INFO - DAG(s) dict_keys(['example_weekday_branch_operator']) retrieved from /home/airflow/.local/lib/python3.7/site-packages/airflow/example_dags/example_branch_day_of_week_operator.py
[2022-10-04T14:20:23.377+0000] {logging_mixin.py:117} INFO - [2022-10-04T14:20:23.377+0000] {dag.py:2573} INFO - Sync 1 DAGs
[2022-10-04T14:20:23.392+0000] {logging_mixin.py:117} INFO - [2022-10-04T14:20:23.392+0000] {dag.py:3328} INFO - Setting next_dagrun for example_weekday_branch_operator to 2022-10-03T00:00:00+00:00, run_after=2022-10-04T00:00:00+00:00
[2022-10-04T14:20:23.403+0000] {processor.py:178} INFO - Processing /home/airflow/.local/lib/python3.7/site-packages/airflow/example_dags/example_branch_day_of_week_operator.py took 0.067 seconds
