[2022-10-04T14:15:16.748+0000] {processor.py:156} INFO - Started process (PID=39) to work on /home/airflow/.local/lib/python3.7/site-packages/airflow/example_dags/example_complex.py
[2022-10-04T14:15:16.751+0000] {processor.py:758} INFO - Processing file /home/airflow/.local/lib/python3.7/site-packages/airflow/example_dags/example_complex.py for tasks to queue
[2022-10-04T14:15:16.753+0000] {logging_mixin.py:117} INFO - [2022-10-04T14:15:16.752+0000] {dagbag.py:525} INFO - Filling up the DagBag from /home/airflow/.local/lib/python3.7/site-packages/airflow/example_dags/example_complex.py
[2022-10-04T14:15:16.769+0000] {processor.py:768} INFO - DAG(s) dict_keys(['example_complex']) retrieved from /home/airflow/.local/lib/python3.7/site-packages/airflow/example_dags/example_complex.py
[2022-10-04T14:15:16.792+0000] {logging_mixin.py:117} INFO - [2022-10-04T14:15:16.792+0000] {dag.py:2573} INFO - Sync 1 DAGs
[2022-10-04T14:15:16.819+0000] {logging_mixin.py:117} INFO - [2022-10-04T14:15:16.818+0000] {dag.py:3328} INFO - Setting next_dagrun for example_complex to None, run_after=None
[2022-10-04T14:15:16.840+0000] {processor.py:178} INFO - Processing /home/airflow/.local/lib/python3.7/site-packages/airflow/example_dags/example_complex.py took 0.094 seconds
[2022-10-04T14:15:47.515+0000] {processor.py:156} INFO - Started process (PID=100) to work on /home/airflow/.local/lib/python3.7/site-packages/airflow/example_dags/example_complex.py
[2022-10-04T14:15:47.516+0000] {processor.py:758} INFO - Processing file /home/airflow/.local/lib/python3.7/site-packages/airflow/example_dags/example_complex.py for tasks to queue
[2022-10-04T14:15:47.517+0000] {logging_mixin.py:117} INFO - [2022-10-04T14:15:47.517+0000] {dagbag.py:525} INFO - Filling up the DagBag from /home/airflow/.local/lib/python3.7/site-packages/airflow/example_dags/example_complex.py
[2022-10-04T14:15:47.530+0000] {processor.py:768} INFO - DAG(s) dict_keys(['example_complex']) retrieved from /home/airflow/.local/lib/python3.7/site-packages/airflow/example_dags/example_complex.py
[2022-10-04T14:15:47.559+0000] {logging_mixin.py:117} INFO - [2022-10-04T14:15:47.559+0000] {dag.py:2573} INFO - Sync 1 DAGs
[2022-10-04T14:15:47.573+0000] {logging_mixin.py:117} INFO - [2022-10-04T14:15:47.572+0000] {dag.py:3328} INFO - Setting next_dagrun for example_complex to None, run_after=None
[2022-10-04T14:15:47.584+0000] {processor.py:178} INFO - Processing /home/airflow/.local/lib/python3.7/site-packages/airflow/example_dags/example_complex.py took 0.071 seconds
[2022-10-04T14:16:17.898+0000] {processor.py:156} INFO - Started process (PID=164) to work on /home/airflow/.local/lib/python3.7/site-packages/airflow/example_dags/example_complex.py
[2022-10-04T14:16:17.900+0000] {processor.py:758} INFO - Processing file /home/airflow/.local/lib/python3.7/site-packages/airflow/example_dags/example_complex.py for tasks to queue
[2022-10-04T14:16:17.901+0000] {logging_mixin.py:117} INFO - [2022-10-04T14:16:17.901+0000] {dagbag.py:525} INFO - Filling up the DagBag from /home/airflow/.local/lib/python3.7/site-packages/airflow/example_dags/example_complex.py
[2022-10-04T14:16:17.914+0000] {processor.py:768} INFO - DAG(s) dict_keys(['example_complex']) retrieved from /home/airflow/.local/lib/python3.7/site-packages/airflow/example_dags/example_complex.py
[2022-10-04T14:16:17.943+0000] {logging_mixin.py:117} INFO - [2022-10-04T14:16:17.943+0000] {dag.py:2573} INFO - Sync 1 DAGs
[2022-10-04T14:16:17.958+0000] {logging_mixin.py:117} INFO - [2022-10-04T14:16:17.958+0000] {dag.py:3328} INFO - Setting next_dagrun for example_complex to None, run_after=None
[2022-10-04T14:16:17.971+0000] {processor.py:178} INFO - Processing /home/airflow/.local/lib/python3.7/site-packages/airflow/example_dags/example_complex.py took 0.074 seconds
[2022-10-04T14:16:48.353+0000] {processor.py:156} INFO - Started process (PID=219) to work on /home/airflow/.local/lib/python3.7/site-packages/airflow/example_dags/example_complex.py
[2022-10-04T14:16:48.355+0000] {processor.py:758} INFO - Processing file /home/airflow/.local/lib/python3.7/site-packages/airflow/example_dags/example_complex.py for tasks to queue
[2022-10-04T14:16:48.357+0000] {logging_mixin.py:117} INFO - [2022-10-04T14:16:48.357+0000] {dagbag.py:525} INFO - Filling up the DagBag from /home/airflow/.local/lib/python3.7/site-packages/airflow/example_dags/example_complex.py
[2022-10-04T14:16:48.371+0000] {processor.py:768} INFO - DAG(s) dict_keys(['example_complex']) retrieved from /home/airflow/.local/lib/python3.7/site-packages/airflow/example_dags/example_complex.py
[2022-10-04T14:16:48.402+0000] {logging_mixin.py:117} INFO - [2022-10-04T14:16:48.402+0000] {dag.py:2573} INFO - Sync 1 DAGs
[2022-10-04T14:16:48.418+0000] {logging_mixin.py:117} INFO - [2022-10-04T14:16:48.418+0000] {dag.py:3328} INFO - Setting next_dagrun for example_complex to None, run_after=None
[2022-10-04T14:16:48.430+0000] {processor.py:178} INFO - Processing /home/airflow/.local/lib/python3.7/site-packages/airflow/example_dags/example_complex.py took 0.078 seconds
[2022-10-04T14:17:18.805+0000] {processor.py:156} INFO - Started process (PID=282) to work on /home/airflow/.local/lib/python3.7/site-packages/airflow/example_dags/example_complex.py
[2022-10-04T14:17:18.807+0000] {processor.py:758} INFO - Processing file /home/airflow/.local/lib/python3.7/site-packages/airflow/example_dags/example_complex.py for tasks to queue
[2022-10-04T14:17:18.808+0000] {logging_mixin.py:117} INFO - [2022-10-04T14:17:18.808+0000] {dagbag.py:525} INFO - Filling up the DagBag from /home/airflow/.local/lib/python3.7/site-packages/airflow/example_dags/example_complex.py
[2022-10-04T14:17:18.820+0000] {processor.py:768} INFO - DAG(s) dict_keys(['example_complex']) retrieved from /home/airflow/.local/lib/python3.7/site-packages/airflow/example_dags/example_complex.py
[2022-10-04T14:17:18.848+0000] {logging_mixin.py:117} INFO - [2022-10-04T14:17:18.848+0000] {dag.py:2573} INFO - Sync 1 DAGs
[2022-10-04T14:17:18.863+0000] {logging_mixin.py:117} INFO - [2022-10-04T14:17:18.863+0000] {dag.py:3328} INFO - Setting next_dagrun for example_complex to None, run_after=None
[2022-10-04T14:17:18.875+0000] {processor.py:178} INFO - Processing /home/airflow/.local/lib/python3.7/site-packages/airflow/example_dags/example_complex.py took 0.073 seconds
[2022-10-04T14:17:49.036+0000] {processor.py:156} INFO - Started process (PID=346) to work on /home/airflow/.local/lib/python3.7/site-packages/airflow/example_dags/example_complex.py
[2022-10-04T14:17:49.037+0000] {processor.py:758} INFO - Processing file /home/airflow/.local/lib/python3.7/site-packages/airflow/example_dags/example_complex.py for tasks to queue
[2022-10-04T14:17:49.038+0000] {logging_mixin.py:117} INFO - [2022-10-04T14:17:49.038+0000] {dagbag.py:525} INFO - Filling up the DagBag from /home/airflow/.local/lib/python3.7/site-packages/airflow/example_dags/example_complex.py
[2022-10-04T14:17:49.049+0000] {processor.py:768} INFO - DAG(s) dict_keys(['example_complex']) retrieved from /home/airflow/.local/lib/python3.7/site-packages/airflow/example_dags/example_complex.py
[2022-10-04T14:17:49.076+0000] {logging_mixin.py:117} INFO - [2022-10-04T14:17:49.076+0000] {dag.py:2573} INFO - Sync 1 DAGs
[2022-10-04T14:17:49.090+0000] {logging_mixin.py:117} INFO - [2022-10-04T14:17:49.090+0000] {dag.py:3328} INFO - Setting next_dagrun for example_complex to None, run_after=None
[2022-10-04T14:17:49.100+0000] {processor.py:178} INFO - Processing /home/airflow/.local/lib/python3.7/site-packages/airflow/example_dags/example_complex.py took 0.066 seconds
[2022-10-04T14:18:19.140+0000] {processor.py:156} INFO - Started process (PID=410) to work on /home/airflow/.local/lib/python3.7/site-packages/airflow/example_dags/example_complex.py
[2022-10-04T14:18:19.142+0000] {processor.py:758} INFO - Processing file /home/airflow/.local/lib/python3.7/site-packages/airflow/example_dags/example_complex.py for tasks to queue
[2022-10-04T14:18:19.143+0000] {logging_mixin.py:117} INFO - [2022-10-04T14:18:19.143+0000] {dagbag.py:525} INFO - Filling up the DagBag from /home/airflow/.local/lib/python3.7/site-packages/airflow/example_dags/example_complex.py
[2022-10-04T14:18:19.155+0000] {processor.py:768} INFO - DAG(s) dict_keys(['example_complex']) retrieved from /home/airflow/.local/lib/python3.7/site-packages/airflow/example_dags/example_complex.py
[2022-10-04T14:18:19.181+0000] {logging_mixin.py:117} INFO - [2022-10-04T14:18:19.181+0000] {dag.py:2573} INFO - Sync 1 DAGs
[2022-10-04T14:18:19.195+0000] {logging_mixin.py:117} INFO - [2022-10-04T14:18:19.194+0000] {dag.py:3328} INFO - Setting next_dagrun for example_complex to None, run_after=None
[2022-10-04T14:18:19.204+0000] {processor.py:178} INFO - Processing /home/airflow/.local/lib/python3.7/site-packages/airflow/example_dags/example_complex.py took 0.066 seconds
[2022-10-04T14:18:49.407+0000] {processor.py:156} INFO - Started process (PID=473) to work on /home/airflow/.local/lib/python3.7/site-packages/airflow/example_dags/example_complex.py
[2022-10-04T14:18:49.409+0000] {processor.py:758} INFO - Processing file /home/airflow/.local/lib/python3.7/site-packages/airflow/example_dags/example_complex.py for tasks to queue
[2022-10-04T14:18:49.410+0000] {logging_mixin.py:117} INFO - [2022-10-04T14:18:49.410+0000] {dagbag.py:525} INFO - Filling up the DagBag from /home/airflow/.local/lib/python3.7/site-packages/airflow/example_dags/example_complex.py
[2022-10-04T14:18:49.425+0000] {processor.py:768} INFO - DAG(s) dict_keys(['example_complex']) retrieved from /home/airflow/.local/lib/python3.7/site-packages/airflow/example_dags/example_complex.py
[2022-10-04T14:18:49.453+0000] {logging_mixin.py:117} INFO - [2022-10-04T14:18:49.453+0000] {dag.py:2573} INFO - Sync 1 DAGs
[2022-10-04T14:18:49.466+0000] {logging_mixin.py:117} INFO - [2022-10-04T14:18:49.466+0000] {dag.py:3328} INFO - Setting next_dagrun for example_complex to None, run_after=None
[2022-10-04T14:18:49.477+0000] {processor.py:178} INFO - Processing /home/airflow/.local/lib/python3.7/site-packages/airflow/example_dags/example_complex.py took 0.072 seconds
[2022-10-04T14:19:19.668+0000] {processor.py:156} INFO - Started process (PID=537) to work on /home/airflow/.local/lib/python3.7/site-packages/airflow/example_dags/example_complex.py
[2022-10-04T14:19:19.670+0000] {processor.py:758} INFO - Processing file /home/airflow/.local/lib/python3.7/site-packages/airflow/example_dags/example_complex.py for tasks to queue
[2022-10-04T14:19:19.671+0000] {logging_mixin.py:117} INFO - [2022-10-04T14:19:19.671+0000] {dagbag.py:525} INFO - Filling up the DagBag from /home/airflow/.local/lib/python3.7/site-packages/airflow/example_dags/example_complex.py
[2022-10-04T14:19:19.686+0000] {processor.py:768} INFO - DAG(s) dict_keys(['example_complex']) retrieved from /home/airflow/.local/lib/python3.7/site-packages/airflow/example_dags/example_complex.py
[2022-10-04T14:19:19.715+0000] {logging_mixin.py:117} INFO - [2022-10-04T14:19:19.715+0000] {dag.py:2573} INFO - Sync 1 DAGs
[2022-10-04T14:19:19.735+0000] {logging_mixin.py:117} INFO - [2022-10-04T14:19:19.735+0000] {dag.py:3328} INFO - Setting next_dagrun for example_complex to None, run_after=None
[2022-10-04T14:19:19.751+0000] {processor.py:178} INFO - Processing /home/airflow/.local/lib/python3.7/site-packages/airflow/example_dags/example_complex.py took 0.085 seconds
[2022-10-04T14:19:50.032+0000] {processor.py:156} INFO - Started process (PID=592) to work on /home/airflow/.local/lib/python3.7/site-packages/airflow/example_dags/example_complex.py
[2022-10-04T14:19:50.033+0000] {processor.py:758} INFO - Processing file /home/airflow/.local/lib/python3.7/site-packages/airflow/example_dags/example_complex.py for tasks to queue
[2022-10-04T14:19:50.035+0000] {logging_mixin.py:117} INFO - [2022-10-04T14:19:50.035+0000] {dagbag.py:525} INFO - Filling up the DagBag from /home/airflow/.local/lib/python3.7/site-packages/airflow/example_dags/example_complex.py
[2022-10-04T14:19:50.048+0000] {processor.py:768} INFO - DAG(s) dict_keys(['example_complex']) retrieved from /home/airflow/.local/lib/python3.7/site-packages/airflow/example_dags/example_complex.py
[2022-10-04T14:19:50.078+0000] {logging_mixin.py:117} INFO - [2022-10-04T14:19:50.078+0000] {dag.py:2573} INFO - Sync 1 DAGs
[2022-10-04T14:19:50.095+0000] {logging_mixin.py:117} INFO - [2022-10-04T14:19:50.094+0000] {dag.py:3328} INFO - Setting next_dagrun for example_complex to None, run_after=None
[2022-10-04T14:19:50.107+0000] {processor.py:178} INFO - Processing /home/airflow/.local/lib/python3.7/site-packages/airflow/example_dags/example_complex.py took 0.077 seconds
[2022-10-04T14:20:20.416+0000] {processor.py:156} INFO - Started process (PID=655) to work on /home/airflow/.local/lib/python3.7/site-packages/airflow/example_dags/example_complex.py
[2022-10-04T14:20:20.418+0000] {processor.py:758} INFO - Processing file /home/airflow/.local/lib/python3.7/site-packages/airflow/example_dags/example_complex.py for tasks to queue
[2022-10-04T14:20:20.419+0000] {logging_mixin.py:117} INFO - [2022-10-04T14:20:20.418+0000] {dagbag.py:525} INFO - Filling up the DagBag from /home/airflow/.local/lib/python3.7/site-packages/airflow/example_dags/example_complex.py
[2022-10-04T14:20:20.430+0000] {processor.py:768} INFO - DAG(s) dict_keys(['example_complex']) retrieved from /home/airflow/.local/lib/python3.7/site-packages/airflow/example_dags/example_complex.py
[2022-10-04T14:20:20.457+0000] {logging_mixin.py:117} INFO - [2022-10-04T14:20:20.457+0000] {dag.py:2573} INFO - Sync 1 DAGs
[2022-10-04T14:20:20.470+0000] {logging_mixin.py:117} INFO - [2022-10-04T14:20:20.470+0000] {dag.py:3328} INFO - Setting next_dagrun for example_complex to None, run_after=None
[2022-10-04T14:20:20.481+0000] {processor.py:178} INFO - Processing /home/airflow/.local/lib/python3.7/site-packages/airflow/example_dags/example_complex.py took 0.067 seconds
