[2022-10-04T14:15:17.788+0000] {processor.py:156} INFO - Started process (PID=49) to work on /home/airflow/.local/lib/python3.7/site-packages/airflow/example_dags/example_branch_python_dop_operator_3.py
[2022-10-04T14:15:17.794+0000] {processor.py:758} INFO - Processing file /home/airflow/.local/lib/python3.7/site-packages/airflow/example_dags/example_branch_python_dop_operator_3.py for tasks to queue
[2022-10-04T14:15:17.796+0000] {logging_mixin.py:117} INFO - [2022-10-04T14:15:17.796+0000] {dagbag.py:525} INFO - Filling up the DagBag from /home/airflow/.local/lib/python3.7/site-packages/airflow/example_dags/example_branch_python_dop_operator_3.py
[2022-10-04T14:15:17.894+0000] {processor.py:768} INFO - DAG(s) dict_keys(['example_branch_dop_operator_v3']) retrieved from /home/airflow/.local/lib/python3.7/site-packages/airflow/example_dags/example_branch_python_dop_operator_3.py
[2022-10-04T14:15:17.985+0000] {logging_mixin.py:117} INFO - [2022-10-04T14:15:17.984+0000] {dag.py:2573} INFO - Sync 1 DAGs
[2022-10-04T14:15:18.066+0000] {logging_mixin.py:117} INFO - [2022-10-04T14:15:18.065+0000] {dag.py:3328} INFO - Setting next_dagrun for example_branch_dop_operator_v3 to 2022-10-04T14:14:00+00:00, run_after=2022-10-04T14:15:00+00:00
[2022-10-04T14:15:18.121+0000] {processor.py:178} INFO - Processing /home/airflow/.local/lib/python3.7/site-packages/airflow/example_dags/example_branch_python_dop_operator_3.py took 0.337 seconds
[2022-10-04T14:15:49.037+0000] {processor.py:156} INFO - Started process (PID=110) to work on /home/airflow/.local/lib/python3.7/site-packages/airflow/example_dags/example_branch_python_dop_operator_3.py
[2022-10-04T14:15:49.040+0000] {processor.py:758} INFO - Processing file /home/airflow/.local/lib/python3.7/site-packages/airflow/example_dags/example_branch_python_dop_operator_3.py for tasks to queue
[2022-10-04T14:15:49.043+0000] {logging_mixin.py:117} INFO - [2022-10-04T14:15:49.042+0000] {dagbag.py:525} INFO - Filling up the DagBag from /home/airflow/.local/lib/python3.7/site-packages/airflow/example_dags/example_branch_python_dop_operator_3.py
[2022-10-04T14:15:49.077+0000] {processor.py:768} INFO - DAG(s) dict_keys(['example_branch_dop_operator_v3']) retrieved from /home/airflow/.local/lib/python3.7/site-packages/airflow/example_dags/example_branch_python_dop_operator_3.py
[2022-10-04T14:15:49.111+0000] {logging_mixin.py:117} INFO - [2022-10-04T14:15:49.111+0000] {dag.py:2573} INFO - Sync 1 DAGs
[2022-10-04T14:15:49.130+0000] {logging_mixin.py:117} INFO - [2022-10-04T14:15:49.130+0000] {dag.py:3328} INFO - Setting next_dagrun for example_branch_dop_operator_v3 to 2022-10-04T14:14:00+00:00, run_after=2022-10-04T14:15:00+00:00
[2022-10-04T14:15:49.141+0000] {processor.py:178} INFO - Processing /home/airflow/.local/lib/python3.7/site-packages/airflow/example_dags/example_branch_python_dop_operator_3.py took 0.109 seconds
[2022-10-04T14:16:19.575+0000] {processor.py:156} INFO - Started process (PID=174) to work on /home/airflow/.local/lib/python3.7/site-packages/airflow/example_dags/example_branch_python_dop_operator_3.py
[2022-10-04T14:16:19.578+0000] {processor.py:758} INFO - Processing file /home/airflow/.local/lib/python3.7/site-packages/airflow/example_dags/example_branch_python_dop_operator_3.py for tasks to queue
[2022-10-04T14:16:19.580+0000] {logging_mixin.py:117} INFO - [2022-10-04T14:16:19.580+0000] {dagbag.py:525} INFO - Filling up the DagBag from /home/airflow/.local/lib/python3.7/site-packages/airflow/example_dags/example_branch_python_dop_operator_3.py
[2022-10-04T14:16:19.610+0000] {processor.py:768} INFO - DAG(s) dict_keys(['example_branch_dop_operator_v3']) retrieved from /home/airflow/.local/lib/python3.7/site-packages/airflow/example_dags/example_branch_python_dop_operator_3.py
[2022-10-04T14:16:19.641+0000] {logging_mixin.py:117} INFO - [2022-10-04T14:16:19.641+0000] {dag.py:2573} INFO - Sync 1 DAGs
[2022-10-04T14:16:19.659+0000] {logging_mixin.py:117} INFO - [2022-10-04T14:16:19.659+0000] {dag.py:3328} INFO - Setting next_dagrun for example_branch_dop_operator_v3 to 2022-10-04T14:15:00+00:00, run_after=2022-10-04T14:16:00+00:00
[2022-10-04T14:16:19.672+0000] {processor.py:178} INFO - Processing /home/airflow/.local/lib/python3.7/site-packages/airflow/example_dags/example_branch_python_dop_operator_3.py took 0.102 seconds
[2022-10-04T14:16:49.984+0000] {processor.py:156} INFO - Started process (PID=238) to work on /home/airflow/.local/lib/python3.7/site-packages/airflow/example_dags/example_branch_python_dop_operator_3.py
[2022-10-04T14:16:49.987+0000] {processor.py:758} INFO - Processing file /home/airflow/.local/lib/python3.7/site-packages/airflow/example_dags/example_branch_python_dop_operator_3.py for tasks to queue
[2022-10-04T14:16:49.990+0000] {logging_mixin.py:117} INFO - [2022-10-04T14:16:49.990+0000] {dagbag.py:525} INFO - Filling up the DagBag from /home/airflow/.local/lib/python3.7/site-packages/airflow/example_dags/example_branch_python_dop_operator_3.py
[2022-10-04T14:16:50.012+0000] {processor.py:768} INFO - DAG(s) dict_keys(['example_branch_dop_operator_v3']) retrieved from /home/airflow/.local/lib/python3.7/site-packages/airflow/example_dags/example_branch_python_dop_operator_3.py
[2022-10-04T14:16:50.038+0000] {logging_mixin.py:117} INFO - [2022-10-04T14:16:50.038+0000] {dag.py:2573} INFO - Sync 1 DAGs
[2022-10-04T14:16:50.056+0000] {logging_mixin.py:117} INFO - [2022-10-04T14:16:50.056+0000] {dag.py:3328} INFO - Setting next_dagrun for example_branch_dop_operator_v3 to 2022-10-04T14:15:00+00:00, run_after=2022-10-04T14:16:00+00:00
[2022-10-04T14:16:50.067+0000] {processor.py:178} INFO - Processing /home/airflow/.local/lib/python3.7/site-packages/airflow/example_dags/example_branch_python_dop_operator_3.py took 0.088 seconds
[2022-10-04T14:17:20.385+0000] {processor.py:156} INFO - Started process (PID=292) to work on /home/airflow/.local/lib/python3.7/site-packages/airflow/example_dags/example_branch_python_dop_operator_3.py
[2022-10-04T14:17:20.388+0000] {processor.py:758} INFO - Processing file /home/airflow/.local/lib/python3.7/site-packages/airflow/example_dags/example_branch_python_dop_operator_3.py for tasks to queue
[2022-10-04T14:17:20.390+0000] {logging_mixin.py:117} INFO - [2022-10-04T14:17:20.390+0000] {dagbag.py:525} INFO - Filling up the DagBag from /home/airflow/.local/lib/python3.7/site-packages/airflow/example_dags/example_branch_python_dop_operator_3.py
[2022-10-04T14:17:20.416+0000] {processor.py:768} INFO - DAG(s) dict_keys(['example_branch_dop_operator_v3']) retrieved from /home/airflow/.local/lib/python3.7/site-packages/airflow/example_dags/example_branch_python_dop_operator_3.py
[2022-10-04T14:17:20.445+0000] {logging_mixin.py:117} INFO - [2022-10-04T14:17:20.445+0000] {dag.py:2573} INFO - Sync 1 DAGs
[2022-10-04T14:17:20.462+0000] {logging_mixin.py:117} INFO - [2022-10-04T14:17:20.462+0000] {dag.py:3328} INFO - Setting next_dagrun for example_branch_dop_operator_v3 to 2022-10-04T14:16:00+00:00, run_after=2022-10-04T14:17:00+00:00
[2022-10-04T14:17:20.474+0000] {processor.py:178} INFO - Processing /home/airflow/.local/lib/python3.7/site-packages/airflow/example_dags/example_branch_python_dop_operator_3.py took 0.094 seconds
[2022-10-04T14:17:50.551+0000] {processor.py:156} INFO - Started process (PID=356) to work on /home/airflow/.local/lib/python3.7/site-packages/airflow/example_dags/example_branch_python_dop_operator_3.py
[2022-10-04T14:17:50.553+0000] {processor.py:758} INFO - Processing file /home/airflow/.local/lib/python3.7/site-packages/airflow/example_dags/example_branch_python_dop_operator_3.py for tasks to queue
[2022-10-04T14:17:50.554+0000] {logging_mixin.py:117} INFO - [2022-10-04T14:17:50.554+0000] {dagbag.py:525} INFO - Filling up the DagBag from /home/airflow/.local/lib/python3.7/site-packages/airflow/example_dags/example_branch_python_dop_operator_3.py
[2022-10-04T14:17:50.576+0000] {processor.py:768} INFO - DAG(s) dict_keys(['example_branch_dop_operator_v3']) retrieved from /home/airflow/.local/lib/python3.7/site-packages/airflow/example_dags/example_branch_python_dop_operator_3.py
[2022-10-04T14:17:50.605+0000] {logging_mixin.py:117} INFO - [2022-10-04T14:17:50.605+0000] {dag.py:2573} INFO - Sync 1 DAGs
[2022-10-04T14:17:50.623+0000] {logging_mixin.py:117} INFO - [2022-10-04T14:17:50.623+0000] {dag.py:3328} INFO - Setting next_dagrun for example_branch_dop_operator_v3 to 2022-10-04T14:16:00+00:00, run_after=2022-10-04T14:17:00+00:00
[2022-10-04T14:17:50.634+0000] {processor.py:178} INFO - Processing /home/airflow/.local/lib/python3.7/site-packages/airflow/example_dags/example_branch_python_dop_operator_3.py took 0.087 seconds
[2022-10-04T14:18:20.699+0000] {processor.py:156} INFO - Started process (PID=420) to work on /home/airflow/.local/lib/python3.7/site-packages/airflow/example_dags/example_branch_python_dop_operator_3.py
[2022-10-04T14:18:20.702+0000] {processor.py:758} INFO - Processing file /home/airflow/.local/lib/python3.7/site-packages/airflow/example_dags/example_branch_python_dop_operator_3.py for tasks to queue
[2022-10-04T14:18:20.703+0000] {logging_mixin.py:117} INFO - [2022-10-04T14:18:20.703+0000] {dagbag.py:525} INFO - Filling up the DagBag from /home/airflow/.local/lib/python3.7/site-packages/airflow/example_dags/example_branch_python_dop_operator_3.py
[2022-10-04T14:18:20.719+0000] {processor.py:768} INFO - DAG(s) dict_keys(['example_branch_dop_operator_v3']) retrieved from /home/airflow/.local/lib/python3.7/site-packages/airflow/example_dags/example_branch_python_dop_operator_3.py
[2022-10-04T14:18:20.747+0000] {logging_mixin.py:117} INFO - [2022-10-04T14:18:20.747+0000] {dag.py:2573} INFO - Sync 1 DAGs
[2022-10-04T14:18:20.763+0000] {logging_mixin.py:117} INFO - [2022-10-04T14:18:20.763+0000] {dag.py:3328} INFO - Setting next_dagrun for example_branch_dop_operator_v3 to 2022-10-04T14:17:00+00:00, run_after=2022-10-04T14:18:00+00:00
[2022-10-04T14:18:20.775+0000] {processor.py:178} INFO - Processing /home/airflow/.local/lib/python3.7/site-packages/airflow/example_dags/example_branch_python_dop_operator_3.py took 0.079 seconds
[2022-10-04T14:18:50.970+0000] {processor.py:156} INFO - Started process (PID=483) to work on /home/airflow/.local/lib/python3.7/site-packages/airflow/example_dags/example_branch_python_dop_operator_3.py
[2022-10-04T14:18:50.971+0000] {processor.py:758} INFO - Processing file /home/airflow/.local/lib/python3.7/site-packages/airflow/example_dags/example_branch_python_dop_operator_3.py for tasks to queue
[2022-10-04T14:18:50.973+0000] {logging_mixin.py:117} INFO - [2022-10-04T14:18:50.973+0000] {dagbag.py:525} INFO - Filling up the DagBag from /home/airflow/.local/lib/python3.7/site-packages/airflow/example_dags/example_branch_python_dop_operator_3.py
[2022-10-04T14:18:50.990+0000] {processor.py:768} INFO - DAG(s) dict_keys(['example_branch_dop_operator_v3']) retrieved from /home/airflow/.local/lib/python3.7/site-packages/airflow/example_dags/example_branch_python_dop_operator_3.py
[2022-10-04T14:18:51.022+0000] {logging_mixin.py:117} INFO - [2022-10-04T14:18:51.022+0000] {dag.py:2573} INFO - Sync 1 DAGs
[2022-10-04T14:18:51.046+0000] {logging_mixin.py:117} INFO - [2022-10-04T14:18:51.046+0000] {dag.py:3328} INFO - Setting next_dagrun for example_branch_dop_operator_v3 to 2022-10-04T14:17:00+00:00, run_after=2022-10-04T14:18:00+00:00
[2022-10-04T14:18:51.059+0000] {processor.py:178} INFO - Processing /home/airflow/.local/lib/python3.7/site-packages/airflow/example_dags/example_branch_python_dop_operator_3.py took 0.092 seconds
[2022-10-04T14:19:21.238+0000] {processor.py:156} INFO - Started process (PID=547) to work on /home/airflow/.local/lib/python3.7/site-packages/airflow/example_dags/example_branch_python_dop_operator_3.py
[2022-10-04T14:19:21.248+0000] {processor.py:758} INFO - Processing file /home/airflow/.local/lib/python3.7/site-packages/airflow/example_dags/example_branch_python_dop_operator_3.py for tasks to queue
[2022-10-04T14:19:21.252+0000] {logging_mixin.py:117} INFO - [2022-10-04T14:19:21.252+0000] {dagbag.py:525} INFO - Filling up the DagBag from /home/airflow/.local/lib/python3.7/site-packages/airflow/example_dags/example_branch_python_dop_operator_3.py
[2022-10-04T14:19:21.288+0000] {processor.py:768} INFO - DAG(s) dict_keys(['example_branch_dop_operator_v3']) retrieved from /home/airflow/.local/lib/python3.7/site-packages/airflow/example_dags/example_branch_python_dop_operator_3.py
[2022-10-04T14:19:21.327+0000] {logging_mixin.py:117} INFO - [2022-10-04T14:19:21.326+0000] {dag.py:2573} INFO - Sync 1 DAGs
[2022-10-04T14:19:21.358+0000] {logging_mixin.py:117} INFO - [2022-10-04T14:19:21.358+0000] {dag.py:3328} INFO - Setting next_dagrun for example_branch_dop_operator_v3 to 2022-10-04T14:18:00+00:00, run_after=2022-10-04T14:19:00+00:00
[2022-10-04T14:19:21.379+0000] {processor.py:178} INFO - Processing /home/airflow/.local/lib/python3.7/site-packages/airflow/example_dags/example_branch_python_dop_operator_3.py took 0.145 seconds
[2022-10-04T14:19:51.530+0000] {processor.py:156} INFO - Started process (PID=611) to work on /home/airflow/.local/lib/python3.7/site-packages/airflow/example_dags/example_branch_python_dop_operator_3.py
[2022-10-04T14:19:51.533+0000] {processor.py:758} INFO - Processing file /home/airflow/.local/lib/python3.7/site-packages/airflow/example_dags/example_branch_python_dop_operator_3.py for tasks to queue
[2022-10-04T14:19:51.535+0000] {logging_mixin.py:117} INFO - [2022-10-04T14:19:51.535+0000] {dagbag.py:525} INFO - Filling up the DagBag from /home/airflow/.local/lib/python3.7/site-packages/airflow/example_dags/example_branch_python_dop_operator_3.py
[2022-10-04T14:19:51.557+0000] {processor.py:768} INFO - DAG(s) dict_keys(['example_branch_dop_operator_v3']) retrieved from /home/airflow/.local/lib/python3.7/site-packages/airflow/example_dags/example_branch_python_dop_operator_3.py
[2022-10-04T14:19:51.589+0000] {logging_mixin.py:117} INFO - [2022-10-04T14:19:51.589+0000] {dag.py:2573} INFO - Sync 1 DAGs
[2022-10-04T14:19:51.617+0000] {logging_mixin.py:117} INFO - [2022-10-04T14:19:51.617+0000] {dag.py:3328} INFO - Setting next_dagrun for example_branch_dop_operator_v3 to 2022-10-04T14:18:00+00:00, run_after=2022-10-04T14:19:00+00:00
[2022-10-04T14:19:51.632+0000] {processor.py:178} INFO - Processing /home/airflow/.local/lib/python3.7/site-packages/airflow/example_dags/example_branch_python_dop_operator_3.py took 0.105 seconds
[2022-10-04T14:20:21.923+0000] {processor.py:156} INFO - Started process (PID=665) to work on /home/airflow/.local/lib/python3.7/site-packages/airflow/example_dags/example_branch_python_dop_operator_3.py
[2022-10-04T14:20:21.926+0000] {processor.py:758} INFO - Processing file /home/airflow/.local/lib/python3.7/site-packages/airflow/example_dags/example_branch_python_dop_operator_3.py for tasks to queue
[2022-10-04T14:20:21.928+0000] {logging_mixin.py:117} INFO - [2022-10-04T14:20:21.927+0000] {dagbag.py:525} INFO - Filling up the DagBag from /home/airflow/.local/lib/python3.7/site-packages/airflow/example_dags/example_branch_python_dop_operator_3.py
[2022-10-04T14:20:21.952+0000] {processor.py:768} INFO - DAG(s) dict_keys(['example_branch_dop_operator_v3']) retrieved from /home/airflow/.local/lib/python3.7/site-packages/airflow/example_dags/example_branch_python_dop_operator_3.py
[2022-10-04T14:20:21.981+0000] {logging_mixin.py:117} INFO - [2022-10-04T14:20:21.981+0000] {dag.py:2573} INFO - Sync 1 DAGs
[2022-10-04T14:20:21.999+0000] {logging_mixin.py:117} INFO - [2022-10-04T14:20:21.999+0000] {dag.py:3328} INFO - Setting next_dagrun for example_branch_dop_operator_v3 to 2022-10-04T14:19:00+00:00, run_after=2022-10-04T14:20:00+00:00
[2022-10-04T14:20:22.012+0000] {processor.py:178} INFO - Processing /home/airflow/.local/lib/python3.7/site-packages/airflow/example_dags/example_branch_python_dop_operator_3.py took 0.095 seconds
