[2022-10-04T14:15:22.018+0000] {processor.py:156} INFO - Started process (PID=69) to work on /home/airflow/.local/lib/python3.7/site-packages/airflow/example_dags/example_external_task_marker_dag.py
[2022-10-04T14:15:22.020+0000] {processor.py:758} INFO - Processing file /home/airflow/.local/lib/python3.7/site-packages/airflow/example_dags/example_external_task_marker_dag.py for tasks to queue
[2022-10-04T14:15:22.022+0000] {logging_mixin.py:117} INFO - [2022-10-04T14:15:22.022+0000] {dagbag.py:525} INFO - Filling up the DagBag from /home/airflow/.local/lib/python3.7/site-packages/airflow/example_dags/example_external_task_marker_dag.py
[2022-10-04T14:15:22.077+0000] {processor.py:768} INFO - DAG(s) dict_keys(['example_external_task_marker_parent', 'example_external_task_marker_child']) retrieved from /home/airflow/.local/lib/python3.7/site-packages/airflow/example_dags/example_external_task_marker_dag.py
[2022-10-04T14:15:22.247+0000] {logging_mixin.py:117} INFO - [2022-10-04T14:15:22.234+0000] {dag.py:2573} INFO - Sync 2 DAGs
[2022-10-04T14:15:22.336+0000] {logging_mixin.py:117} INFO - [2022-10-04T14:15:22.336+0000] {dag.py:3328} INFO - Setting next_dagrun for example_external_task_marker_child to None, run_after=None
[2022-10-04T14:15:22.345+0000] {logging_mixin.py:117} INFO - [2022-10-04T14:15:22.345+0000] {dag.py:3328} INFO - Setting next_dagrun for example_external_task_marker_parent to None, run_after=None
[2022-10-04T14:15:22.407+0000] {processor.py:178} INFO - Processing /home/airflow/.local/lib/python3.7/site-packages/airflow/example_dags/example_external_task_marker_dag.py took 0.392 seconds
[2022-10-04T14:15:52.879+0000] {processor.py:156} INFO - Started process (PID=122) to work on /home/airflow/.local/lib/python3.7/site-packages/airflow/example_dags/example_external_task_marker_dag.py
[2022-10-04T14:15:52.881+0000] {processor.py:758} INFO - Processing file /home/airflow/.local/lib/python3.7/site-packages/airflow/example_dags/example_external_task_marker_dag.py for tasks to queue
[2022-10-04T14:15:52.882+0000] {logging_mixin.py:117} INFO - [2022-10-04T14:15:52.882+0000] {dagbag.py:525} INFO - Filling up the DagBag from /home/airflow/.local/lib/python3.7/site-packages/airflow/example_dags/example_external_task_marker_dag.py
[2022-10-04T14:15:52.895+0000] {processor.py:768} INFO - DAG(s) dict_keys(['example_external_task_marker_child', 'example_external_task_marker_parent']) retrieved from /home/airflow/.local/lib/python3.7/site-packages/airflow/example_dags/example_external_task_marker_dag.py
[2022-10-04T14:15:53.017+0000] {logging_mixin.py:117} INFO - [2022-10-04T14:15:53.017+0000] {dag.py:2573} INFO - Sync 2 DAGs
[2022-10-04T14:15:53.032+0000] {logging_mixin.py:117} INFO - [2022-10-04T14:15:53.032+0000] {dag.py:3328} INFO - Setting next_dagrun for example_external_task_marker_child to None, run_after=None
[2022-10-04T14:15:53.035+0000] {logging_mixin.py:117} INFO - [2022-10-04T14:15:53.035+0000] {dag.py:3328} INFO - Setting next_dagrun for example_external_task_marker_parent to None, run_after=None
[2022-10-04T14:15:53.046+0000] {processor.py:178} INFO - Processing /home/airflow/.local/lib/python3.7/site-packages/airflow/example_dags/example_external_task_marker_dag.py took 0.170 seconds
[2022-10-04T14:16:23.413+0000] {processor.py:156} INFO - Started process (PID=186) to work on /home/airflow/.local/lib/python3.7/site-packages/airflow/example_dags/example_external_task_marker_dag.py
[2022-10-04T14:16:23.415+0000] {processor.py:758} INFO - Processing file /home/airflow/.local/lib/python3.7/site-packages/airflow/example_dags/example_external_task_marker_dag.py for tasks to queue
[2022-10-04T14:16:23.416+0000] {logging_mixin.py:117} INFO - [2022-10-04T14:16:23.416+0000] {dagbag.py:525} INFO - Filling up the DagBag from /home/airflow/.local/lib/python3.7/site-packages/airflow/example_dags/example_external_task_marker_dag.py
[2022-10-04T14:16:23.425+0000] {processor.py:768} INFO - DAG(s) dict_keys(['example_external_task_marker_parent', 'example_external_task_marker_child']) retrieved from /home/airflow/.local/lib/python3.7/site-packages/airflow/example_dags/example_external_task_marker_dag.py
[2022-10-04T14:16:23.527+0000] {logging_mixin.py:117} INFO - [2022-10-04T14:16:23.527+0000] {dag.py:2573} INFO - Sync 2 DAGs
[2022-10-04T14:16:23.544+0000] {logging_mixin.py:117} INFO - [2022-10-04T14:16:23.544+0000] {dag.py:3328} INFO - Setting next_dagrun for example_external_task_marker_child to None, run_after=None
[2022-10-04T14:16:23.548+0000] {logging_mixin.py:117} INFO - [2022-10-04T14:16:23.548+0000] {dag.py:3328} INFO - Setting next_dagrun for example_external_task_marker_parent to None, run_after=None
[2022-10-04T14:16:23.559+0000] {processor.py:178} INFO - Processing /home/airflow/.local/lib/python3.7/site-packages/airflow/example_dags/example_external_task_marker_dag.py took 0.148 seconds
[2022-10-04T14:16:53.759+0000] {processor.py:156} INFO - Started process (PID=250) to work on /home/airflow/.local/lib/python3.7/site-packages/airflow/example_dags/example_external_task_marker_dag.py
[2022-10-04T14:16:53.760+0000] {processor.py:758} INFO - Processing file /home/airflow/.local/lib/python3.7/site-packages/airflow/example_dags/example_external_task_marker_dag.py for tasks to queue
[2022-10-04T14:16:53.761+0000] {logging_mixin.py:117} INFO - [2022-10-04T14:16:53.761+0000] {dagbag.py:525} INFO - Filling up the DagBag from /home/airflow/.local/lib/python3.7/site-packages/airflow/example_dags/example_external_task_marker_dag.py
[2022-10-04T14:16:53.770+0000] {processor.py:768} INFO - DAG(s) dict_keys(['example_external_task_marker_parent', 'example_external_task_marker_child']) retrieved from /home/airflow/.local/lib/python3.7/site-packages/airflow/example_dags/example_external_task_marker_dag.py
[2022-10-04T14:16:53.858+0000] {logging_mixin.py:117} INFO - [2022-10-04T14:16:53.858+0000] {dag.py:2573} INFO - Sync 2 DAGs
[2022-10-04T14:16:53.872+0000] {logging_mixin.py:117} INFO - [2022-10-04T14:16:53.872+0000] {dag.py:3328} INFO - Setting next_dagrun for example_external_task_marker_child to None, run_after=None
[2022-10-04T14:16:53.874+0000] {logging_mixin.py:117} INFO - [2022-10-04T14:16:53.874+0000] {dag.py:3328} INFO - Setting next_dagrun for example_external_task_marker_parent to None, run_after=None
[2022-10-04T14:16:53.884+0000] {processor.py:178} INFO - Processing /home/airflow/.local/lib/python3.7/site-packages/airflow/example_dags/example_external_task_marker_dag.py took 0.127 seconds
[2022-10-04T14:17:24.083+0000] {processor.py:156} INFO - Started process (PID=313) to work on /home/airflow/.local/lib/python3.7/site-packages/airflow/example_dags/example_external_task_marker_dag.py
[2022-10-04T14:17:24.085+0000] {processor.py:758} INFO - Processing file /home/airflow/.local/lib/python3.7/site-packages/airflow/example_dags/example_external_task_marker_dag.py for tasks to queue
[2022-10-04T14:17:24.085+0000] {logging_mixin.py:117} INFO - [2022-10-04T14:17:24.085+0000] {dagbag.py:525} INFO - Filling up the DagBag from /home/airflow/.local/lib/python3.7/site-packages/airflow/example_dags/example_external_task_marker_dag.py
[2022-10-04T14:17:24.096+0000] {processor.py:768} INFO - DAG(s) dict_keys(['example_external_task_marker_parent', 'example_external_task_marker_child']) retrieved from /home/airflow/.local/lib/python3.7/site-packages/airflow/example_dags/example_external_task_marker_dag.py
[2022-10-04T14:17:24.196+0000] {logging_mixin.py:117} INFO - [2022-10-04T14:17:24.196+0000] {dag.py:2573} INFO - Sync 2 DAGs
[2022-10-04T14:17:24.211+0000] {logging_mixin.py:117} INFO - [2022-10-04T14:17:24.211+0000] {dag.py:3328} INFO - Setting next_dagrun for example_external_task_marker_child to None, run_after=None
[2022-10-04T14:17:24.214+0000] {logging_mixin.py:117} INFO - [2022-10-04T14:17:24.214+0000] {dag.py:3328} INFO - Setting next_dagrun for example_external_task_marker_parent to None, run_after=None
[2022-10-04T14:17:24.224+0000] {processor.py:178} INFO - Processing /home/airflow/.local/lib/python3.7/site-packages/airflow/example_dags/example_external_task_marker_dag.py took 0.144 seconds
[2022-10-04T14:17:54.282+0000] {processor.py:156} INFO - Started process (PID=378) to work on /home/airflow/.local/lib/python3.7/site-packages/airflow/example_dags/example_external_task_marker_dag.py
[2022-10-04T14:17:54.283+0000] {processor.py:758} INFO - Processing file /home/airflow/.local/lib/python3.7/site-packages/airflow/example_dags/example_external_task_marker_dag.py for tasks to queue
[2022-10-04T14:17:54.284+0000] {logging_mixin.py:117} INFO - [2022-10-04T14:17:54.284+0000] {dagbag.py:525} INFO - Filling up the DagBag from /home/airflow/.local/lib/python3.7/site-packages/airflow/example_dags/example_external_task_marker_dag.py
[2022-10-04T14:17:54.293+0000] {processor.py:768} INFO - DAG(s) dict_keys(['example_external_task_marker_parent', 'example_external_task_marker_child']) retrieved from /home/airflow/.local/lib/python3.7/site-packages/airflow/example_dags/example_external_task_marker_dag.py
[2022-10-04T14:17:54.382+0000] {logging_mixin.py:117} INFO - [2022-10-04T14:17:54.382+0000] {dag.py:2573} INFO - Sync 2 DAGs
[2022-10-04T14:17:54.396+0000] {logging_mixin.py:117} INFO - [2022-10-04T14:17:54.396+0000] {dag.py:3328} INFO - Setting next_dagrun for example_external_task_marker_child to None, run_after=None
[2022-10-04T14:17:54.399+0000] {logging_mixin.py:117} INFO - [2022-10-04T14:17:54.399+0000] {dag.py:3328} INFO - Setting next_dagrun for example_external_task_marker_parent to None, run_after=None
[2022-10-04T14:17:54.408+0000] {processor.py:178} INFO - Processing /home/airflow/.local/lib/python3.7/site-packages/airflow/example_dags/example_external_task_marker_dag.py took 0.128 seconds
[2022-10-04T14:18:24.517+0000] {processor.py:156} INFO - Started process (PID=432) to work on /home/airflow/.local/lib/python3.7/site-packages/airflow/example_dags/example_external_task_marker_dag.py
[2022-10-04T14:18:24.519+0000] {processor.py:758} INFO - Processing file /home/airflow/.local/lib/python3.7/site-packages/airflow/example_dags/example_external_task_marker_dag.py for tasks to queue
[2022-10-04T14:18:24.520+0000] {logging_mixin.py:117} INFO - [2022-10-04T14:18:24.520+0000] {dagbag.py:525} INFO - Filling up the DagBag from /home/airflow/.local/lib/python3.7/site-packages/airflow/example_dags/example_external_task_marker_dag.py
[2022-10-04T14:18:24.530+0000] {processor.py:768} INFO - DAG(s) dict_keys(['example_external_task_marker_parent', 'example_external_task_marker_child']) retrieved from /home/airflow/.local/lib/python3.7/site-packages/airflow/example_dags/example_external_task_marker_dag.py
[2022-10-04T14:18:24.618+0000] {logging_mixin.py:117} INFO - [2022-10-04T14:18:24.618+0000] {dag.py:2573} INFO - Sync 2 DAGs
[2022-10-04T14:18:24.632+0000] {logging_mixin.py:117} INFO - [2022-10-04T14:18:24.632+0000] {dag.py:3328} INFO - Setting next_dagrun for example_external_task_marker_child to None, run_after=None
[2022-10-04T14:18:24.635+0000] {logging_mixin.py:117} INFO - [2022-10-04T14:18:24.635+0000] {dag.py:3328} INFO - Setting next_dagrun for example_external_task_marker_parent to None, run_after=None
[2022-10-04T14:18:24.646+0000] {processor.py:178} INFO - Processing /home/airflow/.local/lib/python3.7/site-packages/airflow/example_dags/example_external_task_marker_dag.py took 0.130 seconds
[2022-10-04T14:18:54.753+0000] {processor.py:156} INFO - Started process (PID=495) to work on /home/airflow/.local/lib/python3.7/site-packages/airflow/example_dags/example_external_task_marker_dag.py
[2022-10-04T14:18:54.754+0000] {processor.py:758} INFO - Processing file /home/airflow/.local/lib/python3.7/site-packages/airflow/example_dags/example_external_task_marker_dag.py for tasks to queue
[2022-10-04T14:18:54.755+0000] {logging_mixin.py:117} INFO - [2022-10-04T14:18:54.755+0000] {dagbag.py:525} INFO - Filling up the DagBag from /home/airflow/.local/lib/python3.7/site-packages/airflow/example_dags/example_external_task_marker_dag.py
[2022-10-04T14:18:54.764+0000] {processor.py:768} INFO - DAG(s) dict_keys(['example_external_task_marker_parent', 'example_external_task_marker_child']) retrieved from /home/airflow/.local/lib/python3.7/site-packages/airflow/example_dags/example_external_task_marker_dag.py
[2022-10-04T14:18:54.854+0000] {logging_mixin.py:117} INFO - [2022-10-04T14:18:54.854+0000] {dag.py:2573} INFO - Sync 2 DAGs
[2022-10-04T14:18:54.867+0000] {logging_mixin.py:117} INFO - [2022-10-04T14:18:54.867+0000] {dag.py:3328} INFO - Setting next_dagrun for example_external_task_marker_child to None, run_after=None
[2022-10-04T14:18:54.870+0000] {logging_mixin.py:117} INFO - [2022-10-04T14:18:54.870+0000] {dag.py:3328} INFO - Setting next_dagrun for example_external_task_marker_parent to None, run_after=None
[2022-10-04T14:18:54.879+0000] {processor.py:178} INFO - Processing /home/airflow/.local/lib/python3.7/site-packages/airflow/example_dags/example_external_task_marker_dag.py took 0.128 seconds
[2022-10-04T14:19:25.057+0000] {processor.py:156} INFO - Started process (PID=559) to work on /home/airflow/.local/lib/python3.7/site-packages/airflow/example_dags/example_external_task_marker_dag.py
[2022-10-04T14:19:25.058+0000] {processor.py:758} INFO - Processing file /home/airflow/.local/lib/python3.7/site-packages/airflow/example_dags/example_external_task_marker_dag.py for tasks to queue
[2022-10-04T14:19:25.059+0000] {logging_mixin.py:117} INFO - [2022-10-04T14:19:25.059+0000] {dagbag.py:525} INFO - Filling up the DagBag from /home/airflow/.local/lib/python3.7/site-packages/airflow/example_dags/example_external_task_marker_dag.py
[2022-10-04T14:19:25.068+0000] {processor.py:768} INFO - DAG(s) dict_keys(['example_external_task_marker_parent', 'example_external_task_marker_child']) retrieved from /home/airflow/.local/lib/python3.7/site-packages/airflow/example_dags/example_external_task_marker_dag.py
[2022-10-04T14:19:25.156+0000] {logging_mixin.py:117} INFO - [2022-10-04T14:19:25.156+0000] {dag.py:2573} INFO - Sync 2 DAGs
[2022-10-04T14:19:25.169+0000] {logging_mixin.py:117} INFO - [2022-10-04T14:19:25.169+0000] {dag.py:3328} INFO - Setting next_dagrun for example_external_task_marker_child to None, run_after=None
[2022-10-04T14:19:25.172+0000] {logging_mixin.py:117} INFO - [2022-10-04T14:19:25.172+0000] {dag.py:3328} INFO - Setting next_dagrun for example_external_task_marker_parent to None, run_after=None
[2022-10-04T14:19:25.182+0000] {processor.py:178} INFO - Processing /home/airflow/.local/lib/python3.7/site-packages/airflow/example_dags/example_external_task_marker_dag.py took 0.127 seconds
[2022-10-04T14:19:55.254+0000] {processor.py:156} INFO - Started process (PID=623) to work on /home/airflow/.local/lib/python3.7/site-packages/airflow/example_dags/example_external_task_marker_dag.py
[2022-10-04T14:19:55.255+0000] {processor.py:758} INFO - Processing file /home/airflow/.local/lib/python3.7/site-packages/airflow/example_dags/example_external_task_marker_dag.py for tasks to queue
[2022-10-04T14:19:55.256+0000] {logging_mixin.py:117} INFO - [2022-10-04T14:19:55.256+0000] {dagbag.py:525} INFO - Filling up the DagBag from /home/airflow/.local/lib/python3.7/site-packages/airflow/example_dags/example_external_task_marker_dag.py
[2022-10-04T14:19:55.267+0000] {processor.py:768} INFO - DAG(s) dict_keys(['example_external_task_marker_child', 'example_external_task_marker_parent']) retrieved from /home/airflow/.local/lib/python3.7/site-packages/airflow/example_dags/example_external_task_marker_dag.py
[2022-10-04T14:19:55.371+0000] {logging_mixin.py:117} INFO - [2022-10-04T14:19:55.371+0000] {dag.py:2573} INFO - Sync 2 DAGs
[2022-10-04T14:19:55.385+0000] {logging_mixin.py:117} INFO - [2022-10-04T14:19:55.385+0000] {dag.py:3328} INFO - Setting next_dagrun for example_external_task_marker_child to None, run_after=None
[2022-10-04T14:19:55.389+0000] {logging_mixin.py:117} INFO - [2022-10-04T14:19:55.389+0000] {dag.py:3328} INFO - Setting next_dagrun for example_external_task_marker_parent to None, run_after=None
[2022-10-04T14:19:55.400+0000] {processor.py:178} INFO - Processing /home/airflow/.local/lib/python3.7/site-packages/airflow/example_dags/example_external_task_marker_dag.py took 0.149 seconds
[2022-10-04T14:20:25.669+0000] {processor.py:156} INFO - Started process (PID=686) to work on /home/airflow/.local/lib/python3.7/site-packages/airflow/example_dags/example_external_task_marker_dag.py
[2022-10-04T14:20:25.671+0000] {processor.py:758} INFO - Processing file /home/airflow/.local/lib/python3.7/site-packages/airflow/example_dags/example_external_task_marker_dag.py for tasks to queue
[2022-10-04T14:20:25.673+0000] {logging_mixin.py:117} INFO - [2022-10-04T14:20:25.672+0000] {dagbag.py:525} INFO - Filling up the DagBag from /home/airflow/.local/lib/python3.7/site-packages/airflow/example_dags/example_external_task_marker_dag.py
[2022-10-04T14:20:25.682+0000] {processor.py:768} INFO - DAG(s) dict_keys(['example_external_task_marker_child', 'example_external_task_marker_parent']) retrieved from /home/airflow/.local/lib/python3.7/site-packages/airflow/example_dags/example_external_task_marker_dag.py
[2022-10-04T14:20:25.771+0000] {logging_mixin.py:117} INFO - [2022-10-04T14:20:25.771+0000] {dag.py:2573} INFO - Sync 2 DAGs
[2022-10-04T14:20:25.786+0000] {logging_mixin.py:117} INFO - [2022-10-04T14:20:25.786+0000] {dag.py:3328} INFO - Setting next_dagrun for example_external_task_marker_child to None, run_after=None
[2022-10-04T14:20:25.789+0000] {logging_mixin.py:117} INFO - [2022-10-04T14:20:25.789+0000] {dag.py:3328} INFO - Setting next_dagrun for example_external_task_marker_parent to None, run_after=None
[2022-10-04T14:20:25.799+0000] {processor.py:178} INFO - Processing /home/airflow/.local/lib/python3.7/site-packages/airflow/example_dags/example_external_task_marker_dag.py took 0.132 seconds
