[2022-10-04T14:15:23.419+0000] {processor.py:156} INFO - Started process (PID=72) to work on /home/airflow/.local/lib/python3.7/site-packages/airflow/example_dags/example_task_group.py
[2022-10-04T14:15:23.424+0000] {processor.py:758} INFO - Processing file /home/airflow/.local/lib/python3.7/site-packages/airflow/example_dags/example_task_group.py for tasks to queue
[2022-10-04T14:15:23.426+0000] {logging_mixin.py:117} INFO - [2022-10-04T14:15:23.426+0000] {dagbag.py:525} INFO - Filling up the DagBag from /home/airflow/.local/lib/python3.7/site-packages/airflow/example_dags/example_task_group.py
[2022-10-04T14:15:23.497+0000] {processor.py:768} INFO - DAG(s) dict_keys(['example_task_group']) retrieved from /home/airflow/.local/lib/python3.7/site-packages/airflow/example_dags/example_task_group.py
[2022-10-04T14:15:23.573+0000] {logging_mixin.py:117} INFO - [2022-10-04T14:15:23.573+0000] {dag.py:2573} INFO - Sync 1 DAGs
[2022-10-04T14:15:23.616+0000] {logging_mixin.py:117} INFO - [2022-10-04T14:15:23.616+0000] {dag.py:3328} INFO - Setting next_dagrun for example_task_group to 2022-10-03T14:15:23.616182+00:00, run_after=2022-10-04T14:15:23.616182+00:00
[2022-10-04T14:15:23.638+0000] {processor.py:178} INFO - Processing /home/airflow/.local/lib/python3.7/site-packages/airflow/example_dags/example_task_group.py took 0.221 seconds
[2022-10-04T14:15:54.013+0000] {processor.py:156} INFO - Started process (PID=125) to work on /home/airflow/.local/lib/python3.7/site-packages/airflow/example_dags/example_task_group.py
[2022-10-04T14:15:54.015+0000] {processor.py:758} INFO - Processing file /home/airflow/.local/lib/python3.7/site-packages/airflow/example_dags/example_task_group.py for tasks to queue
[2022-10-04T14:15:54.016+0000] {logging_mixin.py:117} INFO - [2022-10-04T14:15:54.016+0000] {dagbag.py:525} INFO - Filling up the DagBag from /home/airflow/.local/lib/python3.7/site-packages/airflow/example_dags/example_task_group.py
[2022-10-04T14:15:54.029+0000] {processor.py:768} INFO - DAG(s) dict_keys(['example_task_group']) retrieved from /home/airflow/.local/lib/python3.7/site-packages/airflow/example_dags/example_task_group.py
[2022-10-04T14:15:54.056+0000] {logging_mixin.py:117} INFO - [2022-10-04T14:15:54.055+0000] {dag.py:2573} INFO - Sync 1 DAGs
[2022-10-04T14:15:54.070+0000] {logging_mixin.py:117} INFO - [2022-10-04T14:15:54.070+0000] {dag.py:3328} INFO - Setting next_dagrun for example_task_group to 2022-10-03T14:15:54.069888+00:00, run_after=2022-10-04T14:15:54.069888+00:00
[2022-10-04T14:15:54.081+0000] {processor.py:178} INFO - Processing /home/airflow/.local/lib/python3.7/site-packages/airflow/example_dags/example_task_group.py took 0.071 seconds
[2022-10-04T14:16:24.539+0000] {processor.py:156} INFO - Started process (PID=189) to work on /home/airflow/.local/lib/python3.7/site-packages/airflow/example_dags/example_task_group.py
[2022-10-04T14:16:24.540+0000] {processor.py:758} INFO - Processing file /home/airflow/.local/lib/python3.7/site-packages/airflow/example_dags/example_task_group.py for tasks to queue
[2022-10-04T14:16:24.542+0000] {logging_mixin.py:117} INFO - [2022-10-04T14:16:24.542+0000] {dagbag.py:525} INFO - Filling up the DagBag from /home/airflow/.local/lib/python3.7/site-packages/airflow/example_dags/example_task_group.py
[2022-10-04T14:16:24.552+0000] {processor.py:768} INFO - DAG(s) dict_keys(['example_task_group']) retrieved from /home/airflow/.local/lib/python3.7/site-packages/airflow/example_dags/example_task_group.py
[2022-10-04T14:16:24.576+0000] {logging_mixin.py:117} INFO - [2022-10-04T14:16:24.576+0000] {dag.py:2573} INFO - Sync 1 DAGs
[2022-10-04T14:16:24.589+0000] {logging_mixin.py:117} INFO - [2022-10-04T14:16:24.589+0000] {dag.py:3328} INFO - Setting next_dagrun for example_task_group to 2022-10-03T14:16:24.589308+00:00, run_after=2022-10-04T14:16:24.589308+00:00
[2022-10-04T14:16:24.600+0000] {processor.py:178} INFO - Processing /home/airflow/.local/lib/python3.7/site-packages/airflow/example_dags/example_task_group.py took 0.064 seconds
[2022-10-04T14:16:54.858+0000] {processor.py:156} INFO - Started process (PID=253) to work on /home/airflow/.local/lib/python3.7/site-packages/airflow/example_dags/example_task_group.py
[2022-10-04T14:16:54.860+0000] {processor.py:758} INFO - Processing file /home/airflow/.local/lib/python3.7/site-packages/airflow/example_dags/example_task_group.py for tasks to queue
[2022-10-04T14:16:54.861+0000] {logging_mixin.py:117} INFO - [2022-10-04T14:16:54.861+0000] {dagbag.py:525} INFO - Filling up the DagBag from /home/airflow/.local/lib/python3.7/site-packages/airflow/example_dags/example_task_group.py
[2022-10-04T14:16:54.871+0000] {processor.py:768} INFO - DAG(s) dict_keys(['example_task_group']) retrieved from /home/airflow/.local/lib/python3.7/site-packages/airflow/example_dags/example_task_group.py
[2022-10-04T14:16:54.895+0000] {logging_mixin.py:117} INFO - [2022-10-04T14:16:54.895+0000] {dag.py:2573} INFO - Sync 1 DAGs
[2022-10-04T14:16:54.909+0000] {logging_mixin.py:117} INFO - [2022-10-04T14:16:54.909+0000] {dag.py:3328} INFO - Setting next_dagrun for example_task_group to 2022-10-03T14:16:54.909044+00:00, run_after=2022-10-04T14:16:54.909044+00:00
[2022-10-04T14:16:54.919+0000] {processor.py:178} INFO - Processing /home/airflow/.local/lib/python3.7/site-packages/airflow/example_dags/example_task_group.py took 0.063 seconds
[2022-10-04T14:17:25.197+0000] {processor.py:156} INFO - Started process (PID=316) to work on /home/airflow/.local/lib/python3.7/site-packages/airflow/example_dags/example_task_group.py
[2022-10-04T14:17:25.199+0000] {processor.py:758} INFO - Processing file /home/airflow/.local/lib/python3.7/site-packages/airflow/example_dags/example_task_group.py for tasks to queue
[2022-10-04T14:17:25.200+0000] {logging_mixin.py:117} INFO - [2022-10-04T14:17:25.200+0000] {dagbag.py:525} INFO - Filling up the DagBag from /home/airflow/.local/lib/python3.7/site-packages/airflow/example_dags/example_task_group.py
[2022-10-04T14:17:25.210+0000] {processor.py:768} INFO - DAG(s) dict_keys(['example_task_group']) retrieved from /home/airflow/.local/lib/python3.7/site-packages/airflow/example_dags/example_task_group.py
[2022-10-04T14:17:25.235+0000] {logging_mixin.py:117} INFO - [2022-10-04T14:17:25.235+0000] {dag.py:2573} INFO - Sync 1 DAGs
[2022-10-04T14:17:25.249+0000] {logging_mixin.py:117} INFO - [2022-10-04T14:17:25.249+0000] {dag.py:3328} INFO - Setting next_dagrun for example_task_group to 2022-10-03T14:17:25.249199+00:00, run_after=2022-10-04T14:17:25.249199+00:00
[2022-10-04T14:17:25.259+0000] {processor.py:178} INFO - Processing /home/airflow/.local/lib/python3.7/site-packages/airflow/example_dags/example_task_group.py took 0.064 seconds
[2022-10-04T14:17:55.396+0000] {processor.py:156} INFO - Started process (PID=381) to work on /home/airflow/.local/lib/python3.7/site-packages/airflow/example_dags/example_task_group.py
[2022-10-04T14:17:55.397+0000] {processor.py:758} INFO - Processing file /home/airflow/.local/lib/python3.7/site-packages/airflow/example_dags/example_task_group.py for tasks to queue
[2022-10-04T14:17:55.398+0000] {logging_mixin.py:117} INFO - [2022-10-04T14:17:55.398+0000] {dagbag.py:525} INFO - Filling up the DagBag from /home/airflow/.local/lib/python3.7/site-packages/airflow/example_dags/example_task_group.py
[2022-10-04T14:17:55.408+0000] {processor.py:768} INFO - DAG(s) dict_keys(['example_task_group']) retrieved from /home/airflow/.local/lib/python3.7/site-packages/airflow/example_dags/example_task_group.py
[2022-10-04T14:17:55.434+0000] {logging_mixin.py:117} INFO - [2022-10-04T14:17:55.434+0000] {dag.py:2573} INFO - Sync 1 DAGs
[2022-10-04T14:17:55.448+0000] {logging_mixin.py:117} INFO - [2022-10-04T14:17:55.447+0000] {dag.py:3328} INFO - Setting next_dagrun for example_task_group to 2022-10-03T14:17:55.447880+00:00, run_after=2022-10-04T14:17:55.447880+00:00
[2022-10-04T14:17:55.459+0000] {processor.py:178} INFO - Processing /home/airflow/.local/lib/python3.7/site-packages/airflow/example_dags/example_task_group.py took 0.065 seconds
[2022-10-04T14:18:25.653+0000] {processor.py:156} INFO - Started process (PID=444) to work on /home/airflow/.local/lib/python3.7/site-packages/airflow/example_dags/example_task_group.py
[2022-10-04T14:18:25.655+0000] {processor.py:758} INFO - Processing file /home/airflow/.local/lib/python3.7/site-packages/airflow/example_dags/example_task_group.py for tasks to queue
[2022-10-04T14:18:25.656+0000] {logging_mixin.py:117} INFO - [2022-10-04T14:18:25.656+0000] {dagbag.py:525} INFO - Filling up the DagBag from /home/airflow/.local/lib/python3.7/site-packages/airflow/example_dags/example_task_group.py
[2022-10-04T14:18:25.671+0000] {processor.py:768} INFO - DAG(s) dict_keys(['example_task_group']) retrieved from /home/airflow/.local/lib/python3.7/site-packages/airflow/example_dags/example_task_group.py
[2022-10-04T14:18:25.702+0000] {logging_mixin.py:117} INFO - [2022-10-04T14:18:25.702+0000] {dag.py:2573} INFO - Sync 1 DAGs
[2022-10-04T14:18:25.734+0000] {logging_mixin.py:117} INFO - [2022-10-04T14:18:25.734+0000] {dag.py:3328} INFO - Setting next_dagrun for example_task_group to 2022-10-03T14:18:25.734201+00:00, run_after=2022-10-04T14:18:25.734201+00:00
[2022-10-04T14:18:25.753+0000] {processor.py:178} INFO - Processing /home/airflow/.local/lib/python3.7/site-packages/airflow/example_dags/example_task_group.py took 0.103 seconds
[2022-10-04T14:18:55.861+0000] {processor.py:156} INFO - Started process (PID=498) to work on /home/airflow/.local/lib/python3.7/site-packages/airflow/example_dags/example_task_group.py
[2022-10-04T14:18:55.862+0000] {processor.py:758} INFO - Processing file /home/airflow/.local/lib/python3.7/site-packages/airflow/example_dags/example_task_group.py for tasks to queue
[2022-10-04T14:18:55.863+0000] {logging_mixin.py:117} INFO - [2022-10-04T14:18:55.863+0000] {dagbag.py:525} INFO - Filling up the DagBag from /home/airflow/.local/lib/python3.7/site-packages/airflow/example_dags/example_task_group.py
[2022-10-04T14:18:55.875+0000] {processor.py:768} INFO - DAG(s) dict_keys(['example_task_group']) retrieved from /home/airflow/.local/lib/python3.7/site-packages/airflow/example_dags/example_task_group.py
[2022-10-04T14:18:55.903+0000] {logging_mixin.py:117} INFO - [2022-10-04T14:18:55.902+0000] {dag.py:2573} INFO - Sync 1 DAGs
[2022-10-04T14:18:55.921+0000] {logging_mixin.py:117} INFO - [2022-10-04T14:18:55.921+0000] {dag.py:3328} INFO - Setting next_dagrun for example_task_group to 2022-10-03T14:18:55.920958+00:00, run_after=2022-10-04T14:18:55.920958+00:00
[2022-10-04T14:18:55.944+0000] {processor.py:178} INFO - Processing /home/airflow/.local/lib/python3.7/site-packages/airflow/example_dags/example_task_group.py took 0.085 seconds
[2022-10-04T14:19:26.177+0000] {processor.py:156} INFO - Started process (PID=562) to work on /home/airflow/.local/lib/python3.7/site-packages/airflow/example_dags/example_task_group.py
[2022-10-04T14:19:26.178+0000] {processor.py:758} INFO - Processing file /home/airflow/.local/lib/python3.7/site-packages/airflow/example_dags/example_task_group.py for tasks to queue
[2022-10-04T14:19:26.179+0000] {logging_mixin.py:117} INFO - [2022-10-04T14:19:26.179+0000] {dagbag.py:525} INFO - Filling up the DagBag from /home/airflow/.local/lib/python3.7/site-packages/airflow/example_dags/example_task_group.py
[2022-10-04T14:19:26.190+0000] {processor.py:768} INFO - DAG(s) dict_keys(['example_task_group']) retrieved from /home/airflow/.local/lib/python3.7/site-packages/airflow/example_dags/example_task_group.py
[2022-10-04T14:19:26.219+0000] {logging_mixin.py:117} INFO - [2022-10-04T14:19:26.219+0000] {dag.py:2573} INFO - Sync 1 DAGs
[2022-10-04T14:19:26.235+0000] {logging_mixin.py:117} INFO - [2022-10-04T14:19:26.235+0000] {dag.py:3328} INFO - Setting next_dagrun for example_task_group to 2022-10-03T14:19:26.235167+00:00, run_after=2022-10-04T14:19:26.235167+00:00
[2022-10-04T14:19:26.247+0000] {processor.py:178} INFO - Processing /home/airflow/.local/lib/python3.7/site-packages/airflow/example_dags/example_task_group.py took 0.073 seconds
[2022-10-04T14:19:56.451+0000] {processor.py:156} INFO - Started process (PID=626) to work on /home/airflow/.local/lib/python3.7/site-packages/airflow/example_dags/example_task_group.py
[2022-10-04T14:19:56.453+0000] {processor.py:758} INFO - Processing file /home/airflow/.local/lib/python3.7/site-packages/airflow/example_dags/example_task_group.py for tasks to queue
[2022-10-04T14:19:56.456+0000] {logging_mixin.py:117} INFO - [2022-10-04T14:19:56.456+0000] {dagbag.py:525} INFO - Filling up the DagBag from /home/airflow/.local/lib/python3.7/site-packages/airflow/example_dags/example_task_group.py
[2022-10-04T14:19:56.465+0000] {processor.py:768} INFO - DAG(s) dict_keys(['example_task_group']) retrieved from /home/airflow/.local/lib/python3.7/site-packages/airflow/example_dags/example_task_group.py
[2022-10-04T14:19:56.490+0000] {logging_mixin.py:117} INFO - [2022-10-04T14:19:56.490+0000] {dag.py:2573} INFO - Sync 1 DAGs
[2022-10-04T14:19:56.504+0000] {logging_mixin.py:117} INFO - [2022-10-04T14:19:56.504+0000] {dag.py:3328} INFO - Setting next_dagrun for example_task_group to 2022-10-03T14:19:56.504251+00:00, run_after=2022-10-04T14:19:56.504251+00:00
[2022-10-04T14:19:56.514+0000] {processor.py:178} INFO - Processing /home/airflow/.local/lib/python3.7/site-packages/airflow/example_dags/example_task_group.py took 0.065 seconds
[2022-10-04T14:20:26.816+0000] {processor.py:156} INFO - Started process (PID=689) to work on /home/airflow/.local/lib/python3.7/site-packages/airflow/example_dags/example_task_group.py
[2022-10-04T14:20:26.817+0000] {processor.py:758} INFO - Processing file /home/airflow/.local/lib/python3.7/site-packages/airflow/example_dags/example_task_group.py for tasks to queue
[2022-10-04T14:20:26.818+0000] {logging_mixin.py:117} INFO - [2022-10-04T14:20:26.818+0000] {dagbag.py:525} INFO - Filling up the DagBag from /home/airflow/.local/lib/python3.7/site-packages/airflow/example_dags/example_task_group.py
[2022-10-04T14:20:26.829+0000] {processor.py:768} INFO - DAG(s) dict_keys(['example_task_group']) retrieved from /home/airflow/.local/lib/python3.7/site-packages/airflow/example_dags/example_task_group.py
[2022-10-04T14:20:26.854+0000] {logging_mixin.py:117} INFO - [2022-10-04T14:20:26.854+0000] {dag.py:2573} INFO - Sync 1 DAGs
[2022-10-04T14:20:26.868+0000] {logging_mixin.py:117} INFO - [2022-10-04T14:20:26.868+0000] {dag.py:3328} INFO - Setting next_dagrun for example_task_group to 2022-10-03T14:20:26.868018+00:00, run_after=2022-10-04T14:20:26.868018+00:00
[2022-10-04T14:20:26.878+0000] {processor.py:178} INFO - Processing /home/airflow/.local/lib/python3.7/site-packages/airflow/example_dags/example_task_group.py took 0.065 seconds
