[2022-10-04T14:15:22.576+0000] {processor.py:156} INFO - Started process (PID=70) to work on /home/airflow/.local/lib/python3.7/site-packages/airflow/example_dags/example_branch_operator_decorator.py
[2022-10-04T14:15:22.580+0000] {processor.py:758} INFO - Processing file /home/airflow/.local/lib/python3.7/site-packages/airflow/example_dags/example_branch_operator_decorator.py for tasks to queue
[2022-10-04T14:15:22.583+0000] {logging_mixin.py:117} INFO - [2022-10-04T14:15:22.583+0000] {dagbag.py:525} INFO - Filling up the DagBag from /home/airflow/.local/lib/python3.7/site-packages/airflow/example_dags/example_branch_operator_decorator.py
[2022-10-04T14:15:22.644+0000] {processor.py:768} INFO - DAG(s) dict_keys(['example_branch_python_operator_decorator']) retrieved from /home/airflow/.local/lib/python3.7/site-packages/airflow/example_dags/example_branch_operator_decorator.py
[2022-10-04T14:15:22.788+0000] {logging_mixin.py:117} INFO - [2022-10-04T14:15:22.787+0000] {dag.py:2573} INFO - Sync 1 DAGs
[2022-10-04T14:15:22.875+0000] {logging_mixin.py:117} INFO - [2022-10-04T14:15:22.874+0000] {dag.py:3328} INFO - Setting next_dagrun for example_branch_python_operator_decorator to 2022-10-03T00:00:00+00:00, run_after=2022-10-04T00:00:00+00:00
[2022-10-04T14:15:23.033+0000] {processor.py:178} INFO - Processing /home/airflow/.local/lib/python3.7/site-packages/airflow/example_dags/example_branch_operator_decorator.py took 0.471 seconds
[2022-10-04T14:15:53.915+0000] {processor.py:156} INFO - Started process (PID=123) to work on /home/airflow/.local/lib/python3.7/site-packages/airflow/example_dags/example_branch_operator_decorator.py
[2022-10-04T14:15:53.916+0000] {processor.py:758} INFO - Processing file /home/airflow/.local/lib/python3.7/site-packages/airflow/example_dags/example_branch_operator_decorator.py for tasks to queue
[2022-10-04T14:15:53.917+0000] {logging_mixin.py:117} INFO - [2022-10-04T14:15:53.917+0000] {dagbag.py:525} INFO - Filling up the DagBag from /home/airflow/.local/lib/python3.7/site-packages/airflow/example_dags/example_branch_operator_decorator.py
[2022-10-04T14:15:53.935+0000] {processor.py:768} INFO - DAG(s) dict_keys(['example_branch_python_operator_decorator']) retrieved from /home/airflow/.local/lib/python3.7/site-packages/airflow/example_dags/example_branch_operator_decorator.py
[2022-10-04T14:15:53.965+0000] {logging_mixin.py:117} INFO - [2022-10-04T14:15:53.965+0000] {dag.py:2573} INFO - Sync 1 DAGs
[2022-10-04T14:15:53.982+0000] {logging_mixin.py:117} INFO - [2022-10-04T14:15:53.982+0000] {dag.py:3328} INFO - Setting next_dagrun for example_branch_python_operator_decorator to 2022-10-03T00:00:00+00:00, run_after=2022-10-04T00:00:00+00:00
[2022-10-04T14:15:53.996+0000] {processor.py:178} INFO - Processing /home/airflow/.local/lib/python3.7/site-packages/airflow/example_dags/example_branch_operator_decorator.py took 0.084 seconds
[2022-10-04T14:16:24.444+0000] {processor.py:156} INFO - Started process (PID=187) to work on /home/airflow/.local/lib/python3.7/site-packages/airflow/example_dags/example_branch_operator_decorator.py
[2022-10-04T14:16:24.446+0000] {processor.py:758} INFO - Processing file /home/airflow/.local/lib/python3.7/site-packages/airflow/example_dags/example_branch_operator_decorator.py for tasks to queue
[2022-10-04T14:16:24.448+0000] {logging_mixin.py:117} INFO - [2022-10-04T14:16:24.448+0000] {dagbag.py:525} INFO - Filling up the DagBag from /home/airflow/.local/lib/python3.7/site-packages/airflow/example_dags/example_branch_operator_decorator.py
[2022-10-04T14:16:24.465+0000] {processor.py:768} INFO - DAG(s) dict_keys(['example_branch_python_operator_decorator']) retrieved from /home/airflow/.local/lib/python3.7/site-packages/airflow/example_dags/example_branch_operator_decorator.py
[2022-10-04T14:16:24.493+0000] {logging_mixin.py:117} INFO - [2022-10-04T14:16:24.493+0000] {dag.py:2573} INFO - Sync 1 DAGs
[2022-10-04T14:16:24.509+0000] {logging_mixin.py:117} INFO - [2022-10-04T14:16:24.509+0000] {dag.py:3328} INFO - Setting next_dagrun for example_branch_python_operator_decorator to 2022-10-03T00:00:00+00:00, run_after=2022-10-04T00:00:00+00:00
[2022-10-04T14:16:24.522+0000] {processor.py:178} INFO - Processing /home/airflow/.local/lib/python3.7/site-packages/airflow/example_dags/example_branch_operator_decorator.py took 0.081 seconds
[2022-10-04T14:16:54.767+0000] {processor.py:156} INFO - Started process (PID=251) to work on /home/airflow/.local/lib/python3.7/site-packages/airflow/example_dags/example_branch_operator_decorator.py
[2022-10-04T14:16:54.769+0000] {processor.py:758} INFO - Processing file /home/airflow/.local/lib/python3.7/site-packages/airflow/example_dags/example_branch_operator_decorator.py for tasks to queue
[2022-10-04T14:16:54.770+0000] {logging_mixin.py:117} INFO - [2022-10-04T14:16:54.770+0000] {dagbag.py:525} INFO - Filling up the DagBag from /home/airflow/.local/lib/python3.7/site-packages/airflow/example_dags/example_branch_operator_decorator.py
[2022-10-04T14:16:54.786+0000] {processor.py:768} INFO - DAG(s) dict_keys(['example_branch_python_operator_decorator']) retrieved from /home/airflow/.local/lib/python3.7/site-packages/airflow/example_dags/example_branch_operator_decorator.py
[2022-10-04T14:16:54.809+0000] {logging_mixin.py:117} INFO - [2022-10-04T14:16:54.809+0000] {dag.py:2573} INFO - Sync 1 DAGs
[2022-10-04T14:16:54.825+0000] {logging_mixin.py:117} INFO - [2022-10-04T14:16:54.825+0000] {dag.py:3328} INFO - Setting next_dagrun for example_branch_python_operator_decorator to 2022-10-03T00:00:00+00:00, run_after=2022-10-04T00:00:00+00:00
[2022-10-04T14:16:54.837+0000] {processor.py:178} INFO - Processing /home/airflow/.local/lib/python3.7/site-packages/airflow/example_dags/example_branch_operator_decorator.py took 0.072 seconds
[2022-10-04T14:17:25.110+0000] {processor.py:156} INFO - Started process (PID=314) to work on /home/airflow/.local/lib/python3.7/site-packages/airflow/example_dags/example_branch_operator_decorator.py
[2022-10-04T14:17:25.112+0000] {processor.py:758} INFO - Processing file /home/airflow/.local/lib/python3.7/site-packages/airflow/example_dags/example_branch_operator_decorator.py for tasks to queue
[2022-10-04T14:17:25.113+0000] {logging_mixin.py:117} INFO - [2022-10-04T14:17:25.113+0000] {dagbag.py:525} INFO - Filling up the DagBag from /home/airflow/.local/lib/python3.7/site-packages/airflow/example_dags/example_branch_operator_decorator.py
[2022-10-04T14:17:25.128+0000] {processor.py:768} INFO - DAG(s) dict_keys(['example_branch_python_operator_decorator']) retrieved from /home/airflow/.local/lib/python3.7/site-packages/airflow/example_dags/example_branch_operator_decorator.py
[2022-10-04T14:17:25.155+0000] {logging_mixin.py:117} INFO - [2022-10-04T14:17:25.155+0000] {dag.py:2573} INFO - Sync 1 DAGs
[2022-10-04T14:17:25.170+0000] {logging_mixin.py:117} INFO - [2022-10-04T14:17:25.170+0000] {dag.py:3328} INFO - Setting next_dagrun for example_branch_python_operator_decorator to 2022-10-03T00:00:00+00:00, run_after=2022-10-04T00:00:00+00:00
[2022-10-04T14:17:25.181+0000] {processor.py:178} INFO - Processing /home/airflow/.local/lib/python3.7/site-packages/airflow/example_dags/example_branch_operator_decorator.py took 0.074 seconds
[2022-10-04T14:17:55.297+0000] {processor.py:156} INFO - Started process (PID=379) to work on /home/airflow/.local/lib/python3.7/site-packages/airflow/example_dags/example_branch_operator_decorator.py
[2022-10-04T14:17:55.298+0000] {processor.py:758} INFO - Processing file /home/airflow/.local/lib/python3.7/site-packages/airflow/example_dags/example_branch_operator_decorator.py for tasks to queue
[2022-10-04T14:17:55.300+0000] {logging_mixin.py:117} INFO - [2022-10-04T14:17:55.299+0000] {dagbag.py:525} INFO - Filling up the DagBag from /home/airflow/.local/lib/python3.7/site-packages/airflow/example_dags/example_branch_operator_decorator.py
[2022-10-04T14:17:55.316+0000] {processor.py:768} INFO - DAG(s) dict_keys(['example_branch_python_operator_decorator']) retrieved from /home/airflow/.local/lib/python3.7/site-packages/airflow/example_dags/example_branch_operator_decorator.py
[2022-10-04T14:17:55.344+0000] {logging_mixin.py:117} INFO - [2022-10-04T14:17:55.344+0000] {dag.py:2573} INFO - Sync 1 DAGs
[2022-10-04T14:17:55.363+0000] {logging_mixin.py:117} INFO - [2022-10-04T14:17:55.363+0000] {dag.py:3328} INFO - Setting next_dagrun for example_branch_python_operator_decorator to 2022-10-03T00:00:00+00:00, run_after=2022-10-04T00:00:00+00:00
[2022-10-04T14:17:55.375+0000] {processor.py:178} INFO - Processing /home/airflow/.local/lib/python3.7/site-packages/airflow/example_dags/example_branch_operator_decorator.py took 0.080 seconds
[2022-10-04T14:18:25.541+0000] {processor.py:156} INFO - Started process (PID=440) to work on /home/airflow/.local/lib/python3.7/site-packages/airflow/example_dags/example_branch_operator_decorator.py
[2022-10-04T14:18:25.544+0000] {processor.py:758} INFO - Processing file /home/airflow/.local/lib/python3.7/site-packages/airflow/example_dags/example_branch_operator_decorator.py for tasks to queue
[2022-10-04T14:18:25.545+0000] {logging_mixin.py:117} INFO - [2022-10-04T14:18:25.545+0000] {dagbag.py:525} INFO - Filling up the DagBag from /home/airflow/.local/lib/python3.7/site-packages/airflow/example_dags/example_branch_operator_decorator.py
[2022-10-04T14:18:25.564+0000] {processor.py:768} INFO - DAG(s) dict_keys(['example_branch_python_operator_decorator']) retrieved from /home/airflow/.local/lib/python3.7/site-packages/airflow/example_dags/example_branch_operator_decorator.py
[2022-10-04T14:18:25.603+0000] {logging_mixin.py:117} INFO - [2022-10-04T14:18:25.603+0000] {dag.py:2573} INFO - Sync 1 DAGs
[2022-10-04T14:18:25.625+0000] {logging_mixin.py:117} INFO - [2022-10-04T14:18:25.624+0000] {dag.py:3328} INFO - Setting next_dagrun for example_branch_python_operator_decorator to 2022-10-03T00:00:00+00:00, run_after=2022-10-04T00:00:00+00:00
[2022-10-04T14:18:25.637+0000] {processor.py:178} INFO - Processing /home/airflow/.local/lib/python3.7/site-packages/airflow/example_dags/example_branch_operator_decorator.py took 0.099 seconds
[2022-10-04T14:18:55.766+0000] {processor.py:156} INFO - Started process (PID=496) to work on /home/airflow/.local/lib/python3.7/site-packages/airflow/example_dags/example_branch_operator_decorator.py
[2022-10-04T14:18:55.768+0000] {processor.py:758} INFO - Processing file /home/airflow/.local/lib/python3.7/site-packages/airflow/example_dags/example_branch_operator_decorator.py for tasks to queue
[2022-10-04T14:18:55.771+0000] {logging_mixin.py:117} INFO - [2022-10-04T14:18:55.770+0000] {dagbag.py:525} INFO - Filling up the DagBag from /home/airflow/.local/lib/python3.7/site-packages/airflow/example_dags/example_branch_operator_decorator.py
[2022-10-04T14:18:55.794+0000] {processor.py:768} INFO - DAG(s) dict_keys(['example_branch_python_operator_decorator']) retrieved from /home/airflow/.local/lib/python3.7/site-packages/airflow/example_dags/example_branch_operator_decorator.py
[2022-10-04T14:18:55.819+0000] {logging_mixin.py:117} INFO - [2022-10-04T14:18:55.819+0000] {dag.py:2573} INFO - Sync 1 DAGs
[2022-10-04T14:18:55.836+0000] {logging_mixin.py:117} INFO - [2022-10-04T14:18:55.836+0000] {dag.py:3328} INFO - Setting next_dagrun for example_branch_python_operator_decorator to 2022-10-03T00:00:00+00:00, run_after=2022-10-04T00:00:00+00:00
[2022-10-04T14:18:55.850+0000] {processor.py:178} INFO - Processing /home/airflow/.local/lib/python3.7/site-packages/airflow/example_dags/example_branch_operator_decorator.py took 0.087 seconds
[2022-10-04T14:19:26.079+0000] {processor.py:156} INFO - Started process (PID=560) to work on /home/airflow/.local/lib/python3.7/site-packages/airflow/example_dags/example_branch_operator_decorator.py
[2022-10-04T14:19:26.081+0000] {processor.py:758} INFO - Processing file /home/airflow/.local/lib/python3.7/site-packages/airflow/example_dags/example_branch_operator_decorator.py for tasks to queue
[2022-10-04T14:19:26.083+0000] {logging_mixin.py:117} INFO - [2022-10-04T14:19:26.083+0000] {dagbag.py:525} INFO - Filling up the DagBag from /home/airflow/.local/lib/python3.7/site-packages/airflow/example_dags/example_branch_operator_decorator.py
[2022-10-04T14:19:26.103+0000] {processor.py:768} INFO - DAG(s) dict_keys(['example_branch_python_operator_decorator']) retrieved from /home/airflow/.local/lib/python3.7/site-packages/airflow/example_dags/example_branch_operator_decorator.py
[2022-10-04T14:19:26.129+0000] {logging_mixin.py:117} INFO - [2022-10-04T14:19:26.128+0000] {dag.py:2573} INFO - Sync 1 DAGs
[2022-10-04T14:19:26.144+0000] {logging_mixin.py:117} INFO - [2022-10-04T14:19:26.144+0000] {dag.py:3328} INFO - Setting next_dagrun for example_branch_python_operator_decorator to 2022-10-03T00:00:00+00:00, run_after=2022-10-04T00:00:00+00:00
[2022-10-04T14:19:26.156+0000] {processor.py:178} INFO - Processing /home/airflow/.local/lib/python3.7/site-packages/airflow/example_dags/example_branch_operator_decorator.py took 0.081 seconds
[2022-10-04T14:19:56.332+0000] {processor.py:156} INFO - Started process (PID=624) to work on /home/airflow/.local/lib/python3.7/site-packages/airflow/example_dags/example_branch_operator_decorator.py
[2022-10-04T14:19:56.336+0000] {processor.py:758} INFO - Processing file /home/airflow/.local/lib/python3.7/site-packages/airflow/example_dags/example_branch_operator_decorator.py for tasks to queue
[2022-10-04T14:19:56.338+0000] {logging_mixin.py:117} INFO - [2022-10-04T14:19:56.338+0000] {dagbag.py:525} INFO - Filling up the DagBag from /home/airflow/.local/lib/python3.7/site-packages/airflow/example_dags/example_branch_operator_decorator.py
[2022-10-04T14:19:56.360+0000] {processor.py:768} INFO - DAG(s) dict_keys(['example_branch_python_operator_decorator']) retrieved from /home/airflow/.local/lib/python3.7/site-packages/airflow/example_dags/example_branch_operator_decorator.py
[2022-10-04T14:19:56.392+0000] {logging_mixin.py:117} INFO - [2022-10-04T14:19:56.392+0000] {dag.py:2573} INFO - Sync 1 DAGs
[2022-10-04T14:19:56.413+0000] {logging_mixin.py:117} INFO - [2022-10-04T14:19:56.413+0000] {dag.py:3328} INFO - Setting next_dagrun for example_branch_python_operator_decorator to 2022-10-03T00:00:00+00:00, run_after=2022-10-04T00:00:00+00:00
[2022-10-04T14:19:56.428+0000] {processor.py:178} INFO - Processing /home/airflow/.local/lib/python3.7/site-packages/airflow/example_dags/example_branch_operator_decorator.py took 0.100 seconds
[2022-10-04T14:20:26.711+0000] {processor.py:156} INFO - Started process (PID=687) to work on /home/airflow/.local/lib/python3.7/site-packages/airflow/example_dags/example_branch_operator_decorator.py
[2022-10-04T14:20:26.714+0000] {processor.py:758} INFO - Processing file /home/airflow/.local/lib/python3.7/site-packages/airflow/example_dags/example_branch_operator_decorator.py for tasks to queue
[2022-10-04T14:20:26.717+0000] {logging_mixin.py:117} INFO - [2022-10-04T14:20:26.717+0000] {dagbag.py:525} INFO - Filling up the DagBag from /home/airflow/.local/lib/python3.7/site-packages/airflow/example_dags/example_branch_operator_decorator.py
[2022-10-04T14:20:26.744+0000] {processor.py:768} INFO - DAG(s) dict_keys(['example_branch_python_operator_decorator']) retrieved from /home/airflow/.local/lib/python3.7/site-packages/airflow/example_dags/example_branch_operator_decorator.py
[2022-10-04T14:20:26.770+0000] {logging_mixin.py:117} INFO - [2022-10-04T14:20:26.770+0000] {dag.py:2573} INFO - Sync 1 DAGs
[2022-10-04T14:20:26.784+0000] {logging_mixin.py:117} INFO - [2022-10-04T14:20:26.784+0000] {dag.py:3328} INFO - Setting next_dagrun for example_branch_python_operator_decorator to 2022-10-03T00:00:00+00:00, run_after=2022-10-04T00:00:00+00:00
[2022-10-04T14:20:26.795+0000] {processor.py:178} INFO - Processing /home/airflow/.local/lib/python3.7/site-packages/airflow/example_dags/example_branch_operator_decorator.py took 0.088 seconds
