[2022-10-04T14:15:19.861+0000] {processor.py:156} INFO - Started process (PID=65) to work on /home/airflow/.local/lib/python3.7/site-packages/airflow/example_dags/tutorial_taskflow_api.py
[2022-10-04T14:15:19.863+0000] {processor.py:758} INFO - Processing file /home/airflow/.local/lib/python3.7/site-packages/airflow/example_dags/tutorial_taskflow_api.py for tasks to queue
[2022-10-04T14:15:19.865+0000] {logging_mixin.py:117} INFO - [2022-10-04T14:15:19.865+0000] {dagbag.py:525} INFO - Filling up the DagBag from /home/airflow/.local/lib/python3.7/site-packages/airflow/example_dags/tutorial_taskflow_api.py
[2022-10-04T14:15:19.944+0000] {processor.py:768} INFO - DAG(s) dict_keys(['tutorial_taskflow_api']) retrieved from /home/airflow/.local/lib/python3.7/site-packages/airflow/example_dags/tutorial_taskflow_api.py
[2022-10-04T14:15:20.002+0000] {logging_mixin.py:117} INFO - [2022-10-04T14:15:20.002+0000] {dag.py:2573} INFO - Sync 1 DAGs
[2022-10-04T14:15:20.066+0000] {logging_mixin.py:117} INFO - [2022-10-04T14:15:20.066+0000] {dag.py:3328} INFO - Setting next_dagrun for tutorial_taskflow_api to None, run_after=None
[2022-10-04T14:15:20.123+0000] {processor.py:178} INFO - Processing /home/airflow/.local/lib/python3.7/site-packages/airflow/example_dags/tutorial_taskflow_api.py took 0.267 seconds
[2022-10-04T14:15:50.602+0000] {processor.py:156} INFO - Started process (PID=118) to work on /home/airflow/.local/lib/python3.7/site-packages/airflow/example_dags/tutorial_taskflow_api.py
[2022-10-04T14:15:50.604+0000] {processor.py:758} INFO - Processing file /home/airflow/.local/lib/python3.7/site-packages/airflow/example_dags/tutorial_taskflow_api.py for tasks to queue
[2022-10-04T14:15:50.605+0000] {logging_mixin.py:117} INFO - [2022-10-04T14:15:50.605+0000] {dagbag.py:525} INFO - Filling up the DagBag from /home/airflow/.local/lib/python3.7/site-packages/airflow/example_dags/tutorial_taskflow_api.py
[2022-10-04T14:15:50.622+0000] {processor.py:768} INFO - DAG(s) dict_keys(['tutorial_taskflow_api']) retrieved from /home/airflow/.local/lib/python3.7/site-packages/airflow/example_dags/tutorial_taskflow_api.py
[2022-10-04T14:15:50.658+0000] {logging_mixin.py:117} INFO - [2022-10-04T14:15:50.658+0000] {dag.py:2573} INFO - Sync 1 DAGs
[2022-10-04T14:15:50.676+0000] {logging_mixin.py:117} INFO - [2022-10-04T14:15:50.676+0000] {dag.py:3328} INFO - Setting next_dagrun for tutorial_taskflow_api to None, run_after=None
[2022-10-04T14:15:50.689+0000] {processor.py:178} INFO - Processing /home/airflow/.local/lib/python3.7/site-packages/airflow/example_dags/tutorial_taskflow_api.py took 0.089 seconds
[2022-10-04T14:16:21.128+0000] {processor.py:156} INFO - Started process (PID=182) to work on /home/airflow/.local/lib/python3.7/site-packages/airflow/example_dags/tutorial_taskflow_api.py
[2022-10-04T14:16:21.130+0000] {processor.py:758} INFO - Processing file /home/airflow/.local/lib/python3.7/site-packages/airflow/example_dags/tutorial_taskflow_api.py for tasks to queue
[2022-10-04T14:16:21.131+0000] {logging_mixin.py:117} INFO - [2022-10-04T14:16:21.131+0000] {dagbag.py:525} INFO - Filling up the DagBag from /home/airflow/.local/lib/python3.7/site-packages/airflow/example_dags/tutorial_taskflow_api.py
[2022-10-04T14:16:21.145+0000] {processor.py:768} INFO - DAG(s) dict_keys(['tutorial_taskflow_api']) retrieved from /home/airflow/.local/lib/python3.7/site-packages/airflow/example_dags/tutorial_taskflow_api.py
[2022-10-04T14:16:21.171+0000] {logging_mixin.py:117} INFO - [2022-10-04T14:16:21.171+0000] {dag.py:2573} INFO - Sync 1 DAGs
[2022-10-04T14:16:21.185+0000] {logging_mixin.py:117} INFO - [2022-10-04T14:16:21.185+0000] {dag.py:3328} INFO - Setting next_dagrun for tutorial_taskflow_api to None, run_after=None
[2022-10-04T14:16:21.197+0000] {processor.py:178} INFO - Processing /home/airflow/.local/lib/python3.7/site-packages/airflow/example_dags/tutorial_taskflow_api.py took 0.071 seconds
[2022-10-04T14:16:51.410+0000] {processor.py:156} INFO - Started process (PID=246) to work on /home/airflow/.local/lib/python3.7/site-packages/airflow/example_dags/tutorial_taskflow_api.py
[2022-10-04T14:16:51.413+0000] {processor.py:758} INFO - Processing file /home/airflow/.local/lib/python3.7/site-packages/airflow/example_dags/tutorial_taskflow_api.py for tasks to queue
[2022-10-04T14:16:51.414+0000] {logging_mixin.py:117} INFO - [2022-10-04T14:16:51.414+0000] {dagbag.py:525} INFO - Filling up the DagBag from /home/airflow/.local/lib/python3.7/site-packages/airflow/example_dags/tutorial_taskflow_api.py
[2022-10-04T14:16:51.429+0000] {processor.py:768} INFO - DAG(s) dict_keys(['tutorial_taskflow_api']) retrieved from /home/airflow/.local/lib/python3.7/site-packages/airflow/example_dags/tutorial_taskflow_api.py
[2022-10-04T14:16:51.457+0000] {logging_mixin.py:117} INFO - [2022-10-04T14:16:51.457+0000] {dag.py:2573} INFO - Sync 1 DAGs
[2022-10-04T14:16:51.478+0000] {logging_mixin.py:117} INFO - [2022-10-04T14:16:51.478+0000] {dag.py:3328} INFO - Setting next_dagrun for tutorial_taskflow_api to None, run_after=None
[2022-10-04T14:16:51.490+0000] {processor.py:178} INFO - Processing /home/airflow/.local/lib/python3.7/site-packages/airflow/example_dags/tutorial_taskflow_api.py took 0.082 seconds
[2022-10-04T14:17:21.783+0000] {processor.py:156} INFO - Started process (PID=309) to work on /home/airflow/.local/lib/python3.7/site-packages/airflow/example_dags/tutorial_taskflow_api.py
[2022-10-04T14:17:21.785+0000] {processor.py:758} INFO - Processing file /home/airflow/.local/lib/python3.7/site-packages/airflow/example_dags/tutorial_taskflow_api.py for tasks to queue
[2022-10-04T14:17:21.786+0000] {logging_mixin.py:117} INFO - [2022-10-04T14:17:21.785+0000] {dagbag.py:525} INFO - Filling up the DagBag from /home/airflow/.local/lib/python3.7/site-packages/airflow/example_dags/tutorial_taskflow_api.py
[2022-10-04T14:17:21.800+0000] {processor.py:768} INFO - DAG(s) dict_keys(['tutorial_taskflow_api']) retrieved from /home/airflow/.local/lib/python3.7/site-packages/airflow/example_dags/tutorial_taskflow_api.py
[2022-10-04T14:17:21.830+0000] {logging_mixin.py:117} INFO - [2022-10-04T14:17:21.830+0000] {dag.py:2573} INFO - Sync 1 DAGs
[2022-10-04T14:17:21.849+0000] {logging_mixin.py:117} INFO - [2022-10-04T14:17:21.848+0000] {dag.py:3328} INFO - Setting next_dagrun for tutorial_taskflow_api to None, run_after=None
[2022-10-04T14:17:21.863+0000] {processor.py:178} INFO - Processing /home/airflow/.local/lib/python3.7/site-packages/airflow/example_dags/tutorial_taskflow_api.py took 0.081 seconds
[2022-10-04T14:17:52.070+0000] {processor.py:156} INFO - Started process (PID=364) to work on /home/airflow/.local/lib/python3.7/site-packages/airflow/example_dags/tutorial_taskflow_api.py
[2022-10-04T14:17:52.072+0000] {processor.py:758} INFO - Processing file /home/airflow/.local/lib/python3.7/site-packages/airflow/example_dags/tutorial_taskflow_api.py for tasks to queue
[2022-10-04T14:17:52.073+0000] {logging_mixin.py:117} INFO - [2022-10-04T14:17:52.073+0000] {dagbag.py:525} INFO - Filling up the DagBag from /home/airflow/.local/lib/python3.7/site-packages/airflow/example_dags/tutorial_taskflow_api.py
[2022-10-04T14:17:52.088+0000] {processor.py:768} INFO - DAG(s) dict_keys(['tutorial_taskflow_api']) retrieved from /home/airflow/.local/lib/python3.7/site-packages/airflow/example_dags/tutorial_taskflow_api.py
[2022-10-04T14:17:52.113+0000] {logging_mixin.py:117} INFO - [2022-10-04T14:17:52.113+0000] {dag.py:2573} INFO - Sync 1 DAGs
[2022-10-04T14:17:52.127+0000] {logging_mixin.py:117} INFO - [2022-10-04T14:17:52.127+0000] {dag.py:3328} INFO - Setting next_dagrun for tutorial_taskflow_api to None, run_after=None
[2022-10-04T14:17:52.137+0000] {processor.py:178} INFO - Processing /home/airflow/.local/lib/python3.7/site-packages/airflow/example_dags/tutorial_taskflow_api.py took 0.070 seconds
[2022-10-04T14:18:22.262+0000] {processor.py:156} INFO - Started process (PID=428) to work on /home/airflow/.local/lib/python3.7/site-packages/airflow/example_dags/tutorial_taskflow_api.py
[2022-10-04T14:18:22.264+0000] {processor.py:758} INFO - Processing file /home/airflow/.local/lib/python3.7/site-packages/airflow/example_dags/tutorial_taskflow_api.py for tasks to queue
[2022-10-04T14:18:22.265+0000] {logging_mixin.py:117} INFO - [2022-10-04T14:18:22.265+0000] {dagbag.py:525} INFO - Filling up the DagBag from /home/airflow/.local/lib/python3.7/site-packages/airflow/example_dags/tutorial_taskflow_api.py
[2022-10-04T14:18:22.278+0000] {processor.py:768} INFO - DAG(s) dict_keys(['tutorial_taskflow_api']) retrieved from /home/airflow/.local/lib/python3.7/site-packages/airflow/example_dags/tutorial_taskflow_api.py
[2022-10-04T14:18:22.302+0000] {logging_mixin.py:117} INFO - [2022-10-04T14:18:22.302+0000] {dag.py:2573} INFO - Sync 1 DAGs
[2022-10-04T14:18:22.316+0000] {logging_mixin.py:117} INFO - [2022-10-04T14:18:22.316+0000] {dag.py:3328} INFO - Setting next_dagrun for tutorial_taskflow_api to None, run_after=None
[2022-10-04T14:18:22.327+0000] {processor.py:178} INFO - Processing /home/airflow/.local/lib/python3.7/site-packages/airflow/example_dags/tutorial_taskflow_api.py took 0.067 seconds
[2022-10-04T14:18:52.406+0000] {processor.py:156} INFO - Started process (PID=491) to work on /home/airflow/.local/lib/python3.7/site-packages/airflow/example_dags/tutorial_taskflow_api.py
[2022-10-04T14:18:52.408+0000] {processor.py:758} INFO - Processing file /home/airflow/.local/lib/python3.7/site-packages/airflow/example_dags/tutorial_taskflow_api.py for tasks to queue
[2022-10-04T14:18:52.409+0000] {logging_mixin.py:117} INFO - [2022-10-04T14:18:52.409+0000] {dagbag.py:525} INFO - Filling up the DagBag from /home/airflow/.local/lib/python3.7/site-packages/airflow/example_dags/tutorial_taskflow_api.py
[2022-10-04T14:18:52.423+0000] {processor.py:768} INFO - DAG(s) dict_keys(['tutorial_taskflow_api']) retrieved from /home/airflow/.local/lib/python3.7/site-packages/airflow/example_dags/tutorial_taskflow_api.py
[2022-10-04T14:18:52.450+0000] {logging_mixin.py:117} INFO - [2022-10-04T14:18:52.450+0000] {dag.py:2573} INFO - Sync 1 DAGs
[2022-10-04T14:18:52.465+0000] {logging_mixin.py:117} INFO - [2022-10-04T14:18:52.465+0000] {dag.py:3328} INFO - Setting next_dagrun for tutorial_taskflow_api to None, run_after=None
[2022-10-04T14:18:52.477+0000] {processor.py:178} INFO - Processing /home/airflow/.local/lib/python3.7/site-packages/airflow/example_dags/tutorial_taskflow_api.py took 0.072 seconds
[2022-10-04T14:19:22.712+0000] {processor.py:156} INFO - Started process (PID=555) to work on /home/airflow/.local/lib/python3.7/site-packages/airflow/example_dags/tutorial_taskflow_api.py
[2022-10-04T14:19:22.714+0000] {processor.py:758} INFO - Processing file /home/airflow/.local/lib/python3.7/site-packages/airflow/example_dags/tutorial_taskflow_api.py for tasks to queue
[2022-10-04T14:19:22.715+0000] {logging_mixin.py:117} INFO - [2022-10-04T14:19:22.715+0000] {dagbag.py:525} INFO - Filling up the DagBag from /home/airflow/.local/lib/python3.7/site-packages/airflow/example_dags/tutorial_taskflow_api.py
[2022-10-04T14:19:22.730+0000] {processor.py:768} INFO - DAG(s) dict_keys(['tutorial_taskflow_api']) retrieved from /home/airflow/.local/lib/python3.7/site-packages/airflow/example_dags/tutorial_taskflow_api.py
[2022-10-04T14:19:22.758+0000] {logging_mixin.py:117} INFO - [2022-10-04T14:19:22.758+0000] {dag.py:2573} INFO - Sync 1 DAGs
[2022-10-04T14:19:22.778+0000] {logging_mixin.py:117} INFO - [2022-10-04T14:19:22.777+0000] {dag.py:3328} INFO - Setting next_dagrun for tutorial_taskflow_api to None, run_after=None
[2022-10-04T14:19:22.794+0000] {processor.py:178} INFO - Processing /home/airflow/.local/lib/python3.7/site-packages/airflow/example_dags/tutorial_taskflow_api.py took 0.084 seconds
[2022-10-04T14:19:52.995+0000] {processor.py:156} INFO - Started process (PID=619) to work on /home/airflow/.local/lib/python3.7/site-packages/airflow/example_dags/tutorial_taskflow_api.py
[2022-10-04T14:19:52.996+0000] {processor.py:758} INFO - Processing file /home/airflow/.local/lib/python3.7/site-packages/airflow/example_dags/tutorial_taskflow_api.py for tasks to queue
[2022-10-04T14:19:52.997+0000] {logging_mixin.py:117} INFO - [2022-10-04T14:19:52.997+0000] {dagbag.py:525} INFO - Filling up the DagBag from /home/airflow/.local/lib/python3.7/site-packages/airflow/example_dags/tutorial_taskflow_api.py
[2022-10-04T14:19:53.015+0000] {processor.py:768} INFO - DAG(s) dict_keys(['tutorial_taskflow_api']) retrieved from /home/airflow/.local/lib/python3.7/site-packages/airflow/example_dags/tutorial_taskflow_api.py
[2022-10-04T14:19:53.044+0000] {logging_mixin.py:117} INFO - [2022-10-04T14:19:53.044+0000] {dag.py:2573} INFO - Sync 1 DAGs
[2022-10-04T14:19:53.058+0000] {logging_mixin.py:117} INFO - [2022-10-04T14:19:53.057+0000] {dag.py:3328} INFO - Setting next_dagrun for tutorial_taskflow_api to None, run_after=None
[2022-10-04T14:19:53.071+0000] {processor.py:178} INFO - Processing /home/airflow/.local/lib/python3.7/site-packages/airflow/example_dags/tutorial_taskflow_api.py took 0.078 seconds
[2022-10-04T14:20:23.350+0000] {processor.py:156} INFO - Started process (PID=673) to work on /home/airflow/.local/lib/python3.7/site-packages/airflow/example_dags/tutorial_taskflow_api.py
[2022-10-04T14:20:23.352+0000] {processor.py:758} INFO - Processing file /home/airflow/.local/lib/python3.7/site-packages/airflow/example_dags/tutorial_taskflow_api.py for tasks to queue
[2022-10-04T14:20:23.353+0000] {logging_mixin.py:117} INFO - [2022-10-04T14:20:23.353+0000] {dagbag.py:525} INFO - Filling up the DagBag from /home/airflow/.local/lib/python3.7/site-packages/airflow/example_dags/tutorial_taskflow_api.py
[2022-10-04T14:20:23.367+0000] {processor.py:768} INFO - DAG(s) dict_keys(['tutorial_taskflow_api']) retrieved from /home/airflow/.local/lib/python3.7/site-packages/airflow/example_dags/tutorial_taskflow_api.py
[2022-10-04T14:20:23.391+0000] {logging_mixin.py:117} INFO - [2022-10-04T14:20:23.391+0000] {dag.py:2573} INFO - Sync 1 DAGs
[2022-10-04T14:20:23.406+0000] {logging_mixin.py:117} INFO - [2022-10-04T14:20:23.406+0000] {dag.py:3328} INFO - Setting next_dagrun for tutorial_taskflow_api to None, run_after=None
[2022-10-04T14:20:23.419+0000] {processor.py:178} INFO - Processing /home/airflow/.local/lib/python3.7/site-packages/airflow/example_dags/tutorial_taskflow_api.py took 0.071 seconds
