[2022-10-04T14:15:16.463+0000] {processor.py:156} INFO - Started process (PID=36) to work on /home/airflow/.local/lib/python3.7/site-packages/airflow/example_dags/tutorial_taskflow_api_virtualenv.py
[2022-10-04T14:15:16.465+0000] {processor.py:758} INFO - Processing file /home/airflow/.local/lib/python3.7/site-packages/airflow/example_dags/tutorial_taskflow_api_virtualenv.py for tasks to queue
[2022-10-04T14:15:16.466+0000] {logging_mixin.py:117} INFO - [2022-10-04T14:15:16.466+0000] {dagbag.py:525} INFO - Filling up the DagBag from /home/airflow/.local/lib/python3.7/site-packages/airflow/example_dags/tutorial_taskflow_api_virtualenv.py
[2022-10-04T14:15:16.488+0000] {processor.py:768} INFO - DAG(s) dict_keys(['tutorial_taskflow_api_virtualenv']) retrieved from /home/airflow/.local/lib/python3.7/site-packages/airflow/example_dags/tutorial_taskflow_api_virtualenv.py
[2022-10-04T14:15:16.510+0000] {logging_mixin.py:117} INFO - [2022-10-04T14:15:16.510+0000] {dag.py:2573} INFO - Sync 1 DAGs
[2022-10-04T14:15:16.533+0000] {logging_mixin.py:117} INFO - [2022-10-04T14:15:16.533+0000] {dag.py:3328} INFO - Setting next_dagrun for tutorial_taskflow_api_virtualenv to None, run_after=None
[2022-10-04T14:15:16.564+0000] {processor.py:178} INFO - Processing /home/airflow/.local/lib/python3.7/site-packages/airflow/example_dags/tutorial_taskflow_api_virtualenv.py took 0.104 seconds
[2022-10-04T14:15:47.322+0000] {processor.py:156} INFO - Started process (PID=97) to work on /home/airflow/.local/lib/python3.7/site-packages/airflow/example_dags/tutorial_taskflow_api_virtualenv.py
[2022-10-04T14:15:47.324+0000] {processor.py:758} INFO - Processing file /home/airflow/.local/lib/python3.7/site-packages/airflow/example_dags/tutorial_taskflow_api_virtualenv.py for tasks to queue
[2022-10-04T14:15:47.325+0000] {logging_mixin.py:117} INFO - [2022-10-04T14:15:47.325+0000] {dagbag.py:525} INFO - Filling up the DagBag from /home/airflow/.local/lib/python3.7/site-packages/airflow/example_dags/tutorial_taskflow_api_virtualenv.py
[2022-10-04T14:15:47.338+0000] {processor.py:768} INFO - DAG(s) dict_keys(['tutorial_taskflow_api_virtualenv']) retrieved from /home/airflow/.local/lib/python3.7/site-packages/airflow/example_dags/tutorial_taskflow_api_virtualenv.py
[2022-10-04T14:15:47.365+0000] {logging_mixin.py:117} INFO - [2022-10-04T14:15:47.365+0000] {dag.py:2573} INFO - Sync 1 DAGs
[2022-10-04T14:15:47.379+0000] {logging_mixin.py:117} INFO - [2022-10-04T14:15:47.379+0000] {dag.py:3328} INFO - Setting next_dagrun for tutorial_taskflow_api_virtualenv to None, run_after=None
[2022-10-04T14:15:47.391+0000] {processor.py:178} INFO - Processing /home/airflow/.local/lib/python3.7/site-packages/airflow/example_dags/tutorial_taskflow_api_virtualenv.py took 0.071 seconds
[2022-10-04T14:16:17.696+0000] {processor.py:156} INFO - Started process (PID=161) to work on /home/airflow/.local/lib/python3.7/site-packages/airflow/example_dags/tutorial_taskflow_api_virtualenv.py
[2022-10-04T14:16:17.697+0000] {processor.py:758} INFO - Processing file /home/airflow/.local/lib/python3.7/site-packages/airflow/example_dags/tutorial_taskflow_api_virtualenv.py for tasks to queue
[2022-10-04T14:16:17.698+0000] {logging_mixin.py:117} INFO - [2022-10-04T14:16:17.698+0000] {dagbag.py:525} INFO - Filling up the DagBag from /home/airflow/.local/lib/python3.7/site-packages/airflow/example_dags/tutorial_taskflow_api_virtualenv.py
[2022-10-04T14:16:17.715+0000] {processor.py:768} INFO - DAG(s) dict_keys(['tutorial_taskflow_api_virtualenv']) retrieved from /home/airflow/.local/lib/python3.7/site-packages/airflow/example_dags/tutorial_taskflow_api_virtualenv.py
[2022-10-04T14:16:17.741+0000] {logging_mixin.py:117} INFO - [2022-10-04T14:16:17.741+0000] {dag.py:2573} INFO - Sync 1 DAGs
[2022-10-04T14:16:17.756+0000] {logging_mixin.py:117} INFO - [2022-10-04T14:16:17.756+0000] {dag.py:3328} INFO - Setting next_dagrun for tutorial_taskflow_api_virtualenv to None, run_after=None
[2022-10-04T14:16:17.768+0000] {processor.py:178} INFO - Processing /home/airflow/.local/lib/python3.7/site-packages/airflow/example_dags/tutorial_taskflow_api_virtualenv.py took 0.074 seconds
[2022-10-04T14:16:48.150+0000] {processor.py:156} INFO - Started process (PID=216) to work on /home/airflow/.local/lib/python3.7/site-packages/airflow/example_dags/tutorial_taskflow_api_virtualenv.py
[2022-10-04T14:16:48.151+0000] {processor.py:758} INFO - Processing file /home/airflow/.local/lib/python3.7/site-packages/airflow/example_dags/tutorial_taskflow_api_virtualenv.py for tasks to queue
[2022-10-04T14:16:48.152+0000] {logging_mixin.py:117} INFO - [2022-10-04T14:16:48.152+0000] {dagbag.py:525} INFO - Filling up the DagBag from /home/airflow/.local/lib/python3.7/site-packages/airflow/example_dags/tutorial_taskflow_api_virtualenv.py
[2022-10-04T14:16:48.167+0000] {processor.py:768} INFO - DAG(s) dict_keys(['tutorial_taskflow_api_virtualenv']) retrieved from /home/airflow/.local/lib/python3.7/site-packages/airflow/example_dags/tutorial_taskflow_api_virtualenv.py
[2022-10-04T14:16:48.194+0000] {logging_mixin.py:117} INFO - [2022-10-04T14:16:48.194+0000] {dag.py:2573} INFO - Sync 1 DAGs
[2022-10-04T14:16:48.209+0000] {logging_mixin.py:117} INFO - [2022-10-04T14:16:48.209+0000] {dag.py:3328} INFO - Setting next_dagrun for tutorial_taskflow_api_virtualenv to None, run_after=None
[2022-10-04T14:16:48.220+0000] {processor.py:178} INFO - Processing /home/airflow/.local/lib/python3.7/site-packages/airflow/example_dags/tutorial_taskflow_api_virtualenv.py took 0.072 seconds
[2022-10-04T14:17:18.587+0000] {processor.py:156} INFO - Started process (PID=279) to work on /home/airflow/.local/lib/python3.7/site-packages/airflow/example_dags/tutorial_taskflow_api_virtualenv.py
[2022-10-04T14:17:18.590+0000] {processor.py:758} INFO - Processing file /home/airflow/.local/lib/python3.7/site-packages/airflow/example_dags/tutorial_taskflow_api_virtualenv.py for tasks to queue
[2022-10-04T14:17:18.592+0000] {logging_mixin.py:117} INFO - [2022-10-04T14:17:18.592+0000] {dagbag.py:525} INFO - Filling up the DagBag from /home/airflow/.local/lib/python3.7/site-packages/airflow/example_dags/tutorial_taskflow_api_virtualenv.py
[2022-10-04T14:17:18.618+0000] {processor.py:768} INFO - DAG(s) dict_keys(['tutorial_taskflow_api_virtualenv']) retrieved from /home/airflow/.local/lib/python3.7/site-packages/airflow/example_dags/tutorial_taskflow_api_virtualenv.py
[2022-10-04T14:17:18.647+0000] {logging_mixin.py:117} INFO - [2022-10-04T14:17:18.647+0000] {dag.py:2573} INFO - Sync 1 DAGs
[2022-10-04T14:17:18.662+0000] {logging_mixin.py:117} INFO - [2022-10-04T14:17:18.662+0000] {dag.py:3328} INFO - Setting next_dagrun for tutorial_taskflow_api_virtualenv to None, run_after=None
[2022-10-04T14:17:18.673+0000] {processor.py:178} INFO - Processing /home/airflow/.local/lib/python3.7/site-packages/airflow/example_dags/tutorial_taskflow_api_virtualenv.py took 0.088 seconds
[2022-10-04T14:17:48.852+0000] {processor.py:156} INFO - Started process (PID=343) to work on /home/airflow/.local/lib/python3.7/site-packages/airflow/example_dags/tutorial_taskflow_api_virtualenv.py
[2022-10-04T14:17:48.853+0000] {processor.py:758} INFO - Processing file /home/airflow/.local/lib/python3.7/site-packages/airflow/example_dags/tutorial_taskflow_api_virtualenv.py for tasks to queue
[2022-10-04T14:17:48.854+0000] {logging_mixin.py:117} INFO - [2022-10-04T14:17:48.854+0000] {dagbag.py:525} INFO - Filling up the DagBag from /home/airflow/.local/lib/python3.7/site-packages/airflow/example_dags/tutorial_taskflow_api_virtualenv.py
[2022-10-04T14:17:48.867+0000] {processor.py:768} INFO - DAG(s) dict_keys(['tutorial_taskflow_api_virtualenv']) retrieved from /home/airflow/.local/lib/python3.7/site-packages/airflow/example_dags/tutorial_taskflow_api_virtualenv.py
[2022-10-04T14:17:48.891+0000] {logging_mixin.py:117} INFO - [2022-10-04T14:17:48.891+0000] {dag.py:2573} INFO - Sync 1 DAGs
[2022-10-04T14:17:48.905+0000] {logging_mixin.py:117} INFO - [2022-10-04T14:17:48.904+0000] {dag.py:3328} INFO - Setting next_dagrun for tutorial_taskflow_api_virtualenv to None, run_after=None
[2022-10-04T14:17:48.915+0000] {processor.py:178} INFO - Processing /home/airflow/.local/lib/python3.7/site-packages/airflow/example_dags/tutorial_taskflow_api_virtualenv.py took 0.065 seconds
[2022-10-04T14:18:18.964+0000] {processor.py:156} INFO - Started process (PID=407) to work on /home/airflow/.local/lib/python3.7/site-packages/airflow/example_dags/tutorial_taskflow_api_virtualenv.py
[2022-10-04T14:18:18.966+0000] {processor.py:758} INFO - Processing file /home/airflow/.local/lib/python3.7/site-packages/airflow/example_dags/tutorial_taskflow_api_virtualenv.py for tasks to queue
[2022-10-04T14:18:18.966+0000] {logging_mixin.py:117} INFO - [2022-10-04T14:18:18.966+0000] {dagbag.py:525} INFO - Filling up the DagBag from /home/airflow/.local/lib/python3.7/site-packages/airflow/example_dags/tutorial_taskflow_api_virtualenv.py
[2022-10-04T14:18:18.980+0000] {processor.py:768} INFO - DAG(s) dict_keys(['tutorial_taskflow_api_virtualenv']) retrieved from /home/airflow/.local/lib/python3.7/site-packages/airflow/example_dags/tutorial_taskflow_api_virtualenv.py
[2022-10-04T14:18:19.003+0000] {logging_mixin.py:117} INFO - [2022-10-04T14:18:19.003+0000] {dag.py:2573} INFO - Sync 1 DAGs
[2022-10-04T14:18:19.016+0000] {logging_mixin.py:117} INFO - [2022-10-04T14:18:19.016+0000] {dag.py:3328} INFO - Setting next_dagrun for tutorial_taskflow_api_virtualenv to None, run_after=None
[2022-10-04T14:18:19.027+0000] {processor.py:178} INFO - Processing /home/airflow/.local/lib/python3.7/site-packages/airflow/example_dags/tutorial_taskflow_api_virtualenv.py took 0.064 seconds
[2022-10-04T14:18:49.228+0000] {processor.py:156} INFO - Started process (PID=470) to work on /home/airflow/.local/lib/python3.7/site-packages/airflow/example_dags/tutorial_taskflow_api_virtualenv.py
[2022-10-04T14:18:49.229+0000] {processor.py:758} INFO - Processing file /home/airflow/.local/lib/python3.7/site-packages/airflow/example_dags/tutorial_taskflow_api_virtualenv.py for tasks to queue
[2022-10-04T14:18:49.230+0000] {logging_mixin.py:117} INFO - [2022-10-04T14:18:49.230+0000] {dagbag.py:525} INFO - Filling up the DagBag from /home/airflow/.local/lib/python3.7/site-packages/airflow/example_dags/tutorial_taskflow_api_virtualenv.py
[2022-10-04T14:18:49.242+0000] {processor.py:768} INFO - DAG(s) dict_keys(['tutorial_taskflow_api_virtualenv']) retrieved from /home/airflow/.local/lib/python3.7/site-packages/airflow/example_dags/tutorial_taskflow_api_virtualenv.py
[2022-10-04T14:18:49.267+0000] {logging_mixin.py:117} INFO - [2022-10-04T14:18:49.267+0000] {dag.py:2573} INFO - Sync 1 DAGs
[2022-10-04T14:18:49.280+0000] {logging_mixin.py:117} INFO - [2022-10-04T14:18:49.280+0000] {dag.py:3328} INFO - Setting next_dagrun for tutorial_taskflow_api_virtualenv to None, run_after=None
[2022-10-04T14:18:49.292+0000] {processor.py:178} INFO - Processing /home/airflow/.local/lib/python3.7/site-packages/airflow/example_dags/tutorial_taskflow_api_virtualenv.py took 0.067 seconds
[2022-10-04T14:19:19.465+0000] {processor.py:156} INFO - Started process (PID=534) to work on /home/airflow/.local/lib/python3.7/site-packages/airflow/example_dags/tutorial_taskflow_api_virtualenv.py
[2022-10-04T14:19:19.466+0000] {processor.py:758} INFO - Processing file /home/airflow/.local/lib/python3.7/site-packages/airflow/example_dags/tutorial_taskflow_api_virtualenv.py for tasks to queue
[2022-10-04T14:19:19.467+0000] {logging_mixin.py:117} INFO - [2022-10-04T14:19:19.467+0000] {dagbag.py:525} INFO - Filling up the DagBag from /home/airflow/.local/lib/python3.7/site-packages/airflow/example_dags/tutorial_taskflow_api_virtualenv.py
[2022-10-04T14:19:19.481+0000] {processor.py:768} INFO - DAG(s) dict_keys(['tutorial_taskflow_api_virtualenv']) retrieved from /home/airflow/.local/lib/python3.7/site-packages/airflow/example_dags/tutorial_taskflow_api_virtualenv.py
[2022-10-04T14:19:19.506+0000] {logging_mixin.py:117} INFO - [2022-10-04T14:19:19.506+0000] {dag.py:2573} INFO - Sync 1 DAGs
[2022-10-04T14:19:19.521+0000] {logging_mixin.py:117} INFO - [2022-10-04T14:19:19.521+0000] {dag.py:3328} INFO - Setting next_dagrun for tutorial_taskflow_api_virtualenv to None, run_after=None
[2022-10-04T14:19:19.534+0000] {processor.py:178} INFO - Processing /home/airflow/.local/lib/python3.7/site-packages/airflow/example_dags/tutorial_taskflow_api_virtualenv.py took 0.071 seconds
[2022-10-04T14:19:49.851+0000] {processor.py:156} INFO - Started process (PID=589) to work on /home/airflow/.local/lib/python3.7/site-packages/airflow/example_dags/tutorial_taskflow_api_virtualenv.py
[2022-10-04T14:19:49.852+0000] {processor.py:758} INFO - Processing file /home/airflow/.local/lib/python3.7/site-packages/airflow/example_dags/tutorial_taskflow_api_virtualenv.py for tasks to queue
[2022-10-04T14:19:49.853+0000] {logging_mixin.py:117} INFO - [2022-10-04T14:19:49.853+0000] {dagbag.py:525} INFO - Filling up the DagBag from /home/airflow/.local/lib/python3.7/site-packages/airflow/example_dags/tutorial_taskflow_api_virtualenv.py
[2022-10-04T14:19:49.867+0000] {processor.py:768} INFO - DAG(s) dict_keys(['tutorial_taskflow_api_virtualenv']) retrieved from /home/airflow/.local/lib/python3.7/site-packages/airflow/example_dags/tutorial_taskflow_api_virtualenv.py
[2022-10-04T14:19:49.891+0000] {logging_mixin.py:117} INFO - [2022-10-04T14:19:49.891+0000] {dag.py:2573} INFO - Sync 1 DAGs
[2022-10-04T14:19:49.904+0000] {logging_mixin.py:117} INFO - [2022-10-04T14:19:49.904+0000] {dag.py:3328} INFO - Setting next_dagrun for tutorial_taskflow_api_virtualenv to None, run_after=None
[2022-10-04T14:19:49.914+0000] {processor.py:178} INFO - Processing /home/airflow/.local/lib/python3.7/site-packages/airflow/example_dags/tutorial_taskflow_api_virtualenv.py took 0.065 seconds
[2022-10-04T14:20:20.228+0000] {processor.py:156} INFO - Started process (PID=652) to work on /home/airflow/.local/lib/python3.7/site-packages/airflow/example_dags/tutorial_taskflow_api_virtualenv.py
[2022-10-04T14:20:20.230+0000] {processor.py:758} INFO - Processing file /home/airflow/.local/lib/python3.7/site-packages/airflow/example_dags/tutorial_taskflow_api_virtualenv.py for tasks to queue
[2022-10-04T14:20:20.231+0000] {logging_mixin.py:117} INFO - [2022-10-04T14:20:20.231+0000] {dagbag.py:525} INFO - Filling up the DagBag from /home/airflow/.local/lib/python3.7/site-packages/airflow/example_dags/tutorial_taskflow_api_virtualenv.py
[2022-10-04T14:20:20.244+0000] {processor.py:768} INFO - DAG(s) dict_keys(['tutorial_taskflow_api_virtualenv']) retrieved from /home/airflow/.local/lib/python3.7/site-packages/airflow/example_dags/tutorial_taskflow_api_virtualenv.py
[2022-10-04T14:20:20.268+0000] {logging_mixin.py:117} INFO - [2022-10-04T14:20:20.268+0000] {dag.py:2573} INFO - Sync 1 DAGs
[2022-10-04T14:20:20.282+0000] {logging_mixin.py:117} INFO - [2022-10-04T14:20:20.282+0000] {dag.py:3328} INFO - Setting next_dagrun for tutorial_taskflow_api_virtualenv to None, run_after=None
[2022-10-04T14:20:20.293+0000] {processor.py:178} INFO - Processing /home/airflow/.local/lib/python3.7/site-packages/airflow/example_dags/tutorial_taskflow_api_virtualenv.py took 0.067 seconds
