[2022-10-04T14:15:16.986+0000] {processor.py:156} INFO - Started process (PID=43) to work on /home/airflow/.local/lib/python3.7/site-packages/airflow/example_dags/tutorial.py
[2022-10-04T14:15:16.988+0000] {processor.py:758} INFO - Processing file /home/airflow/.local/lib/python3.7/site-packages/airflow/example_dags/tutorial.py for tasks to queue
[2022-10-04T14:15:16.989+0000] {logging_mixin.py:117} INFO - [2022-10-04T14:15:16.989+0000] {dagbag.py:525} INFO - Filling up the DagBag from /home/airflow/.local/lib/python3.7/site-packages/airflow/example_dags/tutorial.py
[2022-10-04T14:15:17.004+0000] {processor.py:768} INFO - DAG(s) dict_keys(['tutorial']) retrieved from /home/airflow/.local/lib/python3.7/site-packages/airflow/example_dags/tutorial.py
[2022-10-04T14:15:17.042+0000] {logging_mixin.py:117} INFO - [2022-10-04T14:15:17.042+0000] {dag.py:2573} INFO - Sync 1 DAGs
[2022-10-04T14:15:17.067+0000] {logging_mixin.py:117} INFO - [2022-10-04T14:15:17.067+0000] {dag.py:3328} INFO - Setting next_dagrun for tutorial to 2022-10-03T14:15:17.066832+00:00, run_after=2022-10-04T14:15:17.066832+00:00
[2022-10-04T14:15:17.091+0000] {processor.py:178} INFO - Processing /home/airflow/.local/lib/python3.7/site-packages/airflow/example_dags/tutorial.py took 0.108 seconds
[2022-10-04T14:15:47.726+0000] {processor.py:156} INFO - Started process (PID=104) to work on /home/airflow/.local/lib/python3.7/site-packages/airflow/example_dags/tutorial.py
[2022-10-04T14:15:47.727+0000] {processor.py:758} INFO - Processing file /home/airflow/.local/lib/python3.7/site-packages/airflow/example_dags/tutorial.py for tasks to queue
[2022-10-04T14:15:47.728+0000] {logging_mixin.py:117} INFO - [2022-10-04T14:15:47.728+0000] {dagbag.py:525} INFO - Filling up the DagBag from /home/airflow/.local/lib/python3.7/site-packages/airflow/example_dags/tutorial.py
[2022-10-04T14:15:47.739+0000] {processor.py:768} INFO - DAG(s) dict_keys(['tutorial']) retrieved from /home/airflow/.local/lib/python3.7/site-packages/airflow/example_dags/tutorial.py
[2022-10-04T14:15:47.770+0000] {logging_mixin.py:117} INFO - [2022-10-04T14:15:47.770+0000] {dag.py:2573} INFO - Sync 1 DAGs
[2022-10-04T14:15:47.786+0000] {logging_mixin.py:117} INFO - [2022-10-04T14:15:47.786+0000] {dag.py:3328} INFO - Setting next_dagrun for tutorial to 2022-10-03T14:15:47.786343+00:00, run_after=2022-10-04T14:15:47.786343+00:00
[2022-10-04T14:15:47.799+0000] {processor.py:178} INFO - Processing /home/airflow/.local/lib/python3.7/site-packages/airflow/example_dags/tutorial.py took 0.076 seconds
[2022-10-04T14:16:18.139+0000] {processor.py:156} INFO - Started process (PID=168) to work on /home/airflow/.local/lib/python3.7/site-packages/airflow/example_dags/tutorial.py
[2022-10-04T14:16:18.141+0000] {processor.py:758} INFO - Processing file /home/airflow/.local/lib/python3.7/site-packages/airflow/example_dags/tutorial.py for tasks to queue
[2022-10-04T14:16:18.142+0000] {logging_mixin.py:117} INFO - [2022-10-04T14:16:18.142+0000] {dagbag.py:525} INFO - Filling up the DagBag from /home/airflow/.local/lib/python3.7/site-packages/airflow/example_dags/tutorial.py
[2022-10-04T14:16:18.154+0000] {processor.py:768} INFO - DAG(s) dict_keys(['tutorial']) retrieved from /home/airflow/.local/lib/python3.7/site-packages/airflow/example_dags/tutorial.py
[2022-10-04T14:16:18.229+0000] {logging_mixin.py:117} INFO - [2022-10-04T14:16:18.228+0000] {dag.py:2573} INFO - Sync 1 DAGs
[2022-10-04T14:16:18.255+0000] {logging_mixin.py:117} INFO - [2022-10-04T14:16:18.255+0000] {dag.py:3328} INFO - Setting next_dagrun for tutorial to 2022-10-03T14:16:18.255590+00:00, run_after=2022-10-04T14:16:18.255590+00:00
[2022-10-04T14:16:18.282+0000] {processor.py:178} INFO - Processing /home/airflow/.local/lib/python3.7/site-packages/airflow/example_dags/tutorial.py took 0.145 seconds
[2022-10-04T14:16:48.637+0000] {processor.py:156} INFO - Started process (PID=223) to work on /home/airflow/.local/lib/python3.7/site-packages/airflow/example_dags/tutorial.py
[2022-10-04T14:16:48.640+0000] {processor.py:758} INFO - Processing file /home/airflow/.local/lib/python3.7/site-packages/airflow/example_dags/tutorial.py for tasks to queue
[2022-10-04T14:16:48.641+0000] {logging_mixin.py:117} INFO - [2022-10-04T14:16:48.641+0000] {dagbag.py:525} INFO - Filling up the DagBag from /home/airflow/.local/lib/python3.7/site-packages/airflow/example_dags/tutorial.py
[2022-10-04T14:16:48.652+0000] {processor.py:768} INFO - DAG(s) dict_keys(['tutorial']) retrieved from /home/airflow/.local/lib/python3.7/site-packages/airflow/example_dags/tutorial.py
[2022-10-04T14:16:48.679+0000] {logging_mixin.py:117} INFO - [2022-10-04T14:16:48.679+0000] {dag.py:2573} INFO - Sync 1 DAGs
[2022-10-04T14:16:48.696+0000] {logging_mixin.py:117} INFO - [2022-10-04T14:16:48.696+0000] {dag.py:3328} INFO - Setting next_dagrun for tutorial to 2022-10-03T14:16:48.696471+00:00, run_after=2022-10-04T14:16:48.696471+00:00
[2022-10-04T14:16:48.709+0000] {processor.py:178} INFO - Processing /home/airflow/.local/lib/python3.7/site-packages/airflow/example_dags/tutorial.py took 0.075 seconds
[2022-10-04T14:17:19.041+0000] {processor.py:156} INFO - Started process (PID=286) to work on /home/airflow/.local/lib/python3.7/site-packages/airflow/example_dags/tutorial.py
[2022-10-04T14:17:19.043+0000] {processor.py:758} INFO - Processing file /home/airflow/.local/lib/python3.7/site-packages/airflow/example_dags/tutorial.py for tasks to queue
[2022-10-04T14:17:19.044+0000] {logging_mixin.py:117} INFO - [2022-10-04T14:17:19.044+0000] {dagbag.py:525} INFO - Filling up the DagBag from /home/airflow/.local/lib/python3.7/site-packages/airflow/example_dags/tutorial.py
[2022-10-04T14:17:19.054+0000] {processor.py:768} INFO - DAG(s) dict_keys(['tutorial']) retrieved from /home/airflow/.local/lib/python3.7/site-packages/airflow/example_dags/tutorial.py
[2022-10-04T14:17:19.082+0000] {logging_mixin.py:117} INFO - [2022-10-04T14:17:19.082+0000] {dag.py:2573} INFO - Sync 1 DAGs
[2022-10-04T14:17:19.100+0000] {logging_mixin.py:117} INFO - [2022-10-04T14:17:19.100+0000] {dag.py:3328} INFO - Setting next_dagrun for tutorial to 2022-10-03T14:17:19.099938+00:00, run_after=2022-10-04T14:17:19.099938+00:00
[2022-10-04T14:17:19.115+0000] {processor.py:178} INFO - Processing /home/airflow/.local/lib/python3.7/site-packages/airflow/example_dags/tutorial.py took 0.077 seconds
[2022-10-04T14:17:49.242+0000] {processor.py:156} INFO - Started process (PID=350) to work on /home/airflow/.local/lib/python3.7/site-packages/airflow/example_dags/tutorial.py
[2022-10-04T14:17:49.244+0000] {processor.py:758} INFO - Processing file /home/airflow/.local/lib/python3.7/site-packages/airflow/example_dags/tutorial.py for tasks to queue
[2022-10-04T14:17:49.245+0000] {logging_mixin.py:117} INFO - [2022-10-04T14:17:49.244+0000] {dagbag.py:525} INFO - Filling up the DagBag from /home/airflow/.local/lib/python3.7/site-packages/airflow/example_dags/tutorial.py
[2022-10-04T14:17:49.254+0000] {processor.py:768} INFO - DAG(s) dict_keys(['tutorial']) retrieved from /home/airflow/.local/lib/python3.7/site-packages/airflow/example_dags/tutorial.py
[2022-10-04T14:17:49.281+0000] {logging_mixin.py:117} INFO - [2022-10-04T14:17:49.281+0000] {dag.py:2573} INFO - Sync 1 DAGs
[2022-10-04T14:17:49.298+0000] {logging_mixin.py:117} INFO - [2022-10-04T14:17:49.297+0000] {dag.py:3328} INFO - Setting next_dagrun for tutorial to 2022-10-03T14:17:49.297790+00:00, run_after=2022-10-04T14:17:49.297790+00:00
[2022-10-04T14:17:49.311+0000] {processor.py:178} INFO - Processing /home/airflow/.local/lib/python3.7/site-packages/airflow/example_dags/tutorial.py took 0.071 seconds
[2022-10-04T14:18:19.406+0000] {processor.py:156} INFO - Started process (PID=414) to work on /home/airflow/.local/lib/python3.7/site-packages/airflow/example_dags/tutorial.py
[2022-10-04T14:18:19.407+0000] {processor.py:758} INFO - Processing file /home/airflow/.local/lib/python3.7/site-packages/airflow/example_dags/tutorial.py for tasks to queue
[2022-10-04T14:18:19.408+0000] {logging_mixin.py:117} INFO - [2022-10-04T14:18:19.408+0000] {dagbag.py:525} INFO - Filling up the DagBag from /home/airflow/.local/lib/python3.7/site-packages/airflow/example_dags/tutorial.py
[2022-10-04T14:18:19.419+0000] {processor.py:768} INFO - DAG(s) dict_keys(['tutorial']) retrieved from /home/airflow/.local/lib/python3.7/site-packages/airflow/example_dags/tutorial.py
[2022-10-04T14:18:19.446+0000] {logging_mixin.py:117} INFO - [2022-10-04T14:18:19.446+0000] {dag.py:2573} INFO - Sync 1 DAGs
[2022-10-04T14:18:19.461+0000] {logging_mixin.py:117} INFO - [2022-10-04T14:18:19.461+0000] {dag.py:3328} INFO - Setting next_dagrun for tutorial to 2022-10-03T14:18:19.461027+00:00, run_after=2022-10-04T14:18:19.461027+00:00
[2022-10-04T14:18:19.473+0000] {processor.py:178} INFO - Processing /home/airflow/.local/lib/python3.7/site-packages/airflow/example_dags/tutorial.py took 0.069 seconds
[2022-10-04T14:18:49.681+0000] {processor.py:156} INFO - Started process (PID=477) to work on /home/airflow/.local/lib/python3.7/site-packages/airflow/example_dags/tutorial.py
[2022-10-04T14:18:49.682+0000] {processor.py:758} INFO - Processing file /home/airflow/.local/lib/python3.7/site-packages/airflow/example_dags/tutorial.py for tasks to queue
[2022-10-04T14:18:49.683+0000] {logging_mixin.py:117} INFO - [2022-10-04T14:18:49.683+0000] {dagbag.py:525} INFO - Filling up the DagBag from /home/airflow/.local/lib/python3.7/site-packages/airflow/example_dags/tutorial.py
[2022-10-04T14:18:49.694+0000] {processor.py:768} INFO - DAG(s) dict_keys(['tutorial']) retrieved from /home/airflow/.local/lib/python3.7/site-packages/airflow/example_dags/tutorial.py
[2022-10-04T14:18:49.719+0000] {logging_mixin.py:117} INFO - [2022-10-04T14:18:49.719+0000] {dag.py:2573} INFO - Sync 1 DAGs
[2022-10-04T14:18:49.734+0000] {logging_mixin.py:117} INFO - [2022-10-04T14:18:49.733+0000] {dag.py:3328} INFO - Setting next_dagrun for tutorial to 2022-10-03T14:18:49.733756+00:00, run_after=2022-10-04T14:18:49.733756+00:00
[2022-10-04T14:18:49.746+0000] {processor.py:178} INFO - Processing /home/airflow/.local/lib/python3.7/site-packages/airflow/example_dags/tutorial.py took 0.067 seconds
[2022-10-04T14:19:19.915+0000] {processor.py:156} INFO - Started process (PID=541) to work on /home/airflow/.local/lib/python3.7/site-packages/airflow/example_dags/tutorial.py
[2022-10-04T14:19:19.917+0000] {processor.py:758} INFO - Processing file /home/airflow/.local/lib/python3.7/site-packages/airflow/example_dags/tutorial.py for tasks to queue
[2022-10-04T14:19:19.917+0000] {logging_mixin.py:117} INFO - [2022-10-04T14:19:19.917+0000] {dagbag.py:525} INFO - Filling up the DagBag from /home/airflow/.local/lib/python3.7/site-packages/airflow/example_dags/tutorial.py
[2022-10-04T14:19:19.927+0000] {processor.py:768} INFO - DAG(s) dict_keys(['tutorial']) retrieved from /home/airflow/.local/lib/python3.7/site-packages/airflow/example_dags/tutorial.py
[2022-10-04T14:19:19.953+0000] {logging_mixin.py:117} INFO - [2022-10-04T14:19:19.953+0000] {dag.py:2573} INFO - Sync 1 DAGs
[2022-10-04T14:19:19.970+0000] {logging_mixin.py:117} INFO - [2022-10-04T14:19:19.970+0000] {dag.py:3328} INFO - Setting next_dagrun for tutorial to 2022-10-03T14:19:19.970341+00:00, run_after=2022-10-04T14:19:19.970341+00:00
[2022-10-04T14:19:19.983+0000] {processor.py:178} INFO - Processing /home/airflow/.local/lib/python3.7/site-packages/airflow/example_dags/tutorial.py took 0.071 seconds
[2022-10-04T14:19:50.232+0000] {processor.py:156} INFO - Started process (PID=596) to work on /home/airflow/.local/lib/python3.7/site-packages/airflow/example_dags/tutorial.py
[2022-10-04T14:19:50.233+0000] {processor.py:758} INFO - Processing file /home/airflow/.local/lib/python3.7/site-packages/airflow/example_dags/tutorial.py for tasks to queue
[2022-10-04T14:19:50.234+0000] {logging_mixin.py:117} INFO - [2022-10-04T14:19:50.234+0000] {dagbag.py:525} INFO - Filling up the DagBag from /home/airflow/.local/lib/python3.7/site-packages/airflow/example_dags/tutorial.py
[2022-10-04T14:19:50.244+0000] {processor.py:768} INFO - DAG(s) dict_keys(['tutorial']) retrieved from /home/airflow/.local/lib/python3.7/site-packages/airflow/example_dags/tutorial.py
[2022-10-04T14:19:50.272+0000] {logging_mixin.py:117} INFO - [2022-10-04T14:19:50.272+0000] {dag.py:2573} INFO - Sync 1 DAGs
[2022-10-04T14:19:50.288+0000] {logging_mixin.py:117} INFO - [2022-10-04T14:19:50.287+0000] {dag.py:3328} INFO - Setting next_dagrun for tutorial to 2022-10-03T14:19:50.287854+00:00, run_after=2022-10-04T14:19:50.287854+00:00
[2022-10-04T14:19:50.299+0000] {processor.py:178} INFO - Processing /home/airflow/.local/lib/python3.7/site-packages/airflow/example_dags/tutorial.py took 0.070 seconds
[2022-10-04T14:20:20.621+0000] {processor.py:156} INFO - Started process (PID=659) to work on /home/airflow/.local/lib/python3.7/site-packages/airflow/example_dags/tutorial.py
[2022-10-04T14:20:20.623+0000] {processor.py:758} INFO - Processing file /home/airflow/.local/lib/python3.7/site-packages/airflow/example_dags/tutorial.py for tasks to queue
[2022-10-04T14:20:20.624+0000] {logging_mixin.py:117} INFO - [2022-10-04T14:20:20.624+0000] {dagbag.py:525} INFO - Filling up the DagBag from /home/airflow/.local/lib/python3.7/site-packages/airflow/example_dags/tutorial.py
[2022-10-04T14:20:20.633+0000] {processor.py:768} INFO - DAG(s) dict_keys(['tutorial']) retrieved from /home/airflow/.local/lib/python3.7/site-packages/airflow/example_dags/tutorial.py
[2022-10-04T14:20:20.658+0000] {logging_mixin.py:117} INFO - [2022-10-04T14:20:20.658+0000] {dag.py:2573} INFO - Sync 1 DAGs
[2022-10-04T14:20:20.673+0000] {logging_mixin.py:117} INFO - [2022-10-04T14:20:20.673+0000] {dag.py:3328} INFO - Setting next_dagrun for tutorial to 2022-10-03T14:20:20.673303+00:00, run_after=2022-10-04T14:20:20.673303+00:00
[2022-10-04T14:20:20.685+0000] {processor.py:178} INFO - Processing /home/airflow/.local/lib/python3.7/site-packages/airflow/example_dags/tutorial.py took 0.066 seconds
