[2022-10-14T22:31:38.561+0000] {taskinstance.py:1165} INFO - Dependencies all met for <TaskInstance: DAG_cines.load_data manual__2022-10-14T22:31:33.522077+00:00 [queued]>
[2022-10-14T22:31:38.570+0000] {taskinstance.py:1165} INFO - Dependencies all met for <TaskInstance: DAG_cines.load_data manual__2022-10-14T22:31:33.522077+00:00 [queued]>
[2022-10-14T22:31:38.572+0000] {taskinstance.py:1362} INFO - 
--------------------------------------------------------------------------------
[2022-10-14T22:31:38.573+0000] {taskinstance.py:1363} INFO - Starting attempt 1 of 1
[2022-10-14T22:31:38.574+0000] {taskinstance.py:1364} INFO - 
--------------------------------------------------------------------------------
[2022-10-14T22:31:38.582+0000] {taskinstance.py:1383} INFO - Executing <Task(PythonOperator): load_data> on 2022-10-14 22:31:33.522077+00:00
[2022-10-14T22:31:38.589+0000] {standard_task_runner.py:54} INFO - Started process 2658 to run task
[2022-10-14T22:31:38.592+0000] {standard_task_runner.py:82} INFO - Running: ['***', 'tasks', 'run', 'DAG_cines', 'load_data', 'manual__2022-10-14T22:31:33.522077+00:00', '--job-id', '149', '--raw', '--subdir', 'DAGS_FOLDER/DD_template.py', '--cfg-path', '/tmp/tmpsu1hebrn']
[2022-10-14T22:31:38.595+0000] {standard_task_runner.py:83} INFO - Job 149: Subtask load_data
[2022-10-14T22:31:38.597+0000] {dagbag.py:525} INFO - Filling up the DagBag from /opt/***/dags/DD_template.py
[2022-10-14T22:31:38.698+0000] {task_command.py:384} INFO - Running <TaskInstance: DAG_cines.load_data manual__2022-10-14T22:31:33.522077+00:00 [running]> on host e0ff8f96cc52
[2022-10-14T22:31:38.737+0000] {taskinstance.py:1592} INFO - Exporting the following env vars:
AIRFLOW_CTX_DAG_OWNER=***
AIRFLOW_CTX_DAG_ID=DAG_cines
AIRFLOW_CTX_TASK_ID=load_data
AIRFLOW_CTX_EXECUTION_DATE=2022-10-14T22:31:33.522077+00:00
AIRFLOW_CTX_TRY_NUMBER=1
AIRFLOW_CTX_DAG_RUN_ID=manual__2022-10-14T22:31:33.522077+00:00
[2022-10-14T22:31:41.042+0000] {python.py:177} INFO - Done. Returned value was: None
[2022-10-14T22:31:41.075+0000] {taskinstance.py:1406} INFO - Marking task as SUCCESS. dag_id=DAG_cines, task_id=load_data, execution_date=20221014T223133, start_date=20221014T223138, end_date=20221014T223141
[2022-10-14T22:31:41.212+0000] {local_task_job.py:164} INFO - Task exited with return code 0
[2022-10-14T22:31:41.278+0000] {local_task_job.py:273} INFO - 0 downstream tasks scheduled from follow-on schedule check
