[2022-10-14T02:00:11.598+0000] {taskinstance.py:1165} INFO - Dependencies all met for <TaskInstance: DAG_cines.get_data manual__2022-10-14T02:00:09.731595+00:00 [queued]>
[2022-10-14T02:00:11.616+0000] {taskinstance.py:1165} INFO - Dependencies all met for <TaskInstance: DAG_cines.get_data manual__2022-10-14T02:00:09.731595+00:00 [queued]>
[2022-10-14T02:00:11.618+0000] {taskinstance.py:1362} INFO - 
--------------------------------------------------------------------------------
[2022-10-14T02:00:11.621+0000] {taskinstance.py:1363} INFO - Starting attempt 1 of 1
[2022-10-14T02:00:11.622+0000] {taskinstance.py:1364} INFO - 
--------------------------------------------------------------------------------
[2022-10-14T02:00:11.640+0000] {taskinstance.py:1383} INFO - Executing <Task(PythonOperator): get_data> on 2022-10-14 02:00:09.731595+00:00
[2022-10-14T02:00:11.647+0000] {standard_task_runner.py:54} INFO - Started process 70 to run task
[2022-10-14T02:00:11.651+0000] {standard_task_runner.py:82} INFO - Running: ['***', 'tasks', 'run', 'DAG_cines', 'get_data', 'manual__2022-10-14T02:00:09.731595+00:00', '--job-id', '48', '--raw', '--subdir', 'DAGS_FOLDER/DD_template.py', '--cfg-path', '/tmp/tmpau5kddm6']
[2022-10-14T02:00:11.655+0000] {standard_task_runner.py:83} INFO - Job 48: Subtask get_data
[2022-10-14T02:00:11.657+0000] {dagbag.py:525} INFO - Filling up the DagBag from /opt/***/dags/DD_template.py
[2022-10-14T02:00:17.546+0000] {task_command.py:384} INFO - Running <TaskInstance: DAG_cines.get_data manual__2022-10-14T02:00:09.731595+00:00 [running]> on host 8695618202fb
[2022-10-14T02:00:17.739+0000] {taskinstance.py:1592} INFO - Exporting the following env vars:
AIRFLOW_CTX_DAG_OWNER=***
AIRFLOW_CTX_DAG_ID=DAG_cines
AIRFLOW_CTX_TASK_ID=get_data
AIRFLOW_CTX_EXECUTION_DATE=2022-10-14T02:00:09.731595+00:00
AIRFLOW_CTX_TRY_NUMBER=1
AIRFLOW_CTX_DAG_RUN_ID=manual__2022-10-14T02:00:09.731595+00:00
[2022-10-14T02:00:24.634+0000] {local_task_job.py:164} INFO - Task exited with return code Negsignal.SIGKILL
[2022-10-14T02:00:26.651+0000] {local_task_job.py:273} INFO - 0 downstream tasks scheduled from follow-on schedule check
