[2022-10-17T14:36:34.487+0000] {taskinstance.py:1165} INFO - Dependencies all met for <TaskInstance: DAG_cine.get_data manual__2022-10-17T14:36:33.737677+00:00 [queued]>
[2022-10-17T14:36:34.497+0000] {taskinstance.py:1165} INFO - Dependencies all met for <TaskInstance: DAG_cine.get_data manual__2022-10-17T14:36:33.737677+00:00 [queued]>
[2022-10-17T14:36:34.498+0000] {taskinstance.py:1362} INFO - 
--------------------------------------------------------------------------------
[2022-10-17T14:36:34.500+0000] {taskinstance.py:1363} INFO - Starting attempt 1 of 1
[2022-10-17T14:36:34.501+0000] {taskinstance.py:1364} INFO - 
--------------------------------------------------------------------------------
[2022-10-17T14:36:34.512+0000] {taskinstance.py:1383} INFO - Executing <Task(PythonOperator): get_data> on 2022-10-17 14:36:33.737677+00:00
[2022-10-17T14:36:34.519+0000] {standard_task_runner.py:54} INFO - Started process 709 to run task
[2022-10-17T14:36:34.523+0000] {standard_task_runner.py:82} INFO - Running: ['***', 'tasks', 'run', 'DAG_cine', 'get_data', 'manual__2022-10-17T14:36:33.737677+00:00', '--job-id', '176', '--raw', '--subdir', 'DAGS_FOLDER/DAG_cine.py', '--cfg-path', '/tmp/tmpa3_rki3t']
[2022-10-17T14:36:34.525+0000] {standard_task_runner.py:83} INFO - Job 176: Subtask get_data
[2022-10-17T14:36:34.527+0000] {dagbag.py:525} INFO - Filling up the DagBag from /opt/***/dags/DAG_cine.py
[2022-10-17T14:36:34.945+0000] {task_command.py:384} INFO - Running <TaskInstance: DAG_cine.get_data manual__2022-10-17T14:36:33.737677+00:00 [running]> on host 067073ba6286
[2022-10-17T14:36:35.075+0000] {taskinstance.py:1592} INFO - Exporting the following env vars:
AIRFLOW_CTX_DAG_OWNER=***
AIRFLOW_CTX_DAG_ID=DAG_cine
AIRFLOW_CTX_TASK_ID=get_data
AIRFLOW_CTX_EXECUTION_DATE=2022-10-17T14:36:33.737677+00:00
AIRFLOW_CTX_TRY_NUMBER=1
AIRFLOW_CTX_DAG_RUN_ID=manual__2022-10-17T14:36:33.737677+00:00
[2022-10-17T14:36:36.293+0000] {python.py:177} INFO - Done. Returned value was: None
[2022-10-17T14:36:36.301+0000] {taskinstance.py:1406} INFO - Marking task as SUCCESS. dag_id=DAG_cine, task_id=get_data, execution_date=20221017T143633, start_date=20221017T143634, end_date=20221017T143636
[2022-10-17T14:36:36.365+0000] {local_task_job.py:164} INFO - Task exited with return code 0
[2022-10-17T14:36:36.386+0000] {local_task_job.py:273} INFO - 1 downstream tasks scheduled from follow-on schedule check
