[2022-10-14T22:20:18.439+0000] {taskinstance.py:1165} INFO - Dependencies all met for <TaskInstance: DAG_cines.transform_data manual__2022-10-14T22:20:14.733023+00:00 [queued]>
[2022-10-14T22:20:18.445+0000] {taskinstance.py:1165} INFO - Dependencies all met for <TaskInstance: DAG_cines.transform_data manual__2022-10-14T22:20:14.733023+00:00 [queued]>
[2022-10-14T22:20:18.446+0000] {taskinstance.py:1362} INFO - 
--------------------------------------------------------------------------------
[2022-10-14T22:20:18.447+0000] {taskinstance.py:1363} INFO - Starting attempt 1 of 1
[2022-10-14T22:20:18.448+0000] {taskinstance.py:1364} INFO - 
--------------------------------------------------------------------------------
[2022-10-14T22:20:18.455+0000] {taskinstance.py:1383} INFO - Executing <Task(PythonOperator): transform_data> on 2022-10-14 22:20:14.733023+00:00
[2022-10-14T22:20:18.460+0000] {standard_task_runner.py:54} INFO - Started process 2025 to run task
[2022-10-14T22:20:18.463+0000] {standard_task_runner.py:82} INFO - Running: ['***', 'tasks', 'run', 'DAG_cines', 'transform_data', 'manual__2022-10-14T22:20:14.733023+00:00', '--job-id', '133', '--raw', '--subdir', 'DAGS_FOLDER/DD_template.py', '--cfg-path', '/tmp/tmpgyqjh28m']
[2022-10-14T22:20:18.465+0000] {standard_task_runner.py:83} INFO - Job 133: Subtask transform_data
[2022-10-14T22:20:18.466+0000] {dagbag.py:525} INFO - Filling up the DagBag from /opt/***/dags/DD_template.py
[2022-10-14T22:20:18.556+0000] {task_command.py:384} INFO - Running <TaskInstance: DAG_cines.transform_data manual__2022-10-14T22:20:14.733023+00:00 [running]> on host e0ff8f96cc52
[2022-10-14T22:20:18.595+0000] {taskinstance.py:1592} INFO - Exporting the following env vars:
AIRFLOW_CTX_DAG_OWNER=***
AIRFLOW_CTX_DAG_ID=DAG_cines
AIRFLOW_CTX_TASK_ID=transform_data
AIRFLOW_CTX_EXECUTION_DATE=2022-10-14T22:20:14.733023+00:00
AIRFLOW_CTX_TRY_NUMBER=1
AIRFLOW_CTX_DAG_RUN_ID=manual__2022-10-14T22:20:14.733023+00:00
[2022-10-14T22:20:18.671+0000] {python.py:177} INFO - Done. Returned value was: None
[2022-10-14T22:20:18.679+0000] {taskinstance.py:1406} INFO - Marking task as SUCCESS. dag_id=DAG_cines, task_id=transform_data, execution_date=20221014T222014, start_date=20221014T222018, end_date=20221014T222018
[2022-10-14T22:20:18.725+0000] {local_task_job.py:164} INFO - Task exited with return code 0
[2022-10-14T22:20:18.742+0000] {local_task_job.py:273} INFO - 1 downstream tasks scheduled from follow-on schedule check
