[2022-10-17T14:42:55.884+0000] {taskinstance.py:1165} INFO - Dependencies all met for <TaskInstance: DAG_biblioteca.get_data manual__2022-10-17T14:42:55.023080+00:00 [queued]>
[2022-10-17T14:42:55.891+0000] {taskinstance.py:1165} INFO - Dependencies all met for <TaskInstance: DAG_biblioteca.get_data manual__2022-10-17T14:42:55.023080+00:00 [queued]>
[2022-10-17T14:42:55.892+0000] {taskinstance.py:1362} INFO - 
--------------------------------------------------------------------------------
[2022-10-17T14:42:55.893+0000] {taskinstance.py:1363} INFO - Starting attempt 1 of 1
[2022-10-17T14:42:55.895+0000] {taskinstance.py:1364} INFO - 
--------------------------------------------------------------------------------
[2022-10-17T14:42:55.904+0000] {taskinstance.py:1383} INFO - Executing <Task(PythonOperator): get_data> on 2022-10-17 14:42:55.023080+00:00
[2022-10-17T14:42:55.908+0000] {standard_task_runner.py:54} INFO - Started process 1101 to run task
[2022-10-17T14:42:55.911+0000] {standard_task_runner.py:82} INFO - Running: ['***', 'tasks', 'run', 'DAG_biblioteca', 'get_data', 'manual__2022-10-17T14:42:55.023080+00:00', '--job-id', '197', '--raw', '--subdir', 'DAGS_FOLDER/DAG_biblioteca.py', '--cfg-path', '/tmp/tmp1kve05c3']
[2022-10-17T14:42:55.912+0000] {standard_task_runner.py:83} INFO - Job 197: Subtask get_data
[2022-10-17T14:42:55.914+0000] {dagbag.py:525} INFO - Filling up the DagBag from /opt/***/dags/DAG_biblioteca.py
[2022-10-17T14:42:56.251+0000] {task_command.py:384} INFO - Running <TaskInstance: DAG_biblioteca.get_data manual__2022-10-17T14:42:55.023080+00:00 [running]> on host 067073ba6286
[2022-10-17T14:42:56.325+0000] {taskinstance.py:1592} INFO - Exporting the following env vars:
AIRFLOW_CTX_DAG_OWNER=***
AIRFLOW_CTX_DAG_ID=DAG_biblioteca
AIRFLOW_CTX_TASK_ID=get_data
AIRFLOW_CTX_EXECUTION_DATE=2022-10-17T14:42:55.023080+00:00
AIRFLOW_CTX_TRY_NUMBER=1
AIRFLOW_CTX_DAG_RUN_ID=manual__2022-10-17T14:42:55.023080+00:00
[2022-10-17T14:42:57.836+0000] {python.py:177} INFO - Done. Returned value was: None
[2022-10-17T14:42:57.853+0000] {taskinstance.py:1406} INFO - Marking task as SUCCESS. dag_id=DAG_biblioteca, task_id=get_data, execution_date=20221017T144255, start_date=20221017T144255, end_date=20221017T144257
[2022-10-17T14:42:57.920+0000] {local_task_job.py:164} INFO - Task exited with return code 0
[2022-10-17T14:42:57.951+0000] {local_task_job.py:273} INFO - 1 downstream tasks scheduled from follow-on schedule check
