[2022-10-14T22:02:00.780+0000] {taskinstance.py:1165} INFO - Dependencies all met for <TaskInstance: DAG_cines.transform_data manual__2022-10-14T22:01:56.966014+00:00 [queued]>
[2022-10-14T22:02:00.787+0000] {taskinstance.py:1165} INFO - Dependencies all met for <TaskInstance: DAG_cines.transform_data manual__2022-10-14T22:01:56.966014+00:00 [queued]>
[2022-10-14T22:02:00.788+0000] {taskinstance.py:1362} INFO - 
--------------------------------------------------------------------------------
[2022-10-14T22:02:00.789+0000] {taskinstance.py:1363} INFO - Starting attempt 1 of 1
[2022-10-14T22:02:00.790+0000] {taskinstance.py:1364} INFO - 
--------------------------------------------------------------------------------
[2022-10-14T22:02:00.798+0000] {taskinstance.py:1383} INFO - Executing <Task(PythonOperator): transform_data> on 2022-10-14 22:01:56.966014+00:00
[2022-10-14T22:02:00.802+0000] {standard_task_runner.py:54} INFO - Started process 1050 to run task
[2022-10-14T22:02:00.805+0000] {standard_task_runner.py:82} INFO - Running: ['***', 'tasks', 'run', 'DAG_cines', 'transform_data', 'manual__2022-10-14T22:01:56.966014+00:00', '--job-id', '125', '--raw', '--subdir', 'DAGS_FOLDER/DD_template.py', '--cfg-path', '/tmp/tmp4cs_m6nm']
[2022-10-14T22:02:00.807+0000] {standard_task_runner.py:83} INFO - Job 125: Subtask transform_data
[2022-10-14T22:02:00.809+0000] {dagbag.py:525} INFO - Filling up the DagBag from /opt/***/dags/DD_template.py
[2022-10-14T22:02:00.909+0000] {task_command.py:384} INFO - Running <TaskInstance: DAG_cines.transform_data manual__2022-10-14T22:01:56.966014+00:00 [running]> on host e0ff8f96cc52
[2022-10-14T22:02:00.948+0000] {taskinstance.py:1592} INFO - Exporting the following env vars:
AIRFLOW_CTX_DAG_OWNER=***
AIRFLOW_CTX_DAG_ID=DAG_cines
AIRFLOW_CTX_TASK_ID=transform_data
AIRFLOW_CTX_EXECUTION_DATE=2022-10-14T22:01:56.966014+00:00
AIRFLOW_CTX_TRY_NUMBER=1
AIRFLOW_CTX_DAG_RUN_ID=manual__2022-10-14T22:01:56.966014+00:00
[2022-10-14T22:02:01.020+0000] {python.py:177} INFO - Done. Returned value was: None
[2022-10-14T22:02:01.028+0000] {taskinstance.py:1406} INFO - Marking task as SUCCESS. dag_id=DAG_cines, task_id=transform_data, execution_date=20221014T220156, start_date=20221014T220200, end_date=20221014T220201
[2022-10-14T22:02:01.068+0000] {local_task_job.py:164} INFO - Task exited with return code 0
[2022-10-14T22:02:01.085+0000] {local_task_job.py:273} INFO - 1 downstream tasks scheduled from follow-on schedule check
