[2022-10-14T14:26:34.419+0000] {taskinstance.py:1165} INFO - Dependencies all met for <TaskInstance: DAG_cines.get_data manual__2022-10-14T14:26:33.401590+00:00 [queued]>
[2022-10-14T14:26:34.427+0000] {taskinstance.py:1165} INFO - Dependencies all met for <TaskInstance: DAG_cines.get_data manual__2022-10-14T14:26:33.401590+00:00 [queued]>
[2022-10-14T14:26:34.428+0000] {taskinstance.py:1362} INFO - 
--------------------------------------------------------------------------------
[2022-10-14T14:26:34.429+0000] {taskinstance.py:1363} INFO - Starting attempt 1 of 1
[2022-10-14T14:26:34.430+0000] {taskinstance.py:1364} INFO - 
--------------------------------------------------------------------------------
[2022-10-14T14:26:34.437+0000] {taskinstance.py:1383} INFO - Executing <Task(PythonOperator): get_data> on 2022-10-14 14:26:33.401590+00:00
[2022-10-14T14:26:34.446+0000] {standard_task_runner.py:54} INFO - Started process 80 to run task
[2022-10-14T14:26:34.450+0000] {standard_task_runner.py:82} INFO - Running: ['***', 'tasks', 'run', 'DAG_cines', 'get_data', 'manual__2022-10-14T14:26:33.401590+00:00', '--job-id', '98', '--raw', '--subdir', 'DAGS_FOLDER/DD_template.py', '--cfg-path', '/tmp/tmpnrqbh15q']
[2022-10-14T14:26:34.452+0000] {standard_task_runner.py:83} INFO - Job 98: Subtask get_data
[2022-10-14T14:26:34.454+0000] {dagbag.py:525} INFO - Filling up the DagBag from /opt/***/dags/DD_template.py
[2022-10-14T14:26:34.668+0000] {task_command.py:384} INFO - Running <TaskInstance: DAG_cines.get_data manual__2022-10-14T14:26:33.401590+00:00 [running]> on host 9cf83b5ba954
[2022-10-14T14:26:34.711+0000] {taskinstance.py:1592} INFO - Exporting the following env vars:
AIRFLOW_CTX_DAG_OWNER=***
AIRFLOW_CTX_DAG_ID=DAG_cines
AIRFLOW_CTX_TASK_ID=get_data
AIRFLOW_CTX_EXECUTION_DATE=2022-10-14T14:26:33.401590+00:00
AIRFLOW_CTX_TRY_NUMBER=1
AIRFLOW_CTX_DAG_RUN_ID=manual__2022-10-14T14:26:33.401590+00:00
[2022-10-14T14:26:36.522+0000] {python.py:177} INFO - Done. Returned value was: None
[2022-10-14T14:26:36.544+0000] {taskinstance.py:1406} INFO - Marking task as SUCCESS. dag_id=DAG_cines, task_id=get_data, execution_date=20221014T142633, start_date=20221014T142634, end_date=20221014T142636
[2022-10-14T14:26:36.606+0000] {local_task_job.py:164} INFO - Task exited with return code 0
[2022-10-14T14:26:36.676+0000] {local_task_job.py:273} INFO - 1 downstream tasks scheduled from follow-on schedule check
