[2022-10-17T14:25:08.979+0000] {taskinstance.py:1165} INFO - Dependencies all met for <TaskInstance: DAG_biblioteca.transform_data manual__2022-10-17T14:25:04.617147+00:00 [queued]>
[2022-10-17T14:25:08.988+0000] {taskinstance.py:1165} INFO - Dependencies all met for <TaskInstance: DAG_biblioteca.transform_data manual__2022-10-17T14:25:04.617147+00:00 [queued]>
[2022-10-17T14:25:08.990+0000] {taskinstance.py:1362} INFO - 
--------------------------------------------------------------------------------
[2022-10-17T14:25:08.991+0000] {taskinstance.py:1363} INFO - Starting attempt 1 of 1
[2022-10-17T14:25:08.992+0000] {taskinstance.py:1364} INFO - 
--------------------------------------------------------------------------------
[2022-10-17T14:25:09.003+0000] {taskinstance.py:1383} INFO - Executing <Task(PythonOperator): transform_data> on 2022-10-17 14:25:04.617147+00:00
[2022-10-17T14:25:09.008+0000] {standard_task_runner.py:54} INFO - Started process 82 to run task
[2022-10-17T14:25:09.013+0000] {standard_task_runner.py:82} INFO - Running: ['***', 'tasks', 'run', 'DAG_biblioteca', 'transform_data', 'manual__2022-10-17T14:25:04.617147+00:00', '--job-id', '165', '--raw', '--subdir', 'DAGS_FOLDER/DAG_biblioteca.py', '--cfg-path', '/tmp/tmpngsb3hh4']
[2022-10-17T14:25:09.015+0000] {standard_task_runner.py:83} INFO - Job 165: Subtask transform_data
[2022-10-17T14:25:09.019+0000] {dagbag.py:525} INFO - Filling up the DagBag from /opt/***/dags/DAG_biblioteca.py
[2022-10-17T14:25:09.643+0000] {task_command.py:384} INFO - Running <TaskInstance: DAG_biblioteca.transform_data manual__2022-10-17T14:25:04.617147+00:00 [running]> on host 067073ba6286
[2022-10-17T14:25:09.725+0000] {taskinstance.py:1592} INFO - Exporting the following env vars:
AIRFLOW_CTX_DAG_OWNER=***
AIRFLOW_CTX_DAG_ID=DAG_biblioteca
AIRFLOW_CTX_TASK_ID=transform_data
AIRFLOW_CTX_EXECUTION_DATE=2022-10-17T14:25:04.617147+00:00
AIRFLOW_CTX_TRY_NUMBER=1
AIRFLOW_CTX_DAG_RUN_ID=manual__2022-10-17T14:25:04.617147+00:00
[2022-10-17T14:25:09.822+0000] {python.py:177} INFO - Done. Returned value was: None
[2022-10-17T14:25:09.835+0000] {taskinstance.py:1406} INFO - Marking task as SUCCESS. dag_id=DAG_biblioteca, task_id=transform_data, execution_date=20221017T142504, start_date=20221017T142508, end_date=20221017T142509
[2022-10-17T14:25:09.890+0000] {local_task_job.py:164} INFO - Task exited with return code 0
[2022-10-17T14:25:09.916+0000] {local_task_job.py:273} INFO - 0 downstream tasks scheduled from follow-on schedule check
