[2022-10-17T14:42:42.847+0000] {taskinstance.py:1165} INFO - Dependencies all met for <TaskInstance: DAG_cine.get_data manual__2022-10-17T14:42:42.055026+00:00 [queued]>
[2022-10-17T14:42:42.861+0000] {taskinstance.py:1165} INFO - Dependencies all met for <TaskInstance: DAG_cine.get_data manual__2022-10-17T14:42:42.055026+00:00 [queued]>
[2022-10-17T14:42:42.862+0000] {taskinstance.py:1362} INFO - 
--------------------------------------------------------------------------------
[2022-10-17T14:42:42.864+0000] {taskinstance.py:1363} INFO - Starting attempt 1 of 1
[2022-10-17T14:42:42.865+0000] {taskinstance.py:1364} INFO - 
--------------------------------------------------------------------------------
[2022-10-17T14:42:42.875+0000] {taskinstance.py:1383} INFO - Executing <Task(PythonOperator): get_data> on 2022-10-17 14:42:42.055026+00:00
[2022-10-17T14:42:42.881+0000] {standard_task_runner.py:54} INFO - Started process 1071 to run task
[2022-10-17T14:42:42.885+0000] {standard_task_runner.py:82} INFO - Running: ['***', 'tasks', 'run', 'DAG_cine', 'get_data', 'manual__2022-10-17T14:42:42.055026+00:00', '--job-id', '194', '--raw', '--subdir', 'DAGS_FOLDER/DAG_cine.py', '--cfg-path', '/tmp/tmpe53uxiwr']
[2022-10-17T14:42:42.886+0000] {standard_task_runner.py:83} INFO - Job 194: Subtask get_data
[2022-10-17T14:42:42.891+0000] {dagbag.py:525} INFO - Filling up the DagBag from /opt/***/dags/DAG_cine.py
[2022-10-17T14:42:43.242+0000] {task_command.py:384} INFO - Running <TaskInstance: DAG_cine.get_data manual__2022-10-17T14:42:42.055026+00:00 [running]> on host 067073ba6286
[2022-10-17T14:42:43.319+0000] {taskinstance.py:1592} INFO - Exporting the following env vars:
AIRFLOW_CTX_DAG_OWNER=***
AIRFLOW_CTX_DAG_ID=DAG_cine
AIRFLOW_CTX_TASK_ID=get_data
AIRFLOW_CTX_EXECUTION_DATE=2022-10-17T14:42:42.055026+00:00
AIRFLOW_CTX_TRY_NUMBER=1
AIRFLOW_CTX_DAG_RUN_ID=manual__2022-10-17T14:42:42.055026+00:00
[2022-10-17T14:42:44.542+0000] {python.py:177} INFO - Done. Returned value was: None
[2022-10-17T14:42:44.556+0000] {taskinstance.py:1406} INFO - Marking task as SUCCESS. dag_id=DAG_cine, task_id=get_data, execution_date=20221017T144242, start_date=20221017T144242, end_date=20221017T144244
[2022-10-17T14:42:44.610+0000] {local_task_job.py:164} INFO - Task exited with return code 0
[2022-10-17T14:42:44.637+0000] {local_task_job.py:273} INFO - 0 downstream tasks scheduled from follow-on schedule check
