[2022-10-17T14:32:15.173+0000] {taskinstance.py:1165} INFO - Dependencies all met for <TaskInstance: DAG_biblioteca.get_data manual__2022-10-17T14:32:13.898230+00:00 [queued]>
[2022-10-17T14:32:15.181+0000] {taskinstance.py:1165} INFO - Dependencies all met for <TaskInstance: DAG_biblioteca.get_data manual__2022-10-17T14:32:13.898230+00:00 [queued]>
[2022-10-17T14:32:15.182+0000] {taskinstance.py:1362} INFO - 
--------------------------------------------------------------------------------
[2022-10-17T14:32:15.183+0000] {taskinstance.py:1363} INFO - Starting attempt 1 of 1
[2022-10-17T14:32:15.185+0000] {taskinstance.py:1364} INFO - 
--------------------------------------------------------------------------------
[2022-10-17T14:32:15.194+0000] {taskinstance.py:1383} INFO - Executing <Task(PythonOperator): get_data> on 2022-10-17 14:32:13.898230+00:00
[2022-10-17T14:32:15.199+0000] {standard_task_runner.py:54} INFO - Started process 459 to run task
[2022-10-17T14:32:15.201+0000] {standard_task_runner.py:82} INFO - Running: ['***', 'tasks', 'run', 'DAG_biblioteca', 'get_data', 'manual__2022-10-17T14:32:13.898230+00:00', '--job-id', '169', '--raw', '--subdir', 'DAGS_FOLDER/DAG_biblioteca.py', '--cfg-path', '/tmp/tmp911vmezv']
[2022-10-17T14:32:15.203+0000] {standard_task_runner.py:83} INFO - Job 169: Subtask get_data
[2022-10-17T14:32:15.206+0000] {dagbag.py:525} INFO - Filling up the DagBag from /opt/***/dags/DAG_biblioteca.py
[2022-10-17T14:32:15.517+0000] {task_command.py:384} INFO - Running <TaskInstance: DAG_biblioteca.get_data manual__2022-10-17T14:32:13.898230+00:00 [running]> on host 067073ba6286
[2022-10-17T14:32:15.559+0000] {taskinstance.py:1592} INFO - Exporting the following env vars:
AIRFLOW_CTX_DAG_OWNER=***
AIRFLOW_CTX_DAG_ID=DAG_biblioteca
AIRFLOW_CTX_TASK_ID=get_data
AIRFLOW_CTX_EXECUTION_DATE=2022-10-17T14:32:13.898230+00:00
AIRFLOW_CTX_TRY_NUMBER=1
AIRFLOW_CTX_DAG_RUN_ID=manual__2022-10-17T14:32:13.898230+00:00
[2022-10-17T14:32:17.262+0000] {python.py:177} INFO - Done. Returned value was: None
[2022-10-17T14:32:17.270+0000] {taskinstance.py:1406} INFO - Marking task as SUCCESS. dag_id=DAG_biblioteca, task_id=get_data, execution_date=20221017T143213, start_date=20221017T143215, end_date=20221017T143217
[2022-10-17T14:32:17.310+0000] {local_task_job.py:164} INFO - Task exited with return code 0
[2022-10-17T14:32:17.353+0000] {local_task_job.py:273} INFO - 1 downstream tasks scheduled from follow-on schedule check
