[2022-10-17T14:47:21.414+0000] {processor.py:156} INFO - Started process (PID=36) to work on /opt/airflow/dags/DAG_museos.py
[2022-10-17T14:47:21.415+0000] {processor.py:758} INFO - Processing file /opt/airflow/dags/DAG_museos.py for tasks to queue
[2022-10-17T14:47:21.417+0000] {logging_mixin.py:117} INFO - [2022-10-17T14:47:21.416+0000] {dagbag.py:525} INFO - Filling up the DagBag from /opt/airflow/dags/DAG_museos.py
[2022-10-17T14:47:22.291+0000] {processor.py:768} INFO - DAG(s) dict_keys(['DAG_museos']) retrieved from /opt/airflow/dags/DAG_museos.py
[2022-10-17T14:47:22.459+0000] {logging_mixin.py:117} INFO - [2022-10-17T14:47:22.459+0000] {manager.py:508} INFO - Created Permission View: can edit on DAG:DAG_museos
[2022-10-17T14:47:22.474+0000] {logging_mixin.py:117} INFO - [2022-10-17T14:47:22.474+0000] {manager.py:508} INFO - Created Permission View: can delete on DAG:DAG_museos
[2022-10-17T14:47:22.488+0000] {logging_mixin.py:117} INFO - [2022-10-17T14:47:22.488+0000] {manager.py:508} INFO - Created Permission View: can read on DAG:DAG_museos
[2022-10-17T14:47:22.491+0000] {logging_mixin.py:117} INFO - [2022-10-17T14:47:22.491+0000] {dag.py:2573} INFO - Sync 1 DAGs
[2022-10-17T14:47:22.503+0000] {logging_mixin.py:117} INFO - [2022-10-17T14:47:22.502+0000] {dag.py:2594} INFO - Creating ORM DAG for DAG_museos
[2022-10-17T14:47:22.516+0000] {logging_mixin.py:117} INFO - [2022-10-17T14:47:22.516+0000] {dag.py:3328} INFO - Setting next_dagrun for DAG_museos to 2022-11-01T00:00:00+00:00, run_after=2022-12-01T00:00:00+00:00
[2022-10-17T14:47:22.540+0000] {processor.py:178} INFO - Processing /opt/airflow/dags/DAG_museos.py took 1.134 seconds
[2022-10-17T14:47:25.674+0000] {processor.py:156} INFO - Started process (PID=50) to work on /opt/airflow/dags/DAG_museos.py
[2022-10-17T14:47:25.687+0000] {processor.py:758} INFO - Processing file /opt/airflow/dags/DAG_museos.py for tasks to queue
[2022-10-17T14:47:25.694+0000] {logging_mixin.py:117} INFO - [2022-10-17T14:47:25.693+0000] {dagbag.py:525} INFO - Filling up the DagBag from /opt/airflow/dags/DAG_museos.py
[2022-10-17T14:47:25.747+0000] {processor.py:770} WARNING - No viable dags retrieved from /opt/airflow/dags/DAG_museos.py
[2022-10-17T14:47:25.780+0000] {processor.py:178} INFO - Processing /opt/airflow/dags/DAG_museos.py took 0.109 seconds
[2022-10-17T14:47:56.190+0000] {processor.py:156} INFO - Started process (PID=75) to work on /opt/airflow/dags/DAG_museos.py
[2022-10-17T14:47:56.193+0000] {processor.py:758} INFO - Processing file /opt/airflow/dags/DAG_museos.py for tasks to queue
[2022-10-17T14:47:56.195+0000] {logging_mixin.py:117} INFO - [2022-10-17T14:47:56.194+0000] {dagbag.py:525} INFO - Filling up the DagBag from /opt/airflow/dags/DAG_museos.py
[2022-10-17T14:47:56.447+0000] {processor.py:768} INFO - DAG(s) dict_keys(['DAG_museos']) retrieved from /opt/airflow/dags/DAG_museos.py
[2022-10-17T14:47:56.469+0000] {logging_mixin.py:117} INFO - [2022-10-17T14:47:56.469+0000] {dag.py:2573} INFO - Sync 1 DAGs
[2022-10-17T14:47:56.485+0000] {logging_mixin.py:117} INFO - [2022-10-17T14:47:56.485+0000] {dag.py:3328} INFO - Setting next_dagrun for DAG_museos to 2022-11-01T00:00:00+00:00, run_after=2022-12-01T00:00:00+00:00
[2022-10-17T14:47:56.509+0000] {processor.py:178} INFO - Processing /opt/airflow/dags/DAG_museos.py took 0.324 seconds
[2022-10-17T14:48:21.736+0000] {processor.py:156} INFO - Started process (PID=107) to work on /opt/airflow/dags/DAG_museos.py
[2022-10-17T14:48:21.739+0000] {processor.py:758} INFO - Processing file /opt/airflow/dags/DAG_museos.py for tasks to queue
[2022-10-17T14:48:21.742+0000] {logging_mixin.py:117} INFO - [2022-10-17T14:48:21.742+0000] {dagbag.py:525} INFO - Filling up the DagBag from /opt/airflow/dags/DAG_museos.py
[2022-10-17T14:48:22.041+0000] {processor.py:768} INFO - DAG(s) dict_keys(['DAG_museos']) retrieved from /opt/airflow/dags/DAG_museos.py
[2022-10-17T14:48:22.070+0000] {logging_mixin.py:117} INFO - [2022-10-17T14:48:22.069+0000] {dag.py:2573} INFO - Sync 1 DAGs
[2022-10-17T14:48:22.088+0000] {logging_mixin.py:117} INFO - [2022-10-17T14:48:22.088+0000] {dag.py:3328} INFO - Setting next_dagrun for DAG_museos to 2022-11-01T00:00:00+00:00, run_after=2022-12-01T00:00:00+00:00
[2022-10-17T14:48:22.112+0000] {processor.py:178} INFO - Processing /opt/airflow/dags/DAG_museos.py took 0.380 seconds
[2022-10-17T14:48:52.486+0000] {processor.py:156} INFO - Started process (PID=131) to work on /opt/airflow/dags/DAG_museos.py
[2022-10-17T14:48:52.488+0000] {processor.py:758} INFO - Processing file /opt/airflow/dags/DAG_museos.py for tasks to queue
[2022-10-17T14:48:52.490+0000] {logging_mixin.py:117} INFO - [2022-10-17T14:48:52.490+0000] {dagbag.py:525} INFO - Filling up the DagBag from /opt/airflow/dags/DAG_museos.py
[2022-10-17T14:48:52.735+0000] {processor.py:768} INFO - DAG(s) dict_keys(['DAG_museos']) retrieved from /opt/airflow/dags/DAG_museos.py
[2022-10-17T14:48:52.762+0000] {logging_mixin.py:117} INFO - [2022-10-17T14:48:52.762+0000] {dag.py:2573} INFO - Sync 1 DAGs
[2022-10-17T14:48:52.786+0000] {logging_mixin.py:117} INFO - [2022-10-17T14:48:52.786+0000] {dag.py:3328} INFO - Setting next_dagrun for DAG_museos to 2022-11-01T00:00:00+00:00, run_after=2022-12-01T00:00:00+00:00
[2022-10-17T14:48:52.800+0000] {processor.py:178} INFO - Processing /opt/airflow/dags/DAG_museos.py took 0.320 seconds
[2022-10-17T15:22:26.022+0000] {processor.py:156} INFO - Started process (PID=35) to work on /opt/airflow/dags/DAG_museos.py
[2022-10-17T15:22:26.025+0000] {processor.py:758} INFO - Processing file /opt/airflow/dags/DAG_museos.py for tasks to queue
[2022-10-17T15:22:26.026+0000] {logging_mixin.py:117} INFO - [2022-10-17T15:22:26.026+0000] {dagbag.py:525} INFO - Filling up the DagBag from /opt/airflow/dags/DAG_museos.py
[2022-10-17T15:22:26.943+0000] {processor.py:768} INFO - DAG(s) dict_keys(['DAG_museos']) retrieved from /opt/airflow/dags/DAG_museos.py
[2022-10-17T15:22:27.020+0000] {logging_mixin.py:117} INFO - [2022-10-17T15:22:27.020+0000] {dag.py:2573} INFO - Sync 1 DAGs
[2022-10-17T15:22:27.071+0000] {logging_mixin.py:117} INFO - [2022-10-17T15:22:27.071+0000] {dag.py:3328} INFO - Setting next_dagrun for DAG_museos to 2022-11-01T00:00:00+00:00, run_after=2022-12-01T00:00:00+00:00
[2022-10-17T15:22:27.097+0000] {processor.py:178} INFO - Processing /opt/airflow/dags/DAG_museos.py took 1.081 seconds
[2022-10-17T15:22:31.352+0000] {processor.py:156} INFO - Started process (PID=54) to work on /opt/airflow/dags/DAG_museos.py
[2022-10-17T15:22:31.355+0000] {processor.py:758} INFO - Processing file /opt/airflow/dags/DAG_museos.py for tasks to queue
[2022-10-17T15:22:31.356+0000] {logging_mixin.py:117} INFO - [2022-10-17T15:22:31.356+0000] {dagbag.py:525} INFO - Filling up the DagBag from /opt/airflow/dags/DAG_museos.py
[2022-10-17T15:22:31.701+0000] {processor.py:768} INFO - DAG(s) dict_keys(['DAG_museos']) retrieved from /opt/airflow/dags/DAG_museos.py
[2022-10-17T15:22:31.719+0000] {logging_mixin.py:117} INFO - [2022-10-17T15:22:31.719+0000] {dag.py:2573} INFO - Sync 1 DAGs
[2022-10-17T15:22:31.744+0000] {logging_mixin.py:117} INFO - [2022-10-17T15:22:31.744+0000] {dag.py:3328} INFO - Setting next_dagrun for DAG_museos to 2022-11-01T00:00:00+00:00, run_after=2022-12-01T00:00:00+00:00
[2022-10-17T15:22:31.789+0000] {processor.py:178} INFO - Processing /opt/airflow/dags/DAG_museos.py took 0.440 seconds
[2022-10-17T15:23:01.878+0000] {processor.py:156} INFO - Started process (PID=78) to work on /opt/airflow/dags/DAG_museos.py
[2022-10-17T15:23:01.880+0000] {processor.py:758} INFO - Processing file /opt/airflow/dags/DAG_museos.py for tasks to queue
[2022-10-17T15:23:01.881+0000] {logging_mixin.py:117} INFO - [2022-10-17T15:23:01.881+0000] {dagbag.py:525} INFO - Filling up the DagBag from /opt/airflow/dags/DAG_museos.py
[2022-10-17T15:23:02.040+0000] {processor.py:768} INFO - DAG(s) dict_keys(['DAG_museos']) retrieved from /opt/airflow/dags/DAG_museos.py
[2022-10-17T15:23:02.056+0000] {logging_mixin.py:117} INFO - [2022-10-17T15:23:02.056+0000] {dag.py:2573} INFO - Sync 1 DAGs
[2022-10-17T15:23:02.070+0000] {logging_mixin.py:117} INFO - [2022-10-17T15:23:02.070+0000] {dag.py:3328} INFO - Setting next_dagrun for DAG_museos to 2022-11-01T00:00:00+00:00, run_after=2022-12-01T00:00:00+00:00
[2022-10-17T15:23:02.081+0000] {processor.py:178} INFO - Processing /opt/airflow/dags/DAG_museos.py took 0.205 seconds
[2022-10-17T15:23:26.122+0000] {processor.py:156} INFO - Started process (PID=107) to work on /opt/airflow/dags/DAG_museos.py
[2022-10-17T15:23:26.124+0000] {processor.py:758} INFO - Processing file /opt/airflow/dags/DAG_museos.py for tasks to queue
[2022-10-17T15:23:26.126+0000] {logging_mixin.py:117} INFO - [2022-10-17T15:23:26.126+0000] {dagbag.py:525} INFO - Filling up the DagBag from /opt/airflow/dags/DAG_museos.py
[2022-10-17T15:23:26.400+0000] {processor.py:768} INFO - DAG(s) dict_keys(['DAG_museos']) retrieved from /opt/airflow/dags/DAG_museos.py
[2022-10-17T15:23:26.427+0000] {logging_mixin.py:117} INFO - [2022-10-17T15:23:26.427+0000] {dag.py:2573} INFO - Sync 1 DAGs
[2022-10-17T15:23:26.453+0000] {logging_mixin.py:117} INFO - [2022-10-17T15:23:26.452+0000] {dag.py:3328} INFO - Setting next_dagrun for DAG_museos to 2022-11-01T00:00:00+00:00, run_after=2022-12-01T00:00:00+00:00
[2022-10-17T15:23:26.478+0000] {processor.py:178} INFO - Processing /opt/airflow/dags/DAG_museos.py took 0.359 seconds
[2022-10-17T15:23:56.780+0000] {processor.py:156} INFO - Started process (PID=131) to work on /opt/airflow/dags/DAG_museos.py
[2022-10-17T15:23:56.782+0000] {processor.py:758} INFO - Processing file /opt/airflow/dags/DAG_museos.py for tasks to queue
[2022-10-17T15:23:56.784+0000] {logging_mixin.py:117} INFO - [2022-10-17T15:23:56.784+0000] {dagbag.py:525} INFO - Filling up the DagBag from /opt/airflow/dags/DAG_museos.py
[2022-10-17T15:23:57.066+0000] {processor.py:768} INFO - DAG(s) dict_keys(['DAG_museos']) retrieved from /opt/airflow/dags/DAG_museos.py
[2022-10-17T15:23:57.098+0000] {logging_mixin.py:117} INFO - [2022-10-17T15:23:57.098+0000] {dag.py:2573} INFO - Sync 1 DAGs
[2022-10-17T15:23:57.115+0000] {logging_mixin.py:117} INFO - [2022-10-17T15:23:57.115+0000] {dag.py:3328} INFO - Setting next_dagrun for DAG_museos to 2022-11-01T00:00:00+00:00, run_after=2022-12-01T00:00:00+00:00
[2022-10-17T15:23:57.127+0000] {processor.py:178} INFO - Processing /opt/airflow/dags/DAG_museos.py took 0.352 seconds
[2022-10-17T15:24:27.385+0000] {processor.py:156} INFO - Started process (PID=164) to work on /opt/airflow/dags/DAG_museos.py
[2022-10-17T15:24:27.388+0000] {processor.py:758} INFO - Processing file /opt/airflow/dags/DAG_museos.py for tasks to queue
[2022-10-17T15:24:27.390+0000] {logging_mixin.py:117} INFO - [2022-10-17T15:24:27.390+0000] {dagbag.py:525} INFO - Filling up the DagBag from /opt/airflow/dags/DAG_museos.py
[2022-10-17T15:24:27.655+0000] {processor.py:768} INFO - DAG(s) dict_keys(['DAG_museos']) retrieved from /opt/airflow/dags/DAG_museos.py
[2022-10-17T15:24:27.684+0000] {logging_mixin.py:117} INFO - [2022-10-17T15:24:27.684+0000] {dag.py:2573} INFO - Sync 1 DAGs
[2022-10-17T15:24:27.705+0000] {logging_mixin.py:117} INFO - [2022-10-17T15:24:27.705+0000] {dag.py:3328} INFO - Setting next_dagrun for DAG_museos to 2022-11-01T00:00:00+00:00, run_after=2022-12-01T00:00:00+00:00
[2022-10-17T15:24:27.719+0000] {processor.py:178} INFO - Processing /opt/airflow/dags/DAG_museos.py took 0.338 seconds
[2022-10-17T15:24:58.075+0000] {processor.py:156} INFO - Started process (PID=197) to work on /opt/airflow/dags/DAG_museos.py
[2022-10-17T15:24:58.078+0000] {processor.py:758} INFO - Processing file /opt/airflow/dags/DAG_museos.py for tasks to queue
[2022-10-17T15:24:58.079+0000] {logging_mixin.py:117} INFO - [2022-10-17T15:24:58.079+0000] {dagbag.py:525} INFO - Filling up the DagBag from /opt/airflow/dags/DAG_museos.py
[2022-10-17T15:24:58.314+0000] {processor.py:768} INFO - DAG(s) dict_keys(['DAG_museos']) retrieved from /opt/airflow/dags/DAG_museos.py
[2022-10-17T15:24:58.335+0000] {logging_mixin.py:117} INFO - [2022-10-17T15:24:58.335+0000] {dag.py:2573} INFO - Sync 1 DAGs
[2022-10-17T15:24:58.353+0000] {logging_mixin.py:117} INFO - [2022-10-17T15:24:58.353+0000] {dag.py:3328} INFO - Setting next_dagrun for DAG_museos to 2022-11-01T00:00:00+00:00, run_after=2022-12-01T00:00:00+00:00
[2022-10-17T15:24:58.367+0000] {processor.py:178} INFO - Processing /opt/airflow/dags/DAG_museos.py took 0.296 seconds
[2022-10-17T15:25:28.701+0000] {processor.py:156} INFO - Started process (PID=230) to work on /opt/airflow/dags/DAG_museos.py
[2022-10-17T15:25:28.704+0000] {processor.py:758} INFO - Processing file /opt/airflow/dags/DAG_museos.py for tasks to queue
[2022-10-17T15:25:28.706+0000] {logging_mixin.py:117} INFO - [2022-10-17T15:25:28.706+0000] {dagbag.py:525} INFO - Filling up the DagBag from /opt/airflow/dags/DAG_museos.py
[2022-10-17T15:25:28.953+0000] {processor.py:768} INFO - DAG(s) dict_keys(['DAG_museos']) retrieved from /opt/airflow/dags/DAG_museos.py
[2022-10-17T15:25:28.980+0000] {logging_mixin.py:117} INFO - [2022-10-17T15:25:28.980+0000] {dag.py:2573} INFO - Sync 1 DAGs
[2022-10-17T15:25:29.003+0000] {logging_mixin.py:117} INFO - [2022-10-17T15:25:29.003+0000] {dag.py:3328} INFO - Setting next_dagrun for DAG_museos to 2022-11-01T00:00:00+00:00, run_after=2022-12-01T00:00:00+00:00
[2022-10-17T15:25:29.016+0000] {processor.py:178} INFO - Processing /opt/airflow/dags/DAG_museos.py took 0.320 seconds
[2022-10-17T15:25:59.293+0000] {processor.py:156} INFO - Started process (PID=263) to work on /opt/airflow/dags/DAG_museos.py
[2022-10-17T15:25:59.295+0000] {processor.py:758} INFO - Processing file /opt/airflow/dags/DAG_museos.py for tasks to queue
[2022-10-17T15:25:59.296+0000] {logging_mixin.py:117} INFO - [2022-10-17T15:25:59.296+0000] {dagbag.py:525} INFO - Filling up the DagBag from /opt/airflow/dags/DAG_museos.py
[2022-10-17T15:25:59.596+0000] {processor.py:768} INFO - DAG(s) dict_keys(['DAG_museos']) retrieved from /opt/airflow/dags/DAG_museos.py
[2022-10-17T15:25:59.632+0000] {logging_mixin.py:117} INFO - [2022-10-17T15:25:59.632+0000] {dag.py:2573} INFO - Sync 1 DAGs
[2022-10-17T15:25:59.653+0000] {logging_mixin.py:117} INFO - [2022-10-17T15:25:59.653+0000] {dag.py:3328} INFO - Setting next_dagrun for DAG_museos to 2022-11-01T00:00:00+00:00, run_after=2022-12-01T00:00:00+00:00
[2022-10-17T15:25:59.666+0000] {processor.py:178} INFO - Processing /opt/airflow/dags/DAG_museos.py took 0.379 seconds
[2022-10-17T15:26:30.019+0000] {processor.py:156} INFO - Started process (PID=295) to work on /opt/airflow/dags/DAG_museos.py
[2022-10-17T15:26:30.022+0000] {processor.py:758} INFO - Processing file /opt/airflow/dags/DAG_museos.py for tasks to queue
[2022-10-17T15:26:30.025+0000] {logging_mixin.py:117} INFO - [2022-10-17T15:26:30.025+0000] {dagbag.py:525} INFO - Filling up the DagBag from /opt/airflow/dags/DAG_museos.py
[2022-10-17T15:26:30.307+0000] {processor.py:768} INFO - DAG(s) dict_keys(['DAG_museos']) retrieved from /opt/airflow/dags/DAG_museos.py
[2022-10-17T15:26:30.333+0000] {logging_mixin.py:117} INFO - [2022-10-17T15:26:30.333+0000] {dag.py:2573} INFO - Sync 1 DAGs
[2022-10-17T15:26:30.358+0000] {logging_mixin.py:117} INFO - [2022-10-17T15:26:30.358+0000] {dag.py:3328} INFO - Setting next_dagrun for DAG_museos to 2022-11-01T00:00:00+00:00, run_after=2022-12-01T00:00:00+00:00
[2022-10-17T15:26:30.373+0000] {processor.py:178} INFO - Processing /opt/airflow/dags/DAG_museos.py took 0.361 seconds
[2022-10-17T15:27:00.653+0000] {processor.py:156} INFO - Started process (PID=328) to work on /opt/airflow/dags/DAG_museos.py
[2022-10-17T15:27:00.655+0000] {processor.py:758} INFO - Processing file /opt/airflow/dags/DAG_museos.py for tasks to queue
[2022-10-17T15:27:00.657+0000] {logging_mixin.py:117} INFO - [2022-10-17T15:27:00.657+0000] {dagbag.py:525} INFO - Filling up the DagBag from /opt/airflow/dags/DAG_museos.py
[2022-10-17T15:27:00.885+0000] {processor.py:768} INFO - DAG(s) dict_keys(['DAG_museos']) retrieved from /opt/airflow/dags/DAG_museos.py
[2022-10-17T15:27:00.908+0000] {logging_mixin.py:117} INFO - [2022-10-17T15:27:00.908+0000] {dag.py:2573} INFO - Sync 1 DAGs
[2022-10-17T15:27:00.928+0000] {logging_mixin.py:117} INFO - [2022-10-17T15:27:00.928+0000] {dag.py:3328} INFO - Setting next_dagrun for DAG_museos to 2022-11-01T00:00:00+00:00, run_after=2022-12-01T00:00:00+00:00
[2022-10-17T15:27:00.941+0000] {processor.py:178} INFO - Processing /opt/airflow/dags/DAG_museos.py took 0.292 seconds
[2022-10-17T15:27:31.227+0000] {processor.py:156} INFO - Started process (PID=352) to work on /opt/airflow/dags/DAG_museos.py
[2022-10-17T15:27:31.230+0000] {processor.py:758} INFO - Processing file /opt/airflow/dags/DAG_museos.py for tasks to queue
[2022-10-17T15:27:31.232+0000] {logging_mixin.py:117} INFO - [2022-10-17T15:27:31.232+0000] {dagbag.py:525} INFO - Filling up the DagBag from /opt/airflow/dags/DAG_museos.py
[2022-10-17T15:27:31.520+0000] {processor.py:768} INFO - DAG(s) dict_keys(['DAG_museos']) retrieved from /opt/airflow/dags/DAG_museos.py
[2022-10-17T15:27:31.554+0000] {logging_mixin.py:117} INFO - [2022-10-17T15:27:31.554+0000] {dag.py:2573} INFO - Sync 1 DAGs
[2022-10-17T15:27:31.573+0000] {logging_mixin.py:117} INFO - [2022-10-17T15:27:31.573+0000] {dag.py:3328} INFO - Setting next_dagrun for DAG_museos to 2022-11-01T00:00:00+00:00, run_after=2022-12-01T00:00:00+00:00
[2022-10-17T15:27:31.590+0000] {processor.py:178} INFO - Processing /opt/airflow/dags/DAG_museos.py took 0.367 seconds
[2022-10-17T15:28:01.944+0000] {processor.py:156} INFO - Started process (PID=385) to work on /opt/airflow/dags/DAG_museos.py
[2022-10-17T15:28:01.946+0000] {processor.py:758} INFO - Processing file /opt/airflow/dags/DAG_museos.py for tasks to queue
[2022-10-17T15:28:01.949+0000] {logging_mixin.py:117} INFO - [2022-10-17T15:28:01.948+0000] {dagbag.py:525} INFO - Filling up the DagBag from /opt/airflow/dags/DAG_museos.py
[2022-10-17T15:28:02.202+0000] {processor.py:768} INFO - DAG(s) dict_keys(['DAG_museos']) retrieved from /opt/airflow/dags/DAG_museos.py
[2022-10-17T15:28:02.230+0000] {logging_mixin.py:117} INFO - [2022-10-17T15:28:02.230+0000] {dag.py:2573} INFO - Sync 1 DAGs
[2022-10-17T15:28:02.253+0000] {logging_mixin.py:117} INFO - [2022-10-17T15:28:02.253+0000] {dag.py:3328} INFO - Setting next_dagrun for DAG_museos to 2022-11-01T00:00:00+00:00, run_after=2022-12-01T00:00:00+00:00
[2022-10-17T15:28:02.266+0000] {processor.py:178} INFO - Processing /opt/airflow/dags/DAG_museos.py took 0.327 seconds
[2022-10-17T15:28:32.674+0000] {processor.py:156} INFO - Started process (PID=417) to work on /opt/airflow/dags/DAG_museos.py
[2022-10-17T15:28:32.677+0000] {processor.py:758} INFO - Processing file /opt/airflow/dags/DAG_museos.py for tasks to queue
[2022-10-17T15:28:32.684+0000] {logging_mixin.py:117} INFO - [2022-10-17T15:28:32.684+0000] {dagbag.py:525} INFO - Filling up the DagBag from /opt/airflow/dags/DAG_museos.py
[2022-10-17T15:29:19.159+0000] {processor.py:156} INFO - Started process (PID=36) to work on /opt/airflow/dags/DAG_museos.py
[2022-10-17T15:29:19.161+0000] {processor.py:758} INFO - Processing file /opt/airflow/dags/DAG_museos.py for tasks to queue
[2022-10-17T15:29:19.163+0000] {logging_mixin.py:117} INFO - [2022-10-17T15:29:19.163+0000] {dagbag.py:525} INFO - Filling up the DagBag from /opt/airflow/dags/DAG_museos.py
[2022-10-17T15:29:20.069+0000] {processor.py:768} INFO - DAG(s) dict_keys(['DAG_museos']) retrieved from /opt/airflow/dags/DAG_museos.py
[2022-10-17T15:29:20.155+0000] {logging_mixin.py:117} INFO - [2022-10-17T15:29:20.154+0000] {dag.py:2573} INFO - Sync 1 DAGs
[2022-10-17T15:29:20.185+0000] {logging_mixin.py:117} INFO - [2022-10-17T15:29:20.184+0000] {dag.py:3328} INFO - Setting next_dagrun for DAG_museos to 2022-11-01T00:00:00+00:00, run_after=2022-12-01T00:00:00+00:00
[2022-10-17T15:29:20.220+0000] {processor.py:178} INFO - Processing /opt/airflow/dags/DAG_museos.py took 1.063 seconds
[2022-10-17T15:29:23.343+0000] {processor.py:156} INFO - Started process (PID=48) to work on /opt/airflow/dags/DAG_museos.py
[2022-10-17T15:29:23.352+0000] {processor.py:758} INFO - Processing file /opt/airflow/dags/DAG_museos.py for tasks to queue
[2022-10-17T15:29:23.354+0000] {logging_mixin.py:117} INFO - [2022-10-17T15:29:23.353+0000] {dagbag.py:525} INFO - Filling up the DagBag from /opt/airflow/dags/DAG_museos.py
[2022-10-17T15:29:24.157+0000] {processor.py:768} INFO - DAG(s) dict_keys(['DAG_museos']) retrieved from /opt/airflow/dags/DAG_museos.py
[2022-10-17T15:29:24.219+0000] {logging_mixin.py:117} INFO - [2022-10-17T15:29:24.219+0000] {dag.py:2573} INFO - Sync 1 DAGs
[2022-10-17T15:29:24.313+0000] {logging_mixin.py:117} INFO - [2022-10-17T15:29:24.310+0000] {dag.py:3328} INFO - Setting next_dagrun for DAG_museos to 2022-11-01T00:00:00+00:00, run_after=2022-12-01T00:00:00+00:00
[2022-10-17T15:29:24.410+0000] {processor.py:178} INFO - Processing /opt/airflow/dags/DAG_museos.py took 1.085 seconds
[2022-10-17T15:29:54.517+0000] {processor.py:156} INFO - Started process (PID=74) to work on /opt/airflow/dags/DAG_museos.py
[2022-10-17T15:29:54.519+0000] {processor.py:758} INFO - Processing file /opt/airflow/dags/DAG_museos.py for tasks to queue
[2022-10-17T15:29:54.521+0000] {logging_mixin.py:117} INFO - [2022-10-17T15:29:54.520+0000] {dagbag.py:525} INFO - Filling up the DagBag from /opt/airflow/dags/DAG_museos.py
[2022-10-17T15:29:54.791+0000] {processor.py:768} INFO - DAG(s) dict_keys(['DAG_museos']) retrieved from /opt/airflow/dags/DAG_museos.py
[2022-10-17T15:29:54.816+0000] {logging_mixin.py:117} INFO - [2022-10-17T15:29:54.815+0000] {dag.py:2573} INFO - Sync 1 DAGs
[2022-10-17T15:29:54.832+0000] {logging_mixin.py:117} INFO - [2022-10-17T15:29:54.832+0000] {dag.py:3328} INFO - Setting next_dagrun for DAG_museos to 2022-11-01T00:00:00+00:00, run_after=2022-12-01T00:00:00+00:00
[2022-10-17T15:29:54.845+0000] {processor.py:178} INFO - Processing /opt/airflow/dags/DAG_museos.py took 0.332 seconds
