[2022-10-17T14:24:42.596+0000] {processor.py:156} INFO - Started process (PID=35) to work on /opt/airflow/dags/DAG_biblioteca.py
[2022-10-17T14:24:42.599+0000] {processor.py:758} INFO - Processing file /opt/airflow/dags/DAG_biblioteca.py for tasks to queue
[2022-10-17T14:24:42.600+0000] {logging_mixin.py:117} INFO - [2022-10-17T14:24:42.600+0000] {dagbag.py:525} INFO - Filling up the DagBag from /opt/airflow/dags/DAG_biblioteca.py
[2022-10-17T14:24:43.606+0000] {processor.py:768} INFO - DAG(s) dict_keys(['DAG_biblioteca']) retrieved from /opt/airflow/dags/DAG_biblioteca.py
[2022-10-17T14:24:43.782+0000] {logging_mixin.py:117} INFO - [2022-10-17T14:24:43.781+0000] {manager.py:508} INFO - Created Permission View: can delete on DAG:DAG_biblioteca
[2022-10-17T14:24:43.793+0000] {logging_mixin.py:117} INFO - [2022-10-17T14:24:43.793+0000] {manager.py:508} INFO - Created Permission View: can edit on DAG:DAG_biblioteca
[2022-10-17T14:24:43.808+0000] {logging_mixin.py:117} INFO - [2022-10-17T14:24:43.808+0000] {manager.py:508} INFO - Created Permission View: can read on DAG:DAG_biblioteca
[2022-10-17T14:24:43.809+0000] {logging_mixin.py:117} INFO - [2022-10-17T14:24:43.809+0000] {dag.py:2573} INFO - Sync 1 DAGs
[2022-10-17T14:24:43.822+0000] {logging_mixin.py:117} INFO - [2022-10-17T14:24:43.822+0000] {dag.py:2594} INFO - Creating ORM DAG for DAG_biblioteca
[2022-10-17T14:24:43.836+0000] {logging_mixin.py:117} INFO - [2022-10-17T14:24:43.835+0000] {dag.py:3328} INFO - Setting next_dagrun for DAG_biblioteca to 2022-11-01T00:00:00+00:00, run_after=2022-12-01T00:00:00+00:00
[2022-10-17T14:24:43.859+0000] {processor.py:178} INFO - Processing /opt/airflow/dags/DAG_biblioteca.py took 1.267 seconds
[2022-10-17T14:24:48.105+0000] {processor.py:156} INFO - Started process (PID=54) to work on /opt/airflow/dags/DAG_biblioteca.py
[2022-10-17T14:24:48.108+0000] {processor.py:758} INFO - Processing file /opt/airflow/dags/DAG_biblioteca.py for tasks to queue
[2022-10-17T14:24:48.109+0000] {logging_mixin.py:117} INFO - [2022-10-17T14:24:48.109+0000] {dagbag.py:525} INFO - Filling up the DagBag from /opt/airflow/dags/DAG_biblioteca.py
[2022-10-17T14:24:48.376+0000] {processor.py:768} INFO - DAG(s) dict_keys(['DAG_biblioteca']) retrieved from /opt/airflow/dags/DAG_biblioteca.py
[2022-10-17T14:24:48.390+0000] {logging_mixin.py:117} INFO - [2022-10-17T14:24:48.389+0000] {dag.py:2573} INFO - Sync 1 DAGs
[2022-10-17T14:24:48.417+0000] {logging_mixin.py:117} INFO - [2022-10-17T14:24:48.417+0000] {dag.py:3328} INFO - Setting next_dagrun for DAG_biblioteca to 2022-11-01T00:00:00+00:00, run_after=2022-12-01T00:00:00+00:00
[2022-10-17T14:24:48.441+0000] {processor.py:178} INFO - Processing /opt/airflow/dags/DAG_biblioteca.py took 0.339 seconds
[2022-10-17T14:25:05.749+0000] {processor.py:156} INFO - Started process (PID=69) to work on /opt/airflow/dags/DAG_biblioteca.py
[2022-10-17T14:25:05.751+0000] {processor.py:758} INFO - Processing file /opt/airflow/dags/DAG_biblioteca.py for tasks to queue
[2022-10-17T14:25:05.752+0000] {logging_mixin.py:117} INFO - [2022-10-17T14:25:05.752+0000] {dagbag.py:525} INFO - Filling up the DagBag from /opt/airflow/dags/DAG_biblioteca.py
[2022-10-17T14:25:05.944+0000] {processor.py:768} INFO - DAG(s) dict_keys(['DAG_biblioteca']) retrieved from /opt/airflow/dags/DAG_biblioteca.py
[2022-10-17T14:25:05.957+0000] {logging_mixin.py:117} INFO - [2022-10-17T14:25:05.956+0000] {dag.py:2573} INFO - Sync 1 DAGs
[2022-10-17T14:25:05.975+0000] {logging_mixin.py:117} INFO - [2022-10-17T14:25:05.975+0000] {dag.py:3328} INFO - Setting next_dagrun for DAG_biblioteca to 2022-11-01T00:00:00+00:00, run_after=2022-12-01T00:00:00+00:00
[2022-10-17T14:25:05.990+0000] {processor.py:178} INFO - Processing /opt/airflow/dags/DAG_biblioteca.py took 0.243 seconds
[2022-10-17T14:25:09.723+0000] {processor.py:156} INFO - Started process (PID=84) to work on /opt/airflow/dags/DAG_biblioteca.py
[2022-10-17T14:25:09.727+0000] {processor.py:758} INFO - Processing file /opt/airflow/dags/DAG_biblioteca.py for tasks to queue
[2022-10-17T14:25:09.729+0000] {logging_mixin.py:117} INFO - [2022-10-17T14:25:09.729+0000] {dagbag.py:525} INFO - Filling up the DagBag from /opt/airflow/dags/DAG_biblioteca.py
[2022-10-17T14:25:10.035+0000] {processor.py:768} INFO - DAG(s) dict_keys(['DAG_biblioteca']) retrieved from /opt/airflow/dags/DAG_biblioteca.py
[2022-10-17T14:25:10.048+0000] {logging_mixin.py:117} INFO - [2022-10-17T14:25:10.048+0000] {dag.py:2573} INFO - Sync 1 DAGs
[2022-10-17T14:25:10.067+0000] {logging_mixin.py:117} INFO - [2022-10-17T14:25:10.067+0000] {dag.py:3328} INFO - Setting next_dagrun for DAG_biblioteca to 2022-11-01T00:00:00+00:00, run_after=2022-12-01T00:00:00+00:00
[2022-10-17T14:25:10.088+0000] {processor.py:178} INFO - Processing /opt/airflow/dags/DAG_biblioteca.py took 0.367 seconds
[2022-10-17T14:25:21.708+0000] {processor.py:156} INFO - Started process (PID=102) to work on /opt/airflow/dags/DAG_biblioteca.py
[2022-10-17T14:25:21.710+0000] {processor.py:758} INFO - Processing file /opt/airflow/dags/DAG_biblioteca.py for tasks to queue
[2022-10-17T14:25:21.711+0000] {logging_mixin.py:117} INFO - [2022-10-17T14:25:21.711+0000] {dagbag.py:525} INFO - Filling up the DagBag from /opt/airflow/dags/DAG_biblioteca.py
[2022-10-17T14:25:21.890+0000] {processor.py:768} INFO - DAG(s) dict_keys(['DAG_biblioteca']) retrieved from /opt/airflow/dags/DAG_biblioteca.py
[2022-10-17T14:25:21.907+0000] {logging_mixin.py:117} INFO - [2022-10-17T14:25:21.907+0000] {dag.py:2573} INFO - Sync 1 DAGs
[2022-10-17T14:25:21.921+0000] {logging_mixin.py:117} INFO - [2022-10-17T14:25:21.921+0000] {dag.py:3328} INFO - Setting next_dagrun for DAG_biblioteca to 2022-11-01T00:00:00+00:00, run_after=2022-12-01T00:00:00+00:00
[2022-10-17T14:25:21.933+0000] {processor.py:178} INFO - Processing /opt/airflow/dags/DAG_biblioteca.py took 0.227 seconds
[2022-10-17T14:25:24.354+0000] {processor.py:156} INFO - Started process (PID=108) to work on /opt/airflow/dags/DAG_biblioteca.py
[2022-10-17T14:25:24.356+0000] {processor.py:758} INFO - Processing file /opt/airflow/dags/DAG_biblioteca.py for tasks to queue
[2022-10-17T14:25:24.358+0000] {logging_mixin.py:117} INFO - [2022-10-17T14:25:24.358+0000] {dagbag.py:525} INFO - Filling up the DagBag from /opt/airflow/dags/DAG_biblioteca.py
[2022-10-17T14:25:24.640+0000] {processor.py:768} INFO - DAG(s) dict_keys(['DAG_biblioteca']) retrieved from /opt/airflow/dags/DAG_biblioteca.py
[2022-10-17T14:25:24.658+0000] {logging_mixin.py:117} INFO - [2022-10-17T14:25:24.658+0000] {dag.py:2573} INFO - Sync 1 DAGs
[2022-10-17T14:25:24.673+0000] {logging_mixin.py:117} INFO - [2022-10-17T14:25:24.673+0000] {dag.py:3328} INFO - Setting next_dagrun for DAG_biblioteca to 2022-11-01T00:00:00+00:00, run_after=2022-12-01T00:00:00+00:00
[2022-10-17T14:25:24.685+0000] {processor.py:178} INFO - Processing /opt/airflow/dags/DAG_biblioteca.py took 0.334 seconds
[2022-10-17T14:25:55.127+0000] {processor.py:156} INFO - Started process (PID=141) to work on /opt/airflow/dags/DAG_biblioteca.py
[2022-10-17T14:25:55.129+0000] {processor.py:758} INFO - Processing file /opt/airflow/dags/DAG_biblioteca.py for tasks to queue
[2022-10-17T14:25:55.130+0000] {logging_mixin.py:117} INFO - [2022-10-17T14:25:55.130+0000] {dagbag.py:525} INFO - Filling up the DagBag from /opt/airflow/dags/DAG_biblioteca.py
[2022-10-17T14:25:55.373+0000] {processor.py:768} INFO - DAG(s) dict_keys(['DAG_biblioteca']) retrieved from /opt/airflow/dags/DAG_biblioteca.py
[2022-10-17T14:25:55.396+0000] {logging_mixin.py:117} INFO - [2022-10-17T14:25:55.396+0000] {dag.py:2573} INFO - Sync 1 DAGs
[2022-10-17T14:25:55.413+0000] {logging_mixin.py:117} INFO - [2022-10-17T14:25:55.413+0000] {dag.py:3328} INFO - Setting next_dagrun for DAG_biblioteca to 2022-11-01T00:00:00+00:00, run_after=2022-12-01T00:00:00+00:00
[2022-10-17T14:25:55.424+0000] {processor.py:178} INFO - Processing /opt/airflow/dags/DAG_biblioteca.py took 0.299 seconds
[2022-10-17T14:26:26.111+0000] {processor.py:156} INFO - Started process (PID=174) to work on /opt/airflow/dags/DAG_biblioteca.py
[2022-10-17T14:26:26.113+0000] {processor.py:758} INFO - Processing file /opt/airflow/dags/DAG_biblioteca.py for tasks to queue
[2022-10-17T14:26:26.115+0000] {logging_mixin.py:117} INFO - [2022-10-17T14:26:26.115+0000] {dagbag.py:525} INFO - Filling up the DagBag from /opt/airflow/dags/DAG_biblioteca.py
[2022-10-17T14:26:26.312+0000] {processor.py:768} INFO - DAG(s) dict_keys(['DAG_biblioteca']) retrieved from /opt/airflow/dags/DAG_biblioteca.py
[2022-10-17T14:26:26.330+0000] {logging_mixin.py:117} INFO - [2022-10-17T14:26:26.330+0000] {dag.py:2573} INFO - Sync 1 DAGs
[2022-10-17T14:26:26.345+0000] {logging_mixin.py:117} INFO - [2022-10-17T14:26:26.345+0000] {dag.py:3328} INFO - Setting next_dagrun for DAG_biblioteca to 2022-11-01T00:00:00+00:00, run_after=2022-12-01T00:00:00+00:00
[2022-10-17T14:26:26.357+0000] {processor.py:178} INFO - Processing /opt/airflow/dags/DAG_biblioteca.py took 0.249 seconds
[2022-10-17T14:26:56.777+0000] {processor.py:156} INFO - Started process (PID=199) to work on /opt/airflow/dags/DAG_biblioteca.py
[2022-10-17T14:26:56.780+0000] {processor.py:758} INFO - Processing file /opt/airflow/dags/DAG_biblioteca.py for tasks to queue
[2022-10-17T14:26:56.782+0000] {logging_mixin.py:117} INFO - [2022-10-17T14:26:56.782+0000] {dagbag.py:525} INFO - Filling up the DagBag from /opt/airflow/dags/DAG_biblioteca.py
[2022-10-17T14:26:56.971+0000] {processor.py:768} INFO - DAG(s) dict_keys(['DAG_biblioteca']) retrieved from /opt/airflow/dags/DAG_biblioteca.py
[2022-10-17T14:26:56.991+0000] {logging_mixin.py:117} INFO - [2022-10-17T14:26:56.990+0000] {dag.py:2573} INFO - Sync 1 DAGs
[2022-10-17T14:26:57.007+0000] {logging_mixin.py:117} INFO - [2022-10-17T14:26:57.007+0000] {dag.py:3328} INFO - Setting next_dagrun for DAG_biblioteca to 2022-11-01T00:00:00+00:00, run_after=2022-12-01T00:00:00+00:00
[2022-10-17T14:26:57.020+0000] {processor.py:178} INFO - Processing /opt/airflow/dags/DAG_biblioteca.py took 0.247 seconds
[2022-10-17T14:27:27.350+0000] {processor.py:156} INFO - Started process (PID=231) to work on /opt/airflow/dags/DAG_biblioteca.py
[2022-10-17T14:27:27.352+0000] {processor.py:758} INFO - Processing file /opt/airflow/dags/DAG_biblioteca.py for tasks to queue
[2022-10-17T14:27:27.354+0000] {logging_mixin.py:117} INFO - [2022-10-17T14:27:27.354+0000] {dagbag.py:525} INFO - Filling up the DagBag from /opt/airflow/dags/DAG_biblioteca.py
[2022-10-17T14:27:27.589+0000] {processor.py:768} INFO - DAG(s) dict_keys(['DAG_biblioteca']) retrieved from /opt/airflow/dags/DAG_biblioteca.py
[2022-10-17T14:27:27.613+0000] {logging_mixin.py:117} INFO - [2022-10-17T14:27:27.613+0000] {dag.py:2573} INFO - Sync 1 DAGs
[2022-10-17T14:27:27.634+0000] {logging_mixin.py:117} INFO - [2022-10-17T14:27:27.634+0000] {dag.py:3328} INFO - Setting next_dagrun for DAG_biblioteca to 2022-11-01T00:00:00+00:00, run_after=2022-12-01T00:00:00+00:00
[2022-10-17T14:27:27.647+0000] {processor.py:178} INFO - Processing /opt/airflow/dags/DAG_biblioteca.py took 0.301 seconds
[2022-10-17T14:27:57.976+0000] {processor.py:156} INFO - Started process (PID=263) to work on /opt/airflow/dags/DAG_biblioteca.py
[2022-10-17T14:27:57.979+0000] {processor.py:758} INFO - Processing file /opt/airflow/dags/DAG_biblioteca.py for tasks to queue
[2022-10-17T14:27:57.981+0000] {logging_mixin.py:117} INFO - [2022-10-17T14:27:57.981+0000] {dagbag.py:525} INFO - Filling up the DagBag from /opt/airflow/dags/DAG_biblioteca.py
[2022-10-17T14:27:58.211+0000] {processor.py:768} INFO - DAG(s) dict_keys(['DAG_biblioteca']) retrieved from /opt/airflow/dags/DAG_biblioteca.py
[2022-10-17T14:27:58.238+0000] {logging_mixin.py:117} INFO - [2022-10-17T14:27:58.238+0000] {dag.py:2573} INFO - Sync 1 DAGs
[2022-10-17T14:27:58.257+0000] {logging_mixin.py:117} INFO - [2022-10-17T14:27:58.257+0000] {dag.py:3328} INFO - Setting next_dagrun for DAG_biblioteca to 2022-11-01T00:00:00+00:00, run_after=2022-12-01T00:00:00+00:00
[2022-10-17T14:27:58.269+0000] {processor.py:178} INFO - Processing /opt/airflow/dags/DAG_biblioteca.py took 0.296 seconds
[2022-10-17T14:28:28.795+0000] {processor.py:156} INFO - Started process (PID=306) to work on /opt/airflow/dags/DAG_biblioteca.py
[2022-10-17T14:28:28.799+0000] {processor.py:758} INFO - Processing file /opt/airflow/dags/DAG_biblioteca.py for tasks to queue
[2022-10-17T14:28:28.800+0000] {logging_mixin.py:117} INFO - [2022-10-17T14:28:28.800+0000] {dagbag.py:525} INFO - Filling up the DagBag from /opt/airflow/dags/DAG_biblioteca.py
[2022-10-17T14:28:28.982+0000] {processor.py:768} INFO - DAG(s) dict_keys(['DAG_biblioteca']) retrieved from /opt/airflow/dags/DAG_biblioteca.py
[2022-10-17T14:28:29.004+0000] {logging_mixin.py:117} INFO - [2022-10-17T14:28:29.004+0000] {dag.py:2573} INFO - Sync 1 DAGs
[2022-10-17T14:28:29.022+0000] {logging_mixin.py:117} INFO - [2022-10-17T14:28:29.022+0000] {dag.py:3328} INFO - Setting next_dagrun for DAG_biblioteca to 2022-11-01T00:00:00+00:00, run_after=2022-12-01T00:00:00+00:00
[2022-10-17T14:28:29.034+0000] {processor.py:178} INFO - Processing /opt/airflow/dags/DAG_biblioteca.py took 0.244 seconds
[2022-10-17T14:28:59.387+0000] {processor.py:156} INFO - Started process (PID=339) to work on /opt/airflow/dags/DAG_biblioteca.py
[2022-10-17T14:28:59.389+0000] {processor.py:758} INFO - Processing file /opt/airflow/dags/DAG_biblioteca.py for tasks to queue
[2022-10-17T14:28:59.390+0000] {logging_mixin.py:117} INFO - [2022-10-17T14:28:59.390+0000] {dagbag.py:525} INFO - Filling up the DagBag from /opt/airflow/dags/DAG_biblioteca.py
[2022-10-17T14:28:59.561+0000] {processor.py:768} INFO - DAG(s) dict_keys(['DAG_biblioteca']) retrieved from /opt/airflow/dags/DAG_biblioteca.py
[2022-10-17T14:28:59.581+0000] {logging_mixin.py:117} INFO - [2022-10-17T14:28:59.581+0000] {dag.py:2573} INFO - Sync 1 DAGs
[2022-10-17T14:28:59.598+0000] {logging_mixin.py:117} INFO - [2022-10-17T14:28:59.598+0000] {dag.py:3328} INFO - Setting next_dagrun for DAG_biblioteca to 2022-11-01T00:00:00+00:00, run_after=2022-12-01T00:00:00+00:00
[2022-10-17T14:28:59.609+0000] {processor.py:178} INFO - Processing /opt/airflow/dags/DAG_biblioteca.py took 0.225 seconds
[2022-10-17T14:29:29.892+0000] {processor.py:156} INFO - Started process (PID=371) to work on /opt/airflow/dags/DAG_biblioteca.py
[2022-10-17T14:29:29.895+0000] {processor.py:758} INFO - Processing file /opt/airflow/dags/DAG_biblioteca.py for tasks to queue
[2022-10-17T14:29:29.897+0000] {logging_mixin.py:117} INFO - [2022-10-17T14:29:29.897+0000] {dagbag.py:525} INFO - Filling up the DagBag from /opt/airflow/dags/DAG_biblioteca.py
[2022-10-17T14:29:30.140+0000] {processor.py:768} INFO - DAG(s) dict_keys(['DAG_biblioteca']) retrieved from /opt/airflow/dags/DAG_biblioteca.py
[2022-10-17T14:29:30.169+0000] {logging_mixin.py:117} INFO - [2022-10-17T14:29:30.168+0000] {dag.py:2573} INFO - Sync 1 DAGs
[2022-10-17T14:29:30.190+0000] {logging_mixin.py:117} INFO - [2022-10-17T14:29:30.190+0000] {dag.py:3328} INFO - Setting next_dagrun for DAG_biblioteca to 2022-11-01T00:00:00+00:00, run_after=2022-12-01T00:00:00+00:00
[2022-10-17T14:29:30.203+0000] {processor.py:178} INFO - Processing /opt/airflow/dags/DAG_biblioteca.py took 0.314 seconds
[2022-10-17T14:30:00.522+0000] {processor.py:156} INFO - Started process (PID=395) to work on /opt/airflow/dags/DAG_biblioteca.py
[2022-10-17T14:30:00.524+0000] {processor.py:758} INFO - Processing file /opt/airflow/dags/DAG_biblioteca.py for tasks to queue
[2022-10-17T14:30:00.526+0000] {logging_mixin.py:117} INFO - [2022-10-17T14:30:00.526+0000] {dagbag.py:525} INFO - Filling up the DagBag from /opt/airflow/dags/DAG_biblioteca.py
[2022-10-17T14:30:00.708+0000] {processor.py:768} INFO - DAG(s) dict_keys(['DAG_biblioteca']) retrieved from /opt/airflow/dags/DAG_biblioteca.py
[2022-10-17T14:30:00.726+0000] {logging_mixin.py:117} INFO - [2022-10-17T14:30:00.726+0000] {dag.py:2573} INFO - Sync 1 DAGs
[2022-10-17T14:30:00.745+0000] {logging_mixin.py:117} INFO - [2022-10-17T14:30:00.744+0000] {dag.py:3328} INFO - Setting next_dagrun for DAG_biblioteca to 2022-11-01T00:00:00+00:00, run_after=2022-12-01T00:00:00+00:00
[2022-10-17T14:30:00.757+0000] {processor.py:178} INFO - Processing /opt/airflow/dags/DAG_biblioteca.py took 0.239 seconds
[2022-10-17T14:30:31.029+0000] {processor.py:156} INFO - Started process (PID=428) to work on /opt/airflow/dags/DAG_biblioteca.py
[2022-10-17T14:30:31.032+0000] {processor.py:758} INFO - Processing file /opt/airflow/dags/DAG_biblioteca.py for tasks to queue
[2022-10-17T14:30:31.033+0000] {logging_mixin.py:117} INFO - [2022-10-17T14:30:31.033+0000] {dagbag.py:525} INFO - Filling up the DagBag from /opt/airflow/dags/DAG_biblioteca.py
[2022-10-17T14:30:31.226+0000] {processor.py:768} INFO - DAG(s) dict_keys(['DAG_biblioteca']) retrieved from /opt/airflow/dags/DAG_biblioteca.py
[2022-10-17T14:30:31.250+0000] {logging_mixin.py:117} INFO - [2022-10-17T14:30:31.250+0000] {dag.py:2573} INFO - Sync 1 DAGs
[2022-10-17T14:30:31.268+0000] {logging_mixin.py:117} INFO - [2022-10-17T14:30:31.268+0000] {dag.py:3328} INFO - Setting next_dagrun for DAG_biblioteca to 2022-11-01T00:00:00+00:00, run_after=2022-12-01T00:00:00+00:00
[2022-10-17T14:30:31.279+0000] {processor.py:178} INFO - Processing /opt/airflow/dags/DAG_biblioteca.py took 0.254 seconds
[2022-10-17T14:30:59.975+0000] {processor.py:156} INFO - Started process (PID=462) to work on /opt/airflow/dags/DAG_biblioteca.py
[2022-10-17T14:30:59.977+0000] {processor.py:758} INFO - Processing file /opt/airflow/dags/DAG_biblioteca.py for tasks to queue
[2022-10-17T14:30:59.978+0000] {logging_mixin.py:117} INFO - [2022-10-17T14:30:59.978+0000] {dagbag.py:525} INFO - Filling up the DagBag from /opt/airflow/dags/DAG_biblioteca.py
[2022-10-17T14:31:00.147+0000] {processor.py:768} INFO - DAG(s) dict_keys(['DAG_biblioteca']) retrieved from /opt/airflow/dags/DAG_biblioteca.py
[2022-10-17T14:31:00.165+0000] {logging_mixin.py:117} INFO - [2022-10-17T14:31:00.165+0000] {dag.py:2573} INFO - Sync 1 DAGs
[2022-10-17T14:31:00.181+0000] {logging_mixin.py:117} INFO - [2022-10-17T14:31:00.181+0000] {dag.py:3328} INFO - Setting next_dagrun for DAG_biblioteca to 2022-11-01T00:00:00+00:00, run_after=2022-12-01T00:00:00+00:00
[2022-10-17T14:31:00.194+0000] {processor.py:178} INFO - Processing /opt/airflow/dags/DAG_biblioteca.py took 0.222 seconds
[2022-10-17T14:31:12.288+0000] {processor.py:156} INFO - Started process (PID=473) to work on /opt/airflow/dags/DAG_biblioteca.py
[2022-10-17T14:31:12.291+0000] {processor.py:758} INFO - Processing file /opt/airflow/dags/DAG_biblioteca.py for tasks to queue
[2022-10-17T14:31:12.293+0000] {logging_mixin.py:117} INFO - [2022-10-17T14:31:12.293+0000] {dagbag.py:525} INFO - Filling up the DagBag from /opt/airflow/dags/DAG_biblioteca.py
[2022-10-17T14:31:12.567+0000] {processor.py:768} INFO - DAG(s) dict_keys(['DAG_biblioteca']) retrieved from /opt/airflow/dags/DAG_biblioteca.py
[2022-10-17T14:31:12.605+0000] {logging_mixin.py:117} INFO - [2022-10-17T14:31:12.604+0000] {dag.py:2573} INFO - Sync 1 DAGs
[2022-10-17T14:31:12.632+0000] {logging_mixin.py:117} INFO - [2022-10-17T14:31:12.632+0000] {dag.py:3328} INFO - Setting next_dagrun for DAG_biblioteca to 2022-11-01T00:00:00+00:00, run_after=2022-12-01T00:00:00+00:00
[2022-10-17T14:31:12.668+0000] {processor.py:178} INFO - Processing /opt/airflow/dags/DAG_biblioteca.py took 0.386 seconds
[2022-10-17T14:31:43.023+0000] {processor.py:156} INFO - Started process (PID=506) to work on /opt/airflow/dags/DAG_biblioteca.py
[2022-10-17T14:31:43.024+0000] {processor.py:758} INFO - Processing file /opt/airflow/dags/DAG_biblioteca.py for tasks to queue
[2022-10-17T14:31:43.028+0000] {logging_mixin.py:117} INFO - [2022-10-17T14:31:43.027+0000] {dagbag.py:525} INFO - Filling up the DagBag from /opt/airflow/dags/DAG_biblioteca.py
[2022-10-17T14:31:43.297+0000] {processor.py:768} INFO - DAG(s) dict_keys(['DAG_biblioteca']) retrieved from /opt/airflow/dags/DAG_biblioteca.py
[2022-10-17T14:31:43.324+0000] {logging_mixin.py:117} INFO - [2022-10-17T14:31:43.324+0000] {dag.py:2573} INFO - Sync 1 DAGs
[2022-10-17T14:31:43.342+0000] {logging_mixin.py:117} INFO - [2022-10-17T14:31:43.342+0000] {dag.py:3328} INFO - Setting next_dagrun for DAG_biblioteca to 2022-11-01T00:00:00+00:00, run_after=2022-12-01T00:00:00+00:00
[2022-10-17T14:31:43.358+0000] {processor.py:178} INFO - Processing /opt/airflow/dags/DAG_biblioteca.py took 0.338 seconds
[2022-10-17T14:32:13.690+0000] {processor.py:156} INFO - Started process (PID=538) to work on /opt/airflow/dags/DAG_biblioteca.py
[2022-10-17T14:32:13.692+0000] {processor.py:758} INFO - Processing file /opt/airflow/dags/DAG_biblioteca.py for tasks to queue
[2022-10-17T14:32:13.694+0000] {logging_mixin.py:117} INFO - [2022-10-17T14:32:13.694+0000] {dagbag.py:525} INFO - Filling up the DagBag from /opt/airflow/dags/DAG_biblioteca.py
[2022-10-17T14:32:13.949+0000] {processor.py:768} INFO - DAG(s) dict_keys(['DAG_biblioteca']) retrieved from /opt/airflow/dags/DAG_biblioteca.py
[2022-10-17T14:32:13.977+0000] {logging_mixin.py:117} INFO - [2022-10-17T14:32:13.977+0000] {dag.py:2573} INFO - Sync 1 DAGs
[2022-10-17T14:32:13.996+0000] {logging_mixin.py:117} INFO - [2022-10-17T14:32:13.996+0000] {dag.py:3328} INFO - Setting next_dagrun for DAG_biblioteca to 2022-11-01T00:00:00+00:00, run_after=2022-12-01T00:00:00+00:00
[2022-10-17T14:32:14.010+0000] {processor.py:178} INFO - Processing /opt/airflow/dags/DAG_biblioteca.py took 0.326 seconds
[2022-10-17T14:32:15.418+0000] {processor.py:156} INFO - Started process (PID=548) to work on /opt/airflow/dags/DAG_biblioteca.py
[2022-10-17T14:32:15.421+0000] {processor.py:758} INFO - Processing file /opt/airflow/dags/DAG_biblioteca.py for tasks to queue
[2022-10-17T14:32:15.423+0000] {logging_mixin.py:117} INFO - [2022-10-17T14:32:15.423+0000] {dagbag.py:525} INFO - Filling up the DagBag from /opt/airflow/dags/DAG_biblioteca.py
[2022-10-17T14:32:15.615+0000] {processor.py:768} INFO - DAG(s) dict_keys(['DAG_biblioteca']) retrieved from /opt/airflow/dags/DAG_biblioteca.py
[2022-10-17T14:32:15.631+0000] {logging_mixin.py:117} INFO - [2022-10-17T14:32:15.631+0000] {dag.py:2573} INFO - Sync 1 DAGs
[2022-10-17T14:32:15.647+0000] {logging_mixin.py:117} INFO - [2022-10-17T14:32:15.647+0000] {dag.py:3328} INFO - Setting next_dagrun for DAG_biblioteca to 2022-11-01T00:00:00+00:00, run_after=2022-12-01T00:00:00+00:00
[2022-10-17T14:32:15.661+0000] {processor.py:178} INFO - Processing /opt/airflow/dags/DAG_biblioteca.py took 0.245 seconds
[2022-10-17T14:32:18.900+0000] {processor.py:156} INFO - Started process (PID=554) to work on /opt/airflow/dags/DAG_biblioteca.py
[2022-10-17T14:32:18.902+0000] {processor.py:758} INFO - Processing file /opt/airflow/dags/DAG_biblioteca.py for tasks to queue
[2022-10-17T14:32:18.903+0000] {logging_mixin.py:117} INFO - [2022-10-17T14:32:18.903+0000] {dagbag.py:525} INFO - Filling up the DagBag from /opt/airflow/dags/DAG_biblioteca.py
[2022-10-17T14:32:19.155+0000] {processor.py:768} INFO - DAG(s) dict_keys(['DAG_biblioteca']) retrieved from /opt/airflow/dags/DAG_biblioteca.py
[2022-10-17T14:32:19.172+0000] {logging_mixin.py:117} INFO - [2022-10-17T14:32:19.172+0000] {dag.py:2573} INFO - Sync 1 DAGs
[2022-10-17T14:32:19.186+0000] {logging_mixin.py:117} INFO - [2022-10-17T14:32:19.186+0000] {dag.py:3328} INFO - Setting next_dagrun for DAG_biblioteca to 2022-11-01T00:00:00+00:00, run_after=2022-12-01T00:00:00+00:00
[2022-10-17T14:32:19.199+0000] {processor.py:178} INFO - Processing /opt/airflow/dags/DAG_biblioteca.py took 0.302 seconds
[2022-10-17T14:32:49.550+0000] {processor.py:156} INFO - Started process (PID=587) to work on /opt/airflow/dags/DAG_biblioteca.py
[2022-10-17T14:32:49.553+0000] {processor.py:758} INFO - Processing file /opt/airflow/dags/DAG_biblioteca.py for tasks to queue
[2022-10-17T14:32:49.555+0000] {logging_mixin.py:117} INFO - [2022-10-17T14:32:49.555+0000] {dagbag.py:525} INFO - Filling up the DagBag from /opt/airflow/dags/DAG_biblioteca.py
[2022-10-17T14:32:49.715+0000] {processor.py:768} INFO - DAG(s) dict_keys(['DAG_biblioteca']) retrieved from /opt/airflow/dags/DAG_biblioteca.py
[2022-10-17T14:32:49.732+0000] {logging_mixin.py:117} INFO - [2022-10-17T14:32:49.732+0000] {dag.py:2573} INFO - Sync 1 DAGs
[2022-10-17T14:32:49.746+0000] {logging_mixin.py:117} INFO - [2022-10-17T14:32:49.746+0000] {dag.py:3328} INFO - Setting next_dagrun for DAG_biblioteca to 2022-11-01T00:00:00+00:00, run_after=2022-12-01T00:00:00+00:00
[2022-10-17T14:32:49.757+0000] {processor.py:178} INFO - Processing /opt/airflow/dags/DAG_biblioteca.py took 0.209 seconds
[2022-10-17T14:33:20.266+0000] {processor.py:156} INFO - Started process (PID=620) to work on /opt/airflow/dags/DAG_biblioteca.py
[2022-10-17T14:33:20.268+0000] {processor.py:758} INFO - Processing file /opt/airflow/dags/DAG_biblioteca.py for tasks to queue
[2022-10-17T14:33:20.269+0000] {logging_mixin.py:117} INFO - [2022-10-17T14:33:20.269+0000] {dagbag.py:525} INFO - Filling up the DagBag from /opt/airflow/dags/DAG_biblioteca.py
[2022-10-17T14:33:20.429+0000] {processor.py:768} INFO - DAG(s) dict_keys(['DAG_biblioteca']) retrieved from /opt/airflow/dags/DAG_biblioteca.py
[2022-10-17T14:33:20.446+0000] {logging_mixin.py:117} INFO - [2022-10-17T14:33:20.446+0000] {dag.py:2573} INFO - Sync 1 DAGs
[2022-10-17T14:33:20.460+0000] {logging_mixin.py:117} INFO - [2022-10-17T14:33:20.460+0000] {dag.py:3328} INFO - Setting next_dagrun for DAG_biblioteca to 2022-11-01T00:00:00+00:00, run_after=2022-12-01T00:00:00+00:00
[2022-10-17T14:33:20.471+0000] {processor.py:178} INFO - Processing /opt/airflow/dags/DAG_biblioteca.py took 0.207 seconds
[2022-10-17T14:33:49.924+0000] {processor.py:156} INFO - Started process (PID=649) to work on /opt/airflow/dags/DAG_biblioteca.py
[2022-10-17T14:33:49.928+0000] {processor.py:758} INFO - Processing file /opt/airflow/dags/DAG_biblioteca.py for tasks to queue
[2022-10-17T14:33:49.932+0000] {logging_mixin.py:117} INFO - [2022-10-17T14:33:49.932+0000] {dagbag.py:525} INFO - Filling up the DagBag from /opt/airflow/dags/DAG_biblioteca.py
[2022-10-17T14:33:50.387+0000] {processor.py:768} INFO - DAG(s) dict_keys(['DAG_biblioteca']) retrieved from /opt/airflow/dags/DAG_biblioteca.py
[2022-10-17T14:33:50.416+0000] {logging_mixin.py:117} INFO - [2022-10-17T14:33:50.416+0000] {dag.py:2573} INFO - Sync 1 DAGs
[2022-10-17T14:33:50.445+0000] {logging_mixin.py:117} INFO - [2022-10-17T14:33:50.445+0000] {dag.py:3328} INFO - Setting next_dagrun for DAG_biblioteca to 2022-11-01T00:00:00+00:00, run_after=2022-12-01T00:00:00+00:00
[2022-10-17T14:33:50.469+0000] {processor.py:178} INFO - Processing /opt/airflow/dags/DAG_biblioteca.py took 0.554 seconds
[2022-10-17T14:34:02.065+0000] {processor.py:156} INFO - Started process (PID=668) to work on /opt/airflow/dags/DAG_biblioteca.py
[2022-10-17T14:34:02.067+0000] {processor.py:758} INFO - Processing file /opt/airflow/dags/DAG_biblioteca.py for tasks to queue
[2022-10-17T14:34:02.068+0000] {logging_mixin.py:117} INFO - [2022-10-17T14:34:02.068+0000] {dagbag.py:525} INFO - Filling up the DagBag from /opt/airflow/dags/DAG_biblioteca.py
[2022-10-17T14:34:02.269+0000] {processor.py:768} INFO - DAG(s) dict_keys(['DAG_biblioteca']) retrieved from /opt/airflow/dags/DAG_biblioteca.py
[2022-10-17T14:34:02.306+0000] {logging_mixin.py:117} INFO - [2022-10-17T14:34:02.306+0000] {dag.py:2573} INFO - Sync 1 DAGs
[2022-10-17T14:34:02.336+0000] {logging_mixin.py:117} INFO - [2022-10-17T14:34:02.335+0000] {dag.py:3328} INFO - Setting next_dagrun for DAG_biblioteca to 2022-11-01T00:00:00+00:00, run_after=2022-12-01T00:00:00+00:00
[2022-10-17T14:34:02.359+0000] {processor.py:178} INFO - Processing /opt/airflow/dags/DAG_biblioteca.py took 0.298 seconds
[2022-10-17T14:34:05.503+0000] {processor.py:156} INFO - Started process (PID=674) to work on /opt/airflow/dags/DAG_biblioteca.py
[2022-10-17T14:34:05.504+0000] {processor.py:758} INFO - Processing file /opt/airflow/dags/DAG_biblioteca.py for tasks to queue
[2022-10-17T14:34:05.505+0000] {logging_mixin.py:117} INFO - [2022-10-17T14:34:05.505+0000] {dagbag.py:525} INFO - Filling up the DagBag from /opt/airflow/dags/DAG_biblioteca.py
[2022-10-17T14:34:05.668+0000] {processor.py:768} INFO - DAG(s) dict_keys(['DAG_biblioteca']) retrieved from /opt/airflow/dags/DAG_biblioteca.py
[2022-10-17T14:34:05.684+0000] {logging_mixin.py:117} INFO - [2022-10-17T14:34:05.684+0000] {dag.py:2573} INFO - Sync 1 DAGs
[2022-10-17T14:34:05.700+0000] {logging_mixin.py:117} INFO - [2022-10-17T14:34:05.700+0000] {dag.py:3328} INFO - Setting next_dagrun for DAG_biblioteca to 2022-11-01T00:00:00+00:00, run_after=2022-12-01T00:00:00+00:00
[2022-10-17T14:34:05.715+0000] {processor.py:178} INFO - Processing /opt/airflow/dags/DAG_biblioteca.py took 0.215 seconds
[2022-10-17T14:34:36.149+0000] {processor.py:156} INFO - Started process (PID=706) to work on /opt/airflow/dags/DAG_biblioteca.py
[2022-10-17T14:34:36.151+0000] {processor.py:758} INFO - Processing file /opt/airflow/dags/DAG_biblioteca.py for tasks to queue
[2022-10-17T14:34:36.152+0000] {logging_mixin.py:117} INFO - [2022-10-17T14:34:36.152+0000] {dagbag.py:525} INFO - Filling up the DagBag from /opt/airflow/dags/DAG_biblioteca.py
[2022-10-17T14:34:36.324+0000] {processor.py:768} INFO - DAG(s) dict_keys(['DAG_biblioteca']) retrieved from /opt/airflow/dags/DAG_biblioteca.py
[2022-10-17T14:34:36.344+0000] {logging_mixin.py:117} INFO - [2022-10-17T14:34:36.343+0000] {dag.py:2573} INFO - Sync 1 DAGs
[2022-10-17T14:34:36.359+0000] {logging_mixin.py:117} INFO - [2022-10-17T14:34:36.359+0000] {dag.py:3328} INFO - Setting next_dagrun for DAG_biblioteca to 2022-11-01T00:00:00+00:00, run_after=2022-12-01T00:00:00+00:00
[2022-10-17T14:34:36.370+0000] {processor.py:178} INFO - Processing /opt/airflow/dags/DAG_biblioteca.py took 0.223 seconds
[2022-10-17T14:35:06.959+0000] {processor.py:156} INFO - Started process (PID=740) to work on /opt/airflow/dags/DAG_biblioteca.py
[2022-10-17T14:35:06.961+0000] {processor.py:758} INFO - Processing file /opt/airflow/dags/DAG_biblioteca.py for tasks to queue
[2022-10-17T14:35:06.962+0000] {logging_mixin.py:117} INFO - [2022-10-17T14:35:06.962+0000] {dagbag.py:525} INFO - Filling up the DagBag from /opt/airflow/dags/DAG_biblioteca.py
[2022-10-17T14:35:07.151+0000] {processor.py:768} INFO - DAG(s) dict_keys(['DAG_biblioteca']) retrieved from /opt/airflow/dags/DAG_biblioteca.py
[2022-10-17T14:35:07.168+0000] {logging_mixin.py:117} INFO - [2022-10-17T14:35:07.168+0000] {dag.py:2573} INFO - Sync 1 DAGs
[2022-10-17T14:35:07.182+0000] {logging_mixin.py:117} INFO - [2022-10-17T14:35:07.182+0000] {dag.py:3328} INFO - Setting next_dagrun for DAG_biblioteca to 2022-11-01T00:00:00+00:00, run_after=2022-12-01T00:00:00+00:00
[2022-10-17T14:35:07.192+0000] {processor.py:178} INFO - Processing /opt/airflow/dags/DAG_biblioteca.py took 0.236 seconds
[2022-10-17T14:35:37.652+0000] {processor.py:156} INFO - Started process (PID=764) to work on /opt/airflow/dags/DAG_biblioteca.py
[2022-10-17T14:35:37.653+0000] {processor.py:758} INFO - Processing file /opt/airflow/dags/DAG_biblioteca.py for tasks to queue
[2022-10-17T14:35:37.654+0000] {logging_mixin.py:117} INFO - [2022-10-17T14:35:37.654+0000] {dagbag.py:525} INFO - Filling up the DagBag from /opt/airflow/dags/DAG_biblioteca.py
[2022-10-17T14:35:37.812+0000] {processor.py:768} INFO - DAG(s) dict_keys(['DAG_biblioteca']) retrieved from /opt/airflow/dags/DAG_biblioteca.py
[2022-10-17T14:35:37.828+0000] {logging_mixin.py:117} INFO - [2022-10-17T14:35:37.828+0000] {dag.py:2573} INFO - Sync 1 DAGs
[2022-10-17T14:35:37.843+0000] {logging_mixin.py:117} INFO - [2022-10-17T14:35:37.843+0000] {dag.py:3328} INFO - Setting next_dagrun for DAG_biblioteca to 2022-11-01T00:00:00+00:00, run_after=2022-12-01T00:00:00+00:00
[2022-10-17T14:35:37.853+0000] {processor.py:178} INFO - Processing /opt/airflow/dags/DAG_biblioteca.py took 0.204 seconds
[2022-10-17T14:36:07.119+0000] {processor.py:156} INFO - Started process (PID=793) to work on /opt/airflow/dags/DAG_biblioteca.py
[2022-10-17T14:36:07.120+0000] {processor.py:758} INFO - Processing file /opt/airflow/dags/DAG_biblioteca.py for tasks to queue
[2022-10-17T14:36:07.122+0000] {logging_mixin.py:117} INFO - [2022-10-17T14:36:07.122+0000] {dagbag.py:525} INFO - Filling up the DagBag from /opt/airflow/dags/DAG_biblioteca.py
[2022-10-17T14:36:07.387+0000] {processor.py:768} INFO - DAG(s) dict_keys(['DAG_biblioteca']) retrieved from /opt/airflow/dags/DAG_biblioteca.py
[2022-10-17T14:36:07.418+0000] {logging_mixin.py:117} INFO - [2022-10-17T14:36:07.418+0000] {dag.py:2573} INFO - Sync 1 DAGs
[2022-10-17T14:36:07.443+0000] {logging_mixin.py:117} INFO - [2022-10-17T14:36:07.443+0000] {dag.py:3328} INFO - Setting next_dagrun for DAG_biblioteca to 2022-11-01T00:00:00+00:00, run_after=2022-12-01T00:00:00+00:00
[2022-10-17T14:36:07.461+0000] {processor.py:178} INFO - Processing /opt/airflow/dags/DAG_biblioteca.py took 0.346 seconds
[2022-10-17T14:36:18.039+0000] {processor.py:156} INFO - Started process (PID=811) to work on /opt/airflow/dags/DAG_biblioteca.py
[2022-10-17T14:36:18.040+0000] {processor.py:758} INFO - Processing file /opt/airflow/dags/DAG_biblioteca.py for tasks to queue
[2022-10-17T14:36:18.043+0000] {logging_mixin.py:117} INFO - [2022-10-17T14:36:18.043+0000] {dagbag.py:525} INFO - Filling up the DagBag from /opt/airflow/dags/DAG_biblioteca.py
[2022-10-17T14:36:18.259+0000] {processor.py:768} INFO - DAG(s) dict_keys(['DAG_biblioteca']) retrieved from /opt/airflow/dags/DAG_biblioteca.py
[2022-10-17T14:36:18.292+0000] {logging_mixin.py:117} INFO - [2022-10-17T14:36:18.292+0000] {dag.py:2573} INFO - Sync 1 DAGs
[2022-10-17T14:36:18.313+0000] {logging_mixin.py:117} INFO - [2022-10-17T14:36:18.313+0000] {dag.py:3328} INFO - Setting next_dagrun for DAG_biblioteca to 2022-11-01T00:00:00+00:00, run_after=2022-12-01T00:00:00+00:00
[2022-10-17T14:36:18.329+0000] {processor.py:178} INFO - Processing /opt/airflow/dags/DAG_biblioteca.py took 0.292 seconds
[2022-10-17T14:36:20.351+0000] {processor.py:156} INFO - Started process (PID=817) to work on /opt/airflow/dags/DAG_biblioteca.py
[2022-10-17T14:36:20.353+0000] {processor.py:758} INFO - Processing file /opt/airflow/dags/DAG_biblioteca.py for tasks to queue
[2022-10-17T14:36:20.353+0000] {logging_mixin.py:117} INFO - [2022-10-17T14:36:20.353+0000] {dagbag.py:525} INFO - Filling up the DagBag from /opt/airflow/dags/DAG_biblioteca.py
[2022-10-17T14:36:20.542+0000] {processor.py:768} INFO - DAG(s) dict_keys(['DAG_biblioteca']) retrieved from /opt/airflow/dags/DAG_biblioteca.py
[2022-10-17T14:36:20.557+0000] {logging_mixin.py:117} INFO - [2022-10-17T14:36:20.557+0000] {dag.py:2573} INFO - Sync 1 DAGs
[2022-10-17T14:36:20.571+0000] {logging_mixin.py:117} INFO - [2022-10-17T14:36:20.571+0000] {dag.py:3328} INFO - Setting next_dagrun for DAG_biblioteca to 2022-11-01T00:00:00+00:00, run_after=2022-12-01T00:00:00+00:00
[2022-10-17T14:36:20.584+0000] {processor.py:178} INFO - Processing /opt/airflow/dags/DAG_biblioteca.py took 0.235 seconds
[2022-10-17T14:36:21.800+0000] {processor.py:156} INFO - Started process (PID=830) to work on /opt/airflow/dags/DAG_biblioteca.py
[2022-10-17T14:36:21.804+0000] {processor.py:758} INFO - Processing file /opt/airflow/dags/DAG_biblioteca.py for tasks to queue
[2022-10-17T14:36:21.807+0000] {logging_mixin.py:117} INFO - [2022-10-17T14:36:21.807+0000] {dagbag.py:525} INFO - Filling up the DagBag from /opt/airflow/dags/DAG_biblioteca.py
[2022-10-17T14:36:22.238+0000] {processor.py:768} INFO - DAG(s) dict_keys(['DAG_biblioteca']) retrieved from /opt/airflow/dags/DAG_biblioteca.py
[2022-10-17T14:36:22.273+0000] {logging_mixin.py:117} INFO - [2022-10-17T14:36:22.273+0000] {dag.py:2573} INFO - Sync 1 DAGs
[2022-10-17T14:36:22.306+0000] {logging_mixin.py:117} INFO - [2022-10-17T14:36:22.306+0000] {dag.py:3328} INFO - Setting next_dagrun for DAG_biblioteca to 2022-11-01T00:00:00+00:00, run_after=2022-12-01T00:00:00+00:00
[2022-10-17T14:36:22.328+0000] {processor.py:178} INFO - Processing /opt/airflow/dags/DAG_biblioteca.py took 0.549 seconds
[2022-10-17T14:36:35.009+0000] {processor.py:156} INFO - Started process (PID=847) to work on /opt/airflow/dags/DAG_biblioteca.py
[2022-10-17T14:36:35.012+0000] {processor.py:758} INFO - Processing file /opt/airflow/dags/DAG_biblioteca.py for tasks to queue
[2022-10-17T14:36:35.015+0000] {logging_mixin.py:117} INFO - [2022-10-17T14:36:35.014+0000] {dagbag.py:525} INFO - Filling up the DagBag from /opt/airflow/dags/DAG_biblioteca.py
[2022-10-17T14:36:35.297+0000] {processor.py:768} INFO - DAG(s) dict_keys(['DAG_biblioteca']) retrieved from /opt/airflow/dags/DAG_biblioteca.py
[2022-10-17T14:36:35.318+0000] {logging_mixin.py:117} INFO - [2022-10-17T14:36:35.318+0000] {dag.py:2573} INFO - Sync 1 DAGs
[2022-10-17T14:36:35.334+0000] {logging_mixin.py:117} INFO - [2022-10-17T14:36:35.333+0000] {dag.py:3328} INFO - Setting next_dagrun for DAG_biblioteca to 2022-11-01T00:00:00+00:00, run_after=2022-12-01T00:00:00+00:00
[2022-10-17T14:36:35.348+0000] {processor.py:178} INFO - Processing /opt/airflow/dags/DAG_biblioteca.py took 0.342 seconds
[2022-10-17T14:36:38.329+0000] {processor.py:156} INFO - Started process (PID=853) to work on /opt/airflow/dags/DAG_biblioteca.py
[2022-10-17T14:36:38.331+0000] {processor.py:758} INFO - Processing file /opt/airflow/dags/DAG_biblioteca.py for tasks to queue
[2022-10-17T14:36:38.332+0000] {logging_mixin.py:117} INFO - [2022-10-17T14:36:38.332+0000] {dagbag.py:525} INFO - Filling up the DagBag from /opt/airflow/dags/DAG_biblioteca.py
[2022-10-17T14:36:38.525+0000] {processor.py:768} INFO - DAG(s) dict_keys(['DAG_biblioteca']) retrieved from /opt/airflow/dags/DAG_biblioteca.py
[2022-10-17T14:36:38.546+0000] {logging_mixin.py:117} INFO - [2022-10-17T14:36:38.546+0000] {dag.py:2573} INFO - Sync 1 DAGs
[2022-10-17T14:36:38.561+0000] {logging_mixin.py:117} INFO - [2022-10-17T14:36:38.561+0000] {dag.py:3328} INFO - Setting next_dagrun for DAG_biblioteca to 2022-11-01T00:00:00+00:00, run_after=2022-12-01T00:00:00+00:00
[2022-10-17T14:36:38.578+0000] {processor.py:178} INFO - Processing /opt/airflow/dags/DAG_biblioteca.py took 0.251 seconds
[2022-10-17T14:36:51.232+0000] {processor.py:156} INFO - Started process (PID=872) to work on /opt/airflow/dags/DAG_biblioteca.py
[2022-10-17T14:36:51.235+0000] {processor.py:758} INFO - Processing file /opt/airflow/dags/DAG_biblioteca.py for tasks to queue
[2022-10-17T14:36:51.238+0000] {logging_mixin.py:117} INFO - [2022-10-17T14:36:51.238+0000] {dagbag.py:525} INFO - Filling up the DagBag from /opt/airflow/dags/DAG_biblioteca.py
[2022-10-17T14:36:51.467+0000] {processor.py:768} INFO - DAG(s) dict_keys(['DAG_biblioteca']) retrieved from /opt/airflow/dags/DAG_biblioteca.py
[2022-10-17T14:36:51.499+0000] {logging_mixin.py:117} INFO - [2022-10-17T14:36:51.499+0000] {dag.py:2573} INFO - Sync 1 DAGs
[2022-10-17T14:36:51.527+0000] {logging_mixin.py:117} INFO - [2022-10-17T14:36:51.527+0000] {dag.py:3328} INFO - Setting next_dagrun for DAG_biblioteca to 2022-11-01T00:00:00+00:00, run_after=2022-12-01T00:00:00+00:00
[2022-10-17T14:36:51.545+0000] {processor.py:178} INFO - Processing /opt/airflow/dags/DAG_biblioteca.py took 0.316 seconds
[2022-10-17T14:36:54.720+0000] {processor.py:156} INFO - Started process (PID=885) to work on /opt/airflow/dags/DAG_biblioteca.py
[2022-10-17T14:36:54.722+0000] {processor.py:758} INFO - Processing file /opt/airflow/dags/DAG_biblioteca.py for tasks to queue
[2022-10-17T14:36:54.723+0000] {logging_mixin.py:117} INFO - [2022-10-17T14:36:54.723+0000] {dagbag.py:525} INFO - Filling up the DagBag from /opt/airflow/dags/DAG_biblioteca.py
[2022-10-17T14:36:54.948+0000] {processor.py:768} INFO - DAG(s) dict_keys(['DAG_biblioteca']) retrieved from /opt/airflow/dags/DAG_biblioteca.py
[2022-10-17T14:36:54.969+0000] {logging_mixin.py:117} INFO - [2022-10-17T14:36:54.968+0000] {dag.py:2573} INFO - Sync 1 DAGs
[2022-10-17T14:36:54.988+0000] {logging_mixin.py:117} INFO - [2022-10-17T14:36:54.988+0000] {dag.py:3328} INFO - Setting next_dagrun for DAG_biblioteca to 2022-11-01T00:00:00+00:00, run_after=2022-12-01T00:00:00+00:00
[2022-10-17T14:36:55.005+0000] {processor.py:178} INFO - Processing /opt/airflow/dags/DAG_biblioteca.py took 0.287 seconds
[2022-10-17T14:37:25.407+0000] {processor.py:156} INFO - Started process (PID=911) to work on /opt/airflow/dags/DAG_biblioteca.py
[2022-10-17T14:37:25.408+0000] {processor.py:758} INFO - Processing file /opt/airflow/dags/DAG_biblioteca.py for tasks to queue
[2022-10-17T14:37:25.409+0000] {logging_mixin.py:117} INFO - [2022-10-17T14:37:25.409+0000] {dagbag.py:525} INFO - Filling up the DagBag from /opt/airflow/dags/DAG_biblioteca.py
[2022-10-17T14:37:25.572+0000] {processor.py:768} INFO - DAG(s) dict_keys(['DAG_biblioteca']) retrieved from /opt/airflow/dags/DAG_biblioteca.py
[2022-10-17T14:37:25.591+0000] {logging_mixin.py:117} INFO - [2022-10-17T14:37:25.591+0000] {dag.py:2573} INFO - Sync 1 DAGs
[2022-10-17T14:37:25.605+0000] {logging_mixin.py:117} INFO - [2022-10-17T14:37:25.605+0000] {dag.py:3328} INFO - Setting next_dagrun for DAG_biblioteca to 2022-11-01T00:00:00+00:00, run_after=2022-12-01T00:00:00+00:00
[2022-10-17T14:37:25.615+0000] {processor.py:178} INFO - Processing /opt/airflow/dags/DAG_biblioteca.py took 0.210 seconds
[2022-10-17T14:37:56.070+0000] {processor.py:156} INFO - Started process (PID=943) to work on /opt/airflow/dags/DAG_biblioteca.py
[2022-10-17T14:37:56.072+0000] {processor.py:758} INFO - Processing file /opt/airflow/dags/DAG_biblioteca.py for tasks to queue
[2022-10-17T14:37:56.072+0000] {logging_mixin.py:117} INFO - [2022-10-17T14:37:56.072+0000] {dagbag.py:525} INFO - Filling up the DagBag from /opt/airflow/dags/DAG_biblioteca.py
[2022-10-17T14:37:56.236+0000] {processor.py:768} INFO - DAG(s) dict_keys(['DAG_biblioteca']) retrieved from /opt/airflow/dags/DAG_biblioteca.py
[2022-10-17T14:37:56.253+0000] {logging_mixin.py:117} INFO - [2022-10-17T14:37:56.253+0000] {dag.py:2573} INFO - Sync 1 DAGs
[2022-10-17T14:37:56.269+0000] {logging_mixin.py:117} INFO - [2022-10-17T14:37:56.269+0000] {dag.py:3328} INFO - Setting next_dagrun for DAG_biblioteca to 2022-11-01T00:00:00+00:00, run_after=2022-12-01T00:00:00+00:00
[2022-10-17T14:37:56.279+0000] {processor.py:178} INFO - Processing /opt/airflow/dags/DAG_biblioteca.py took 0.212 seconds
[2022-10-17T14:38:26.883+0000] {processor.py:156} INFO - Started process (PID=976) to work on /opt/airflow/dags/DAG_biblioteca.py
[2022-10-17T14:38:26.885+0000] {processor.py:758} INFO - Processing file /opt/airflow/dags/DAG_biblioteca.py for tasks to queue
[2022-10-17T14:38:26.886+0000] {logging_mixin.py:117} INFO - [2022-10-17T14:38:26.886+0000] {dagbag.py:525} INFO - Filling up the DagBag from /opt/airflow/dags/DAG_biblioteca.py
[2022-10-17T14:38:27.110+0000] {processor.py:768} INFO - DAG(s) dict_keys(['DAG_biblioteca']) retrieved from /opt/airflow/dags/DAG_biblioteca.py
[2022-10-17T14:38:27.128+0000] {logging_mixin.py:117} INFO - [2022-10-17T14:38:27.128+0000] {dag.py:2573} INFO - Sync 1 DAGs
[2022-10-17T14:38:27.143+0000] {logging_mixin.py:117} INFO - [2022-10-17T14:38:27.143+0000] {dag.py:3328} INFO - Setting next_dagrun for DAG_biblioteca to 2022-11-01T00:00:00+00:00, run_after=2022-12-01T00:00:00+00:00
[2022-10-17T14:38:27.155+0000] {processor.py:178} INFO - Processing /opt/airflow/dags/DAG_biblioteca.py took 0.274 seconds
[2022-10-17T14:38:57.233+0000] {processor.py:156} INFO - Started process (PID=1027) to work on /opt/airflow/dags/DAG_biblioteca.py
[2022-10-17T14:38:57.235+0000] {processor.py:758} INFO - Processing file /opt/airflow/dags/DAG_biblioteca.py for tasks to queue
[2022-10-17T14:38:57.236+0000] {logging_mixin.py:117} INFO - [2022-10-17T14:38:57.236+0000] {dagbag.py:525} INFO - Filling up the DagBag from /opt/airflow/dags/DAG_biblioteca.py
[2022-10-17T14:38:57.420+0000] {processor.py:768} INFO - DAG(s) dict_keys(['DAG_biblioteca']) retrieved from /opt/airflow/dags/DAG_biblioteca.py
[2022-10-17T14:38:57.438+0000] {logging_mixin.py:117} INFO - [2022-10-17T14:38:57.438+0000] {dag.py:2573} INFO - Sync 1 DAGs
[2022-10-17T14:38:57.452+0000] {logging_mixin.py:117} INFO - [2022-10-17T14:38:57.452+0000] {dag.py:3328} INFO - Setting next_dagrun for DAG_biblioteca to 2022-11-01T00:00:00+00:00, run_after=2022-12-01T00:00:00+00:00
[2022-10-17T14:38:57.462+0000] {processor.py:178} INFO - Processing /opt/airflow/dags/DAG_biblioteca.py took 0.232 seconds
[2022-10-17T14:39:11.512+0000] {processor.py:156} INFO - Started process (PID=1048) to work on /opt/airflow/dags/DAG_biblioteca.py
[2022-10-17T14:39:11.515+0000] {processor.py:758} INFO - Processing file /opt/airflow/dags/DAG_biblioteca.py for tasks to queue
[2022-10-17T14:39:11.517+0000] {logging_mixin.py:117} INFO - [2022-10-17T14:39:11.517+0000] {dagbag.py:525} INFO - Filling up the DagBag from /opt/airflow/dags/DAG_biblioteca.py
[2022-10-17T14:39:11.736+0000] {processor.py:768} INFO - DAG(s) dict_keys(['DAG_biblioteca']) retrieved from /opt/airflow/dags/DAG_biblioteca.py
[2022-10-17T14:39:11.760+0000] {logging_mixin.py:117} INFO - [2022-10-17T14:39:11.760+0000] {dag.py:2573} INFO - Sync 1 DAGs
[2022-10-17T14:39:11.777+0000] {logging_mixin.py:117} INFO - [2022-10-17T14:39:11.777+0000] {dag.py:3328} INFO - Setting next_dagrun for DAG_biblioteca to 2022-11-01T00:00:00+00:00, run_after=2022-12-01T00:00:00+00:00
[2022-10-17T14:39:11.810+0000] {processor.py:178} INFO - Processing /opt/airflow/dags/DAG_biblioteca.py took 0.301 seconds
[2022-10-17T14:39:13.833+0000] {processor.py:156} INFO - Started process (PID=1054) to work on /opt/airflow/dags/DAG_biblioteca.py
[2022-10-17T14:39:13.834+0000] {processor.py:758} INFO - Processing file /opt/airflow/dags/DAG_biblioteca.py for tasks to queue
[2022-10-17T14:39:13.835+0000] {logging_mixin.py:117} INFO - [2022-10-17T14:39:13.835+0000] {dagbag.py:525} INFO - Filling up the DagBag from /opt/airflow/dags/DAG_biblioteca.py
[2022-10-17T14:39:13.998+0000] {processor.py:768} INFO - DAG(s) dict_keys(['DAG_biblioteca']) retrieved from /opt/airflow/dags/DAG_biblioteca.py
[2022-10-17T14:39:14.015+0000] {logging_mixin.py:117} INFO - [2022-10-17T14:39:14.015+0000] {dag.py:2573} INFO - Sync 1 DAGs
[2022-10-17T14:39:14.029+0000] {logging_mixin.py:117} INFO - [2022-10-17T14:39:14.029+0000] {dag.py:3328} INFO - Setting next_dagrun for DAG_biblioteca to 2022-11-01T00:00:00+00:00, run_after=2022-12-01T00:00:00+00:00
[2022-10-17T14:39:14.044+0000] {processor.py:178} INFO - Processing /opt/airflow/dags/DAG_biblioteca.py took 0.213 seconds
[2022-10-17T14:39:15.453+0000] {processor.py:156} INFO - Started process (PID=1060) to work on /opt/airflow/dags/DAG_biblioteca.py
[2022-10-17T14:39:15.456+0000] {processor.py:758} INFO - Processing file /opt/airflow/dags/DAG_biblioteca.py for tasks to queue
[2022-10-17T14:39:15.457+0000] {logging_mixin.py:117} INFO - [2022-10-17T14:39:15.457+0000] {dagbag.py:525} INFO - Filling up the DagBag from /opt/airflow/dags/DAG_biblioteca.py
[2022-10-17T14:39:15.665+0000] {processor.py:768} INFO - DAG(s) dict_keys(['DAG_biblioteca']) retrieved from /opt/airflow/dags/DAG_biblioteca.py
[2022-10-17T14:39:15.691+0000] {logging_mixin.py:117} INFO - [2022-10-17T14:39:15.691+0000] {dag.py:2573} INFO - Sync 1 DAGs
[2022-10-17T14:39:15.708+0000] {logging_mixin.py:117} INFO - [2022-10-17T14:39:15.708+0000] {dag.py:3328} INFO - Setting next_dagrun for DAG_biblioteca to 2022-11-01T00:00:00+00:00, run_after=2022-12-01T00:00:00+00:00
[2022-10-17T14:39:15.727+0000] {processor.py:178} INFO - Processing /opt/airflow/dags/DAG_biblioteca.py took 0.276 seconds
[2022-10-17T14:39:25.007+0000] {processor.py:156} INFO - Started process (PID=1074) to work on /opt/airflow/dags/DAG_biblioteca.py
[2022-10-17T14:39:25.009+0000] {processor.py:758} INFO - Processing file /opt/airflow/dags/DAG_biblioteca.py for tasks to queue
[2022-10-17T14:39:25.009+0000] {logging_mixin.py:117} INFO - [2022-10-17T14:39:25.009+0000] {dagbag.py:525} INFO - Filling up the DagBag from /opt/airflow/dags/DAG_biblioteca.py
[2022-10-17T14:39:25.296+0000] {processor.py:768} INFO - DAG(s) dict_keys(['DAG_biblioteca']) retrieved from /opt/airflow/dags/DAG_biblioteca.py
[2022-10-17T14:39:25.321+0000] {logging_mixin.py:117} INFO - [2022-10-17T14:39:25.321+0000] {dag.py:2573} INFO - Sync 1 DAGs
[2022-10-17T14:39:25.340+0000] {logging_mixin.py:117} INFO - [2022-10-17T14:39:25.340+0000] {dag.py:3328} INFO - Setting next_dagrun for DAG_biblioteca to 2022-11-01T00:00:00+00:00, run_after=2022-12-01T00:00:00+00:00
[2022-10-17T14:39:25.357+0000] {processor.py:178} INFO - Processing /opt/airflow/dags/DAG_biblioteca.py took 0.353 seconds
[2022-10-17T14:39:27.667+0000] {processor.py:156} INFO - Started process (PID=1089) to work on /opt/airflow/dags/DAG_biblioteca.py
[2022-10-17T14:39:27.669+0000] {processor.py:758} INFO - Processing file /opt/airflow/dags/DAG_biblioteca.py for tasks to queue
[2022-10-17T14:39:27.672+0000] {logging_mixin.py:117} INFO - [2022-10-17T14:39:27.672+0000] {dagbag.py:525} INFO - Filling up the DagBag from /opt/airflow/dags/DAG_biblioteca.py
[2022-10-17T14:39:28.036+0000] {processor.py:768} INFO - DAG(s) dict_keys(['DAG_biblioteca']) retrieved from /opt/airflow/dags/DAG_biblioteca.py
[2022-10-17T14:39:28.082+0000] {logging_mixin.py:117} INFO - [2022-10-17T14:39:28.082+0000] {dag.py:2573} INFO - Sync 1 DAGs
[2022-10-17T14:39:28.115+0000] {logging_mixin.py:117} INFO - [2022-10-17T14:39:28.115+0000] {dag.py:3328} INFO - Setting next_dagrun for DAG_biblioteca to 2022-11-01T00:00:00+00:00, run_after=2022-12-01T00:00:00+00:00
[2022-10-17T14:39:28.150+0000] {processor.py:178} INFO - Processing /opt/airflow/dags/DAG_biblioteca.py took 0.490 seconds
[2022-10-17T14:39:29.099+0000] {processor.py:156} INFO - Started process (PID=1095) to work on /opt/airflow/dags/DAG_biblioteca.py
[2022-10-17T14:39:29.102+0000] {processor.py:758} INFO - Processing file /opt/airflow/dags/DAG_biblioteca.py for tasks to queue
[2022-10-17T14:39:29.104+0000] {logging_mixin.py:117} INFO - [2022-10-17T14:39:29.104+0000] {dagbag.py:525} INFO - Filling up the DagBag from /opt/airflow/dags/DAG_biblioteca.py
[2022-10-17T14:39:29.424+0000] {processor.py:768} INFO - DAG(s) dict_keys(['DAG_biblioteca']) retrieved from /opt/airflow/dags/DAG_biblioteca.py
[2022-10-17T14:39:29.472+0000] {logging_mixin.py:117} INFO - [2022-10-17T14:39:29.472+0000] {dag.py:2573} INFO - Sync 1 DAGs
[2022-10-17T14:39:29.496+0000] {logging_mixin.py:117} INFO - [2022-10-17T14:39:29.496+0000] {dag.py:3328} INFO - Setting next_dagrun for DAG_biblioteca to 2022-11-01T00:00:00+00:00, run_after=2022-12-01T00:00:00+00:00
[2022-10-17T14:39:29.517+0000] {processor.py:178} INFO - Processing /opt/airflow/dags/DAG_biblioteca.py took 0.421 seconds
[2022-10-17T14:39:39.389+0000] {processor.py:156} INFO - Started process (PID=1110) to work on /opt/airflow/dags/DAG_biblioteca.py
[2022-10-17T14:39:39.401+0000] {processor.py:758} INFO - Processing file /opt/airflow/dags/DAG_biblioteca.py for tasks to queue
[2022-10-17T14:39:39.411+0000] {logging_mixin.py:117} INFO - [2022-10-17T14:39:39.410+0000] {dagbag.py:525} INFO - Filling up the DagBag from /opt/airflow/dags/DAG_biblioteca.py
[2022-10-17T14:39:39.956+0000] {processor.py:768} INFO - DAG(s) dict_keys(['DAG_biblioteca']) retrieved from /opt/airflow/dags/DAG_biblioteca.py
[2022-10-17T14:39:39.994+0000] {logging_mixin.py:117} INFO - [2022-10-17T14:39:39.994+0000] {dag.py:2573} INFO - Sync 1 DAGs
[2022-10-17T14:39:40.028+0000] {logging_mixin.py:117} INFO - [2022-10-17T14:39:40.028+0000] {dag.py:3328} INFO - Setting next_dagrun for DAG_biblioteca to 2022-11-01T00:00:00+00:00, run_after=2022-12-01T00:00:00+00:00
[2022-10-17T14:39:40.103+0000] {processor.py:178} INFO - Processing /opt/airflow/dags/DAG_biblioteca.py took 0.723 seconds
[2022-10-17T14:39:42.558+0000] {processor.py:156} INFO - Started process (PID=1116) to work on /opt/airflow/dags/DAG_biblioteca.py
[2022-10-17T14:39:42.560+0000] {processor.py:758} INFO - Processing file /opt/airflow/dags/DAG_biblioteca.py for tasks to queue
[2022-10-17T14:39:42.561+0000] {logging_mixin.py:117} INFO - [2022-10-17T14:39:42.561+0000] {dagbag.py:525} INFO - Filling up the DagBag from /opt/airflow/dags/DAG_biblioteca.py
[2022-10-17T14:39:42.778+0000] {processor.py:768} INFO - DAG(s) dict_keys(['DAG_biblioteca']) retrieved from /opt/airflow/dags/DAG_biblioteca.py
[2022-10-17T14:39:42.801+0000] {logging_mixin.py:117} INFO - [2022-10-17T14:39:42.801+0000] {dag.py:2573} INFO - Sync 1 DAGs
[2022-10-17T14:39:42.818+0000] {logging_mixin.py:117} INFO - [2022-10-17T14:39:42.817+0000] {dag.py:3328} INFO - Setting next_dagrun for DAG_biblioteca to 2022-11-01T00:00:00+00:00, run_after=2022-12-01T00:00:00+00:00
[2022-10-17T14:39:42.838+0000] {processor.py:178} INFO - Processing /opt/airflow/dags/DAG_biblioteca.py took 0.283 seconds
[2022-10-17T14:40:12.970+0000] {processor.py:156} INFO - Started process (PID=1160) to work on /opt/airflow/dags/DAG_biblioteca.py
[2022-10-17T14:40:12.972+0000] {processor.py:758} INFO - Processing file /opt/airflow/dags/DAG_biblioteca.py for tasks to queue
[2022-10-17T14:40:12.974+0000] {logging_mixin.py:117} INFO - [2022-10-17T14:40:12.974+0000] {dagbag.py:525} INFO - Filling up the DagBag from /opt/airflow/dags/DAG_biblioteca.py
[2022-10-17T14:40:13.244+0000] {processor.py:768} INFO - DAG(s) dict_keys(['DAG_biblioteca']) retrieved from /opt/airflow/dags/DAG_biblioteca.py
[2022-10-17T14:40:13.277+0000] {logging_mixin.py:117} INFO - [2022-10-17T14:40:13.277+0000] {dag.py:2573} INFO - Sync 1 DAGs
[2022-10-17T14:40:13.296+0000] {logging_mixin.py:117} INFO - [2022-10-17T14:40:13.296+0000] {dag.py:3328} INFO - Setting next_dagrun for DAG_biblioteca to 2022-11-01T00:00:00+00:00, run_after=2022-12-01T00:00:00+00:00
[2022-10-17T14:40:13.307+0000] {processor.py:178} INFO - Processing /opt/airflow/dags/DAG_biblioteca.py took 0.342 seconds
[2022-10-17T14:40:43.945+0000] {processor.py:156} INFO - Started process (PID=1188) to work on /opt/airflow/dags/DAG_biblioteca.py
[2022-10-17T14:40:43.947+0000] {processor.py:758} INFO - Processing file /opt/airflow/dags/DAG_biblioteca.py for tasks to queue
[2022-10-17T14:40:43.951+0000] {logging_mixin.py:117} INFO - [2022-10-17T14:40:43.950+0000] {dagbag.py:525} INFO - Filling up the DagBag from /opt/airflow/dags/DAG_biblioteca.py
[2022-10-17T14:40:44.151+0000] {processor.py:768} INFO - DAG(s) dict_keys(['DAG_biblioteca']) retrieved from /opt/airflow/dags/DAG_biblioteca.py
[2022-10-17T14:40:44.187+0000] {logging_mixin.py:117} INFO - [2022-10-17T14:40:44.187+0000] {dag.py:2573} INFO - Sync 1 DAGs
[2022-10-17T14:40:44.206+0000] {logging_mixin.py:117} INFO - [2022-10-17T14:40:44.206+0000] {dag.py:3328} INFO - Setting next_dagrun for DAG_biblioteca to 2022-11-01T00:00:00+00:00, run_after=2022-12-01T00:00:00+00:00
[2022-10-17T14:40:44.226+0000] {processor.py:178} INFO - Processing /opt/airflow/dags/DAG_biblioteca.py took 0.286 seconds
[2022-10-17T14:41:25.454+0000] {processor.py:156} INFO - Started process (PID=1228) to work on /opt/airflow/dags/DAG_biblioteca.py
[2022-10-17T14:41:25.468+0000] {processor.py:758} INFO - Processing file /opt/airflow/dags/DAG_biblioteca.py for tasks to queue
[2022-10-17T14:41:25.471+0000] {logging_mixin.py:117} INFO - [2022-10-17T14:41:25.471+0000] {dagbag.py:525} INFO - Filling up the DagBag from /opt/airflow/dags/DAG_biblioteca.py
[2022-10-17T14:41:25.774+0000] {processor.py:768} INFO - DAG(s) dict_keys(['DAG_biblioteca']) retrieved from /opt/airflow/dags/DAG_biblioteca.py
[2022-10-17T14:41:25.804+0000] {logging_mixin.py:117} INFO - [2022-10-17T14:41:25.804+0000] {dag.py:2573} INFO - Sync 1 DAGs
[2022-10-17T14:41:25.830+0000] {logging_mixin.py:117} INFO - [2022-10-17T14:41:25.830+0000] {dag.py:3328} INFO - Setting next_dagrun for DAG_biblioteca to 2022-11-01T00:00:00+00:00, run_after=2022-12-01T00:00:00+00:00
[2022-10-17T14:41:25.848+0000] {processor.py:178} INFO - Processing /opt/airflow/dags/DAG_biblioteca.py took 0.408 seconds
[2022-10-17T14:41:34.403+0000] {processor.py:156} INFO - Started process (PID=1248) to work on /opt/airflow/dags/DAG_biblioteca.py
[2022-10-17T14:41:34.404+0000] {processor.py:758} INFO - Processing file /opt/airflow/dags/DAG_biblioteca.py for tasks to queue
[2022-10-17T14:41:34.405+0000] {logging_mixin.py:117} INFO - [2022-10-17T14:41:34.405+0000] {dagbag.py:525} INFO - Filling up the DagBag from /opt/airflow/dags/DAG_biblioteca.py
[2022-10-17T14:41:34.658+0000] {processor.py:768} INFO - DAG(s) dict_keys(['DAG_biblioteca']) retrieved from /opt/airflow/dags/DAG_biblioteca.py
[2022-10-17T14:41:34.685+0000] {logging_mixin.py:117} INFO - [2022-10-17T14:41:34.685+0000] {dag.py:2573} INFO - Sync 1 DAGs
[2022-10-17T14:41:34.701+0000] {logging_mixin.py:117} INFO - [2022-10-17T14:41:34.701+0000] {dag.py:3328} INFO - Setting next_dagrun for DAG_biblioteca to 2022-11-01T00:00:00+00:00, run_after=2022-12-01T00:00:00+00:00
[2022-10-17T14:41:34.715+0000] {processor.py:178} INFO - Processing /opt/airflow/dags/DAG_biblioteca.py took 0.315 seconds
[2022-10-17T14:41:36.736+0000] {processor.py:156} INFO - Started process (PID=1254) to work on /opt/airflow/dags/DAG_biblioteca.py
[2022-10-17T14:41:36.738+0000] {processor.py:758} INFO - Processing file /opt/airflow/dags/DAG_biblioteca.py for tasks to queue
[2022-10-17T14:41:36.740+0000] {logging_mixin.py:117} INFO - [2022-10-17T14:41:36.740+0000] {dagbag.py:525} INFO - Filling up the DagBag from /opt/airflow/dags/DAG_biblioteca.py
[2022-10-17T14:41:36.930+0000] {processor.py:768} INFO - DAG(s) dict_keys(['DAG_biblioteca']) retrieved from /opt/airflow/dags/DAG_biblioteca.py
[2022-10-17T14:41:36.947+0000] {logging_mixin.py:117} INFO - [2022-10-17T14:41:36.947+0000] {dag.py:2573} INFO - Sync 1 DAGs
[2022-10-17T14:41:36.961+0000] {logging_mixin.py:117} INFO - [2022-10-17T14:41:36.961+0000] {dag.py:3328} INFO - Setting next_dagrun for DAG_biblioteca to 2022-11-01T00:00:00+00:00, run_after=2022-12-01T00:00:00+00:00
[2022-10-17T14:41:36.974+0000] {processor.py:178} INFO - Processing /opt/airflow/dags/DAG_biblioteca.py took 0.240 seconds
[2022-10-17T14:42:10.134+0000] {processor.py:156} INFO - Started process (PID=1282) to work on /opt/airflow/dags/DAG_biblioteca.py
[2022-10-17T14:42:10.138+0000] {processor.py:758} INFO - Processing file /opt/airflow/dags/DAG_biblioteca.py for tasks to queue
[2022-10-17T14:42:10.143+0000] {logging_mixin.py:117} INFO - [2022-10-17T14:42:10.143+0000] {dagbag.py:525} INFO - Filling up the DagBag from /opt/airflow/dags/DAG_biblioteca.py
[2022-10-17T14:42:10.453+0000] {processor.py:768} INFO - DAG(s) dict_keys(['DAG_biblioteca']) retrieved from /opt/airflow/dags/DAG_biblioteca.py
[2022-10-17T14:42:10.482+0000] {logging_mixin.py:117} INFO - [2022-10-17T14:42:10.482+0000] {dag.py:2573} INFO - Sync 1 DAGs
[2022-10-17T14:42:10.506+0000] {logging_mixin.py:117} INFO - [2022-10-17T14:42:10.506+0000] {dag.py:3328} INFO - Setting next_dagrun for DAG_biblioteca to 2022-11-01T00:00:00+00:00, run_after=2022-12-01T00:00:00+00:00
[2022-10-17T14:42:10.525+0000] {processor.py:178} INFO - Processing /opt/airflow/dags/DAG_biblioteca.py took 0.396 seconds
[2022-10-17T14:42:29.292+0000] {processor.py:156} INFO - Started process (PID=1311) to work on /opt/airflow/dags/DAG_biblioteca.py
[2022-10-17T14:42:29.294+0000] {processor.py:758} INFO - Processing file /opt/airflow/dags/DAG_biblioteca.py for tasks to queue
[2022-10-17T14:42:29.295+0000] {logging_mixin.py:117} INFO - [2022-10-17T14:42:29.295+0000] {dagbag.py:525} INFO - Filling up the DagBag from /opt/airflow/dags/DAG_biblioteca.py
[2022-10-17T14:42:29.520+0000] {processor.py:768} INFO - DAG(s) dict_keys(['DAG_biblioteca']) retrieved from /opt/airflow/dags/DAG_biblioteca.py
[2022-10-17T14:42:29.537+0000] {logging_mixin.py:117} INFO - [2022-10-17T14:42:29.537+0000] {dag.py:2573} INFO - Sync 1 DAGs
[2022-10-17T14:42:29.552+0000] {logging_mixin.py:117} INFO - [2022-10-17T14:42:29.552+0000] {dag.py:3328} INFO - Setting next_dagrun for DAG_biblioteca to 2022-11-01T00:00:00+00:00, run_after=2022-12-01T00:00:00+00:00
[2022-10-17T14:42:29.565+0000] {processor.py:178} INFO - Processing /opt/airflow/dags/DAG_biblioteca.py took 0.275 seconds
[2022-10-17T14:42:31.635+0000] {processor.py:156} INFO - Started process (PID=1317) to work on /opt/airflow/dags/DAG_biblioteca.py
[2022-10-17T14:42:31.637+0000] {processor.py:758} INFO - Processing file /opt/airflow/dags/DAG_biblioteca.py for tasks to queue
[2022-10-17T14:42:31.638+0000] {logging_mixin.py:117} INFO - [2022-10-17T14:42:31.638+0000] {dagbag.py:525} INFO - Filling up the DagBag from /opt/airflow/dags/DAG_biblioteca.py
[2022-10-17T14:42:31.827+0000] {processor.py:768} INFO - DAG(s) dict_keys(['DAG_biblioteca']) retrieved from /opt/airflow/dags/DAG_biblioteca.py
[2022-10-17T14:42:31.850+0000] {logging_mixin.py:117} INFO - [2022-10-17T14:42:31.850+0000] {dag.py:2573} INFO - Sync 1 DAGs
[2022-10-17T14:42:31.870+0000] {logging_mixin.py:117} INFO - [2022-10-17T14:42:31.870+0000] {dag.py:3328} INFO - Setting next_dagrun for DAG_biblioteca to 2022-11-01T00:00:00+00:00, run_after=2022-12-01T00:00:00+00:00
[2022-10-17T14:42:31.890+0000] {processor.py:178} INFO - Processing /opt/airflow/dags/DAG_biblioteca.py took 0.258 seconds
[2022-10-17T14:42:33.237+0000] {processor.py:156} INFO - Started process (PID=1332) to work on /opt/airflow/dags/DAG_biblioteca.py
[2022-10-17T14:42:33.239+0000] {processor.py:758} INFO - Processing file /opt/airflow/dags/DAG_biblioteca.py for tasks to queue
[2022-10-17T14:42:33.241+0000] {logging_mixin.py:117} INFO - [2022-10-17T14:42:33.241+0000] {dagbag.py:525} INFO - Filling up the DagBag from /opt/airflow/dags/DAG_biblioteca.py
[2022-10-17T14:42:33.527+0000] {processor.py:768} INFO - DAG(s) dict_keys(['DAG_biblioteca']) retrieved from /opt/airflow/dags/DAG_biblioteca.py
[2022-10-17T14:42:33.551+0000] {logging_mixin.py:117} INFO - [2022-10-17T14:42:33.551+0000] {dag.py:2573} INFO - Sync 1 DAGs
[2022-10-17T14:42:33.570+0000] {logging_mixin.py:117} INFO - [2022-10-17T14:42:33.570+0000] {dag.py:3328} INFO - Setting next_dagrun for DAG_biblioteca to 2022-11-01T00:00:00+00:00, run_after=2022-12-01T00:00:00+00:00
[2022-10-17T14:42:33.595+0000] {processor.py:178} INFO - Processing /opt/airflow/dags/DAG_biblioteca.py took 0.361 seconds
[2022-10-17T14:42:43.194+0000] {processor.py:156} INFO - Started process (PID=1338) to work on /opt/airflow/dags/DAG_biblioteca.py
[2022-10-17T14:42:43.196+0000] {processor.py:758} INFO - Processing file /opt/airflow/dags/DAG_biblioteca.py for tasks to queue
[2022-10-17T14:42:43.200+0000] {logging_mixin.py:117} INFO - [2022-10-17T14:42:43.200+0000] {dagbag.py:525} INFO - Filling up the DagBag from /opt/airflow/dags/DAG_biblioteca.py
[2022-10-17T14:42:43.488+0000] {processor.py:768} INFO - DAG(s) dict_keys(['DAG_biblioteca']) retrieved from /opt/airflow/dags/DAG_biblioteca.py
[2022-10-17T14:42:43.530+0000] {logging_mixin.py:117} INFO - [2022-10-17T14:42:43.530+0000] {dag.py:2573} INFO - Sync 1 DAGs
[2022-10-17T14:42:43.561+0000] {logging_mixin.py:117} INFO - [2022-10-17T14:42:43.561+0000] {dag.py:3328} INFO - Setting next_dagrun for DAG_biblioteca to 2022-11-01T00:00:00+00:00, run_after=2022-12-01T00:00:00+00:00
[2022-10-17T14:42:43.582+0000] {processor.py:178} INFO - Processing /opt/airflow/dags/DAG_biblioteca.py took 0.392 seconds
[2022-10-17T14:42:45.754+0000] {processor.py:156} INFO - Started process (PID=1353) to work on /opt/airflow/dags/DAG_biblioteca.py
[2022-10-17T14:42:45.756+0000] {processor.py:758} INFO - Processing file /opt/airflow/dags/DAG_biblioteca.py for tasks to queue
[2022-10-17T14:42:45.757+0000] {logging_mixin.py:117} INFO - [2022-10-17T14:42:45.757+0000] {dagbag.py:525} INFO - Filling up the DagBag from /opt/airflow/dags/DAG_biblioteca.py
[2022-10-17T14:42:45.970+0000] {processor.py:768} INFO - DAG(s) dict_keys(['DAG_biblioteca']) retrieved from /opt/airflow/dags/DAG_biblioteca.py
[2022-10-17T14:42:45.988+0000] {logging_mixin.py:117} INFO - [2022-10-17T14:42:45.987+0000] {dag.py:2573} INFO - Sync 1 DAGs
[2022-10-17T14:42:46.003+0000] {logging_mixin.py:117} INFO - [2022-10-17T14:42:46.003+0000] {dag.py:3328} INFO - Setting next_dagrun for DAG_biblioteca to 2022-11-01T00:00:00+00:00, run_after=2022-12-01T00:00:00+00:00
[2022-10-17T14:42:46.022+0000] {processor.py:178} INFO - Processing /opt/airflow/dags/DAG_biblioteca.py took 0.269 seconds
[2022-10-17T14:42:56.762+0000] {processor.py:156} INFO - Started process (PID=1372) to work on /opt/airflow/dags/DAG_biblioteca.py
[2022-10-17T14:42:56.764+0000] {processor.py:758} INFO - Processing file /opt/airflow/dags/DAG_biblioteca.py for tasks to queue
[2022-10-17T14:42:56.765+0000] {logging_mixin.py:117} INFO - [2022-10-17T14:42:56.765+0000] {dagbag.py:525} INFO - Filling up the DagBag from /opt/airflow/dags/DAG_biblioteca.py
[2022-10-17T14:42:56.964+0000] {processor.py:768} INFO - DAG(s) dict_keys(['DAG_biblioteca']) retrieved from /opt/airflow/dags/DAG_biblioteca.py
[2022-10-17T14:42:56.983+0000] {logging_mixin.py:117} INFO - [2022-10-17T14:42:56.983+0000] {dag.py:2573} INFO - Sync 1 DAGs
[2022-10-17T14:42:56.998+0000] {logging_mixin.py:117} INFO - [2022-10-17T14:42:56.997+0000] {dag.py:3328} INFO - Setting next_dagrun for DAG_biblioteca to 2022-11-01T00:00:00+00:00, run_after=2022-12-01T00:00:00+00:00
[2022-10-17T14:42:57.011+0000] {processor.py:178} INFO - Processing /opt/airflow/dags/DAG_biblioteca.py took 0.251 seconds
[2022-10-17T14:42:59.209+0000] {processor.py:156} INFO - Started process (PID=1378) to work on /opt/airflow/dags/DAG_biblioteca.py
[2022-10-17T14:42:59.211+0000] {processor.py:758} INFO - Processing file /opt/airflow/dags/DAG_biblioteca.py for tasks to queue
[2022-10-17T14:42:59.212+0000] {logging_mixin.py:117} INFO - [2022-10-17T14:42:59.212+0000] {dagbag.py:525} INFO - Filling up the DagBag from /opt/airflow/dags/DAG_biblioteca.py
[2022-10-17T14:42:59.407+0000] {processor.py:768} INFO - DAG(s) dict_keys(['DAG_biblioteca']) retrieved from /opt/airflow/dags/DAG_biblioteca.py
[2022-10-17T14:42:59.428+0000] {logging_mixin.py:117} INFO - [2022-10-17T14:42:59.427+0000] {dag.py:2573} INFO - Sync 1 DAGs
[2022-10-17T14:42:59.452+0000] {logging_mixin.py:117} INFO - [2022-10-17T14:42:59.452+0000] {dag.py:3328} INFO - Setting next_dagrun for DAG_biblioteca to 2022-11-01T00:00:00+00:00, run_after=2022-12-01T00:00:00+00:00
[2022-10-17T14:42:59.471+0000] {processor.py:178} INFO - Processing /opt/airflow/dags/DAG_biblioteca.py took 0.264 seconds
[2022-10-17T14:43:29.842+0000] {processor.py:156} INFO - Started process (PID=1411) to work on /opt/airflow/dags/DAG_biblioteca.py
[2022-10-17T14:43:29.844+0000] {processor.py:758} INFO - Processing file /opt/airflow/dags/DAG_biblioteca.py for tasks to queue
[2022-10-17T14:43:29.846+0000] {logging_mixin.py:117} INFO - [2022-10-17T14:43:29.846+0000] {dagbag.py:525} INFO - Filling up the DagBag from /opt/airflow/dags/DAG_biblioteca.py
[2022-10-17T14:43:30.118+0000] {processor.py:768} INFO - DAG(s) dict_keys(['DAG_biblioteca']) retrieved from /opt/airflow/dags/DAG_biblioteca.py
[2022-10-17T14:43:30.141+0000] {logging_mixin.py:117} INFO - [2022-10-17T14:43:30.141+0000] {dag.py:2573} INFO - Sync 1 DAGs
[2022-10-17T14:43:30.166+0000] {logging_mixin.py:117} INFO - [2022-10-17T14:43:30.166+0000] {dag.py:3328} INFO - Setting next_dagrun for DAG_biblioteca to 2022-11-01T00:00:00+00:00, run_after=2022-12-01T00:00:00+00:00
[2022-10-17T14:43:30.179+0000] {processor.py:178} INFO - Processing /opt/airflow/dags/DAG_biblioteca.py took 0.344 seconds
[2022-10-17T14:44:01.066+0000] {processor.py:156} INFO - Started process (PID=1449) to work on /opt/airflow/dags/DAG_biblioteca.py
[2022-10-17T14:44:01.068+0000] {processor.py:758} INFO - Processing file /opt/airflow/dags/DAG_biblioteca.py for tasks to queue
[2022-10-17T14:44:01.069+0000] {logging_mixin.py:117} INFO - [2022-10-17T14:44:01.069+0000] {dagbag.py:525} INFO - Filling up the DagBag from /opt/airflow/dags/DAG_biblioteca.py
[2022-10-17T14:44:01.275+0000] {processor.py:768} INFO - DAG(s) dict_keys(['DAG_biblioteca']) retrieved from /opt/airflow/dags/DAG_biblioteca.py
[2022-10-17T14:44:01.294+0000] {logging_mixin.py:117} INFO - [2022-10-17T14:44:01.293+0000] {dag.py:2573} INFO - Sync 1 DAGs
[2022-10-17T14:44:01.309+0000] {logging_mixin.py:117} INFO - [2022-10-17T14:44:01.309+0000] {dag.py:3328} INFO - Setting next_dagrun for DAG_biblioteca to 2022-11-01T00:00:00+00:00, run_after=2022-12-01T00:00:00+00:00
[2022-10-17T14:44:01.321+0000] {processor.py:178} INFO - Processing /opt/airflow/dags/DAG_biblioteca.py took 0.257 seconds
