[2022-10-17T14:24:42.602+0000] {processor.py:156} INFO - Started process (PID=36) to work on /opt/airflow/dags/DAG_museo.py
[2022-10-17T14:24:42.604+0000] {processor.py:758} INFO - Processing file /opt/airflow/dags/DAG_museo.py for tasks to queue
[2022-10-17T14:24:42.607+0000] {logging_mixin.py:117} INFO - [2022-10-17T14:24:42.607+0000] {dagbag.py:525} INFO - Filling up the DagBag from /opt/airflow/dags/DAG_museo.py
[2022-10-17T14:24:43.606+0000] {processor.py:768} INFO - DAG(s) dict_keys(['DAG_museo']) retrieved from /opt/airflow/dags/DAG_museo.py
[2022-10-17T14:24:43.782+0000] {logging_mixin.py:117} INFO - [2022-10-17T14:24:43.782+0000] {manager.py:508} INFO - Created Permission View: can delete on DAG:DAG_museo
[2022-10-17T14:24:43.797+0000] {logging_mixin.py:117} INFO - [2022-10-17T14:24:43.796+0000] {manager.py:508} INFO - Created Permission View: can edit on DAG:DAG_museo
[2022-10-17T14:24:43.806+0000] {logging_mixin.py:117} INFO - [2022-10-17T14:24:43.806+0000] {manager.py:508} INFO - Created Permission View: can read on DAG:DAG_museo
[2022-10-17T14:24:43.808+0000] {logging_mixin.py:117} INFO - [2022-10-17T14:24:43.808+0000] {dag.py:2573} INFO - Sync 1 DAGs
[2022-10-17T14:24:43.822+0000] {logging_mixin.py:117} INFO - [2022-10-17T14:24:43.822+0000] {dag.py:2594} INFO - Creating ORM DAG for DAG_museo
[2022-10-17T14:24:43.835+0000] {logging_mixin.py:117} INFO - [2022-10-17T14:24:43.835+0000] {dag.py:3328} INFO - Setting next_dagrun for DAG_museo to 2022-11-01T00:00:00+00:00, run_after=2022-12-01T00:00:00+00:00
[2022-10-17T14:24:43.859+0000] {processor.py:178} INFO - Processing /opt/airflow/dags/DAG_museo.py took 1.263 seconds
[2022-10-17T14:24:47.610+0000] {processor.py:156} INFO - Started process (PID=50) to work on /opt/airflow/dags/DAG_museo.py
[2022-10-17T14:24:47.614+0000] {processor.py:758} INFO - Processing file /opt/airflow/dags/DAG_museo.py for tasks to queue
[2022-10-17T14:24:47.620+0000] {logging_mixin.py:117} INFO - [2022-10-17T14:24:47.620+0000] {dagbag.py:525} INFO - Filling up the DagBag from /opt/airflow/dags/DAG_museo.py
[2022-10-17T14:24:47.978+0000] {processor.py:768} INFO - DAG(s) dict_keys(['DAG_museo']) retrieved from /opt/airflow/dags/DAG_museo.py
[2022-10-17T14:24:48.001+0000] {logging_mixin.py:117} INFO - [2022-10-17T14:24:48.000+0000] {dag.py:2573} INFO - Sync 1 DAGs
[2022-10-17T14:24:48.033+0000] {logging_mixin.py:117} INFO - [2022-10-17T14:24:48.033+0000] {dag.py:3328} INFO - Setting next_dagrun for DAG_museo to 2022-11-01T00:00:00+00:00, run_after=2022-12-01T00:00:00+00:00
[2022-10-17T14:24:48.063+0000] {processor.py:178} INFO - Processing /opt/airflow/dags/DAG_museo.py took 0.460 seconds
[2022-10-17T14:25:05.290+0000] {processor.py:156} INFO - Started process (PID=65) to work on /opt/airflow/dags/DAG_museo.py
[2022-10-17T14:25:05.292+0000] {processor.py:758} INFO - Processing file /opt/airflow/dags/DAG_museo.py for tasks to queue
[2022-10-17T14:25:05.296+0000] {logging_mixin.py:117} INFO - [2022-10-17T14:25:05.296+0000] {dagbag.py:525} INFO - Filling up the DagBag from /opt/airflow/dags/DAG_museo.py
[2022-10-17T14:25:05.647+0000] {processor.py:768} INFO - DAG(s) dict_keys(['DAG_museo']) retrieved from /opt/airflow/dags/DAG_museo.py
[2022-10-17T14:25:05.670+0000] {logging_mixin.py:117} INFO - [2022-10-17T14:25:05.669+0000] {dag.py:2573} INFO - Sync 1 DAGs
[2022-10-17T14:25:05.697+0000] {logging_mixin.py:117} INFO - [2022-10-17T14:25:05.697+0000] {dag.py:3328} INFO - Setting next_dagrun for DAG_museo to 2022-11-01T00:00:00+00:00, run_after=2022-12-01T00:00:00+00:00
[2022-10-17T14:25:05.714+0000] {processor.py:178} INFO - Processing /opt/airflow/dags/DAG_museo.py took 0.429 seconds
[2022-10-17T14:25:09.058+0000] {processor.py:156} INFO - Started process (PID=80) to work on /opt/airflow/dags/DAG_museo.py
[2022-10-17T14:25:09.060+0000] {processor.py:758} INFO - Processing file /opt/airflow/dags/DAG_museo.py for tasks to queue
[2022-10-17T14:25:09.062+0000] {logging_mixin.py:117} INFO - [2022-10-17T14:25:09.062+0000] {dagbag.py:525} INFO - Filling up the DagBag from /opt/airflow/dags/DAG_museo.py
[2022-10-17T14:25:09.661+0000] {processor.py:768} INFO - DAG(s) dict_keys(['DAG_museo']) retrieved from /opt/airflow/dags/DAG_museo.py
[2022-10-17T14:25:09.678+0000] {logging_mixin.py:117} INFO - [2022-10-17T14:25:09.677+0000] {dag.py:2573} INFO - Sync 1 DAGs
[2022-10-17T14:25:09.710+0000] {logging_mixin.py:117} INFO - [2022-10-17T14:25:09.710+0000] {dag.py:3328} INFO - Setting next_dagrun for DAG_museo to 2022-11-01T00:00:00+00:00, run_after=2022-12-01T00:00:00+00:00
[2022-10-17T14:25:09.741+0000] {processor.py:178} INFO - Processing /opt/airflow/dags/DAG_museo.py took 0.693 seconds
[2022-10-17T14:25:10.133+0000] {processor.py:156} INFO - Started process (PID=86) to work on /opt/airflow/dags/DAG_museo.py
[2022-10-17T14:25:10.137+0000] {processor.py:758} INFO - Processing file /opt/airflow/dags/DAG_museo.py for tasks to queue
[2022-10-17T14:25:10.141+0000] {logging_mixin.py:117} INFO - [2022-10-17T14:25:10.141+0000] {dagbag.py:525} INFO - Filling up the DagBag from /opt/airflow/dags/DAG_museo.py
[2022-10-17T14:25:10.381+0000] {processor.py:768} INFO - DAG(s) dict_keys(['DAG_museo']) retrieved from /opt/airflow/dags/DAG_museo.py
[2022-10-17T14:25:10.394+0000] {logging_mixin.py:117} INFO - [2022-10-17T14:25:10.393+0000] {dag.py:2573} INFO - Sync 1 DAGs
[2022-10-17T14:25:10.410+0000] {logging_mixin.py:117} INFO - [2022-10-17T14:25:10.410+0000] {dag.py:3328} INFO - Setting next_dagrun for DAG_museo to 2022-11-01T00:00:00+00:00, run_after=2022-12-01T00:00:00+00:00
[2022-10-17T14:25:10.427+0000] {processor.py:178} INFO - Processing /opt/airflow/dags/DAG_museo.py took 0.297 seconds
[2022-10-17T14:25:21.266+0000] {processor.py:156} INFO - Started process (PID=98) to work on /opt/airflow/dags/DAG_museo.py
[2022-10-17T14:25:21.273+0000] {processor.py:758} INFO - Processing file /opt/airflow/dags/DAG_museo.py for tasks to queue
[2022-10-17T14:25:21.275+0000] {logging_mixin.py:117} INFO - [2022-10-17T14:25:21.275+0000] {dagbag.py:525} INFO - Filling up the DagBag from /opt/airflow/dags/DAG_museo.py
[2022-10-17T14:25:21.600+0000] {processor.py:768} INFO - DAG(s) dict_keys(['DAG_museo']) retrieved from /opt/airflow/dags/DAG_museo.py
[2022-10-17T14:25:21.631+0000] {logging_mixin.py:117} INFO - [2022-10-17T14:25:21.631+0000] {dag.py:2573} INFO - Sync 1 DAGs
[2022-10-17T14:25:21.656+0000] {logging_mixin.py:117} INFO - [2022-10-17T14:25:21.656+0000] {dag.py:3328} INFO - Setting next_dagrun for DAG_museo to 2022-11-01T00:00:00+00:00, run_after=2022-12-01T00:00:00+00:00
[2022-10-17T14:25:21.676+0000] {processor.py:178} INFO - Processing /opt/airflow/dags/DAG_museo.py took 0.414 seconds
[2022-10-17T14:25:23.977+0000] {processor.py:156} INFO - Started process (PID=104) to work on /opt/airflow/dags/DAG_museo.py
[2022-10-17T14:25:23.979+0000] {processor.py:758} INFO - Processing file /opt/airflow/dags/DAG_museo.py for tasks to queue
[2022-10-17T14:25:23.980+0000] {logging_mixin.py:117} INFO - [2022-10-17T14:25:23.980+0000] {dagbag.py:525} INFO - Filling up the DagBag from /opt/airflow/dags/DAG_museo.py
[2022-10-17T14:25:24.258+0000] {processor.py:768} INFO - DAG(s) dict_keys(['DAG_museo']) retrieved from /opt/airflow/dags/DAG_museo.py
[2022-10-17T14:25:24.280+0000] {logging_mixin.py:117} INFO - [2022-10-17T14:25:24.280+0000] {dag.py:2573} INFO - Sync 1 DAGs
[2022-10-17T14:25:24.299+0000] {logging_mixin.py:117} INFO - [2022-10-17T14:25:24.299+0000] {dag.py:3328} INFO - Setting next_dagrun for DAG_museo to 2022-11-01T00:00:00+00:00, run_after=2022-12-01T00:00:00+00:00
[2022-10-17T14:25:24.315+0000] {processor.py:178} INFO - Processing /opt/airflow/dags/DAG_museo.py took 0.342 seconds
[2022-10-17T14:25:54.706+0000] {processor.py:156} INFO - Started process (PID=137) to work on /opt/airflow/dags/DAG_museo.py
[2022-10-17T14:25:54.709+0000] {processor.py:758} INFO - Processing file /opt/airflow/dags/DAG_museo.py for tasks to queue
[2022-10-17T14:25:54.712+0000] {logging_mixin.py:117} INFO - [2022-10-17T14:25:54.712+0000] {dagbag.py:525} INFO - Filling up the DagBag from /opt/airflow/dags/DAG_museo.py
[2022-10-17T14:25:55.007+0000] {processor.py:768} INFO - DAG(s) dict_keys(['DAG_museo']) retrieved from /opt/airflow/dags/DAG_museo.py
[2022-10-17T14:25:55.041+0000] {logging_mixin.py:117} INFO - [2022-10-17T14:25:55.041+0000] {dag.py:2573} INFO - Sync 1 DAGs
[2022-10-17T14:25:55.065+0000] {logging_mixin.py:117} INFO - [2022-10-17T14:25:55.064+0000] {dag.py:3328} INFO - Setting next_dagrun for DAG_museo to 2022-11-01T00:00:00+00:00, run_after=2022-12-01T00:00:00+00:00
[2022-10-17T14:25:55.086+0000] {processor.py:178} INFO - Processing /opt/airflow/dags/DAG_museo.py took 0.383 seconds
[2022-10-17T14:26:25.449+0000] {processor.py:156} INFO - Started process (PID=170) to work on /opt/airflow/dags/DAG_museo.py
[2022-10-17T14:26:25.455+0000] {processor.py:758} INFO - Processing file /opt/airflow/dags/DAG_museo.py for tasks to queue
[2022-10-17T14:26:25.458+0000] {logging_mixin.py:117} INFO - [2022-10-17T14:26:25.458+0000] {dagbag.py:525} INFO - Filling up the DagBag from /opt/airflow/dags/DAG_museo.py
[2022-10-17T14:26:26.000+0000] {processor.py:768} INFO - DAG(s) dict_keys(['DAG_museo']) retrieved from /opt/airflow/dags/DAG_museo.py
[2022-10-17T14:26:26.028+0000] {logging_mixin.py:117} INFO - [2022-10-17T14:26:26.027+0000] {dag.py:2573} INFO - Sync 1 DAGs
[2022-10-17T14:26:26.054+0000] {logging_mixin.py:117} INFO - [2022-10-17T14:26:26.054+0000] {dag.py:3328} INFO - Setting next_dagrun for DAG_museo to 2022-11-01T00:00:00+00:00, run_after=2022-12-01T00:00:00+00:00
[2022-10-17T14:26:26.074+0000] {processor.py:178} INFO - Processing /opt/airflow/dags/DAG_museo.py took 0.652 seconds
[2022-10-17T14:26:56.767+0000] {processor.py:156} INFO - Started process (PID=198) to work on /opt/airflow/dags/DAG_museo.py
[2022-10-17T14:26:56.770+0000] {processor.py:758} INFO - Processing file /opt/airflow/dags/DAG_museo.py for tasks to queue
[2022-10-17T14:26:56.772+0000] {logging_mixin.py:117} INFO - [2022-10-17T14:26:56.772+0000] {dagbag.py:525} INFO - Filling up the DagBag from /opt/airflow/dags/DAG_museo.py
[2022-10-17T14:26:56.971+0000] {processor.py:768} INFO - DAG(s) dict_keys(['DAG_museo']) retrieved from /opt/airflow/dags/DAG_museo.py
[2022-10-17T14:26:56.991+0000] {logging_mixin.py:117} INFO - [2022-10-17T14:26:56.990+0000] {dag.py:2573} INFO - Sync 1 DAGs
[2022-10-17T14:26:57.007+0000] {logging_mixin.py:117} INFO - [2022-10-17T14:26:57.007+0000] {dag.py:3328} INFO - Setting next_dagrun for DAG_museo to 2022-11-01T00:00:00+00:00, run_after=2022-12-01T00:00:00+00:00
[2022-10-17T14:26:57.020+0000] {processor.py:178} INFO - Processing /opt/airflow/dags/DAG_museo.py took 0.258 seconds
[2022-10-17T14:27:27.350+0000] {processor.py:156} INFO - Started process (PID=230) to work on /opt/airflow/dags/DAG_museo.py
[2022-10-17T14:27:27.352+0000] {processor.py:758} INFO - Processing file /opt/airflow/dags/DAG_museo.py for tasks to queue
[2022-10-17T14:27:27.355+0000] {logging_mixin.py:117} INFO - [2022-10-17T14:27:27.355+0000] {dagbag.py:525} INFO - Filling up the DagBag from /opt/airflow/dags/DAG_museo.py
[2022-10-17T14:27:27.589+0000] {processor.py:768} INFO - DAG(s) dict_keys(['DAG_museo']) retrieved from /opt/airflow/dags/DAG_museo.py
[2022-10-17T14:27:27.613+0000] {logging_mixin.py:117} INFO - [2022-10-17T14:27:27.613+0000] {dag.py:2573} INFO - Sync 1 DAGs
[2022-10-17T14:27:27.634+0000] {logging_mixin.py:117} INFO - [2022-10-17T14:27:27.634+0000] {dag.py:3328} INFO - Setting next_dagrun for DAG_museo to 2022-11-01T00:00:00+00:00, run_after=2022-12-01T00:00:00+00:00
[2022-10-17T14:27:27.647+0000] {processor.py:178} INFO - Processing /opt/airflow/dags/DAG_museo.py took 0.302 seconds
[2022-10-17T14:27:57.976+0000] {processor.py:156} INFO - Started process (PID=262) to work on /opt/airflow/dags/DAG_museo.py
[2022-10-17T14:27:57.979+0000] {processor.py:758} INFO - Processing file /opt/airflow/dags/DAG_museo.py for tasks to queue
[2022-10-17T14:27:57.981+0000] {logging_mixin.py:117} INFO - [2022-10-17T14:27:57.981+0000] {dagbag.py:525} INFO - Filling up the DagBag from /opt/airflow/dags/DAG_museo.py
[2022-10-17T14:27:58.211+0000] {processor.py:768} INFO - DAG(s) dict_keys(['DAG_museo']) retrieved from /opt/airflow/dags/DAG_museo.py
[2022-10-17T14:27:58.238+0000] {logging_mixin.py:117} INFO - [2022-10-17T14:27:58.238+0000] {dag.py:2573} INFO - Sync 1 DAGs
[2022-10-17T14:27:58.257+0000] {logging_mixin.py:117} INFO - [2022-10-17T14:27:58.256+0000] {dag.py:3328} INFO - Setting next_dagrun for DAG_museo to 2022-11-01T00:00:00+00:00, run_after=2022-12-01T00:00:00+00:00
[2022-10-17T14:27:58.269+0000] {processor.py:178} INFO - Processing /opt/airflow/dags/DAG_museo.py took 0.299 seconds
[2022-10-17T14:28:28.782+0000] {processor.py:156} INFO - Started process (PID=305) to work on /opt/airflow/dags/DAG_museo.py
[2022-10-17T14:28:28.786+0000] {processor.py:758} INFO - Processing file /opt/airflow/dags/DAG_museo.py for tasks to queue
[2022-10-17T14:28:28.789+0000] {logging_mixin.py:117} INFO - [2022-10-17T14:28:28.789+0000] {dagbag.py:525} INFO - Filling up the DagBag from /opt/airflow/dags/DAG_museo.py
[2022-10-17T14:28:28.982+0000] {processor.py:768} INFO - DAG(s) dict_keys(['DAG_museo']) retrieved from /opt/airflow/dags/DAG_museo.py
[2022-10-17T14:28:29.004+0000] {logging_mixin.py:117} INFO - [2022-10-17T14:28:29.004+0000] {dag.py:2573} INFO - Sync 1 DAGs
[2022-10-17T14:28:29.022+0000] {logging_mixin.py:117} INFO - [2022-10-17T14:28:29.022+0000] {dag.py:3328} INFO - Setting next_dagrun for DAG_museo to 2022-11-01T00:00:00+00:00, run_after=2022-12-01T00:00:00+00:00
[2022-10-17T14:28:29.034+0000] {processor.py:178} INFO - Processing /opt/airflow/dags/DAG_museo.py took 0.257 seconds
[2022-10-17T14:28:59.386+0000] {processor.py:156} INFO - Started process (PID=338) to work on /opt/airflow/dags/DAG_museo.py
[2022-10-17T14:28:59.388+0000] {processor.py:758} INFO - Processing file /opt/airflow/dags/DAG_museo.py for tasks to queue
[2022-10-17T14:28:59.390+0000] {logging_mixin.py:117} INFO - [2022-10-17T14:28:59.389+0000] {dagbag.py:525} INFO - Filling up the DagBag from /opt/airflow/dags/DAG_museo.py
[2022-10-17T14:28:59.561+0000] {processor.py:768} INFO - DAG(s) dict_keys(['DAG_museo']) retrieved from /opt/airflow/dags/DAG_museo.py
[2022-10-17T14:28:59.581+0000] {logging_mixin.py:117} INFO - [2022-10-17T14:28:59.581+0000] {dag.py:2573} INFO - Sync 1 DAGs
[2022-10-17T14:28:59.598+0000] {logging_mixin.py:117} INFO - [2022-10-17T14:28:59.598+0000] {dag.py:3328} INFO - Setting next_dagrun for DAG_museo to 2022-11-01T00:00:00+00:00, run_after=2022-12-01T00:00:00+00:00
[2022-10-17T14:28:59.609+0000] {processor.py:178} INFO - Processing /opt/airflow/dags/DAG_museo.py took 0.228 seconds
[2022-10-17T14:29:29.887+0000] {processor.py:156} INFO - Started process (PID=370) to work on /opt/airflow/dags/DAG_museo.py
[2022-10-17T14:29:29.889+0000] {processor.py:758} INFO - Processing file /opt/airflow/dags/DAG_museo.py for tasks to queue
[2022-10-17T14:29:29.891+0000] {logging_mixin.py:117} INFO - [2022-10-17T14:29:29.890+0000] {dagbag.py:525} INFO - Filling up the DagBag from /opt/airflow/dags/DAG_museo.py
[2022-10-17T14:29:30.140+0000] {processor.py:768} INFO - DAG(s) dict_keys(['DAG_museo']) retrieved from /opt/airflow/dags/DAG_museo.py
[2022-10-17T14:29:30.171+0000] {logging_mixin.py:117} INFO - [2022-10-17T14:29:30.170+0000] {dag.py:2573} INFO - Sync 1 DAGs
[2022-10-17T14:29:30.190+0000] {logging_mixin.py:117} INFO - [2022-10-17T14:29:30.190+0000] {dag.py:3328} INFO - Setting next_dagrun for DAG_museo to 2022-11-01T00:00:00+00:00, run_after=2022-12-01T00:00:00+00:00
[2022-10-17T14:29:30.203+0000] {processor.py:178} INFO - Processing /opt/airflow/dags/DAG_museo.py took 0.319 seconds
[2022-10-17T14:30:00.520+0000] {processor.py:156} INFO - Started process (PID=394) to work on /opt/airflow/dags/DAG_museo.py
[2022-10-17T14:30:00.523+0000] {processor.py:758} INFO - Processing file /opt/airflow/dags/DAG_museo.py for tasks to queue
[2022-10-17T14:30:00.525+0000] {logging_mixin.py:117} INFO - [2022-10-17T14:30:00.525+0000] {dagbag.py:525} INFO - Filling up the DagBag from /opt/airflow/dags/DAG_museo.py
[2022-10-17T14:30:00.708+0000] {processor.py:768} INFO - DAG(s) dict_keys(['DAG_museo']) retrieved from /opt/airflow/dags/DAG_museo.py
[2022-10-17T14:30:00.726+0000] {logging_mixin.py:117} INFO - [2022-10-17T14:30:00.726+0000] {dag.py:2573} INFO - Sync 1 DAGs
[2022-10-17T14:30:00.744+0000] {logging_mixin.py:117} INFO - [2022-10-17T14:30:00.744+0000] {dag.py:3328} INFO - Setting next_dagrun for DAG_museo to 2022-11-01T00:00:00+00:00, run_after=2022-12-01T00:00:00+00:00
[2022-10-17T14:30:00.757+0000] {processor.py:178} INFO - Processing /opt/airflow/dags/DAG_museo.py took 0.245 seconds
[2022-10-17T14:30:31.028+0000] {processor.py:156} INFO - Started process (PID=427) to work on /opt/airflow/dags/DAG_museo.py
[2022-10-17T14:30:31.031+0000] {processor.py:758} INFO - Processing file /opt/airflow/dags/DAG_museo.py for tasks to queue
[2022-10-17T14:30:31.032+0000] {logging_mixin.py:117} INFO - [2022-10-17T14:30:31.032+0000] {dagbag.py:525} INFO - Filling up the DagBag from /opt/airflow/dags/DAG_museo.py
[2022-10-17T14:30:31.226+0000] {processor.py:768} INFO - DAG(s) dict_keys(['DAG_museo']) retrieved from /opt/airflow/dags/DAG_museo.py
[2022-10-17T14:30:31.250+0000] {logging_mixin.py:117} INFO - [2022-10-17T14:30:31.250+0000] {dag.py:2573} INFO - Sync 1 DAGs
[2022-10-17T14:30:31.268+0000] {logging_mixin.py:117} INFO - [2022-10-17T14:30:31.268+0000] {dag.py:3328} INFO - Setting next_dagrun for DAG_museo to 2022-11-01T00:00:00+00:00, run_after=2022-12-01T00:00:00+00:00
[2022-10-17T14:30:31.279+0000] {processor.py:178} INFO - Processing /opt/airflow/dags/DAG_museo.py took 0.257 seconds
[2022-10-17T14:30:59.610+0000] {processor.py:156} INFO - Started process (PID=458) to work on /opt/airflow/dags/DAG_museo.py
[2022-10-17T14:30:59.612+0000] {processor.py:758} INFO - Processing file /opt/airflow/dags/DAG_museo.py for tasks to queue
[2022-10-17T14:30:59.615+0000] {logging_mixin.py:117} INFO - [2022-10-17T14:30:59.614+0000] {dagbag.py:525} INFO - Filling up the DagBag from /opt/airflow/dags/DAG_museo.py
[2022-10-17T14:30:59.879+0000] {processor.py:768} INFO - DAG(s) dict_keys(['DAG_museo']) retrieved from /opt/airflow/dags/DAG_museo.py
[2022-10-17T14:30:59.907+0000] {logging_mixin.py:117} INFO - [2022-10-17T14:30:59.907+0000] {dag.py:2573} INFO - Sync 1 DAGs
[2022-10-17T14:30:59.927+0000] {logging_mixin.py:117} INFO - [2022-10-17T14:30:59.927+0000] {dag.py:3328} INFO - Setting next_dagrun for DAG_museo to 2022-11-01T00:00:00+00:00, run_after=2022-12-01T00:00:00+00:00
[2022-10-17T14:30:59.945+0000] {processor.py:178} INFO - Processing /opt/airflow/dags/DAG_museo.py took 0.341 seconds
[2022-10-17T14:31:12.293+0000] {processor.py:156} INFO - Started process (PID=474) to work on /opt/airflow/dags/DAG_museo.py
[2022-10-17T14:31:12.295+0000] {processor.py:758} INFO - Processing file /opt/airflow/dags/DAG_museo.py for tasks to queue
[2022-10-17T14:31:12.297+0000] {logging_mixin.py:117} INFO - [2022-10-17T14:31:12.296+0000] {dagbag.py:525} INFO - Filling up the DagBag from /opt/airflow/dags/DAG_museo.py
[2022-10-17T14:31:12.567+0000] {processor.py:768} INFO - DAG(s) dict_keys(['DAG_museo']) retrieved from /opt/airflow/dags/DAG_museo.py
[2022-10-17T14:31:12.605+0000] {logging_mixin.py:117} INFO - [2022-10-17T14:31:12.604+0000] {dag.py:2573} INFO - Sync 1 DAGs
[2022-10-17T14:31:12.632+0000] {logging_mixin.py:117} INFO - [2022-10-17T14:31:12.632+0000] {dag.py:3328} INFO - Setting next_dagrun for DAG_museo to 2022-11-01T00:00:00+00:00, run_after=2022-12-01T00:00:00+00:00
[2022-10-17T14:31:12.670+0000] {processor.py:178} INFO - Processing /opt/airflow/dags/DAG_museo.py took 0.381 seconds
[2022-10-17T14:31:43.022+0000] {processor.py:156} INFO - Started process (PID=507) to work on /opt/airflow/dags/DAG_museo.py
[2022-10-17T14:31:43.025+0000] {processor.py:758} INFO - Processing file /opt/airflow/dags/DAG_museo.py for tasks to queue
[2022-10-17T14:31:43.028+0000] {logging_mixin.py:117} INFO - [2022-10-17T14:31:43.027+0000] {dagbag.py:525} INFO - Filling up the DagBag from /opt/airflow/dags/DAG_museo.py
[2022-10-17T14:31:43.297+0000] {processor.py:768} INFO - DAG(s) dict_keys(['DAG_museo']) retrieved from /opt/airflow/dags/DAG_museo.py
[2022-10-17T14:31:43.324+0000] {logging_mixin.py:117} INFO - [2022-10-17T14:31:43.324+0000] {dag.py:2573} INFO - Sync 1 DAGs
[2022-10-17T14:31:43.342+0000] {logging_mixin.py:117} INFO - [2022-10-17T14:31:43.342+0000] {dag.py:3328} INFO - Setting next_dagrun for DAG_museo to 2022-11-01T00:00:00+00:00, run_after=2022-12-01T00:00:00+00:00
[2022-10-17T14:31:43.358+0000] {processor.py:178} INFO - Processing /opt/airflow/dags/DAG_museo.py took 0.340 seconds
[2022-10-17T14:32:13.690+0000] {processor.py:156} INFO - Started process (PID=539) to work on /opt/airflow/dags/DAG_museo.py
[2022-10-17T14:32:13.692+0000] {processor.py:758} INFO - Processing file /opt/airflow/dags/DAG_museo.py for tasks to queue
[2022-10-17T14:32:13.694+0000] {logging_mixin.py:117} INFO - [2022-10-17T14:32:13.694+0000] {dagbag.py:525} INFO - Filling up the DagBag from /opt/airflow/dags/DAG_museo.py
[2022-10-17T14:32:13.949+0000] {processor.py:768} INFO - DAG(s) dict_keys(['DAG_museo']) retrieved from /opt/airflow/dags/DAG_museo.py
[2022-10-17T14:32:13.977+0000] {logging_mixin.py:117} INFO - [2022-10-17T14:32:13.977+0000] {dag.py:2573} INFO - Sync 1 DAGs
[2022-10-17T14:32:13.996+0000] {logging_mixin.py:117} INFO - [2022-10-17T14:32:13.996+0000] {dag.py:3328} INFO - Setting next_dagrun for DAG_museo to 2022-11-01T00:00:00+00:00, run_after=2022-12-01T00:00:00+00:00
[2022-10-17T14:32:14.010+0000] {processor.py:178} INFO - Processing /opt/airflow/dags/DAG_museo.py took 0.325 seconds
[2022-10-17T14:32:15.053+0000] {processor.py:156} INFO - Started process (PID=544) to work on /opt/airflow/dags/DAG_museo.py
[2022-10-17T14:32:15.054+0000] {processor.py:758} INFO - Processing file /opt/airflow/dags/DAG_museo.py for tasks to queue
[2022-10-17T14:32:15.056+0000] {logging_mixin.py:117} INFO - [2022-10-17T14:32:15.056+0000] {dagbag.py:525} INFO - Filling up the DagBag from /opt/airflow/dags/DAG_museo.py
[2022-10-17T14:32:15.304+0000] {processor.py:768} INFO - DAG(s) dict_keys(['DAG_museo']) retrieved from /opt/airflow/dags/DAG_museo.py
[2022-10-17T14:32:15.336+0000] {logging_mixin.py:117} INFO - [2022-10-17T14:32:15.336+0000] {dag.py:2573} INFO - Sync 1 DAGs
[2022-10-17T14:32:15.360+0000] {logging_mixin.py:117} INFO - [2022-10-17T14:32:15.359+0000] {dag.py:3328} INFO - Setting next_dagrun for DAG_museo to 2022-11-01T00:00:00+00:00, run_after=2022-12-01T00:00:00+00:00
[2022-10-17T14:32:15.384+0000] {processor.py:178} INFO - Processing /opt/airflow/dags/DAG_museo.py took 0.334 seconds
[2022-10-17T14:32:18.508+0000] {processor.py:156} INFO - Started process (PID=550) to work on /opt/airflow/dags/DAG_museo.py
[2022-10-17T14:32:18.509+0000] {processor.py:758} INFO - Processing file /opt/airflow/dags/DAG_museo.py for tasks to queue
[2022-10-17T14:32:18.511+0000] {logging_mixin.py:117} INFO - [2022-10-17T14:32:18.511+0000] {dagbag.py:525} INFO - Filling up the DagBag from /opt/airflow/dags/DAG_museo.py
[2022-10-17T14:32:18.791+0000] {processor.py:768} INFO - DAG(s) dict_keys(['DAG_museo']) retrieved from /opt/airflow/dags/DAG_museo.py
[2022-10-17T14:32:18.820+0000] {logging_mixin.py:117} INFO - [2022-10-17T14:32:18.820+0000] {dag.py:2573} INFO - Sync 1 DAGs
[2022-10-17T14:32:18.848+0000] {logging_mixin.py:117} INFO - [2022-10-17T14:32:18.848+0000] {dag.py:3328} INFO - Setting next_dagrun for DAG_museo to 2022-11-01T00:00:00+00:00, run_after=2022-12-01T00:00:00+00:00
[2022-10-17T14:32:18.868+0000] {processor.py:178} INFO - Processing /opt/airflow/dags/DAG_museo.py took 0.363 seconds
[2022-10-17T14:32:49.214+0000] {processor.py:156} INFO - Started process (PID=583) to work on /opt/airflow/dags/DAG_museo.py
[2022-10-17T14:32:49.216+0000] {processor.py:758} INFO - Processing file /opt/airflow/dags/DAG_museo.py for tasks to queue
[2022-10-17T14:32:49.218+0000] {logging_mixin.py:117} INFO - [2022-10-17T14:32:49.218+0000] {dagbag.py:525} INFO - Filling up the DagBag from /opt/airflow/dags/DAG_museo.py
[2022-10-17T14:32:49.455+0000] {processor.py:768} INFO - DAG(s) dict_keys(['DAG_museo']) retrieved from /opt/airflow/dags/DAG_museo.py
[2022-10-17T14:32:49.488+0000] {logging_mixin.py:117} INFO - [2022-10-17T14:32:49.488+0000] {dag.py:2573} INFO - Sync 1 DAGs
[2022-10-17T14:32:49.506+0000] {logging_mixin.py:117} INFO - [2022-10-17T14:32:49.506+0000] {dag.py:3328} INFO - Setting next_dagrun for DAG_museo to 2022-11-01T00:00:00+00:00, run_after=2022-12-01T00:00:00+00:00
[2022-10-17T14:32:49.519+0000] {processor.py:178} INFO - Processing /opt/airflow/dags/DAG_museo.py took 0.308 seconds
[2022-10-17T14:33:19.918+0000] {processor.py:156} INFO - Started process (PID=616) to work on /opt/airflow/dags/DAG_museo.py
[2022-10-17T14:33:19.922+0000] {processor.py:758} INFO - Processing file /opt/airflow/dags/DAG_museo.py for tasks to queue
[2022-10-17T14:33:19.923+0000] {logging_mixin.py:117} INFO - [2022-10-17T14:33:19.923+0000] {dagbag.py:525} INFO - Filling up the DagBag from /opt/airflow/dags/DAG_museo.py
[2022-10-17T14:33:20.167+0000] {processor.py:768} INFO - DAG(s) dict_keys(['DAG_museo']) retrieved from /opt/airflow/dags/DAG_museo.py
[2022-10-17T14:33:20.203+0000] {logging_mixin.py:117} INFO - [2022-10-17T14:33:20.202+0000] {dag.py:2573} INFO - Sync 1 DAGs
[2022-10-17T14:33:20.220+0000] {logging_mixin.py:117} INFO - [2022-10-17T14:33:20.220+0000] {dag.py:3328} INFO - Setting next_dagrun for DAG_museo to 2022-11-01T00:00:00+00:00, run_after=2022-12-01T00:00:00+00:00
[2022-10-17T14:33:20.238+0000] {processor.py:178} INFO - Processing /opt/airflow/dags/DAG_museo.py took 0.326 seconds
[2022-10-17T14:33:49.918+0000] {processor.py:156} INFO - Started process (PID=650) to work on /opt/airflow/dags/DAG_museo.py
[2022-10-17T14:33:49.927+0000] {processor.py:758} INFO - Processing file /opt/airflow/dags/DAG_museo.py for tasks to queue
[2022-10-17T14:33:49.934+0000] {logging_mixin.py:117} INFO - [2022-10-17T14:33:49.934+0000] {dagbag.py:525} INFO - Filling up the DagBag from /opt/airflow/dags/DAG_museo.py
[2022-10-17T14:33:50.387+0000] {processor.py:768} INFO - DAG(s) dict_keys(['DAG_museo']) retrieved from /opt/airflow/dags/DAG_museo.py
[2022-10-17T14:33:50.416+0000] {logging_mixin.py:117} INFO - [2022-10-17T14:33:50.416+0000] {dag.py:2573} INFO - Sync 1 DAGs
[2022-10-17T14:33:50.445+0000] {logging_mixin.py:117} INFO - [2022-10-17T14:33:50.445+0000] {dag.py:3328} INFO - Setting next_dagrun for DAG_museo to 2022-11-01T00:00:00+00:00, run_after=2022-12-01T00:00:00+00:00
[2022-10-17T14:33:50.470+0000] {processor.py:178} INFO - Processing /opt/airflow/dags/DAG_museo.py took 0.561 seconds
[2022-10-17T14:34:01.613+0000] {processor.py:156} INFO - Started process (PID=664) to work on /opt/airflow/dags/DAG_museo.py
[2022-10-17T14:34:01.616+0000] {processor.py:758} INFO - Processing file /opt/airflow/dags/DAG_museo.py for tasks to queue
[2022-10-17T14:34:01.617+0000] {logging_mixin.py:117} INFO - [2022-10-17T14:34:01.617+0000] {dagbag.py:525} INFO - Filling up the DagBag from /opt/airflow/dags/DAG_museo.py
[2022-10-17T14:34:01.950+0000] {processor.py:768} INFO - DAG(s) dict_keys(['DAG_museo']) retrieved from /opt/airflow/dags/DAG_museo.py
[2022-10-17T14:34:01.981+0000] {logging_mixin.py:117} INFO - [2022-10-17T14:34:01.981+0000] {dag.py:2573} INFO - Sync 1 DAGs
[2022-10-17T14:34:02.006+0000] {logging_mixin.py:117} INFO - [2022-10-17T14:34:02.006+0000] {dag.py:3328} INFO - Setting next_dagrun for DAG_museo to 2022-11-01T00:00:00+00:00, run_after=2022-12-01T00:00:00+00:00
[2022-10-17T14:34:02.026+0000] {processor.py:178} INFO - Processing /opt/airflow/dags/DAG_museo.py took 0.417 seconds
[2022-10-17T14:34:05.114+0000] {processor.py:156} INFO - Started process (PID=670) to work on /opt/airflow/dags/DAG_museo.py
[2022-10-17T14:34:05.117+0000] {processor.py:758} INFO - Processing file /opt/airflow/dags/DAG_museo.py for tasks to queue
[2022-10-17T14:34:05.118+0000] {logging_mixin.py:117} INFO - [2022-10-17T14:34:05.118+0000] {dagbag.py:525} INFO - Filling up the DagBag from /opt/airflow/dags/DAG_museo.py
[2022-10-17T14:34:05.413+0000] {processor.py:768} INFO - DAG(s) dict_keys(['DAG_museo']) retrieved from /opt/airflow/dags/DAG_museo.py
[2022-10-17T14:34:05.438+0000] {logging_mixin.py:117} INFO - [2022-10-17T14:34:05.438+0000] {dag.py:2573} INFO - Sync 1 DAGs
[2022-10-17T14:34:05.460+0000] {logging_mixin.py:117} INFO - [2022-10-17T14:34:05.460+0000] {dag.py:3328} INFO - Setting next_dagrun for DAG_museo to 2022-11-01T00:00:00+00:00, run_after=2022-12-01T00:00:00+00:00
[2022-10-17T14:34:05.475+0000] {processor.py:178} INFO - Processing /opt/airflow/dags/DAG_museo.py took 0.364 seconds
[2022-10-17T14:34:35.808+0000] {processor.py:156} INFO - Started process (PID=702) to work on /opt/airflow/dags/DAG_museo.py
[2022-10-17T14:34:35.811+0000] {processor.py:758} INFO - Processing file /opt/airflow/dags/DAG_museo.py for tasks to queue
[2022-10-17T14:34:35.812+0000] {logging_mixin.py:117} INFO - [2022-10-17T14:34:35.812+0000] {dagbag.py:525} INFO - Filling up the DagBag from /opt/airflow/dags/DAG_museo.py
[2022-10-17T14:34:36.062+0000] {processor.py:768} INFO - DAG(s) dict_keys(['DAG_museo']) retrieved from /opt/airflow/dags/DAG_museo.py
[2022-10-17T14:34:36.088+0000] {logging_mixin.py:117} INFO - [2022-10-17T14:34:36.088+0000] {dag.py:2573} INFO - Sync 1 DAGs
[2022-10-17T14:34:36.110+0000] {logging_mixin.py:117} INFO - [2022-10-17T14:34:36.110+0000] {dag.py:3328} INFO - Setting next_dagrun for DAG_museo to 2022-11-01T00:00:00+00:00, run_after=2022-12-01T00:00:00+00:00
[2022-10-17T14:34:36.122+0000] {processor.py:178} INFO - Processing /opt/airflow/dags/DAG_museo.py took 0.320 seconds
[2022-10-17T14:35:06.569+0000] {processor.py:156} INFO - Started process (PID=736) to work on /opt/airflow/dags/DAG_museo.py
[2022-10-17T14:35:06.571+0000] {processor.py:758} INFO - Processing file /opt/airflow/dags/DAG_museo.py for tasks to queue
[2022-10-17T14:35:06.573+0000] {logging_mixin.py:117} INFO - [2022-10-17T14:35:06.573+0000] {dagbag.py:525} INFO - Filling up the DagBag from /opt/airflow/dags/DAG_museo.py
[2022-10-17T14:35:06.866+0000] {processor.py:768} INFO - DAG(s) dict_keys(['DAG_museo']) retrieved from /opt/airflow/dags/DAG_museo.py
[2022-10-17T14:35:06.891+0000] {logging_mixin.py:117} INFO - [2022-10-17T14:35:06.891+0000] {dag.py:2573} INFO - Sync 1 DAGs
[2022-10-17T14:35:06.912+0000] {logging_mixin.py:117} INFO - [2022-10-17T14:35:06.912+0000] {dag.py:3328} INFO - Setting next_dagrun for DAG_museo to 2022-11-01T00:00:00+00:00, run_after=2022-12-01T00:00:00+00:00
[2022-10-17T14:35:06.928+0000] {processor.py:178} INFO - Processing /opt/airflow/dags/DAG_museo.py took 0.362 seconds
[2022-10-17T14:35:37.321+0000] {processor.py:156} INFO - Started process (PID=760) to work on /opt/airflow/dags/DAG_museo.py
[2022-10-17T14:35:37.324+0000] {processor.py:758} INFO - Processing file /opt/airflow/dags/DAG_museo.py for tasks to queue
[2022-10-17T14:35:37.326+0000] {logging_mixin.py:117} INFO - [2022-10-17T14:35:37.326+0000] {dagbag.py:525} INFO - Filling up the DagBag from /opt/airflow/dags/DAG_museo.py
[2022-10-17T14:35:37.563+0000] {processor.py:768} INFO - DAG(s) dict_keys(['DAG_museo']) retrieved from /opt/airflow/dags/DAG_museo.py
[2022-10-17T14:35:37.588+0000] {logging_mixin.py:117} INFO - [2022-10-17T14:35:37.588+0000] {dag.py:2573} INFO - Sync 1 DAGs
[2022-10-17T14:35:37.611+0000] {logging_mixin.py:117} INFO - [2022-10-17T14:35:37.611+0000] {dag.py:3328} INFO - Setting next_dagrun for DAG_museo to 2022-11-01T00:00:00+00:00, run_after=2022-12-01T00:00:00+00:00
[2022-10-17T14:35:37.624+0000] {processor.py:178} INFO - Processing /opt/airflow/dags/DAG_museo.py took 0.308 seconds
[2022-10-17T14:36:07.119+0000] {processor.py:156} INFO - Started process (PID=794) to work on /opt/airflow/dags/DAG_museo.py
[2022-10-17T14:36:07.120+0000] {processor.py:758} INFO - Processing file /opt/airflow/dags/DAG_museo.py for tasks to queue
[2022-10-17T14:36:07.122+0000] {logging_mixin.py:117} INFO - [2022-10-17T14:36:07.122+0000] {dagbag.py:525} INFO - Filling up the DagBag from /opt/airflow/dags/DAG_museo.py
[2022-10-17T14:36:07.387+0000] {processor.py:768} INFO - DAG(s) dict_keys(['DAG_museo']) retrieved from /opt/airflow/dags/DAG_museo.py
[2022-10-17T14:36:07.418+0000] {logging_mixin.py:117} INFO - [2022-10-17T14:36:07.418+0000] {dag.py:2573} INFO - Sync 1 DAGs
[2022-10-17T14:36:07.443+0000] {logging_mixin.py:117} INFO - [2022-10-17T14:36:07.443+0000] {dag.py:3328} INFO - Setting next_dagrun for DAG_museo to 2022-11-01T00:00:00+00:00, run_after=2022-12-01T00:00:00+00:00
[2022-10-17T14:36:07.461+0000] {processor.py:178} INFO - Processing /opt/airflow/dags/DAG_museo.py took 0.344 seconds
[2022-10-17T14:36:17.585+0000] {processor.py:156} INFO - Started process (PID=807) to work on /opt/airflow/dags/DAG_museo.py
[2022-10-17T14:36:17.587+0000] {processor.py:758} INFO - Processing file /opt/airflow/dags/DAG_museo.py for tasks to queue
[2022-10-17T14:36:17.588+0000] {logging_mixin.py:117} INFO - [2022-10-17T14:36:17.588+0000] {dagbag.py:525} INFO - Filling up the DagBag from /opt/airflow/dags/DAG_museo.py
[2022-10-17T14:36:17.933+0000] {processor.py:768} INFO - DAG(s) dict_keys(['DAG_museo']) retrieved from /opt/airflow/dags/DAG_museo.py
[2022-10-17T14:36:17.959+0000] {logging_mixin.py:117} INFO - [2022-10-17T14:36:17.959+0000] {dag.py:2573} INFO - Sync 1 DAGs
[2022-10-17T14:36:17.981+0000] {logging_mixin.py:117} INFO - [2022-10-17T14:36:17.981+0000] {dag.py:3328} INFO - Setting next_dagrun for DAG_museo to 2022-11-01T00:00:00+00:00, run_after=2022-12-01T00:00:00+00:00
[2022-10-17T14:36:18.002+0000] {processor.py:178} INFO - Processing /opt/airflow/dags/DAG_museo.py took 0.423 seconds
[2022-10-17T14:36:20.058+0000] {processor.py:156} INFO - Started process (PID=813) to work on /opt/airflow/dags/DAG_museo.py
[2022-10-17T14:36:20.060+0000] {processor.py:758} INFO - Processing file /opt/airflow/dags/DAG_museo.py for tasks to queue
[2022-10-17T14:36:20.062+0000] {logging_mixin.py:117} INFO - [2022-10-17T14:36:20.061+0000] {dagbag.py:525} INFO - Filling up the DagBag from /opt/airflow/dags/DAG_museo.py
[2022-10-17T14:36:20.271+0000] {processor.py:768} INFO - DAG(s) dict_keys(['DAG_museo']) retrieved from /opt/airflow/dags/DAG_museo.py
[2022-10-17T14:36:20.289+0000] {logging_mixin.py:117} INFO - [2022-10-17T14:36:20.289+0000] {dag.py:2573} INFO - Sync 1 DAGs
[2022-10-17T14:36:20.306+0000] {logging_mixin.py:117} INFO - [2022-10-17T14:36:20.306+0000] {dag.py:3328} INFO - Setting next_dagrun for DAG_museo to 2022-11-01T00:00:00+00:00, run_after=2022-12-01T00:00:00+00:00
[2022-10-17T14:36:20.323+0000] {processor.py:178} INFO - Processing /opt/airflow/dags/DAG_museo.py took 0.268 seconds
[2022-10-17T14:36:21.363+0000] {processor.py:156} INFO - Started process (PID=819) to work on /opt/airflow/dags/DAG_museo.py
[2022-10-17T14:36:21.365+0000] {processor.py:758} INFO - Processing file /opt/airflow/dags/DAG_museo.py for tasks to queue
[2022-10-17T14:36:21.367+0000] {logging_mixin.py:117} INFO - [2022-10-17T14:36:21.366+0000] {dagbag.py:525} INFO - Filling up the DagBag from /opt/airflow/dags/DAG_museo.py
[2022-10-17T14:36:21.614+0000] {processor.py:768} INFO - DAG(s) dict_keys(['DAG_museo']) retrieved from /opt/airflow/dags/DAG_museo.py
[2022-10-17T14:36:21.647+0000] {logging_mixin.py:117} INFO - [2022-10-17T14:36:21.647+0000] {dag.py:2573} INFO - Sync 1 DAGs
[2022-10-17T14:36:21.687+0000] {logging_mixin.py:117} INFO - [2022-10-17T14:36:21.686+0000] {dag.py:3328} INFO - Setting next_dagrun for DAG_museo to 2022-11-01T00:00:00+00:00, run_after=2022-12-01T00:00:00+00:00
[2022-10-17T14:36:21.721+0000] {processor.py:178} INFO - Processing /opt/airflow/dags/DAG_museo.py took 0.360 seconds
[2022-10-17T14:36:34.455+0000] {processor.py:156} INFO - Started process (PID=843) to work on /opt/airflow/dags/DAG_museo.py
[2022-10-17T14:36:34.457+0000] {processor.py:758} INFO - Processing file /opt/airflow/dags/DAG_museo.py for tasks to queue
[2022-10-17T14:36:34.458+0000] {logging_mixin.py:117} INFO - [2022-10-17T14:36:34.458+0000] {dagbag.py:525} INFO - Filling up the DagBag from /opt/airflow/dags/DAG_museo.py
[2022-10-17T14:36:34.843+0000] {processor.py:768} INFO - DAG(s) dict_keys(['DAG_museo']) retrieved from /opt/airflow/dags/DAG_museo.py
[2022-10-17T14:36:34.887+0000] {logging_mixin.py:117} INFO - [2022-10-17T14:36:34.887+0000] {dag.py:2573} INFO - Sync 1 DAGs
[2022-10-17T14:36:34.912+0000] {logging_mixin.py:117} INFO - [2022-10-17T14:36:34.912+0000] {dag.py:3328} INFO - Setting next_dagrun for DAG_museo to 2022-11-01T00:00:00+00:00, run_after=2022-12-01T00:00:00+00:00
[2022-10-17T14:36:34.945+0000] {processor.py:178} INFO - Processing /opt/airflow/dags/DAG_museo.py took 0.494 seconds
[2022-10-17T14:36:38.026+0000] {processor.py:156} INFO - Started process (PID=849) to work on /opt/airflow/dags/DAG_museo.py
[2022-10-17T14:36:38.028+0000] {processor.py:758} INFO - Processing file /opt/airflow/dags/DAG_museo.py for tasks to queue
[2022-10-17T14:36:38.030+0000] {logging_mixin.py:117} INFO - [2022-10-17T14:36:38.030+0000] {dagbag.py:525} INFO - Filling up the DagBag from /opt/airflow/dags/DAG_museo.py
[2022-10-17T14:36:38.262+0000] {processor.py:768} INFO - DAG(s) dict_keys(['DAG_museo']) retrieved from /opt/airflow/dags/DAG_museo.py
[2022-10-17T14:36:38.280+0000] {logging_mixin.py:117} INFO - [2022-10-17T14:36:38.280+0000] {dag.py:2573} INFO - Sync 1 DAGs
[2022-10-17T14:36:38.298+0000] {logging_mixin.py:117} INFO - [2022-10-17T14:36:38.298+0000] {dag.py:3328} INFO - Setting next_dagrun for DAG_museo to 2022-11-01T00:00:00+00:00, run_after=2022-12-01T00:00:00+00:00
[2022-10-17T14:36:38.317+0000] {processor.py:178} INFO - Processing /opt/airflow/dags/DAG_museo.py took 0.294 seconds
[2022-10-17T14:36:38.609+0000] {processor.py:156} INFO - Started process (PID=855) to work on /opt/airflow/dags/DAG_museo.py
[2022-10-17T14:36:38.611+0000] {processor.py:758} INFO - Processing file /opt/airflow/dags/DAG_museo.py for tasks to queue
[2022-10-17T14:36:38.612+0000] {logging_mixin.py:117} INFO - [2022-10-17T14:36:38.612+0000] {dagbag.py:525} INFO - Filling up the DagBag from /opt/airflow/dags/DAG_museo.py
[2022-10-17T14:36:38.836+0000] {processor.py:768} INFO - DAG(s) dict_keys(['DAG_museo']) retrieved from /opt/airflow/dags/DAG_museo.py
[2022-10-17T14:36:38.856+0000] {logging_mixin.py:117} INFO - [2022-10-17T14:36:38.856+0000] {dag.py:2573} INFO - Sync 1 DAGs
[2022-10-17T14:36:38.872+0000] {logging_mixin.py:117} INFO - [2022-10-17T14:36:38.872+0000] {dag.py:3328} INFO - Setting next_dagrun for DAG_museo to 2022-11-01T00:00:00+00:00, run_after=2022-12-01T00:00:00+00:00
[2022-10-17T14:36:38.889+0000] {processor.py:178} INFO - Processing /opt/airflow/dags/DAG_museo.py took 0.283 seconds
[2022-10-17T14:36:50.726+0000] {processor.py:156} INFO - Started process (PID=868) to work on /opt/airflow/dags/DAG_museo.py
[2022-10-17T14:36:50.733+0000] {processor.py:758} INFO - Processing file /opt/airflow/dags/DAG_museo.py for tasks to queue
[2022-10-17T14:36:50.735+0000] {logging_mixin.py:117} INFO - [2022-10-17T14:36:50.735+0000] {dagbag.py:525} INFO - Filling up the DagBag from /opt/airflow/dags/DAG_museo.py
[2022-10-17T14:36:51.105+0000] {processor.py:768} INFO - DAG(s) dict_keys(['DAG_museo']) retrieved from /opt/airflow/dags/DAG_museo.py
[2022-10-17T14:36:51.148+0000] {logging_mixin.py:117} INFO - [2022-10-17T14:36:51.147+0000] {dag.py:2573} INFO - Sync 1 DAGs
[2022-10-17T14:36:51.168+0000] {logging_mixin.py:117} INFO - [2022-10-17T14:36:51.168+0000] {dag.py:3328} INFO - Setting next_dagrun for DAG_museo to 2022-11-01T00:00:00+00:00, run_after=2022-12-01T00:00:00+00:00
[2022-10-17T14:36:51.194+0000] {processor.py:178} INFO - Processing /opt/airflow/dags/DAG_museo.py took 0.473 seconds
[2022-10-17T14:36:54.272+0000] {processor.py:156} INFO - Started process (PID=874) to work on /opt/airflow/dags/DAG_museo.py
[2022-10-17T14:36:54.274+0000] {processor.py:758} INFO - Processing file /opt/airflow/dags/DAG_museo.py for tasks to queue
[2022-10-17T14:36:54.275+0000] {logging_mixin.py:117} INFO - [2022-10-17T14:36:54.275+0000] {dagbag.py:525} INFO - Filling up the DagBag from /opt/airflow/dags/DAG_museo.py
[2022-10-17T14:36:54.612+0000] {processor.py:768} INFO - DAG(s) dict_keys(['DAG_museo']) retrieved from /opt/airflow/dags/DAG_museo.py
[2022-10-17T14:36:54.637+0000] {logging_mixin.py:117} INFO - [2022-10-17T14:36:54.637+0000] {dag.py:2573} INFO - Sync 1 DAGs
[2022-10-17T14:36:54.659+0000] {logging_mixin.py:117} INFO - [2022-10-17T14:36:54.659+0000] {dag.py:3328} INFO - Setting next_dagrun for DAG_museo to 2022-11-01T00:00:00+00:00, run_after=2022-12-01T00:00:00+00:00
[2022-10-17T14:36:54.684+0000] {processor.py:178} INFO - Processing /opt/airflow/dags/DAG_museo.py took 0.416 seconds
[2022-10-17T14:37:25.082+0000] {processor.py:156} INFO - Started process (PID=907) to work on /opt/airflow/dags/DAG_museo.py
[2022-10-17T14:37:25.084+0000] {processor.py:758} INFO - Processing file /opt/airflow/dags/DAG_museo.py for tasks to queue
[2022-10-17T14:37:25.085+0000] {logging_mixin.py:117} INFO - [2022-10-17T14:37:25.085+0000] {dagbag.py:525} INFO - Filling up the DagBag from /opt/airflow/dags/DAG_museo.py
[2022-10-17T14:37:25.322+0000] {processor.py:768} INFO - DAG(s) dict_keys(['DAG_museo']) retrieved from /opt/airflow/dags/DAG_museo.py
[2022-10-17T14:37:25.350+0000] {logging_mixin.py:117} INFO - [2022-10-17T14:37:25.350+0000] {dag.py:2573} INFO - Sync 1 DAGs
[2022-10-17T14:37:25.368+0000] {logging_mixin.py:117} INFO - [2022-10-17T14:37:25.368+0000] {dag.py:3328} INFO - Setting next_dagrun for DAG_museo to 2022-11-01T00:00:00+00:00, run_after=2022-12-01T00:00:00+00:00
[2022-10-17T14:37:25.381+0000] {processor.py:178} INFO - Processing /opt/airflow/dags/DAG_museo.py took 0.305 seconds
[2022-10-17T14:37:55.719+0000] {processor.py:156} INFO - Started process (PID=939) to work on /opt/airflow/dags/DAG_museo.py
[2022-10-17T14:37:55.721+0000] {processor.py:758} INFO - Processing file /opt/airflow/dags/DAG_museo.py for tasks to queue
[2022-10-17T14:37:55.723+0000] {logging_mixin.py:117} INFO - [2022-10-17T14:37:55.723+0000] {dagbag.py:525} INFO - Filling up the DagBag from /opt/airflow/dags/DAG_museo.py
[2022-10-17T14:37:55.980+0000] {processor.py:768} INFO - DAG(s) dict_keys(['DAG_museo']) retrieved from /opt/airflow/dags/DAG_museo.py
[2022-10-17T14:37:56.009+0000] {logging_mixin.py:117} INFO - [2022-10-17T14:37:56.009+0000] {dag.py:2573} INFO - Sync 1 DAGs
[2022-10-17T14:37:56.029+0000] {logging_mixin.py:117} INFO - [2022-10-17T14:37:56.029+0000] {dag.py:3328} INFO - Setting next_dagrun for DAG_museo to 2022-11-01T00:00:00+00:00, run_after=2022-12-01T00:00:00+00:00
[2022-10-17T14:37:56.042+0000] {processor.py:178} INFO - Processing /opt/airflow/dags/DAG_museo.py took 0.328 seconds
[2022-10-17T14:38:26.442+0000] {processor.py:156} INFO - Started process (PID=972) to work on /opt/airflow/dags/DAG_museo.py
[2022-10-17T14:38:26.445+0000] {processor.py:758} INFO - Processing file /opt/airflow/dags/DAG_museo.py for tasks to queue
[2022-10-17T14:38:26.448+0000] {logging_mixin.py:117} INFO - [2022-10-17T14:38:26.448+0000] {dagbag.py:525} INFO - Filling up the DagBag from /opt/airflow/dags/DAG_museo.py
[2022-10-17T14:38:26.763+0000] {processor.py:768} INFO - DAG(s) dict_keys(['DAG_museo']) retrieved from /opt/airflow/dags/DAG_museo.py
[2022-10-17T14:38:26.805+0000] {logging_mixin.py:117} INFO - [2022-10-17T14:38:26.804+0000] {dag.py:2573} INFO - Sync 1 DAGs
[2022-10-17T14:38:26.835+0000] {logging_mixin.py:117} INFO - [2022-10-17T14:38:26.835+0000] {dag.py:3328} INFO - Setting next_dagrun for DAG_museo to 2022-11-01T00:00:00+00:00, run_after=2022-12-01T00:00:00+00:00
[2022-10-17T14:38:26.851+0000] {processor.py:178} INFO - Processing /opt/airflow/dags/DAG_museo.py took 0.417 seconds
[2022-10-17T14:38:35.006+0000] {processor.py:156} INFO - Started process (PID=987) to work on /opt/airflow/dags/DAG_museo.py
[2022-10-17T14:38:35.010+0000] {processor.py:758} INFO - Processing file /opt/airflow/dags/DAG_museo.py for tasks to queue
[2022-10-17T14:38:35.012+0000] {logging_mixin.py:117} INFO - [2022-10-17T14:38:35.012+0000] {dagbag.py:525} INFO - Filling up the DagBag from /opt/airflow/dags/DAG_museo.py
[2022-10-17T14:38:35.241+0000] {processor.py:768} INFO - DAG(s) dict_keys(['DAG_museo']) retrieved from /opt/airflow/dags/DAG_museo.py
[2022-10-17T14:38:35.262+0000] {logging_mixin.py:117} INFO - [2022-10-17T14:38:35.261+0000] {dag.py:2573} INFO - Sync 1 DAGs
[2022-10-17T14:38:35.278+0000] {logging_mixin.py:117} INFO - [2022-10-17T14:38:35.278+0000] {dag.py:3328} INFO - Setting next_dagrun for DAG_museo to 2022-11-01T00:00:00+00:00, run_after=2022-12-01T00:00:00+00:00
[2022-10-17T14:38:35.293+0000] {processor.py:178} INFO - Processing /opt/airflow/dags/DAG_museo.py took 0.294 seconds
[2022-10-17T14:38:38.297+0000] {processor.py:156} INFO - Started process (PID=989) to work on /opt/airflow/dags/DAG_museo.py
[2022-10-17T14:38:38.300+0000] {processor.py:758} INFO - Processing file /opt/airflow/dags/DAG_museo.py for tasks to queue
[2022-10-17T14:38:38.302+0000] {logging_mixin.py:117} INFO - [2022-10-17T14:38:38.302+0000] {dagbag.py:525} INFO - Filling up the DagBag from /opt/airflow/dags/DAG_museo.py
[2022-10-17T14:38:38.538+0000] {processor.py:768} INFO - DAG(s) dict_keys(['DAG_museo']) retrieved from /opt/airflow/dags/DAG_museo.py
[2022-10-17T14:38:38.565+0000] {logging_mixin.py:117} INFO - [2022-10-17T14:38:38.565+0000] {dag.py:2573} INFO - Sync 1 DAGs
[2022-10-17T14:38:38.581+0000] {logging_mixin.py:117} INFO - [2022-10-17T14:38:38.581+0000] {dag.py:3328} INFO - Setting next_dagrun for DAG_museo to 2022-11-01T00:00:00+00:00, run_after=2022-12-01T00:00:00+00:00
[2022-10-17T14:38:38.598+0000] {processor.py:178} INFO - Processing /opt/airflow/dags/DAG_museo.py took 0.305 seconds
[2022-10-17T14:38:39.387+0000] {processor.py:156} INFO - Started process (PID=991) to work on /opt/airflow/dags/DAG_museo.py
[2022-10-17T14:38:39.393+0000] {processor.py:758} INFO - Processing file /opt/airflow/dags/DAG_museo.py for tasks to queue
[2022-10-17T14:38:39.398+0000] {logging_mixin.py:117} INFO - [2022-10-17T14:38:39.398+0000] {dagbag.py:525} INFO - Filling up the DagBag from /opt/airflow/dags/DAG_museo.py
[2022-10-17T14:38:39.609+0000] {processor.py:768} INFO - DAG(s) dict_keys(['DAG_museo']) retrieved from /opt/airflow/dags/DAG_museo.py
[2022-10-17T14:38:39.626+0000] {logging_mixin.py:117} INFO - [2022-10-17T14:38:39.626+0000] {dag.py:2573} INFO - Sync 1 DAGs
[2022-10-17T14:38:39.641+0000] {logging_mixin.py:117} INFO - [2022-10-17T14:38:39.641+0000] {dag.py:3328} INFO - Setting next_dagrun for DAG_museo to 2022-11-01T00:00:00+00:00, run_after=2022-12-01T00:00:00+00:00
[2022-10-17T14:38:39.682+0000] {processor.py:178} INFO - Processing /opt/airflow/dags/DAG_museo.py took 0.303 seconds
[2022-10-17T14:38:40.649+0000] {processor.py:156} INFO - Started process (PID=993) to work on /opt/airflow/dags/DAG_museo.py
[2022-10-17T14:38:40.651+0000] {processor.py:758} INFO - Processing file /opt/airflow/dags/DAG_museo.py for tasks to queue
[2022-10-17T14:38:40.652+0000] {logging_mixin.py:117} INFO - [2022-10-17T14:38:40.652+0000] {dagbag.py:525} INFO - Filling up the DagBag from /opt/airflow/dags/DAG_museo.py
[2022-10-17T14:38:40.855+0000] {processor.py:768} INFO - DAG(s) dict_keys(['DAG_museo']) retrieved from /opt/airflow/dags/DAG_museo.py
[2022-10-17T14:38:40.871+0000] {logging_mixin.py:117} INFO - [2022-10-17T14:38:40.871+0000] {dag.py:2573} INFO - Sync 1 DAGs
[2022-10-17T14:38:40.885+0000] {logging_mixin.py:117} INFO - [2022-10-17T14:38:40.885+0000] {dag.py:3328} INFO - Setting next_dagrun for DAG_museo to 2022-11-01T00:00:00+00:00, run_after=2022-12-01T00:00:00+00:00
[2022-10-17T14:38:40.899+0000] {processor.py:178} INFO - Processing /opt/airflow/dags/DAG_museo.py took 0.254 seconds
[2022-10-17T14:38:41.744+0000] {processor.py:156} INFO - Started process (PID=995) to work on /opt/airflow/dags/DAG_museo.py
[2022-10-17T14:38:41.746+0000] {processor.py:758} INFO - Processing file /opt/airflow/dags/DAG_museo.py for tasks to queue
[2022-10-17T14:38:41.748+0000] {logging_mixin.py:117} INFO - [2022-10-17T14:38:41.748+0000] {dagbag.py:525} INFO - Filling up the DagBag from /opt/airflow/dags/DAG_museo.py
[2022-10-17T14:38:41.936+0000] {processor.py:768} INFO - DAG(s) dict_keys(['DAG_museo']) retrieved from /opt/airflow/dags/DAG_museo.py
[2022-10-17T14:38:41.958+0000] {logging_mixin.py:117} INFO - [2022-10-17T14:38:41.957+0000] {dag.py:2573} INFO - Sync 1 DAGs
[2022-10-17T14:38:41.973+0000] {logging_mixin.py:117} INFO - [2022-10-17T14:38:41.973+0000] {dag.py:3328} INFO - Setting next_dagrun for DAG_museo to 2022-11-01T00:00:00+00:00, run_after=2022-12-01T00:00:00+00:00
[2022-10-17T14:38:41.990+0000] {processor.py:178} INFO - Processing /opt/airflow/dags/DAG_museo.py took 0.251 seconds
[2022-10-17T14:38:42.974+0000] {processor.py:156} INFO - Started process (PID=997) to work on /opt/airflow/dags/DAG_museo.py
[2022-10-17T14:38:42.978+0000] {processor.py:758} INFO - Processing file /opt/airflow/dags/DAG_museo.py for tasks to queue
[2022-10-17T14:38:42.980+0000] {logging_mixin.py:117} INFO - [2022-10-17T14:38:42.980+0000] {dagbag.py:525} INFO - Filling up the DagBag from /opt/airflow/dags/DAG_museo.py
[2022-10-17T14:38:43.169+0000] {processor.py:768} INFO - DAG(s) dict_keys(['DAG_museo']) retrieved from /opt/airflow/dags/DAG_museo.py
[2022-10-17T14:38:43.189+0000] {logging_mixin.py:117} INFO - [2022-10-17T14:38:43.189+0000] {dag.py:2573} INFO - Sync 1 DAGs
[2022-10-17T14:38:43.204+0000] {logging_mixin.py:117} INFO - [2022-10-17T14:38:43.204+0000] {dag.py:3328} INFO - Setting next_dagrun for DAG_museo to 2022-11-01T00:00:00+00:00, run_after=2022-12-01T00:00:00+00:00
[2022-10-17T14:38:43.223+0000] {processor.py:178} INFO - Processing /opt/airflow/dags/DAG_museo.py took 0.252 seconds
[2022-10-17T14:38:44.043+0000] {processor.py:156} INFO - Started process (PID=1008) to work on /opt/airflow/dags/DAG_museo.py
[2022-10-17T14:38:44.047+0000] {processor.py:758} INFO - Processing file /opt/airflow/dags/DAG_museo.py for tasks to queue
[2022-10-17T14:38:44.050+0000] {logging_mixin.py:117} INFO - [2022-10-17T14:38:44.049+0000] {dagbag.py:525} INFO - Filling up the DagBag from /opt/airflow/dags/DAG_museo.py
[2022-10-17T14:38:44.389+0000] {processor.py:768} INFO - DAG(s) dict_keys(['DAG_museo']) retrieved from /opt/airflow/dags/DAG_museo.py
[2022-10-17T14:38:44.436+0000] {logging_mixin.py:117} INFO - [2022-10-17T14:38:44.435+0000] {dag.py:2573} INFO - Sync 1 DAGs
[2022-10-17T14:38:44.458+0000] {logging_mixin.py:117} INFO - [2022-10-17T14:38:44.458+0000] {dag.py:3328} INFO - Setting next_dagrun for DAG_museo to 2022-11-01T00:00:00+00:00, run_after=2022-12-01T00:00:00+00:00
[2022-10-17T14:38:44.495+0000] {processor.py:178} INFO - Processing /opt/airflow/dags/DAG_museo.py took 0.456 seconds
[2022-10-17T14:38:45.302+0000] {processor.py:156} INFO - Started process (PID=1010) to work on /opt/airflow/dags/DAG_museo.py
[2022-10-17T14:38:45.304+0000] {processor.py:758} INFO - Processing file /opt/airflow/dags/DAG_museo.py for tasks to queue
[2022-10-17T14:38:45.305+0000] {logging_mixin.py:117} INFO - [2022-10-17T14:38:45.305+0000] {dagbag.py:525} INFO - Filling up the DagBag from /opt/airflow/dags/DAG_museo.py
[2022-10-17T14:38:45.503+0000] {processor.py:768} INFO - DAG(s) dict_keys(['DAG_museo']) retrieved from /opt/airflow/dags/DAG_museo.py
[2022-10-17T14:38:45.522+0000] {logging_mixin.py:117} INFO - [2022-10-17T14:38:45.522+0000] {dag.py:2573} INFO - Sync 1 DAGs
[2022-10-17T14:38:45.537+0000] {logging_mixin.py:117} INFO - [2022-10-17T14:38:45.537+0000] {dag.py:3328} INFO - Setting next_dagrun for DAG_museo to 2022-11-01T00:00:00+00:00, run_after=2022-12-01T00:00:00+00:00
[2022-10-17T14:38:45.552+0000] {processor.py:178} INFO - Processing /opt/airflow/dags/DAG_museo.py took 0.253 seconds
[2022-10-17T14:38:46.599+0000] {processor.py:156} INFO - Started process (PID=1012) to work on /opt/airflow/dags/DAG_museo.py
[2022-10-17T14:38:46.600+0000] {processor.py:758} INFO - Processing file /opt/airflow/dags/DAG_museo.py for tasks to queue
[2022-10-17T14:38:46.602+0000] {logging_mixin.py:117} INFO - [2022-10-17T14:38:46.602+0000] {dagbag.py:525} INFO - Filling up the DagBag from /opt/airflow/dags/DAG_museo.py
[2022-10-17T14:38:46.814+0000] {processor.py:768} INFO - DAG(s) dict_keys(['DAG_museo']) retrieved from /opt/airflow/dags/DAG_museo.py
[2022-10-17T14:38:46.834+0000] {logging_mixin.py:117} INFO - [2022-10-17T14:38:46.834+0000] {dag.py:2573} INFO - Sync 1 DAGs
[2022-10-17T14:38:46.850+0000] {logging_mixin.py:117} INFO - [2022-10-17T14:38:46.850+0000] {dag.py:3328} INFO - Setting next_dagrun for DAG_museo to 2022-11-01T00:00:00+00:00, run_after=2022-12-01T00:00:00+00:00
[2022-10-17T14:38:46.871+0000] {processor.py:178} INFO - Processing /opt/airflow/dags/DAG_museo.py took 0.276 seconds
[2022-10-17T14:38:47.632+0000] {processor.py:156} INFO - Started process (PID=1014) to work on /opt/airflow/dags/DAG_museo.py
[2022-10-17T14:38:47.635+0000] {processor.py:758} INFO - Processing file /opt/airflow/dags/DAG_museo.py for tasks to queue
[2022-10-17T14:38:47.636+0000] {logging_mixin.py:117} INFO - [2022-10-17T14:38:47.636+0000] {dagbag.py:525} INFO - Filling up the DagBag from /opt/airflow/dags/DAG_museo.py
[2022-10-17T14:38:47.811+0000] {processor.py:768} INFO - DAG(s) dict_keys(['DAG_museo']) retrieved from /opt/airflow/dags/DAG_museo.py
[2022-10-17T14:38:47.827+0000] {logging_mixin.py:117} INFO - [2022-10-17T14:38:47.827+0000] {dag.py:2573} INFO - Sync 1 DAGs
[2022-10-17T14:38:47.842+0000] {logging_mixin.py:117} INFO - [2022-10-17T14:38:47.842+0000] {dag.py:3328} INFO - Setting next_dagrun for DAG_museo to 2022-11-01T00:00:00+00:00, run_after=2022-12-01T00:00:00+00:00
[2022-10-17T14:38:47.855+0000] {processor.py:178} INFO - Processing /opt/airflow/dags/DAG_museo.py took 0.227 seconds
[2022-10-17T14:38:59.276+0000] {processor.py:156} INFO - Started process (PID=1029) to work on /opt/airflow/dags/DAG_museo.py
[2022-10-17T14:38:59.279+0000] {processor.py:758} INFO - Processing file /opt/airflow/dags/DAG_museo.py for tasks to queue
[2022-10-17T14:38:59.281+0000] {logging_mixin.py:117} INFO - [2022-10-17T14:38:59.281+0000] {dagbag.py:525} INFO - Filling up the DagBag from /opt/airflow/dags/DAG_museo.py
[2022-10-17T14:38:59.500+0000] {processor.py:768} INFO - DAG(s) dict_keys(['DAG_museo']) retrieved from /opt/airflow/dags/DAG_museo.py
[2022-10-17T14:38:59.521+0000] {logging_mixin.py:117} INFO - [2022-10-17T14:38:59.521+0000] {dag.py:2573} INFO - Sync 1 DAGs
[2022-10-17T14:38:59.538+0000] {logging_mixin.py:117} INFO - [2022-10-17T14:38:59.538+0000] {dag.py:3328} INFO - Setting next_dagrun for DAG_museo to 2022-11-01T00:00:00+00:00, run_after=2022-12-01T00:00:00+00:00
[2022-10-17T14:38:59.552+0000] {processor.py:178} INFO - Processing /opt/airflow/dags/DAG_museo.py took 0.280 seconds
[2022-10-17T14:39:00.539+0000] {processor.py:156} INFO - Started process (PID=1031) to work on /opt/airflow/dags/DAG_museo.py
[2022-10-17T14:39:00.542+0000] {processor.py:758} INFO - Processing file /opt/airflow/dags/DAG_museo.py for tasks to queue
[2022-10-17T14:39:00.544+0000] {logging_mixin.py:117} INFO - [2022-10-17T14:39:00.543+0000] {dagbag.py:525} INFO - Filling up the DagBag from /opt/airflow/dags/DAG_museo.py
[2022-10-17T14:39:00.750+0000] {processor.py:768} INFO - DAG(s) dict_keys(['DAG_museo']) retrieved from /opt/airflow/dags/DAG_museo.py
[2022-10-17T14:39:00.766+0000] {logging_mixin.py:117} INFO - [2022-10-17T14:39:00.766+0000] {dag.py:2573} INFO - Sync 1 DAGs
[2022-10-17T14:39:00.780+0000] {logging_mixin.py:117} INFO - [2022-10-17T14:39:00.780+0000] {dag.py:3328} INFO - Setting next_dagrun for DAG_museo to 2022-11-01T00:00:00+00:00, run_after=2022-12-01T00:00:00+00:00
[2022-10-17T14:39:00.811+0000] {processor.py:178} INFO - Processing /opt/airflow/dags/DAG_museo.py took 0.277 seconds
[2022-10-17T14:39:01.627+0000] {processor.py:156} INFO - Started process (PID=1033) to work on /opt/airflow/dags/DAG_museo.py
[2022-10-17T14:39:01.629+0000] {processor.py:758} INFO - Processing file /opt/airflow/dags/DAG_museo.py for tasks to queue
[2022-10-17T14:39:01.631+0000] {logging_mixin.py:117} INFO - [2022-10-17T14:39:01.631+0000] {dagbag.py:525} INFO - Filling up the DagBag from /opt/airflow/dags/DAG_museo.py
[2022-10-17T14:39:01.812+0000] {processor.py:768} INFO - DAG(s) dict_keys(['DAG_museo']) retrieved from /opt/airflow/dags/DAG_museo.py
[2022-10-17T14:39:01.830+0000] {logging_mixin.py:117} INFO - [2022-10-17T14:39:01.830+0000] {dag.py:2573} INFO - Sync 1 DAGs
[2022-10-17T14:39:01.844+0000] {logging_mixin.py:117} INFO - [2022-10-17T14:39:01.844+0000] {dag.py:3328} INFO - Setting next_dagrun for DAG_museo to 2022-11-01T00:00:00+00:00, run_after=2022-12-01T00:00:00+00:00
[2022-10-17T14:39:01.859+0000] {processor.py:178} INFO - Processing /opt/airflow/dags/DAG_museo.py took 0.237 seconds
[2022-10-17T14:39:10.924+0000] {processor.py:156} INFO - Started process (PID=1044) to work on /opt/airflow/dags/DAG_museo.py
[2022-10-17T14:39:10.927+0000] {processor.py:758} INFO - Processing file /opt/airflow/dags/DAG_museo.py for tasks to queue
[2022-10-17T14:39:10.929+0000] {logging_mixin.py:117} INFO - [2022-10-17T14:39:10.929+0000] {dagbag.py:525} INFO - Filling up the DagBag from /opt/airflow/dags/DAG_museo.py
[2022-10-17T14:39:11.371+0000] {processor.py:768} INFO - DAG(s) dict_keys(['DAG_museo']) retrieved from /opt/airflow/dags/DAG_museo.py
[2022-10-17T14:39:11.411+0000] {logging_mixin.py:117} INFO - [2022-10-17T14:39:11.410+0000] {dag.py:2573} INFO - Sync 1 DAGs
[2022-10-17T14:39:11.438+0000] {logging_mixin.py:117} INFO - [2022-10-17T14:39:11.438+0000] {dag.py:3328} INFO - Setting next_dagrun for DAG_museo to 2022-11-01T00:00:00+00:00, run_after=2022-12-01T00:00:00+00:00
[2022-10-17T14:39:11.468+0000] {processor.py:178} INFO - Processing /opt/airflow/dags/DAG_museo.py took 0.547 seconds
[2022-10-17T14:39:13.525+0000] {processor.py:156} INFO - Started process (PID=1050) to work on /opt/airflow/dags/DAG_museo.py
[2022-10-17T14:39:13.526+0000] {processor.py:758} INFO - Processing file /opt/airflow/dags/DAG_museo.py for tasks to queue
[2022-10-17T14:39:13.527+0000] {logging_mixin.py:117} INFO - [2022-10-17T14:39:13.527+0000] {dagbag.py:525} INFO - Filling up the DagBag from /opt/airflow/dags/DAG_museo.py
[2022-10-17T14:39:13.749+0000] {processor.py:768} INFO - DAG(s) dict_keys(['DAG_museo']) retrieved from /opt/airflow/dags/DAG_museo.py
[2022-10-17T14:39:13.769+0000] {logging_mixin.py:117} INFO - [2022-10-17T14:39:13.769+0000] {dag.py:2573} INFO - Sync 1 DAGs
[2022-10-17T14:39:13.787+0000] {logging_mixin.py:117} INFO - [2022-10-17T14:39:13.787+0000] {dag.py:3328} INFO - Setting next_dagrun for DAG_museo to 2022-11-01T00:00:00+00:00, run_after=2022-12-01T00:00:00+00:00
[2022-10-17T14:39:13.803+0000] {processor.py:178} INFO - Processing /opt/airflow/dags/DAG_museo.py took 0.281 seconds
[2022-10-17T14:39:14.867+0000] {processor.py:156} INFO - Started process (PID=1056) to work on /opt/airflow/dags/DAG_museo.py
[2022-10-17T14:39:14.872+0000] {processor.py:758} INFO - Processing file /opt/airflow/dags/DAG_museo.py for tasks to queue
[2022-10-17T14:39:14.881+0000] {logging_mixin.py:117} INFO - [2022-10-17T14:39:14.880+0000] {dagbag.py:525} INFO - Filling up the DagBag from /opt/airflow/dags/DAG_museo.py
[2022-10-17T14:39:15.311+0000] {processor.py:768} INFO - DAG(s) dict_keys(['DAG_museo']) retrieved from /opt/airflow/dags/DAG_museo.py
[2022-10-17T14:39:15.356+0000] {logging_mixin.py:117} INFO - [2022-10-17T14:39:15.356+0000] {dag.py:2573} INFO - Sync 1 DAGs
[2022-10-17T14:39:15.383+0000] {logging_mixin.py:117} INFO - [2022-10-17T14:39:15.383+0000] {dag.py:3328} INFO - Setting next_dagrun for DAG_museo to 2022-11-01T00:00:00+00:00, run_after=2022-12-01T00:00:00+00:00
[2022-10-17T14:39:15.406+0000] {processor.py:178} INFO - Processing /opt/airflow/dags/DAG_museo.py took 0.545 seconds
[2022-10-17T14:39:24.529+0000] {processor.py:156} INFO - Started process (PID=1070) to work on /opt/airflow/dags/DAG_museo.py
[2022-10-17T14:39:24.532+0000] {processor.py:758} INFO - Processing file /opt/airflow/dags/DAG_museo.py for tasks to queue
[2022-10-17T14:39:24.535+0000] {logging_mixin.py:117} INFO - [2022-10-17T14:39:24.535+0000] {dagbag.py:525} INFO - Filling up the DagBag from /opt/airflow/dags/DAG_museo.py
[2022-10-17T14:39:24.896+0000] {processor.py:768} INFO - DAG(s) dict_keys(['DAG_museo']) retrieved from /opt/airflow/dags/DAG_museo.py
[2022-10-17T14:39:24.930+0000] {logging_mixin.py:117} INFO - [2022-10-17T14:39:24.930+0000] {dag.py:2573} INFO - Sync 1 DAGs
[2022-10-17T14:39:24.955+0000] {logging_mixin.py:117} INFO - [2022-10-17T14:39:24.955+0000] {dag.py:3328} INFO - Setting next_dagrun for DAG_museo to 2022-11-01T00:00:00+00:00, run_after=2022-12-01T00:00:00+00:00
[2022-10-17T14:39:24.976+0000] {processor.py:178} INFO - Processing /opt/airflow/dags/DAG_museo.py took 0.452 seconds
[2022-10-17T14:39:27.040+0000] {processor.py:156} INFO - Started process (PID=1076) to work on /opt/airflow/dags/DAG_museo.py
[2022-10-17T14:39:27.042+0000] {processor.py:758} INFO - Processing file /opt/airflow/dags/DAG_museo.py for tasks to queue
[2022-10-17T14:39:27.043+0000] {logging_mixin.py:117} INFO - [2022-10-17T14:39:27.043+0000] {dagbag.py:525} INFO - Filling up the DagBag from /opt/airflow/dags/DAG_museo.py
[2022-10-17T14:39:27.414+0000] {processor.py:768} INFO - DAG(s) dict_keys(['DAG_museo']) retrieved from /opt/airflow/dags/DAG_museo.py
[2022-10-17T14:39:27.454+0000] {logging_mixin.py:117} INFO - [2022-10-17T14:39:27.453+0000] {dag.py:2573} INFO - Sync 1 DAGs
[2022-10-17T14:39:27.538+0000] {logging_mixin.py:117} INFO - [2022-10-17T14:39:27.536+0000] {dag.py:3328} INFO - Setting next_dagrun for DAG_museo to 2022-11-01T00:00:00+00:00, run_after=2022-12-01T00:00:00+00:00
[2022-10-17T14:39:27.598+0000] {processor.py:178} INFO - Processing /opt/airflow/dags/DAG_museo.py took 0.562 seconds
[2022-10-17T14:39:28.667+0000] {processor.py:156} INFO - Started process (PID=1091) to work on /opt/airflow/dags/DAG_museo.py
[2022-10-17T14:39:28.670+0000] {processor.py:758} INFO - Processing file /opt/airflow/dags/DAG_museo.py for tasks to queue
[2022-10-17T14:39:28.672+0000] {logging_mixin.py:117} INFO - [2022-10-17T14:39:28.672+0000] {dagbag.py:525} INFO - Filling up the DagBag from /opt/airflow/dags/DAG_museo.py
[2022-10-17T14:39:28.987+0000] {processor.py:768} INFO - DAG(s) dict_keys(['DAG_museo']) retrieved from /opt/airflow/dags/DAG_museo.py
[2022-10-17T14:39:29.011+0000] {logging_mixin.py:117} INFO - [2022-10-17T14:39:29.011+0000] {dag.py:2573} INFO - Sync 1 DAGs
[2022-10-17T14:39:29.036+0000] {logging_mixin.py:117} INFO - [2022-10-17T14:39:29.036+0000] {dag.py:3328} INFO - Setting next_dagrun for DAG_museo to 2022-11-01T00:00:00+00:00, run_after=2022-12-01T00:00:00+00:00
[2022-10-17T14:39:29.061+0000] {processor.py:178} INFO - Processing /opt/airflow/dags/DAG_museo.py took 0.398 seconds
[2022-10-17T14:39:38.645+0000] {processor.py:156} INFO - Started process (PID=1104) to work on /opt/airflow/dags/DAG_museo.py
[2022-10-17T14:39:38.654+0000] {processor.py:758} INFO - Processing file /opt/airflow/dags/DAG_museo.py for tasks to queue
[2022-10-17T14:39:38.656+0000] {logging_mixin.py:117} INFO - [2022-10-17T14:39:38.656+0000] {dagbag.py:525} INFO - Filling up the DagBag from /opt/airflow/dags/DAG_museo.py
[2022-10-17T14:39:39.089+0000] {processor.py:768} INFO - DAG(s) dict_keys(['DAG_museo']) retrieved from /opt/airflow/dags/DAG_museo.py
[2022-10-17T14:39:39.142+0000] {logging_mixin.py:117} INFO - [2022-10-17T14:39:39.141+0000] {dag.py:2573} INFO - Sync 1 DAGs
[2022-10-17T14:39:39.204+0000] {logging_mixin.py:117} INFO - [2022-10-17T14:39:39.204+0000] {dag.py:3328} INFO - Setting next_dagrun for DAG_museo to 2022-11-01T00:00:00+00:00, run_after=2022-12-01T00:00:00+00:00
[2022-10-17T14:39:39.296+0000] {processor.py:178} INFO - Processing /opt/airflow/dags/DAG_museo.py took 0.657 seconds
[2022-10-17T14:39:42.178+0000] {processor.py:156} INFO - Started process (PID=1112) to work on /opt/airflow/dags/DAG_museo.py
[2022-10-17T14:39:42.180+0000] {processor.py:758} INFO - Processing file /opt/airflow/dags/DAG_museo.py for tasks to queue
[2022-10-17T14:39:42.181+0000] {logging_mixin.py:117} INFO - [2022-10-17T14:39:42.181+0000] {dagbag.py:525} INFO - Filling up the DagBag from /opt/airflow/dags/DAG_museo.py
[2022-10-17T14:39:42.458+0000] {processor.py:768} INFO - DAG(s) dict_keys(['DAG_museo']) retrieved from /opt/airflow/dags/DAG_museo.py
[2022-10-17T14:39:42.488+0000] {logging_mixin.py:117} INFO - [2022-10-17T14:39:42.487+0000] {dag.py:2573} INFO - Sync 1 DAGs
[2022-10-17T14:39:42.505+0000] {logging_mixin.py:117} INFO - [2022-10-17T14:39:42.505+0000] {dag.py:3328} INFO - Setting next_dagrun for DAG_museo to 2022-11-01T00:00:00+00:00, run_after=2022-12-01T00:00:00+00:00
[2022-10-17T14:39:42.523+0000] {processor.py:178} INFO - Processing /opt/airflow/dags/DAG_museo.py took 0.350 seconds
[2022-10-17T14:39:53.811+0000] {processor.py:156} INFO - Started process (PID=1128) to work on /opt/airflow/dags/DAG_museo.py
[2022-10-17T14:39:53.815+0000] {processor.py:758} INFO - Processing file /opt/airflow/dags/DAG_museo.py for tasks to queue
[2022-10-17T14:39:53.817+0000] {logging_mixin.py:117} INFO - [2022-10-17T14:39:53.817+0000] {dagbag.py:525} INFO - Filling up the DagBag from /opt/airflow/dags/DAG_museo.py
[2022-10-17T14:39:54.096+0000] {processor.py:768} INFO - DAG(s) dict_keys(['DAG_museo']) retrieved from /opt/airflow/dags/DAG_museo.py
[2022-10-17T14:39:54.120+0000] {logging_mixin.py:117} INFO - [2022-10-17T14:39:54.120+0000] {dag.py:2573} INFO - Sync 1 DAGs
[2022-10-17T14:39:54.138+0000] {logging_mixin.py:117} INFO - [2022-10-17T14:39:54.138+0000] {dag.py:3328} INFO - Setting next_dagrun for DAG_museo to 2022-11-01T00:00:00+00:00, run_after=2022-12-01T00:00:00+00:00
[2022-10-17T14:39:54.156+0000] {processor.py:178} INFO - Processing /opt/airflow/dags/DAG_museo.py took 0.359 seconds
[2022-10-17T14:39:54.186+0000] {processor.py:156} INFO - Started process (PID=1130) to work on /opt/airflow/dags/DAG_museo.py
[2022-10-17T14:39:54.193+0000] {processor.py:758} INFO - Processing file /opt/airflow/dags/DAG_museo.py for tasks to queue
[2022-10-17T14:39:54.194+0000] {logging_mixin.py:117} INFO - [2022-10-17T14:39:54.194+0000] {dagbag.py:525} INFO - Filling up the DagBag from /opt/airflow/dags/DAG_museo.py
[2022-10-17T14:39:54.385+0000] {processor.py:768} INFO - DAG(s) dict_keys(['DAG_museo']) retrieved from /opt/airflow/dags/DAG_museo.py
[2022-10-17T14:39:54.417+0000] {logging_mixin.py:117} INFO - [2022-10-17T14:39:54.417+0000] {dag.py:2573} INFO - Sync 1 DAGs
[2022-10-17T14:39:54.436+0000] {logging_mixin.py:117} INFO - [2022-10-17T14:39:54.436+0000] {dag.py:3328} INFO - Setting next_dagrun for DAG_museo to 2022-11-01T00:00:00+00:00, run_after=2022-12-01T00:00:00+00:00
[2022-10-17T14:39:54.451+0000] {processor.py:178} INFO - Processing /opt/airflow/dags/DAG_museo.py took 0.269 seconds
[2022-10-17T14:39:58.518+0000] {processor.py:156} INFO - Started process (PID=1132) to work on /opt/airflow/dags/DAG_museo.py
[2022-10-17T14:39:58.520+0000] {processor.py:758} INFO - Processing file /opt/airflow/dags/DAG_museo.py for tasks to queue
[2022-10-17T14:39:58.522+0000] {logging_mixin.py:117} INFO - [2022-10-17T14:39:58.522+0000] {dagbag.py:525} INFO - Filling up the DagBag from /opt/airflow/dags/DAG_museo.py
[2022-10-17T14:39:58.730+0000] {processor.py:768} INFO - DAG(s) dict_keys(['DAG_museo']) retrieved from /opt/airflow/dags/DAG_museo.py
[2022-10-17T14:39:58.766+0000] {logging_mixin.py:117} INFO - [2022-10-17T14:39:58.765+0000] {dag.py:2573} INFO - Sync 1 DAGs
[2022-10-17T14:39:58.783+0000] {logging_mixin.py:117} INFO - [2022-10-17T14:39:58.783+0000] {dag.py:3328} INFO - Setting next_dagrun for DAG_museo to 2022-11-01T00:00:00+00:00, run_after=2022-12-01T00:00:00+00:00
[2022-10-17T14:39:58.800+0000] {processor.py:178} INFO - Processing /opt/airflow/dags/DAG_museo.py took 0.284 seconds
[2022-10-17T14:39:59.531+0000] {processor.py:156} INFO - Started process (PID=1134) to work on /opt/airflow/dags/DAG_museo.py
[2022-10-17T14:39:59.534+0000] {processor.py:758} INFO - Processing file /opt/airflow/dags/DAG_museo.py for tasks to queue
[2022-10-17T14:39:59.535+0000] {logging_mixin.py:117} INFO - [2022-10-17T14:39:59.535+0000] {dagbag.py:525} INFO - Filling up the DagBag from /opt/airflow/dags/DAG_museo.py
[2022-10-17T14:39:59.720+0000] {processor.py:768} INFO - DAG(s) dict_keys(['DAG_museo']) retrieved from /opt/airflow/dags/DAG_museo.py
[2022-10-17T14:39:59.738+0000] {logging_mixin.py:117} INFO - [2022-10-17T14:39:59.738+0000] {dag.py:2573} INFO - Sync 1 DAGs
[2022-10-17T14:39:59.754+0000] {logging_mixin.py:117} INFO - [2022-10-17T14:39:59.754+0000] {dag.py:3328} INFO - Setting next_dagrun for DAG_museo to 2022-11-01T00:00:00+00:00, run_after=2022-12-01T00:00:00+00:00
[2022-10-17T14:39:59.769+0000] {processor.py:178} INFO - Processing /opt/airflow/dags/DAG_museo.py took 0.241 seconds
[2022-10-17T14:40:00.553+0000] {processor.py:156} INFO - Started process (PID=1136) to work on /opt/airflow/dags/DAG_museo.py
[2022-10-17T14:40:00.557+0000] {processor.py:758} INFO - Processing file /opt/airflow/dags/DAG_museo.py for tasks to queue
[2022-10-17T14:40:00.560+0000] {logging_mixin.py:117} INFO - [2022-10-17T14:40:00.560+0000] {dagbag.py:525} INFO - Filling up the DagBag from /opt/airflow/dags/DAG_museo.py
[2022-10-17T14:40:00.747+0000] {processor.py:768} INFO - DAG(s) dict_keys(['DAG_museo']) retrieved from /opt/airflow/dags/DAG_museo.py
[2022-10-17T14:40:00.772+0000] {logging_mixin.py:117} INFO - [2022-10-17T14:40:00.771+0000] {dag.py:2573} INFO - Sync 1 DAGs
[2022-10-17T14:40:00.804+0000] {logging_mixin.py:117} INFO - [2022-10-17T14:40:00.803+0000] {dag.py:3328} INFO - Setting next_dagrun for DAG_museo to 2022-11-01T00:00:00+00:00, run_after=2022-12-01T00:00:00+00:00
[2022-10-17T14:40:00.833+0000] {processor.py:178} INFO - Processing /opt/airflow/dags/DAG_museo.py took 0.284 seconds
[2022-10-17T14:40:01.814+0000] {processor.py:156} INFO - Started process (PID=1148) to work on /opt/airflow/dags/DAG_museo.py
[2022-10-17T14:40:01.816+0000] {processor.py:758} INFO - Processing file /opt/airflow/dags/DAG_museo.py for tasks to queue
[2022-10-17T14:40:01.817+0000] {logging_mixin.py:117} INFO - [2022-10-17T14:40:01.817+0000] {dagbag.py:525} INFO - Filling up the DagBag from /opt/airflow/dags/DAG_museo.py
[2022-10-17T14:40:02.037+0000] {processor.py:768} INFO - DAG(s) dict_keys(['DAG_museo']) retrieved from /opt/airflow/dags/DAG_museo.py
[2022-10-17T14:40:02.058+0000] {logging_mixin.py:117} INFO - [2022-10-17T14:40:02.058+0000] {dag.py:2573} INFO - Sync 1 DAGs
[2022-10-17T14:40:02.077+0000] {logging_mixin.py:117} INFO - [2022-10-17T14:40:02.076+0000] {dag.py:3328} INFO - Setting next_dagrun for DAG_museo to 2022-11-01T00:00:00+00:00, run_after=2022-12-01T00:00:00+00:00
[2022-10-17T14:40:02.096+0000] {processor.py:178} INFO - Processing /opt/airflow/dags/DAG_museo.py took 0.285 seconds
[2022-10-17T14:40:27.389+0000] {processor.py:156} INFO - Started process (PID=1172) to work on /opt/airflow/dags/DAG_museo.py
[2022-10-17T14:40:27.391+0000] {processor.py:758} INFO - Processing file /opt/airflow/dags/DAG_museo.py for tasks to queue
[2022-10-17T14:40:27.393+0000] {logging_mixin.py:117} INFO - [2022-10-17T14:40:27.393+0000] {dagbag.py:525} INFO - Filling up the DagBag from /opt/airflow/dags/DAG_museo.py
[2022-10-17T14:40:27.638+0000] {processor.py:768} INFO - DAG(s) dict_keys(['DAG_museo']) retrieved from /opt/airflow/dags/DAG_museo.py
[2022-10-17T14:40:27.658+0000] {logging_mixin.py:117} INFO - [2022-10-17T14:40:27.657+0000] {dag.py:2573} INFO - Sync 1 DAGs
[2022-10-17T14:40:27.674+0000] {logging_mixin.py:117} INFO - [2022-10-17T14:40:27.674+0000] {dag.py:3328} INFO - Setting next_dagrun for DAG_museo to 2022-11-01T00:00:00+00:00, run_after=2022-12-01T00:00:00+00:00
[2022-10-17T14:40:27.702+0000] {processor.py:178} INFO - Processing /opt/airflow/dags/DAG_museo.py took 0.318 seconds
[2022-10-17T14:40:28.451+0000] {processor.py:156} INFO - Started process (PID=1174) to work on /opt/airflow/dags/DAG_museo.py
[2022-10-17T14:40:28.452+0000] {processor.py:758} INFO - Processing file /opt/airflow/dags/DAG_museo.py for tasks to queue
[2022-10-17T14:40:28.453+0000] {logging_mixin.py:117} INFO - [2022-10-17T14:40:28.453+0000] {dagbag.py:525} INFO - Filling up the DagBag from /opt/airflow/dags/DAG_museo.py
[2022-10-17T14:40:28.648+0000] {processor.py:768} INFO - DAG(s) dict_keys(['DAG_museo']) retrieved from /opt/airflow/dags/DAG_museo.py
[2022-10-17T14:40:28.665+0000] {logging_mixin.py:117} INFO - [2022-10-17T14:40:28.665+0000] {dag.py:2573} INFO - Sync 1 DAGs
[2022-10-17T14:40:28.679+0000] {logging_mixin.py:117} INFO - [2022-10-17T14:40:28.679+0000] {dag.py:3328} INFO - Setting next_dagrun for DAG_museo to 2022-11-01T00:00:00+00:00, run_after=2022-12-01T00:00:00+00:00
[2022-10-17T14:40:28.711+0000] {processor.py:178} INFO - Processing /opt/airflow/dags/DAG_museo.py took 0.263 seconds
[2022-10-17T14:40:29.780+0000] {processor.py:156} INFO - Started process (PID=1176) to work on /opt/airflow/dags/DAG_museo.py
[2022-10-17T14:40:29.783+0000] {processor.py:758} INFO - Processing file /opt/airflow/dags/DAG_museo.py for tasks to queue
[2022-10-17T14:40:29.787+0000] {logging_mixin.py:117} INFO - [2022-10-17T14:40:29.786+0000] {dagbag.py:525} INFO - Filling up the DagBag from /opt/airflow/dags/DAG_museo.py
[2022-10-17T14:40:29.983+0000] {processor.py:768} INFO - DAG(s) dict_keys(['DAG_museo']) retrieved from /opt/airflow/dags/DAG_museo.py
[2022-10-17T14:40:30.002+0000] {logging_mixin.py:117} INFO - [2022-10-17T14:40:30.002+0000] {dag.py:2573} INFO - Sync 1 DAGs
[2022-10-17T14:40:30.018+0000] {logging_mixin.py:117} INFO - [2022-10-17T14:40:30.018+0000] {dag.py:3328} INFO - Setting next_dagrun for DAG_museo to 2022-11-01T00:00:00+00:00, run_after=2022-12-01T00:00:00+00:00
[2022-10-17T14:40:30.032+0000] {processor.py:178} INFO - Processing /opt/airflow/dags/DAG_museo.py took 0.257 seconds
[2022-10-17T14:41:00.471+0000] {processor.py:156} INFO - Started process (PID=1209) to work on /opt/airflow/dags/DAG_museo.py
[2022-10-17T14:41:00.474+0000] {processor.py:758} INFO - Processing file /opt/airflow/dags/DAG_museo.py for tasks to queue
[2022-10-17T14:41:00.476+0000] {logging_mixin.py:117} INFO - [2022-10-17T14:41:00.476+0000] {dagbag.py:525} INFO - Filling up the DagBag from /opt/airflow/dags/DAG_museo.py
[2022-10-17T14:41:00.720+0000] {processor.py:768} INFO - DAG(s) dict_keys(['DAG_museo']) retrieved from /opt/airflow/dags/DAG_museo.py
[2022-10-17T14:41:00.751+0000] {logging_mixin.py:117} INFO - [2022-10-17T14:41:00.751+0000] {dag.py:2573} INFO - Sync 1 DAGs
[2022-10-17T14:41:00.769+0000] {logging_mixin.py:117} INFO - [2022-10-17T14:41:00.768+0000] {dag.py:3328} INFO - Setting next_dagrun for DAG_museo to 2022-11-01T00:00:00+00:00, run_after=2022-12-01T00:00:00+00:00
[2022-10-17T14:41:00.780+0000] {processor.py:178} INFO - Processing /opt/airflow/dags/DAG_museo.py took 0.316 seconds
[2022-10-17T14:41:25.476+0000] {processor.py:156} INFO - Started process (PID=1229) to work on /opt/airflow/dags/DAG_museo.py
[2022-10-17T14:41:25.480+0000] {processor.py:758} INFO - Processing file /opt/airflow/dags/DAG_museo.py for tasks to queue
[2022-10-17T14:41:25.481+0000] {logging_mixin.py:117} INFO - [2022-10-17T14:41:25.481+0000] {dagbag.py:525} INFO - Filling up the DagBag from /opt/airflow/dags/DAG_museo.py
[2022-10-17T14:41:25.774+0000] {processor.py:768} INFO - DAG(s) dict_keys(['DAG_museo']) retrieved from /opt/airflow/dags/DAG_museo.py
[2022-10-17T14:41:25.804+0000] {logging_mixin.py:117} INFO - [2022-10-17T14:41:25.804+0000] {dag.py:2573} INFO - Sync 1 DAGs
[2022-10-17T14:41:25.830+0000] {logging_mixin.py:117} INFO - [2022-10-17T14:41:25.830+0000] {dag.py:3328} INFO - Setting next_dagrun for DAG_museo to 2022-11-01T00:00:00+00:00, run_after=2022-12-01T00:00:00+00:00
[2022-10-17T14:41:25.848+0000] {processor.py:178} INFO - Processing /opt/airflow/dags/DAG_museo.py took 0.378 seconds
[2022-10-17T14:41:33.966+0000] {processor.py:156} INFO - Started process (PID=1244) to work on /opt/airflow/dags/DAG_museo.py
[2022-10-17T14:41:33.968+0000] {processor.py:758} INFO - Processing file /opt/airflow/dags/DAG_museo.py for tasks to queue
[2022-10-17T14:41:33.970+0000] {logging_mixin.py:117} INFO - [2022-10-17T14:41:33.969+0000] {dagbag.py:525} INFO - Filling up the DagBag from /opt/airflow/dags/DAG_museo.py
[2022-10-17T14:41:34.295+0000] {processor.py:768} INFO - DAG(s) dict_keys(['DAG_museo']) retrieved from /opt/airflow/dags/DAG_museo.py
[2022-10-17T14:41:34.318+0000] {logging_mixin.py:117} INFO - [2022-10-17T14:41:34.318+0000] {dag.py:2573} INFO - Sync 1 DAGs
[2022-10-17T14:41:34.339+0000] {logging_mixin.py:117} INFO - [2022-10-17T14:41:34.339+0000] {dag.py:3328} INFO - Setting next_dagrun for DAG_museo to 2022-11-01T00:00:00+00:00, run_after=2022-12-01T00:00:00+00:00
[2022-10-17T14:41:34.365+0000] {processor.py:178} INFO - Processing /opt/airflow/dags/DAG_museo.py took 0.406 seconds
[2022-10-17T14:41:36.437+0000] {processor.py:156} INFO - Started process (PID=1250) to work on /opt/airflow/dags/DAG_museo.py
[2022-10-17T14:41:36.439+0000] {processor.py:758} INFO - Processing file /opt/airflow/dags/DAG_museo.py for tasks to queue
[2022-10-17T14:41:36.443+0000] {logging_mixin.py:117} INFO - [2022-10-17T14:41:36.443+0000] {dagbag.py:525} INFO - Filling up the DagBag from /opt/airflow/dags/DAG_museo.py
[2022-10-17T14:41:36.654+0000] {processor.py:768} INFO - DAG(s) dict_keys(['DAG_museo']) retrieved from /opt/airflow/dags/DAG_museo.py
[2022-10-17T14:41:36.676+0000] {logging_mixin.py:117} INFO - [2022-10-17T14:41:36.676+0000] {dag.py:2573} INFO - Sync 1 DAGs
[2022-10-17T14:41:36.694+0000] {logging_mixin.py:117} INFO - [2022-10-17T14:41:36.694+0000] {dag.py:3328} INFO - Setting next_dagrun for DAG_museo to 2022-11-01T00:00:00+00:00, run_after=2022-12-01T00:00:00+00:00
[2022-10-17T14:41:36.708+0000] {processor.py:178} INFO - Processing /opt/airflow/dags/DAG_museo.py took 0.273 seconds
[2022-10-17T14:42:10.138+0000] {processor.py:156} INFO - Started process (PID=1283) to work on /opt/airflow/dags/DAG_museo.py
[2022-10-17T14:42:10.143+0000] {processor.py:758} INFO - Processing file /opt/airflow/dags/DAG_museo.py for tasks to queue
[2022-10-17T14:42:10.144+0000] {logging_mixin.py:117} INFO - [2022-10-17T14:42:10.144+0000] {dagbag.py:525} INFO - Filling up the DagBag from /opt/airflow/dags/DAG_museo.py
[2022-10-17T14:42:10.453+0000] {processor.py:768} INFO - DAG(s) dict_keys(['DAG_museo']) retrieved from /opt/airflow/dags/DAG_museo.py
[2022-10-17T14:42:10.482+0000] {logging_mixin.py:117} INFO - [2022-10-17T14:42:10.482+0000] {dag.py:2573} INFO - Sync 1 DAGs
[2022-10-17T14:42:10.506+0000] {logging_mixin.py:117} INFO - [2022-10-17T14:42:10.506+0000] {dag.py:3328} INFO - Setting next_dagrun for DAG_museo to 2022-11-01T00:00:00+00:00, run_after=2022-12-01T00:00:00+00:00
[2022-10-17T14:42:10.524+0000] {processor.py:178} INFO - Processing /opt/airflow/dags/DAG_museo.py took 0.391 seconds
[2022-10-17T14:42:28.764+0000] {processor.py:156} INFO - Started process (PID=1307) to work on /opt/airflow/dags/DAG_museo.py
[2022-10-17T14:42:28.772+0000] {processor.py:758} INFO - Processing file /opt/airflow/dags/DAG_museo.py for tasks to queue
[2022-10-17T14:42:28.777+0000] {logging_mixin.py:117} INFO - [2022-10-17T14:42:28.776+0000] {dagbag.py:525} INFO - Filling up the DagBag from /opt/airflow/dags/DAG_museo.py
[2022-10-17T14:42:29.153+0000] {processor.py:768} INFO - DAG(s) dict_keys(['DAG_museo']) retrieved from /opt/airflow/dags/DAG_museo.py
[2022-10-17T14:42:29.217+0000] {logging_mixin.py:117} INFO - [2022-10-17T14:42:29.217+0000] {dag.py:2573} INFO - Sync 1 DAGs
[2022-10-17T14:42:29.243+0000] {logging_mixin.py:117} INFO - [2022-10-17T14:42:29.243+0000] {dag.py:3328} INFO - Setting next_dagrun for DAG_museo to 2022-11-01T00:00:00+00:00, run_after=2022-12-01T00:00:00+00:00
[2022-10-17T14:42:29.265+0000] {processor.py:178} INFO - Processing /opt/airflow/dags/DAG_museo.py took 0.514 seconds
[2022-10-17T14:42:31.318+0000] {processor.py:156} INFO - Started process (PID=1313) to work on /opt/airflow/dags/DAG_museo.py
[2022-10-17T14:42:31.320+0000] {processor.py:758} INFO - Processing file /opt/airflow/dags/DAG_museo.py for tasks to queue
[2022-10-17T14:42:31.322+0000] {logging_mixin.py:117} INFO - [2022-10-17T14:42:31.322+0000] {dagbag.py:525} INFO - Filling up the DagBag from /opt/airflow/dags/DAG_museo.py
[2022-10-17T14:42:31.547+0000] {processor.py:768} INFO - DAG(s) dict_keys(['DAG_museo']) retrieved from /opt/airflow/dags/DAG_museo.py
[2022-10-17T14:42:31.566+0000] {logging_mixin.py:117} INFO - [2022-10-17T14:42:31.566+0000] {dag.py:2573} INFO - Sync 1 DAGs
[2022-10-17T14:42:31.584+0000] {logging_mixin.py:117} INFO - [2022-10-17T14:42:31.583+0000] {dag.py:3328} INFO - Setting next_dagrun for DAG_museo to 2022-11-01T00:00:00+00:00, run_after=2022-12-01T00:00:00+00:00
[2022-10-17T14:42:31.605+0000] {processor.py:178} INFO - Processing /opt/airflow/dags/DAG_museo.py took 0.291 seconds
[2022-10-17T14:42:32.671+0000] {processor.py:156} INFO - Started process (PID=1326) to work on /opt/airflow/dags/DAG_museo.py
[2022-10-17T14:42:32.683+0000] {processor.py:758} INFO - Processing file /opt/airflow/dags/DAG_museo.py for tasks to queue
[2022-10-17T14:42:32.686+0000] {logging_mixin.py:117} INFO - [2022-10-17T14:42:32.686+0000] {dagbag.py:525} INFO - Filling up the DagBag from /opt/airflow/dags/DAG_museo.py
[2022-10-17T14:42:33.081+0000] {processor.py:768} INFO - DAG(s) dict_keys(['DAG_museo']) retrieved from /opt/airflow/dags/DAG_museo.py
[2022-10-17T14:42:33.123+0000] {logging_mixin.py:117} INFO - [2022-10-17T14:42:33.122+0000] {dag.py:2573} INFO - Sync 1 DAGs
[2022-10-17T14:42:33.158+0000] {logging_mixin.py:117} INFO - [2022-10-17T14:42:33.157+0000] {dag.py:3328} INFO - Setting next_dagrun for DAG_museo to 2022-11-01T00:00:00+00:00, run_after=2022-12-01T00:00:00+00:00
[2022-10-17T14:42:33.196+0000] {processor.py:178} INFO - Processing /opt/airflow/dags/DAG_museo.py took 0.533 seconds
[2022-10-17T14:42:42.707+0000] {processor.py:156} INFO - Started process (PID=1334) to work on /opt/airflow/dags/DAG_museo.py
[2022-10-17T14:42:42.710+0000] {processor.py:758} INFO - Processing file /opt/airflow/dags/DAG_museo.py for tasks to queue
[2022-10-17T14:42:42.712+0000] {logging_mixin.py:117} INFO - [2022-10-17T14:42:42.712+0000] {dagbag.py:525} INFO - Filling up the DagBag from /opt/airflow/dags/DAG_museo.py
[2022-10-17T14:42:43.067+0000] {processor.py:768} INFO - DAG(s) dict_keys(['DAG_museo']) retrieved from /opt/airflow/dags/DAG_museo.py
[2022-10-17T14:42:43.099+0000] {logging_mixin.py:117} INFO - [2022-10-17T14:42:43.099+0000] {dag.py:2573} INFO - Sync 1 DAGs
[2022-10-17T14:42:43.125+0000] {logging_mixin.py:117} INFO - [2022-10-17T14:42:43.125+0000] {dag.py:3328} INFO - Setting next_dagrun for DAG_museo to 2022-11-01T00:00:00+00:00, run_after=2022-12-01T00:00:00+00:00
[2022-10-17T14:42:43.149+0000] {processor.py:178} INFO - Processing /opt/airflow/dags/DAG_museo.py took 0.446 seconds
[2022-10-17T14:42:45.212+0000] {processor.py:156} INFO - Started process (PID=1349) to work on /opt/airflow/dags/DAG_museo.py
[2022-10-17T14:42:45.216+0000] {processor.py:758} INFO - Processing file /opt/airflow/dags/DAG_museo.py for tasks to queue
[2022-10-17T14:42:45.218+0000] {logging_mixin.py:117} INFO - [2022-10-17T14:42:45.218+0000] {dagbag.py:525} INFO - Filling up the DagBag from /opt/airflow/dags/DAG_museo.py
[2022-10-17T14:42:45.671+0000] {processor.py:768} INFO - DAG(s) dict_keys(['DAG_museo']) retrieved from /opt/airflow/dags/DAG_museo.py
[2022-10-17T14:42:45.691+0000] {logging_mixin.py:117} INFO - [2022-10-17T14:42:45.691+0000] {dag.py:2573} INFO - Sync 1 DAGs
[2022-10-17T14:42:45.709+0000] {logging_mixin.py:117} INFO - [2022-10-17T14:42:45.709+0000] {dag.py:3328} INFO - Setting next_dagrun for DAG_museo to 2022-11-01T00:00:00+00:00, run_after=2022-12-01T00:00:00+00:00
[2022-10-17T14:42:45.727+0000] {processor.py:178} INFO - Processing /opt/airflow/dags/DAG_museo.py took 0.522 seconds
[2022-10-17T14:42:46.054+0000] {processor.py:156} INFO - Started process (PID=1355) to work on /opt/airflow/dags/DAG_museo.py
[2022-10-17T14:42:46.056+0000] {processor.py:758} INFO - Processing file /opt/airflow/dags/DAG_museo.py for tasks to queue
[2022-10-17T14:42:46.057+0000] {logging_mixin.py:117} INFO - [2022-10-17T14:42:46.057+0000] {dagbag.py:525} INFO - Filling up the DagBag from /opt/airflow/dags/DAG_museo.py
[2022-10-17T14:42:46.275+0000] {processor.py:768} INFO - DAG(s) dict_keys(['DAG_museo']) retrieved from /opt/airflow/dags/DAG_museo.py
[2022-10-17T14:42:46.295+0000] {logging_mixin.py:117} INFO - [2022-10-17T14:42:46.295+0000] {dag.py:2573} INFO - Sync 1 DAGs
[2022-10-17T14:42:46.313+0000] {logging_mixin.py:117} INFO - [2022-10-17T14:42:46.313+0000] {dag.py:3328} INFO - Setting next_dagrun for DAG_museo to 2022-11-01T00:00:00+00:00, run_after=2022-12-01T00:00:00+00:00
[2022-10-17T14:42:46.331+0000] {processor.py:178} INFO - Processing /opt/airflow/dags/DAG_museo.py took 0.279 seconds
[2022-10-17T14:42:56.172+0000] {processor.py:156} INFO - Started process (PID=1368) to work on /opt/airflow/dags/DAG_museo.py
[2022-10-17T14:42:56.175+0000] {processor.py:758} INFO - Processing file /opt/airflow/dags/DAG_museo.py for tasks to queue
[2022-10-17T14:42:56.177+0000] {logging_mixin.py:117} INFO - [2022-10-17T14:42:56.177+0000] {dagbag.py:525} INFO - Filling up the DagBag from /opt/airflow/dags/DAG_museo.py
[2022-10-17T14:42:56.568+0000] {processor.py:768} INFO - DAG(s) dict_keys(['DAG_museo']) retrieved from /opt/airflow/dags/DAG_museo.py
[2022-10-17T14:42:56.629+0000] {logging_mixin.py:117} INFO - [2022-10-17T14:42:56.628+0000] {dag.py:2573} INFO - Sync 1 DAGs
[2022-10-17T14:42:56.671+0000] {logging_mixin.py:117} INFO - [2022-10-17T14:42:56.671+0000] {dag.py:3328} INFO - Setting next_dagrun for DAG_museo to 2022-11-01T00:00:00+00:00, run_after=2022-12-01T00:00:00+00:00
[2022-10-17T14:42:56.722+0000] {processor.py:178} INFO - Processing /opt/airflow/dags/DAG_museo.py took 0.566 seconds
[2022-10-17T14:42:58.812+0000] {processor.py:156} INFO - Started process (PID=1374) to work on /opt/airflow/dags/DAG_museo.py
[2022-10-17T14:42:58.814+0000] {processor.py:758} INFO - Processing file /opt/airflow/dags/DAG_museo.py for tasks to queue
[2022-10-17T14:42:58.819+0000] {logging_mixin.py:117} INFO - [2022-10-17T14:42:58.818+0000] {dagbag.py:525} INFO - Filling up the DagBag from /opt/airflow/dags/DAG_museo.py
[2022-10-17T14:42:59.117+0000] {processor.py:768} INFO - DAG(s) dict_keys(['DAG_museo']) retrieved from /opt/airflow/dags/DAG_museo.py
[2022-10-17T14:42:59.145+0000] {logging_mixin.py:117} INFO - [2022-10-17T14:42:59.145+0000] {dag.py:2573} INFO - Sync 1 DAGs
[2022-10-17T14:42:59.166+0000] {logging_mixin.py:117} INFO - [2022-10-17T14:42:59.166+0000] {dag.py:3328} INFO - Setting next_dagrun for DAG_museo to 2022-11-01T00:00:00+00:00, run_after=2022-12-01T00:00:00+00:00
[2022-10-17T14:42:59.182+0000] {processor.py:178} INFO - Processing /opt/airflow/dags/DAG_museo.py took 0.374 seconds
[2022-10-17T14:42:59.504+0000] {processor.py:156} INFO - Started process (PID=1380) to work on /opt/airflow/dags/DAG_museo.py
[2022-10-17T14:42:59.505+0000] {processor.py:758} INFO - Processing file /opt/airflow/dags/DAG_museo.py for tasks to queue
[2022-10-17T14:42:59.507+0000] {logging_mixin.py:117} INFO - [2022-10-17T14:42:59.506+0000] {dagbag.py:525} INFO - Filling up the DagBag from /opt/airflow/dags/DAG_museo.py
[2022-10-17T14:42:59.753+0000] {processor.py:768} INFO - DAG(s) dict_keys(['DAG_museo']) retrieved from /opt/airflow/dags/DAG_museo.py
[2022-10-17T14:42:59.778+0000] {logging_mixin.py:117} INFO - [2022-10-17T14:42:59.778+0000] {dag.py:2573} INFO - Sync 1 DAGs
[2022-10-17T14:42:59.802+0000] {logging_mixin.py:117} INFO - [2022-10-17T14:42:59.802+0000] {dag.py:3328} INFO - Setting next_dagrun for DAG_museo to 2022-11-01T00:00:00+00:00, run_after=2022-12-01T00:00:00+00:00
[2022-10-17T14:42:59.822+0000] {processor.py:178} INFO - Processing /opt/airflow/dags/DAG_museo.py took 0.321 seconds
[2022-10-17T14:43:30.067+0000] {processor.py:156} INFO - Started process (PID=1413) to work on /opt/airflow/dags/DAG_museo.py
[2022-10-17T14:43:30.069+0000] {processor.py:758} INFO - Processing file /opt/airflow/dags/DAG_museo.py for tasks to queue
[2022-10-17T14:43:30.070+0000] {logging_mixin.py:117} INFO - [2022-10-17T14:43:30.070+0000] {dagbag.py:525} INFO - Filling up the DagBag from /opt/airflow/dags/DAG_museo.py
[2022-10-17T14:43:30.282+0000] {processor.py:768} INFO - DAG(s) dict_keys(['DAG_museo']) retrieved from /opt/airflow/dags/DAG_museo.py
[2022-10-17T14:43:30.300+0000] {logging_mixin.py:117} INFO - [2022-10-17T14:43:30.300+0000] {dag.py:2573} INFO - Sync 1 DAGs
[2022-10-17T14:43:30.317+0000] {logging_mixin.py:117} INFO - [2022-10-17T14:43:30.317+0000] {dag.py:3328} INFO - Setting next_dagrun for DAG_museo to 2022-11-01T00:00:00+00:00, run_after=2022-12-01T00:00:00+00:00
[2022-10-17T14:43:30.332+0000] {processor.py:178} INFO - Processing /opt/airflow/dags/DAG_museo.py took 0.268 seconds
[2022-10-17T14:44:00.700+0000] {processor.py:156} INFO - Started process (PID=1445) to work on /opt/airflow/dags/DAG_museo.py
[2022-10-17T14:44:00.702+0000] {processor.py:758} INFO - Processing file /opt/airflow/dags/DAG_museo.py for tasks to queue
[2022-10-17T14:44:00.703+0000] {logging_mixin.py:117} INFO - [2022-10-17T14:44:00.703+0000] {dagbag.py:525} INFO - Filling up the DagBag from /opt/airflow/dags/DAG_museo.py
[2022-10-17T14:44:00.962+0000] {processor.py:768} INFO - DAG(s) dict_keys(['DAG_museo']) retrieved from /opt/airflow/dags/DAG_museo.py
[2022-10-17T14:44:01.004+0000] {logging_mixin.py:117} INFO - [2022-10-17T14:44:01.004+0000] {dag.py:2573} INFO - Sync 1 DAGs
[2022-10-17T14:44:01.024+0000] {logging_mixin.py:117} INFO - [2022-10-17T14:44:01.024+0000] {dag.py:3328} INFO - Setting next_dagrun for DAG_museo to 2022-11-01T00:00:00+00:00, run_after=2022-12-01T00:00:00+00:00
[2022-10-17T14:44:01.037+0000] {processor.py:178} INFO - Processing /opt/airflow/dags/DAG_museo.py took 0.340 seconds
