[2022-10-17T14:36:38.710+0000] {taskinstance.py:1165} INFO - Dependencies all met for <TaskInstance: DAG_cine.load_data manual__2022-10-17T14:36:33.737677+00:00 [queued]>
[2022-10-17T14:36:38.718+0000] {taskinstance.py:1165} INFO - Dependencies all met for <TaskInstance: DAG_cine.load_data manual__2022-10-17T14:36:33.737677+00:00 [queued]>
[2022-10-17T14:36:38.720+0000] {taskinstance.py:1362} INFO - 
--------------------------------------------------------------------------------
[2022-10-17T14:36:38.721+0000] {taskinstance.py:1363} INFO - Starting attempt 1 of 1
[2022-10-17T14:36:38.722+0000] {taskinstance.py:1364} INFO - 
--------------------------------------------------------------------------------
[2022-10-17T14:36:38.731+0000] {taskinstance.py:1383} INFO - Executing <Task(PythonOperator): load_data> on 2022-10-17 14:36:33.737677+00:00
[2022-10-17T14:36:38.735+0000] {standard_task_runner.py:54} INFO - Started process 715 to run task
[2022-10-17T14:36:38.738+0000] {standard_task_runner.py:82} INFO - Running: ['***', 'tasks', 'run', 'DAG_cine', 'load_data', 'manual__2022-10-17T14:36:33.737677+00:00', '--job-id', '178', '--raw', '--subdir', 'DAGS_FOLDER/DAG_cine.py', '--cfg-path', '/tmp/tmpkhb8iv36']
[2022-10-17T14:36:38.739+0000] {standard_task_runner.py:83} INFO - Job 178: Subtask load_data
[2022-10-17T14:36:38.741+0000] {dagbag.py:525} INFO - Filling up the DagBag from /opt/***/dags/DAG_cine.py
[2022-10-17T14:36:38.974+0000] {task_command.py:384} INFO - Running <TaskInstance: DAG_cine.load_data manual__2022-10-17T14:36:33.737677+00:00 [running]> on host 067073ba6286
[2022-10-17T14:36:39.012+0000] {taskinstance.py:1592} INFO - Exporting the following env vars:
AIRFLOW_CTX_DAG_OWNER=***
AIRFLOW_CTX_DAG_ID=DAG_cine
AIRFLOW_CTX_TASK_ID=load_data
AIRFLOW_CTX_EXECUTION_DATE=2022-10-17T14:36:33.737677+00:00
AIRFLOW_CTX_TRY_NUMBER=1
AIRFLOW_CTX_DAG_RUN_ID=manual__2022-10-17T14:36:33.737677+00:00
[2022-10-17T14:36:40.219+0000] {python.py:177} INFO - Done. Returned value was: None
[2022-10-17T14:36:40.227+0000] {taskinstance.py:1406} INFO - Marking task as SUCCESS. dag_id=DAG_cine, task_id=load_data, execution_date=20221017T143633, start_date=20221017T143638, end_date=20221017T143640
[2022-10-17T14:36:40.294+0000] {local_task_job.py:164} INFO - Task exited with return code 0
[2022-10-17T14:36:40.310+0000] {local_task_job.py:273} INFO - 0 downstream tasks scheduled from follow-on schedule check
